
---------------------------------------
Flow
---------------------------------------
solver: Navier-Stokes
viscosity: 0.01

---------------------------------------
Mesh
---------------------------------------
size: 100 x 100 x 100

---------------------------------------
Time-stepping
---------------------------------------
convection: 2nd-order Adams-Bashforth
diffusion : Crank-Nicolson
time-increment      : 0.0025
starting time-step  : 0
number of time-steps: 50
saving-interval     : 100

---------------------------------------
Linear system for intermediate velocity
---------------------------------------
solver: cg
preconditioner: none
relative tolerance: 1e-06
absolute tolerance: 1e-50
maximum iterations: 10000

---------------------------------------
Linear system for pressure-force
---------------------------------------
solver: cg
preconditioner: none
relative tolerance: 1e-06
absolute tolerance: 1e-50
maximum iterations: 20000

---------------------------------------
************************************************************************************************************************
***             WIDEN YOUR WINDOW TO 120 CHARACTERS.  Use 'enscript -r -fCourier9' to print this document            ***
************************************************************************************************************************

---------------------------------------------- PETSc Performance Summary: ----------------------------------------------

/home/mesnardo/src/PetIBM/bin/PetIBM3d on a linux-openmpi-gnu-opt named node153 with 2 processors, by mesnardo Mon Jun  8 15:47:54 2015
Using Petsc Release Version 3.5.2, Sep, 08, 2014 

                         Max       Max/Min        Avg      Total 
Time (sec):           2.162e+02      1.00000   2.162e+02
Objects:              2.340e+02      1.00000   2.340e+02
Flops:                2.036e+11      1.00031   2.036e+11  4.072e+11
Flops/sec:            9.420e+08      1.00031   9.418e+08  1.884e+09
MPI Messages:         1.608e+04      1.00003   1.608e+04  3.217e+04
MPI Message Lengths:  1.327e+09      1.00000   8.253e+04  2.655e+09
MPI Reductions:       7.774e+04      1.00000

Flop counting convention: 1 flop = 1 real number operation of type (multiply/divide/add/subtract)
                            e.g., VecAXPY() for real vectors of length N --> 2N flops
                            and VecAXPY() for complex vectors of length N --> 8N flops

Summary of Stages:   ----- Time ------  ----- Flops -----  --- Messages ---  -- Message Lengths --  -- Reductions --
                        Avg     %Total     Avg     %Total   counts   %Total     Avg         %Total   counts   %Total 
 0:      Main Stage: 8.0037e-02   0.0%  0.0000e+00   0.0%  0.000e+00   0.0%  0.000e+00        0.0%  0.000e+00   0.0% 
 1:      initialize: 1.6789e+00   0.8%  1.1214e+08   0.0%  5.350e+01   0.2%  9.287e+01        0.1%  1.320e+02   0.2% 
 2:     RHSVelocity: 1.4296e+01   6.6%  2.9700e+08   0.1%  3.000e+02   0.9%  7.412e+02        0.9%  0.000e+00   0.0% 
 3:   solveVelocity: 9.6933e+00   4.5%  1.8023e+10   4.4%  5.240e+02   1.6%  3.884e+03        4.7%  7.360e+02   0.9% 
 4:      RHSPoisson: 3.5881e-01   0.2%  6.4400e+08   0.2%  5.000e+01   0.2%  1.244e+02        0.2%  0.000e+00   0.0% 
 5:    solvePoisson: 1.8952e+02  87.7%  3.8750e+11  95.2%  3.119e+04  97.0%  7.756e+04       94.0%  6.237e+04  80.2% 
 6:  projectionStep: 5.1846e-01   0.2%  5.9400e+08   0.1%  5.000e+01   0.2%  1.244e+02        0.2%  0.000e+00   0.0% 

------------------------------------------------------------------------------------------------------------------------
See the 'Profiling' chapter of the users' manual for details on interpreting output.
Phase summary info:
   Count: number of times phase was executed
   Time and Flops: Max - maximum over all processors
                   Ratio - ratio of maximum to minimum over all processors
   Mess: number of messages sent
   Avg. len: average message length (bytes)
   Reduct: number of global reductions
   Global: entire computation
   Stage: stages of a computation. Set stages with PetscLogStagePush() and PetscLogStagePop().
      %T - percent time in this phase         %F - percent flops in this phase
      %M - percent messages in this phase     %L - percent message lengths in this phase
      %R - percent reductions in this phase
   Total Mflop/s: 10e-6 * (sum of flops over all processors)/(max time over all processors)
------------------------------------------------------------------------------------------------------------------------
Event                Count      Time (sec)     Flops                             --- Global ---  --- Stage ---   Total
                   Max Ratio  Max     Ratio   Max  Ratio  Mess   Avg len Reduct  %T %F %M %L %R  %T %F %M %L %R Mflop/s
------------------------------------------------------------------------------------------------------------------------

--- Event Stage 0: Main Stage


--- Event Stage 1: initialize

VecSet                15 1.0 2.4589e-02 1.0 0.00e+00 0.0 0.0e+00 0.0e+00 0.0e+00  0  0  0  0  0   1  0  0  0  0     0
VecScatterBegin        8 1.0 6.7654e-03 1.0 0.00e+00 0.0 1.6e+01 9.9e+04 0.0e+00  0  0  0  0  0   0  0 30 53  0     0
VecScatterEnd          8 1.0 2.0483e-03 1.6 0.00e+00 0.0 0.0e+00 0.0e+00 0.0e+00  0  0  0  0  0   0  0  0  0  0     0
MatScale               4 1.0 6.4249e-02 1.0 4.43e+07 1.0 2.0e+00 2.4e+05 0.0e+00  0  0  0  0  0   4 79  4 16  0  1376
MatAssemblyBegin       8 1.0 3.9711e-03 2.7 0.00e+00 0.0 3.0e+00 5.3e+04 1.2e+01  0  0  0  0  0   0  0  6  5  9     0
MatAssemblyEnd         8 1.0 2.9570e-01 1.0 0.00e+00 0.0 1.2e+01 3.3e+04 3.2e+01  0  0  0  0  0  18  0 22 13 24     0
MatTranspose           1 1.0 2.0582e-01 1.0 0.00e+00 0.0 7.5e+00 3.7e+04 1.2e+01  0  0  0  0  0  12  0 14  9  9     0
MatMatMult             1 1.0 3.0691e-01 1.0 1.19e+07 1.0 8.0e+00 6.5e+04 1.6e+01  0  0  0  0  0  18 21 15 17 12    77
MatMatMultSym          1 1.0 2.5911e-01 1.0 0.00e+00 0.0 7.0e+00 5.1e+04 1.4e+01  0  0  0  0  0  15  0 13 12 11     0
MatMatMultNum          1 1.0 4.7773e-02 1.0 1.19e+07 1.0 1.0e+00 1.6e+05 2.0e+00  0  0  0  0  0   3 21  2  5  2   497
MatGetLocalMat         2 1.0 9.0217e-02 1.0 0.00e+00 0.0 0.0e+00 0.0e+00 0.0e+00  0  0  0  0  0   5  0  0  0  0     0
MatGetBrAoCol          2 1.0 3.0699e-03 1.2 0.00e+00 0.0 4.0e+00 1.1e+05 0.0e+00  0  0  0  0  0   0  0  7 15  0     0
SFSetGraph             1 1.0 2.2912e-0480.1 0.00e+00 0.0 0.0e+00 0.0e+00 0.0e+00  0  0  0  0  0   0  0  0  0  0     0
SFReduceBegin          1 1.0 4.6587e-04 2.8 0.00e+00 0.0 2.5e+00 3.2e+04 0.0e+00  0  0  0  0  0   0  0  5  3  0     0
SFReduceEnd            1 1.0 7.8917e-05 2.9 0.00e+00 0.0 0.0e+00 0.0e+00 0.0e+00  0  0  0  0  0   0  0  0  0  0     0
generateQTBNQ          1 1.0 3.0691e-01 1.0 1.19e+07 1.0 8.0e+00 6.5e+04 1.6e+01  0  0  0  0  0  18 21 15 17 12    77

--- Event Stage 2: RHSVelocity

VecSet                50 1.0 1.3214e-01 1.0 0.00e+00 0.0 0.0e+00 0.0e+00 0.0e+00  0  0  0  0  0   1  0  0  0  0     0
VecWAXPY              50 1.0 1.7446e-01 1.1 7.45e+07 1.0 0.0e+00 0.0e+00 0.0e+00  0  0  0  0  0   1 50  0  0  0   851
VecPointwiseMult      50 1.0 1.1897e-01 1.0 7.45e+07 1.0 0.0e+00 0.0e+00 0.0e+00  0  0  0  0  0   1 50  0  0  0  1248
VecScatterBegin      150 1.0 1.8972e-01 1.1 0.00e+00 0.0 3.0e+02 7.9e+04 0.0e+00  0  0  1  1  0   1  0100100  0     0
VecScatterEnd        150 1.0 1.0424e-0113.8 0.00e+00 0.0 0.0e+00 0.0e+00 0.0e+00  0  0  0  0  0   0  0  0  0  0     0

--- Event Stage 3: solveVelocity

VecTDot              424 1.0 9.3181e-01 1.0 1.26e+09 1.0 0.0e+00 0.0e+00 4.2e+02  0  1  0  0  1  10 14  0  0 58  2703
VecNorm              312 1.0 6.2939e-01 1.0 9.30e+08 1.0 0.0e+00 0.0e+00 3.1e+02  0  0  0  0  0   6 10  0  0 42  2945
VecCopy              362 1.0 1.5206e+00 1.0 0.00e+00 0.0 0.0e+00 0.0e+00 0.0e+00  1  0  0  0  0  16  0  0  0  0     0
VecAXPY              424 1.0 9.8072e-01 1.0 1.26e+09 1.0 0.0e+00 0.0e+00 0.0e+00  0  1  0  0  0  10 14  0  0  0  2568
VecAYPX              212 1.0 4.9595e-01 1.0 5.57e+08 1.0 0.0e+00 0.0e+00 0.0e+00  0  0  0  0  0   5  6  0  0  0  2240
VecScatterBegin      262 1.0 1.6439e-02 1.1 0.00e+00 0.0 5.2e+02 2.4e+05 0.0e+00  0  0  2  5  0   0  0100100  0     0
VecScatterEnd        262 1.0 2.0224e-01 5.5 0.00e+00 0.0 0.0e+00 0.0e+00 0.0e+00  0  0  0  0  0   1  0  0  0  0     0
MatMult              262 1.0 4.9487e+00 1.0 5.03e+09 1.0 5.2e+02 2.4e+05 0.0e+00  2  2  2  5  0  50 56100100  0  2025
KSPSetUp               1 1.0 1.5516e-02 1.0 0.00e+00 0.0 0.0e+00 0.0e+00 0.0e+00  0  0  0  0  0   0  0  0  0  0     0
KSPSolve              50 1.0 9.7471e+00 1.0 9.04e+09 1.0 5.2e+02 2.4e+05 7.4e+02  4  4  2  5  1 100100100100100  1849
PCSetUp                1 1.0 0.0000e+00 0.0 0.00e+00 0.0 0.0e+00 0.0e+00 0.0e+00  0  0  0  0  0   0  0  0  0  0     0
PCApply              312 1.0 1.3129e+00 1.0 0.00e+00 0.0 0.0e+00 0.0e+00 0.0e+00  1  0  0  0  0  13  0  0  0  0     0

--- Event Stage 4: RHSPoisson

VecScale              50 1.0 2.3766e-02 1.0 2.50e+07 1.0 0.0e+00 0.0e+00 0.0e+00  0  0  0  0  0   7  8  0  0  0  2104
VecSet                50 1.0 4.4519e-02 1.0 0.00e+00 0.0 0.0e+00 0.0e+00 0.0e+00  0  0  0  0  0  12  0  0  0  0     0
VecScatterBegin       50 1.0 1.2252e-0311.1 0.00e+00 0.0 5.0e+01 8.0e+04 0.0e+00  0  0  0  0  0   0  0100100  0     0
VecScatterEnd         50 1.0 3.8927e-03 2.7 0.00e+00 0.0 0.0e+00 0.0e+00 0.0e+00  0  0  0  0  0   1  0  0  0  0     0
MatMultAdd            50 1.0 2.8166e-01 1.0 2.97e+08 1.0 5.0e+01 8.0e+04 0.0e+00  0  0  0  0  0  78 92100100  0  2109

--- Event Stage 5: solvePoisson

VecTDot            31086 1.0 2.0484e+01 1.0 3.11e+10 1.0 0.0e+00 0.0e+00 3.1e+04  9 15  0  0 40  11 16  0  0 50  3035
VecNorm            15643 1.0 9.1738e+00 1.0 1.56e+10 1.0 0.0e+00 0.0e+00 1.6e+04  4  8  0  0 20   5  8  0  0 25  3410
VecCopy            15693 1.0 1.4099e+01 1.0 0.00e+00 0.0 0.0e+00 0.0e+00 0.0e+00  6  0  0  0  0   7  0  0  0  0     0
VecAXPY            31086 1.0 2.1864e+01 1.0 3.11e+10 1.0 0.0e+00 0.0e+00 0.0e+00 10 15  0  0  0  12 16  0  0  0  2844
VecAYPX            15543 1.0 1.0407e+01 1.0 1.55e+10 1.0 0.0e+00 0.0e+00 0.0e+00  5  8  0  0  0   5  8  0  0  0  2982
VecScatterBegin    15593 1.0 3.9206e-01 1.2 0.00e+00 0.0 3.1e+04 8.0e+04 0.0e+00  0  0 97 94  0   0  0100100  0     0
VecScatterEnd      15593 1.0 1.1032e+00 1.2 0.00e+00 0.0 0.0e+00 0.0e+00 0.0e+00  0  0  0  0  0   1  0  0  0  0     0
MatMult            15593 1.0 9.8272e+01 1.0 1.00e+11 1.0 3.1e+04 8.0e+04 0.0e+00 45 49 97 94  0  52 52100100  0  2044
KSPSetUp               1 1.0 6.9599e-03 1.0 0.00e+00 0.0 0.0e+00 0.0e+00 0.0e+00  0  0  0  0  0   0  0  0  0  0     0
KSPSolve              50 1.0 1.8952e+02 1.0 1.94e+11 1.0 3.1e+04 8.0e+04 6.2e+04 88 95 97 94 80 100100100100100  2045
PCSetUp                1 1.0 0.0000e+00 0.0 0.00e+00 0.0 0.0e+00 0.0e+00 0.0e+00  0  0  0  0  0   0  0  0  0  0     0
PCApply            15643 1.0 1.4051e+01 1.0 0.00e+00 0.0 0.0e+00 0.0e+00 0.0e+00  6  0  0  0  0   7  0  0  0  0     0

--- Event Stage 6: projectionStep

VecWAXPY              50 1.0 1.7244e-01 1.0 7.45e+07 1.0 0.0e+00 0.0e+00 0.0e+00  0  0  0  0  0  33 25  0  0  0   861
VecScatterBegin       50 1.0 1.2431e-0310.7 0.00e+00 0.0 5.0e+01 8.0e+04 0.0e+00  0  0  0  0  0   0  0100100  0     0
VecScatterEnd         50 1.0 2.5373e-03 1.0 0.00e+00 0.0 0.0e+00 0.0e+00 0.0e+00  0  0  0  0  0   0  0  0  0  0     0
MatMult               50 1.0 3.4811e-01 1.0 2.24e+08 1.0 5.0e+01 8.0e+04 0.0e+00  0  0  0  0  0  67 75100100  0  1280
------------------------------------------------------------------------------------------------------------------------

Memory usage is given in bytes:

Object Type          Creations   Destructions     Memory  Descendants' Mem.
Reports information only for process 0.

--- Event Stage 0: Main Stage

              Vector     0             44    266540896     0
      Vector Scatter     0             12     15933008     0
              Matrix     0             14    371756128     0
   Matrix Null Space     0              1          604     0
    Distributed Mesh     0              6        28512     0
Star Forest Bipartite Graph     0             12         9792     0
     Discrete System     0              6         4800     0
   IS L to G Mapping     0              4      8616080     0
       Krylov Solver     0              2         2464     0
      Preconditioner     0              2         1664     0
              Viewer     2              1          752     0

--- Event Stage 1: initialize

              Vector    50             12        18656     0
      Vector Scatter    12              0            0     0
              Matrix    14              0            0     0
   Matrix Null Space     1              0            0     0
    Distributed Mesh     6              0            0     0
Star Forest Bipartite Graph    13              1          872     0
     Discrete System     6              0            0     0
           Index Set    16             16      8331072     0
   IS L to G Mapping     4              0            0     0
       Krylov Solver     2              0            0     0
      Preconditioner     2              0            0     0

--- Event Stage 2: RHSVelocity


--- Event Stage 3: solveVelocity

              Vector    53             50    596078800     0

--- Event Stage 4: RHSPoisson


--- Event Stage 5: solvePoisson

              Vector    53             50    200078800     0

--- Event Stage 6: projectionStep

========================================================================================================================
Average time to get PetscTime(): 0
Average time for MPI_Barrier(): 3.8147e-07
Average time for zero size MPI_Send(): 4.76837e-07
#PETSc Option Table entries:
-caseFolder .
-log_summary
-sys1_pc_type none
-sys2_pc_type none
#End of PETSc Option Table entries
Compiled without FORTRAN kernels
Compiled with full precision matrices (default)
sizeof(short) 2 sizeof(int) 4 sizeof(long) 8 sizeof(void*) 8 sizeof(PetscScalar) 8 sizeof(PetscInt) 4
Configure options: COPTFLAGS=-O3 CXXOPTFLAGS=-O3 FOPTFLAGS=-O3 --PETSC_ARCH=linux-openmpi-gnu-opt --with-debugging=0 --with-mpi-dir=/c1/apps/openmpi/gcc/64/1.8/bin --with-blas-lib=/c1/apps/blas/gcc/1/lib64/libblas.a --with-lapack-lib=/c1/apps/lapack/gcc/3.4.1/lib/liblapack.a --with-shared-libraries=0
-----------------------------------------
Libraries compiled on Thu May 28 13:47:29 2015 on login3.colonialone.gwu.edu 
Machine characteristics: Linux-2.6.32-504.12.2.el6.x86_64-x86_64-with-redhat-6.6-Santiago
Using PETSc directory: /home/mesnardo/src/petsc/3.5.2
Using PETSc arch: linux-openmpi-gnu-opt
-----------------------------------------

Using C compiler: mpicc  -Wall -Wwrite-strings -Wno-strict-aliasing -Wno-unknown-pragmas -O3  ${COPTFLAGS} ${CFLAGS}
Using Fortran compiler: mpif90  -Wall -Wno-unused-variable -ffree-line-length-0 -Wno-unused-dummy-argument -O3   ${FOPTFLAGS} ${FFLAGS} 
-----------------------------------------

Using include paths: -I/home/mesnardo/src/petsc/3.5.2/linux-openmpi-gnu-opt/include -I/home/mesnardo/src/petsc/3.5.2/include -I/home/mesnardo/src/petsc/3.5.2/include -I/home/mesnardo/src/petsc/3.5.2/linux-openmpi-gnu-opt/include -I/c1/apps/openmpi/gcc/64/1.8/bin/include -I/c1/apps/openmpi/gcc/64/1.8/include
-----------------------------------------

Using C linker: mpicc
Using Fortran linker: mpif90
Using libraries: -Wl,-rpath,/home/mesnardo/src/petsc/3.5.2/linux-openmpi-gnu-opt/lib -L/home/mesnardo/src/petsc/3.5.2/linux-openmpi-gnu-opt/lib -lpetsc -Wl,-rpath,/c1/apps/lapack/gcc/3.4.1/lib -L/c1/apps/lapack/gcc/3.4.1/lib -llapack -Wl,-rpath,/c1/apps/blas/gcc/1/lib64 -L/c1/apps/blas/gcc/1/lib64 -lblas -lX11 -lpthread -lssl -lcrypto -L/c1/apps/openmpi/gcc/64/1.8/lib -L/cm/shared/apps/gcc/4.7.0/lib/gcc/x86_64-unknown-linux-gnu/4.7.0 -L/cm/shared/apps/gcc/4.7.0/lib64 -L/cm/shared/apps/gcc/4.7.0/lib -lmpi_usempi -lmpi_mpifh -lgfortran -lm -Wl,-rpath,/c1/apps/openmpi/gcc/64/1.8/lib -lgfortran -lm -lquadmath -lm -lmpi_cxx -lstdc++ -L/c1/apps/openmpi/gcc/64/1.8/lib -L/cm/shared/apps/gcc/4.7.0/lib/gcc/x86_64-unknown-linux-gnu/4.7.0 -L/cm/shared/apps/gcc/4.7.0/lib64 -L/c1/apps/openmpi/gcc/64/1.8/lib -L/cm/shared/apps/gcc/4.7.0/lib -ldl -Wl,-rpath,/c1/apps/openmpi/gcc/64/1.8/lib -lmpi -lgcc_s -lpthread -ldl  
-----------------------------------------

