
---------------------------------------
Flow
---------------------------------------
solver: Navier-Stokes
viscosity: 0.01

---------------------------------------
Mesh
---------------------------------------
size: 100 x 100 x 100

---------------------------------------
Time-stepping
---------------------------------------
convection: 2nd-order Adams-Bashforth
diffusion : Crank-Nicolson
time-increment      : 0.0025
starting time-step  : 0
number of time-steps: 50
saving-interval     : 100

---------------------------------------
Linear system for intermediate velocity
---------------------------------------
solver: cg
preconditioner: none
relative tolerance: 1e-06
absolute tolerance: 1e-50
maximum iterations: 10000

---------------------------------------
Linear system for pressure-force
---------------------------------------
solver: cg
preconditioner: none
relative tolerance: 1e-06
absolute tolerance: 1e-50
maximum iterations: 20000

---------------------------------------
************************************************************************************************************************
***             WIDEN YOUR WINDOW TO 120 CHARACTERS.  Use 'enscript -r -fCourier9' to print this document            ***
************************************************************************************************************************

---------------------------------------------- PETSc Performance Summary: ----------------------------------------------

/home/mesnardo/src/PetIBM/linux-openmpi-1.8-gcc-4.9.2-opt/PetIBM3d on a linux-openmpi-1.8-gcc-4.9.2-opt named node121 with 32 processors, by mesnardo Fri Jun 12 16:23:36 2015
Using Petsc Release Version 3.5.2, Sep, 08, 2014 

                         Max       Max/Min        Avg      Total 
Time (sec):           2.793e+01      1.00000   2.793e+01
Objects:              2.340e+02      1.00000   2.340e+02
Flops:                1.277e+10      1.00806   1.272e+10  4.072e+11
Flops/sec:            4.572e+08      1.00806   4.556e+08  1.458e+10
MPI Messages:         8.235e+04      1.68435   6.554e+04  2.097e+06
MPI Message Lengths:  7.473e+08      1.80257   8.863e+03  1.859e+10
MPI Reductions:       7.774e+04      1.00000

Flop counting convention: 1 flop = 1 real number operation of type (multiply/divide/add/subtract)
                            e.g., VecAXPY() for real vectors of length N --> 2N flops
                            and VecAXPY() for complex vectors of length N --> 8N flops

Summary of Stages:   ----- Time ------  ----- Flops -----  --- Messages ---  -- Message Lengths --  -- Reductions --
                        Avg     %Total     Avg     %Total   counts   %Total     Avg         %Total   counts   %Total 
 0:      Main Stage: 6.0664e-02   0.2%  0.0000e+00   0.0%  0.000e+00   0.0%  0.000e+00        0.0%  0.000e+00   0.0% 
 1:      initialize: 2.7783e-01   1.0%  1.1214e+08   0.0%  6.304e+03   0.3%  1.015e+01        0.1%  1.320e+02   0.2% 
 2:     RHSVelocity: 1.1233e+00   4.0%  2.9700e+08   0.1%  5.520e+04   2.6%  8.303e+01        0.9%  0.000e+00   0.0% 
 3:   solveVelocity: 1.7066e+00   6.1%  1.8023e+10   4.4%  3.354e+04   1.6%  4.169e+02        4.7%  7.360e+02   0.9% 
 4:      RHSPoisson: 7.6220e-02   0.3%  6.4400e+08   0.2%  3.200e+03   0.2%  1.335e+01        0.2%  0.000e+00   0.0% 
 5:    solvePoisson: 2.4515e+01  87.8%  3.8750e+11  95.2%  1.996e+06  95.2%  8.327e+03       93.9%  6.237e+04  80.2% 
 6:  projectionStep: 7.3345e-02   0.3%  5.9400e+08   0.1%  3.200e+03   0.2%  1.335e+01        0.2%  0.000e+00   0.0% 

------------------------------------------------------------------------------------------------------------------------
See the 'Profiling' chapter of the users' manual for details on interpreting output.
Phase summary info:
   Count: number of times phase was executed
   Time and Flops: Max - maximum over all processors
                   Ratio - ratio of maximum to minimum over all processors
   Mess: number of messages sent
   Avg. len: average message length (bytes)
   Reduct: number of global reductions
   Global: entire computation
   Stage: stages of a computation. Set stages with PetscLogStagePush() and PetscLogStagePop().
      %T - percent time in this phase         %F - percent flops in this phase
      %M - percent messages in this phase     %L - percent message lengths in this phase
      %R - percent reductions in this phase
   Total Mflop/s: 10e-6 * (sum of flops over all processors)/(max time over all processors)
------------------------------------------------------------------------------------------------------------------------
Event                Count      Time (sec)     Flops                             --- Global ---  --- Stage ---   Total
                   Max Ratio  Max     Ratio   Max  Ratio  Mess   Avg len Reduct  %T %F %M %L %R  %T %F %M %L %R Mflop/s
------------------------------------------------------------------------------------------------------------------------

--- Event Stage 0: Main Stage


--- Event Stage 1: initialize

VecSet                15 1.0 2.1286e-03 1.3 0.00e+00 0.0 0.0e+00 0.0e+00 0.0e+00  0  0  0  0  0   1  0  0  0  0     0
VecScatterBegin        8 1.0 2.1033e-03 2.5 0.00e+00 0.0 2.5e+03 4.6e+03 0.0e+00  0  0  0  0  0   1  0 39 54  0     0
VecScatterEnd          8 1.0 1.0201e-02 9.6 0.00e+00 0.0 0.0e+00 0.0e+00 0.0e+00  0  0  0  0  0   2  0  0  0  0     0
MatScale               4 1.0 1.9092e-02 1.9 2.80e+06 1.0 1.3e+02 2.6e+04 0.0e+00  0  0  0  0  0   6 79  2 16  0  4629
MatAssemblyBegin       8 1.0 1.3541e-02 8.7 0.00e+00 0.0 1.9e+02 5.8e+03 1.2e+01  0  0  0  0  0   3  0  3  5  9     0
MatAssemblyEnd         8 1.0 3.1667e-02 1.1 0.00e+00 0.0 7.7e+02 3.6e+03 3.2e+01  0  0  0  0  0  11  0 12 13 24     0
MatTranspose           1 1.0 6.8199e-02 1.0 0.00e+00 0.0 4.8e+02 4.1e+03 1.2e+01  0  0  0  0  0  25  0  8  9  9     0
MatMatMult             1 1.0 3.0686e-02 1.0 7.48e+05 1.0 5.1e+02 7.1e+03 1.6e+01  0  0  0  0  0  11 21  8 17 12   774
MatMatMultSym          1 1.0 2.3731e-02 1.0 0.00e+00 0.0 4.5e+02 5.6e+03 1.4e+01  0  0  0  0  0   8  0  7 12 11     0
MatMatMultNum          1 1.0 7.2460e-03 1.0 7.48e+05 1.0 6.4e+01 1.8e+04 2.0e+00  0  0  0  0  0   3 21  1  5  2  3279
MatGetLocalMat         2 1.0 9.1650e-03 1.4 0.00e+00 0.0 0.0e+00 0.0e+00 0.0e+00  0  0  0  0  0   3  0  0  0  0     0
MatGetBrAoCol          2 1.0 2.0518e-03 1.8 0.00e+00 0.0 2.6e+02 1.2e+04 0.0e+00  0  0  0  0  0   1  0  4 14  0     0
SFSetGraph             1 1.0 9.2030e-0522.7 0.00e+00 0.0 0.0e+00 0.0e+00 0.0e+00  0  0  0  0  0   0  0  0  0  0     0
SFReduceBegin          1 1.0 5.1878e-02 1.8 0.00e+00 0.0 1.6e+02 3.5e+03 0.0e+00  0  0  0  0  0  15  0  3  3  0     0
SFReduceEnd            1 1.0 1.1642e-02728.8 0.00e+00 0.0 0.0e+00 0.0e+00 0.0e+00  0  0  0  0  0   1  0  0  0  0     0
generateQTBNQ          1 1.0 3.0692e-02 1.0 7.48e+05 1.0 5.1e+02 7.1e+03 1.6e+01  0  0  0  0  0  11 21  8 17 12   774

--- Event Stage 2: RHSVelocity

VecSet                50 1.0 1.1711e-02 2.7 0.00e+00 0.0 0.0e+00 0.0e+00 0.0e+00  0  0  0  0  0   1  0  0  0  0     0
VecWAXPY              50 1.0 2.2824e-02 3.2 4.69e+06 1.0 0.0e+00 0.0e+00 0.0e+00  0  0  0  0  0   1 50  0  0  0  6506
VecPointwiseMult      50 1.0 1.7073e-02 2.8 4.69e+06 1.0 0.0e+00 0.0e+00 0.0e+00  0  0  0  0  0   1 50  0  0  0  8698
VecScatterBegin      150 1.0 2.4913e-02 1.5 0.00e+00 0.0 5.5e+04 3.2e+03 0.0e+00  0  0  3  1  0   2  0100100  0     0
VecScatterEnd        150 1.0 2.2931e-0136.8 0.00e+00 0.0 0.0e+00 0.0e+00 0.0e+00  1  0  0  0  0  18  0  0  0  0     0

--- Event Stage 3: solveVelocity

VecTDot              424 1.0 6.8944e-01 8.3 7.95e+07 1.0 0.0e+00 0.0e+00 4.2e+02  1  1  0  0  1  16 14  0  0 58  3653
VecNorm              312 1.0 2.5981e-01 6.0 5.85e+07 1.0 0.0e+00 0.0e+00 3.1e+02  0  0  0  0  0   7 10  0  0 42  7133
VecCopy              362 1.0 7.1651e-02 1.7 0.00e+00 0.0 0.0e+00 0.0e+00 0.0e+00  0  0  0  0  0   3  0  0  0  0     0
VecAXPY              424 1.0 1.4711e-01 1.8 7.95e+07 1.0 0.0e+00 0.0e+00 0.0e+00  0  1  0  0  0   7 14  0  0  0 17120
VecAYPX              212 1.0 5.2441e-02 1.8 3.51e+07 1.0 0.0e+00 0.0e+00 0.0e+00  0  0  0  0  0   2  6  0  0  0 21181
VecScatterBegin      262 1.0 4.9846e-02 2.6 0.00e+00 0.0 3.4e+04 2.6e+04 0.0e+00  0  0  2  5  0   2  0100100  0     0
VecScatterEnd        262 1.0 6.2091e-0113.6 0.00e+00 0.0 0.0e+00 0.0e+00 0.0e+00  1  0  0  0  0  13  0  0  0  0     0
MatMult              262 1.0 1.2396e+00 2.1 3.18e+08 1.0 3.4e+04 2.6e+04 0.0e+00  4  2  2  5  0  61 56100100  0  8085
KSPSetUp               1 1.0 2.4581e-03 2.1 0.00e+00 0.0 0.0e+00 0.0e+00 0.0e+00  0  0  0  0  0   0  0  0  0  0     0
KSPSolve              50 1.0 1.7601e+00 1.1 5.71e+08 1.0 3.4e+04 2.6e+04 7.4e+02  6  4  2  5  1 100100100100100 10240
PCSetUp                1 1.0 1.1921e-06 0.0 0.00e+00 0.0 0.0e+00 0.0e+00 0.0e+00  0  0  0  0  0   0  0  0  0  0     0
PCApply              312 1.0 4.6516e-02 1.5 0.00e+00 0.0 0.0e+00 0.0e+00 0.0e+00  0  0  0  0  0   2  0  0  0  0     0

--- Event Stage 4: RHSPoisson

VecScale              50 1.0 1.3685e-03 1.3 1.56e+06 1.0 0.0e+00 0.0e+00 0.0e+00  0  0  0  0  0   2  8  0  0  0 36536
VecSet                50 1.0 5.7523e-03 1.9 0.00e+00 0.0 0.0e+00 0.0e+00 0.0e+00  0  0  0  0  0   6  0  0  0  0     0
VecScatterBegin       50 1.0 3.4697e-0322.8 0.00e+00 0.0 3.2e+03 8.8e+03 0.0e+00  0  0  0  0  0   2  0100100  0     0
VecScatterEnd         50 1.0 4.5404e-03 2.7 0.00e+00 0.0 0.0e+00 0.0e+00 0.0e+00  0  0  0  0  0   4  0  0  0  0     0
MatMultAdd            50 1.0 8.8616e-02 1.9 1.87e+07 1.0 3.2e+03 8.8e+03 0.0e+00  0  0  0  0  0  89 92100100  0  6703

--- Event Stage 5: solvePoisson

VecTDot            31086 1.0 1.0708e+01 6.8 1.94e+09 1.0 0.0e+00 0.0e+00 3.1e+04 22 15  0  0 40  25 16  0  0 50  5806
VecNorm            15643 1.0 7.7625e-01 1.1 9.78e+08 1.0 0.0e+00 0.0e+00 1.6e+04  3  8  0  0 20   3  8  0  0 25 40304
VecCopy            15693 1.0 4.0271e-01 1.1 0.00e+00 0.0 0.0e+00 0.0e+00 0.0e+00  1  0  0  0  0   2  0  0  0  0     0
VecAXPY            31086 1.0 2.1996e+00 1.8 1.94e+09 1.0 0.0e+00 0.0e+00 0.0e+00  6 15  0  0  0   7 16  0  0  0 28265
VecAYPX            15543 1.0 5.2484e-01 1.0 9.70e+08 1.0 0.0e+00 0.0e+00 0.0e+00  2  8  0  0  0   2  8  0  0  0 59134
VecScatterBegin    15593 1.0 4.5786e-01 2.3 0.00e+00 0.0 2.0e+06 8.8e+03 0.0e+00  1  0 95 94  0   1  0100100  0     0
VecScatterEnd      15593 1.0 3.9495e+00 6.2 0.00e+00 0.0 0.0e+00 0.0e+00 0.0e+00  6  0  0  0  0   6  0  0  0  0     0
MatMult            15593 1.0 1.7961e+01 2.0 6.32e+09 1.0 2.0e+06 8.8e+03 0.0e+00 48 49 95 94  0  55 52100100  0 11182
KSPSetUp               1 1.0 6.5088e-04 1.6 0.00e+00 0.0 0.0e+00 0.0e+00 0.0e+00  0  0  0  0  0   0  0  0  0  0     0
KSPSolve              50 1.0 2.4535e+01 1.0 1.21e+10 1.0 2.0e+06 8.8e+03 6.2e+04 88 95 95 94 80 100100100100100 15794
PCSetUp                1 1.0 1.1921e-06 0.0 0.00e+00 0.0 0.0e+00 0.0e+00 0.0e+00  0  0  0  0  0   0  0  0  0  0     0
PCApply            15643 1.0 4.0641e-01 1.1 0.00e+00 0.0 0.0e+00 0.0e+00 0.0e+00  1  0  0  0  0   2  0  0  0  0     0

--- Event Stage 6: projectionStep

VecWAXPY              50 1.0 2.3066e-02 1.4 4.69e+06 1.0 0.0e+00 0.0e+00 0.0e+00  0  0  0  0  0  26 25  0  0  0  6438
VecScatterBegin       50 1.0 1.1067e-03 9.4 0.00e+00 0.0 3.2e+03 8.8e+03 0.0e+00  0  0  0  0  0   1  0100100  0     0
VecScatterEnd         50 1.0 5.8908e-03 3.5 0.00e+00 0.0 0.0e+00 0.0e+00 0.0e+00  0  0  0  0  0   5  0  0  0  0     0
MatMult               50 1.0 7.0721e-02 1.9 1.41e+07 1.0 3.2e+03 8.8e+03 0.0e+00  0  0  0  0  0  74 75100100  0  6299
------------------------------------------------------------------------------------------------------------------------

Memory usage is given in bytes:

Object Type          Creations   Destructions     Memory  Descendants' Mem.
Reports information only for process 0.

--- Event Stage 0: Main Stage

              Vector     0             44     17279288     0
      Vector Scatter     0             12      1013008     0
              Matrix     0             14     23399428     0
   Matrix Null Space     0              1          604     0
    Distributed Mesh     0              6        28512     0
Star Forest Bipartite Graph     0             12         9792     0
     Discrete System     0              6         4800     0
   IS L to G Mapping     0              4       608912     0
       Krylov Solver     0              2         2464     0
      Preconditioner     0              2         1664     0
              Viewer     2              1          752     0

--- Event Stage 1: initialize

              Vector    50             12        18656     0
      Vector Scatter    12              0            0     0
              Matrix    14              0            0     0
   Matrix Null Space     1              0            0     0
    Distributed Mesh     6              0            0     0
Star Forest Bipartite Graph    13              1          872     0
     Discrete System     6              0            0     0
           Index Set    16             16       626384     0
   IS L to G Mapping     4              0            0     0
       Krylov Solver     2              0            0     0
      Preconditioner     2              0            0     0

--- Event Stage 2: RHSVelocity


--- Event Stage 3: solveVelocity

              Vector    53             50     37578800     0

--- Event Stage 4: RHSPoisson


--- Event Stage 5: solvePoisson

              Vector    53             50     12578800     0

--- Event Stage 6: projectionStep

========================================================================================================================
Average time to get PetscTime(): 9.53674e-08
Average time for MPI_Barrier(): 6.19888e-06
Average time for zero size MPI_Send(): 1.06543e-06
#PETSc Option Table entries:
-caseFolder .
-log_summary
-sys1_pc_type none
-sys2_pc_type none
#End of PETSc Option Table entries
Compiled without FORTRAN kernels
Compiled with full precision matrices (default)
sizeof(short) 2 sizeof(int) 4 sizeof(long) 8 sizeof(void*) 8 sizeof(PetscScalar) 8 sizeof(PetscInt) 4
Configure options: COPTFLAGS=-O3 CXXOPTFLAGS=-O3 FOPTFLAGS=-O3 --PETSC_ARCH=linux-openmpi-1.8-gcc-4.9.2-opt --with-debugging=0 --with-mpi-dir=/c1/apps/openmpi/1.8/gcc/4.9.2 --with-blas-lib=/c1/apps/blas/gcc/1/lib64/libblas.a --with-lapack-lib=/c1/apps/lapack/gcc/3.4.1/lib/liblapack.a --with-shared-libraries=0
-----------------------------------------
Libraries compiled on Thu Jun 11 19:17:23 2015 on login4.colonialone.gwu.edu 
Machine characteristics: Linux-2.6.32-504.12.2.el6.x86_64-x86_64-with-redhat-6.6-Santiago
Using PETSc directory: /home/mesnardo/src/petsc/3.5.2
Using PETSc arch: linux-openmpi-1.8-gcc-4.9.2-opt
-----------------------------------------

Using C compiler: /c1/apps/openmpi/1.8/gcc/4.9.2/bin/mpicc  -Wall -Wwrite-strings -Wno-strict-aliasing -Wno-unknown-pragmas -O3  ${COPTFLAGS} ${CFLAGS}
Using Fortran compiler: /c1/apps/openmpi/1.8/gcc/4.9.2/bin/mpif90  -Wall -Wno-unused-variable -ffree-line-length-0 -Wno-unused-dummy-argument -O3   ${FOPTFLAGS} ${FFLAGS} 
-----------------------------------------

Using include paths: -I/home/mesnardo/src/petsc/3.5.2/linux-openmpi-1.8-gcc-4.9.2-opt/include -I/home/mesnardo/src/petsc/3.5.2/include -I/home/mesnardo/src/petsc/3.5.2/include -I/home/mesnardo/src/petsc/3.5.2/linux-openmpi-1.8-gcc-4.9.2-opt/include -I/c1/apps/openmpi/1.8/gcc/4.9.2/include
-----------------------------------------

Using C linker: /c1/apps/openmpi/1.8/gcc/4.9.2/bin/mpicc
Using Fortran linker: /c1/apps/openmpi/1.8/gcc/4.9.2/bin/mpif90
Using libraries: -Wl,-rpath,/home/mesnardo/src/petsc/3.5.2/linux-openmpi-1.8-gcc-4.9.2-opt/lib -L/home/mesnardo/src/petsc/3.5.2/linux-openmpi-1.8-gcc-4.9.2-opt/lib -lpetsc -Wl,-rpath,/c1/apps/lapack/gcc/3.4.1/lib -L/c1/apps/lapack/gcc/3.4.1/lib -llapack -Wl,-rpath,/c1/apps/blas/gcc/1/lib64 -L/c1/apps/blas/gcc/1/lib64 -lblas -lX11 -lpthread -lssl -lcrypto -L/c1/apps/openmpi/1.8/gcc/4.9.2/lib -L/cm/shared/apps/gcc/4.7.0/lib/gcc/x86_64-unknown-linux-gnu/4.7.0 -L/cm/shared/apps/gcc/4.7.0/lib64 -L/cm/shared/apps/gcc/4.7.0/lib -lmpi_usempi -lmpi_mpifh -lgfortran -lm -Wl,-rpath,/c1/apps/openmpi/1.8/gcc/4.9.2/lib -lgfortran -lm -lquadmath -lm -lmpi_cxx -lstdc++ -L/c1/apps/openmpi/1.8/gcc/4.9.2/lib -L/cm/shared/apps/gcc/4.7.0/lib/gcc/x86_64-unknown-linux-gnu/4.7.0 -L/cm/shared/apps/gcc/4.7.0/lib64 -L/c1/apps/openmpi/1.8/gcc/4.9.2/lib -L/cm/shared/apps/gcc/4.7.0/lib -ldl -Wl,-rpath,/c1/apps/openmpi/1.8/gcc/4.9.2/lib -lmpi -lgcc_s -lpthread -ldl  
-----------------------------------------

