
---------------------------------------
Flow
---------------------------------------
solver: Navier-Stokes
viscosity: 0.01

---------------------------------------
Mesh
---------------------------------------
size: 200 x 200 x 200

---------------------------------------
Time-stepping
---------------------------------------
convection: 2nd-order Adams-Bashforth
diffusion : Crank-Nicolson
time-increment      : 0.0025
starting time-step  : 0
number of time-steps: 20
saving-interval     : 100

---------------------------------------
Linear system for intermediate velocity
---------------------------------------
solver: cg
preconditioner: none
relative tolerance: 1e-06
absolute tolerance: 1e-50
maximum iterations: 10000

---------------------------------------
Linear system for pressure-force
---------------------------------------
solver: cg
preconditioner: none
relative tolerance: 1e-06
absolute tolerance: 1e-50
maximum iterations: 20000

---------------------------------------
************************************************************************************************************************
***             WIDEN YOUR WINDOW TO 120 CHARACTERS.  Use 'enscript -r -fCourier9' to print this document            ***
************************************************************************************************************************

---------------------------------------------- PETSc Performance Summary: ----------------------------------------------

/home/mesnardo/src/PetIBM/linux-openmpi-1.8-gcc-4.9.2-opt/PetIBM3d on a linux-openmpi-1.8-gcc-4.9.2-opt named node176 with 16 processors, by mesnardo Tue Jun 16 10:51:12 2015
Using Petsc Release Version 3.5.2, Sep, 08, 2014 

                         Max       Max/Min        Avg      Total 
Time (sec):           3.328e+02      1.00000   3.328e+02
Objects:              1.740e+02      1.00000   1.740e+02
Flops:                1.699e+11      1.00231   1.697e+11  2.715e+12
Flops/sec:            5.106e+08      1.00231   5.100e+08  8.160e+09
MPI Messages:         5.348e+04      1.33636   4.675e+04  7.480e+05
MPI Message Lengths:  3.291e+09      1.50074   5.865e+04  4.387e+10
MPI Reductions:       6.692e+04      1.00000

Flop counting convention: 1 flop = 1 real number operation of type (multiply/divide/add/subtract)
                            e.g., VecAXPY() for real vectors of length N --> 2N flops
                            and VecAXPY() for complex vectors of length N --> 8N flops

Summary of Stages:   ----- Time ------  ----- Flops -----  --- Messages ---  -- Message Lengths --  -- Reductions --
                        Avg     %Total     Avg     %Total   counts   %Total     Avg         %Total   counts   %Total 
 0:      Main Stage: 9.7499e-02   0.0%  0.0000e+00   0.0%  0.000e+00   0.0%  0.000e+00        0.0%  0.000e+00   0.0% 
 1:      initialize: 2.2971e+00   0.7%  9.0457e+08   0.0%  2.554e+03   0.3%  8.050e+01        0.1%  1.320e+02   0.2% 
 2:     RHSVelocity: 6.0190e+00   1.8%  9.5520e+08   0.0%  8.640e+03   1.2%  2.594e+02        0.4%  0.000e+00   0.0% 
 3:   solveVelocity: 1.7390e+01   5.2%  1.3745e+11   5.1%  1.333e+04   1.8%  3.044e+03        5.2%  6.940e+02   1.0% 
 4:      RHSPoisson: 3.6573e-01   0.1%  2.0704e+09   0.1%  5.600e+02   0.1%  4.278e+01        0.1%  0.000e+00   0.0% 
 5:    solvePoisson: 3.0602e+02  92.0%  2.5722e+12  94.7%  7.223e+05  96.6%  5.518e+04       94.1%  5.160e+04  77.1% 
 6:  projectionStep: 5.3405e-01   0.2%  1.9104e+09   0.1%  5.600e+02   0.1%  4.278e+01        0.1%  0.000e+00   0.0% 

------------------------------------------------------------------------------------------------------------------------
See the 'Profiling' chapter of the users' manual for details on interpreting output.
Phase summary info:
   Count: number of times phase was executed
   Time and Flops: Max - maximum over all processors
                   Ratio - ratio of maximum to minimum over all processors
   Mess: number of messages sent
   Avg. len: average message length (bytes)
   Reduct: number of global reductions
   Global: entire computation
   Stage: stages of a computation. Set stages with PetscLogStagePush() and PetscLogStagePop().
      %T - percent time in this phase         %F - percent flops in this phase
      %M - percent messages in this phase     %L - percent message lengths in this phase
      %R - percent reductions in this phase
   Total Mflop/s: 10e-6 * (sum of flops over all processors)/(max time over all processors)
------------------------------------------------------------------------------------------------------------------------
Event                Count      Time (sec)     Flops                             --- Global ---  --- Stage ---   Total
                   Max Ratio  Max     Ratio   Max  Ratio  Mess   Avg len Reduct  %T %F %M %L %R  %T %F %M %L %R Mflop/s
------------------------------------------------------------------------------------------------------------------------

--- Event Stage 0: Main Stage


--- Event Stage 1: initialize

VecSet                15 1.0 2.9124e-02 1.1 0.00e+00 0.0 0.0e+00 0.0e+00 0.0e+00  0  0  0  0  0   1  0  0  0  0     0
VecScatterBegin        8 1.0 1.8726e-02 1.1 0.00e+00 0.0 9.8e+02 3.3e+04 0.0e+00  0  0  0  0  0   1  0 38 53  0     0
VecScatterEnd          8 1.0 1.3461e-02 2.9 0.00e+00 0.0 0.0e+00 0.0e+00 0.0e+00  0  0  0  0  0   0  0  0  0  0     0
MatScale               4 1.0 2.2959e-01 1.0 4.49e+07 1.0 5.6e+01 1.7e+05 0.0e+00  0  0  0  0  0  10 79  2 16  0  3108
MatAssemblyBegin       8 1.0 5.5364e-0227.2 0.00e+00 0.0 8.4e+01 3.8e+04 1.2e+01  0  0  0  0  0   1  0  3  5  9     0
MatAssemblyEnd         8 1.0 4.6718e-01 1.0 0.00e+00 0.0 3.4e+02 2.4e+04 3.2e+01  0  0  0  0  0  20  0 13 13 24     0
MatTranspose           1 1.0 2.5602e-01 1.0 0.00e+00 0.0 2.1e+02 2.7e+04 1.2e+01  0  0  0  0  0  11  0  8  9  9     0
MatMatMult             1 1.0 4.6406e-01 1.0 1.20e+07 1.0 2.2e+02 4.6e+04 1.6e+01  0  0  0  0  0  20 21  9 17 12   412
MatMatMultSym          1 1.0 3.7651e-01 1.0 0.00e+00 0.0 2.0e+02 3.7e+04 1.4e+01  0  0  0  0  0  16  0  8 12 11     0
MatMatMultNum          1 1.0 8.8863e-02 1.0 1.20e+07 1.0 2.8e+01 1.1e+05 2.0e+00  0  0  0  0  0   4 21  1  5  2  2150
MatGetLocalMat         2 1.0 1.7836e-01 1.1 0.00e+00 0.0 0.0e+00 0.0e+00 0.0e+00  0  0  0  0  0   7  0  0  0  0     0
MatGetBrAoCol          2 1.0 1.0748e-02 1.3 0.00e+00 0.0 1.1e+02 7.9e+04 0.0e+00  0  0  0  0  0   0  0  4 15  0     0
SFSetGraph             1 1.0 5.8293e-04188.1 0.00e+00 0.0 0.0e+00 0.0e+00 0.0e+00  0  0  0  0  0   0  0  0  0  0     0
SFReduceBegin          1 1.0 1.4811e-03 5.0 0.00e+00 0.0 7.0e+01 2.3e+04 0.0e+00  0  0  0  0  0   0  0  3  3  0     0
SFReduceEnd            1 1.0 3.0613e-04 3.0 0.00e+00 0.0 0.0e+00 0.0e+00 0.0e+00  0  0  0  0  0   0  0  0  0  0     0
generateQTBNQ          1 1.0 4.6407e-01 1.0 1.20e+07 1.0 2.2e+02 4.6e+04 1.6e+01  0  0  0  0  0  20 21  9 17 12   412

--- Event Stage 2: RHSVelocity

VecSet                20 1.0 5.9953e-02 1.3 0.00e+00 0.0 0.0e+00 0.0e+00 0.0e+00  0  0  0  0  0   1  0  0  0  0     0
VecWAXPY              20 1.0 1.7698e-01 1.8 3.00e+07 1.0 0.0e+00 0.0e+00 0.0e+00  0  0  0  0  0   2 50  0  0  0  2699
VecPointwiseMult      20 1.0 1.2422e-01 1.3 3.00e+07 1.0 0.0e+00 0.0e+00 0.0e+00  0  0  0  0  0   2 50  0  0  0  3845
VecScatterBegin       60 1.0 1.6030e-01 1.5 0.00e+00 0.0 8.6e+03 2.2e+04 0.0e+00  0  0  1  0  0   2  0100100  0     0
VecScatterEnd         60 1.0 1.6206e-01 8.7 0.00e+00 0.0 0.0e+00 0.0e+00 0.0e+00  0  0  0  0  0   2  0  0  0  0     0

--- Event Stage 3: solveVelocity

VecTDot              436 1.0 1.9348e+00 1.2 1.31e+09 1.0 0.0e+00 0.0e+00 4.4e+02  1  1  0  0  1  10 15  0  0 63 10762
VecNorm              258 1.0 8.5428e-01 1.5 7.74e+08 1.0 0.0e+00 0.0e+00 2.6e+02  0  0  0  0  0   4  9  0  0 37 14424
VecCopy              278 1.0 1.4451e+00 1.0 0.00e+00 0.0 0.0e+00 0.0e+00 0.0e+00  0  0  0  0  0   8  0  0  0  0     0
VecAXPY              436 1.0 2.7292e+00 1.0 1.31e+09 1.0 0.0e+00 0.0e+00 0.0e+00  1  1  0  0  0  15 15  0  0  0  7630
VecAYPX              218 1.0 1.3069e+00 1.1 6.24e+08 1.0 0.0e+00 0.0e+00 0.0e+00  0  0  0  0  0   7  7  0  0  0  7601
VecScatterBegin      238 1.0 1.7178e-01 1.3 0.00e+00 0.0 1.3e+04 1.7e+05 0.0e+00  0  0  2  5  0   1  0100100  0     0
VecScatterEnd        238 1.0 3.6592e-01 3.7 0.00e+00 0.0 0.0e+00 0.0e+00 0.0e+00  0  0  0  0  0   1  0  0  0  0     0
MatMult              238 1.0 9.4618e+00 1.0 4.63e+09 1.0 1.3e+04 1.7e+05 0.0e+00  3  3  2  5  0  54 54100100  0  7773
KSPSetUp               1 1.0 2.6512e-02 1.1 0.00e+00 0.0 0.0e+00 0.0e+00 0.0e+00  0  0  0  0  0   0  0  0  0  0     0
KSPSolve              20 1.0 1.7540e+01 1.0 8.64e+09 1.0 1.3e+04 1.7e+05 6.9e+02  5  5  2  5  1 100100100100100  7836
PCSetUp                1 1.0 9.5367e-07 0.0 0.00e+00 0.0 0.0e+00 0.0e+00 0.0e+00  0  0  0  0  0   0  0  0  0  0     0
PCApply              258 1.0 1.3476e+00 1.0 0.00e+00 0.0 0.0e+00 0.0e+00 0.0e+00  0  0  0  0  0   8  0  0  0  0     0

--- Event Stage 4: RHSPoisson

VecScale              20 1.0 2.1330e-02 1.1 1.00e+07 1.0 0.0e+00 0.0e+00 0.0e+00  0  0  0  0  0   6  8  0  0  0  7501
VecSet                20 1.0 1.8496e-02 1.0 0.00e+00 0.0 0.0e+00 0.0e+00 0.0e+00  0  0  0  0  0   5  0  0  0  0     0
VecScatterBegin       20 1.0 7.4806e-0337.7 0.00e+00 0.0 5.6e+02 5.7e+04 0.0e+00  0  0  0  0  0   1  0100100  0     0
VecScatterEnd         20 1.0 2.7459e-0219.2 0.00e+00 0.0 0.0e+00 0.0e+00 0.0e+00  0  0  0  0  0   3  0  0  0  0     0
MatMultAdd            20 1.0 3.2969e-01 1.1 1.20e+08 1.0 5.6e+02 5.7e+04 0.0e+00  0  0  0  0  0  88 92100100  0  5794

--- Event Stage 5: solvePoisson

VecTDot            25758 1.0 4.5802e+01 1.3 2.58e+10 1.0 0.0e+00 0.0e+00 2.6e+04 12 15  0  0 38  13 16  0  0 50  8998
VecNorm            12919 1.0 1.4024e+01 1.0 1.29e+10 1.0 0.0e+00 0.0e+00 1.3e+04  4  8  0  0 19   5  8  0  0 25 14739
VecCopy            12939 1.0 2.4631e+01 1.0 0.00e+00 0.0 0.0e+00 0.0e+00 0.0e+00  7  0  0  0  0   8  0  0  0  0     0
VecAXPY            25758 1.0 5.0648e+01 1.0 2.58e+10 1.0 0.0e+00 0.0e+00 0.0e+00 15 15  0  0  0  16 16  0  0  0  8137
VecAYPX            12879 1.0 2.3220e+01 1.0 1.29e+10 1.0 0.0e+00 0.0e+00 0.0e+00  7  8  0  0  0   7  8  0  0  0  8868
VecScatterBegin    12899 1.0 2.7707e+00 1.3 0.00e+00 0.0 7.2e+05 5.7e+04 0.0e+00  1  0 97 94  0   1  0100100  0     0
VecScatterEnd      12899 1.0 8.9400e+00 5.2 0.00e+00 0.0 0.0e+00 0.0e+00 0.0e+00  1  0  0  0  0   1  0  0  0  0     0
MatMult            12899 1.0 1.3589e+02 1.1 8.36e+10 1.0 7.2e+05 5.7e+04 0.0e+00 40 49 97 94  0  43 52100100  0  9826
KSPSetUp               1 1.0 8.6389e-03 1.0 0.00e+00 0.0 0.0e+00 0.0e+00 0.0e+00  0  0  0  0  0   0  0  0  0  0     0
KSPSolve              20 1.0 3.0604e+02 1.0 1.61e+11 1.0 7.2e+05 5.7e+04 5.2e+04 92 95 97 94 77 100100100100100  8405
PCSetUp                1 1.0 9.5367e-07 0.0 0.00e+00 0.0 0.0e+00 0.0e+00 0.0e+00  0  0  0  0  0   0  0  0  0  0     0
PCApply            12919 1.0 2.4635e+01 1.0 0.00e+00 0.0 0.0e+00 0.0e+00 0.0e+00  7  0  0  0  0   8  0  0  0  0     0

--- Event Stage 6: projectionStep

VecWAXPY              20 1.0 1.7008e-01 1.3 3.00e+07 1.0 0.0e+00 0.0e+00 0.0e+00  0  0  0  0  0  29 25  0  0  0  2808
VecScatterBegin       20 1.0 3.8366e-0358.3 0.00e+00 0.0 5.6e+02 5.7e+04 0.0e+00  0  0  0  0  0   0  0100100  0     0
VecScatterEnd         20 1.0 3.9745e-0232.5 0.00e+00 0.0 0.0e+00 0.0e+00 0.0e+00  0  0  0  0  0   2  0  0  0  0     0
MatMult               20 1.0 3.9141e-01 1.1 9.00e+07 1.0 5.6e+02 5.7e+04 0.0e+00  0  0  0  0  0  71 75100100  0  3661
------------------------------------------------------------------------------------------------------------------------

Memory usage is given in bytes:

Object Type          Creations   Destructions     Memory  Descendants' Mem.
Reports information only for process 0.

--- Event Stage 0: Main Stage

              Vector     0             44    268477088     0
      Vector Scatter     0             12     16013008     0
              Matrix     0             14    373956928     0
   Matrix Null Space     0              1          604     0
    Distributed Mesh     0              6        28512     0
Star Forest Bipartite Graph     0             12         9792     0
     Discrete System     0              6         4800     0
   IS L to G Mapping     0              4      8658512     0
       Krylov Solver     0              2         2464     0
      Preconditioner     0              2         1664     0
              Viewer     2              1          752     0

--- Event Stage 1: initialize

              Vector    50             12        18656     0
      Vector Scatter    12              0            0     0
              Matrix    14              0            0     0
   Matrix Null Space     1              0            0     0
    Distributed Mesh     6              0            0     0
Star Forest Bipartite Graph    13              1          872     0
     Discrete System     6              0            0     0
           Index Set    16             16      8735684     0
   IS L to G Mapping     4              0            0     0
       Krylov Solver     2              0            0     0
      Preconditioner     2              0            0     0

--- Event Stage 2: RHSVelocity


--- Event Stage 3: solveVelocity

              Vector    23             20    240031520     0

--- Event Stage 4: RHSPoisson


--- Event Stage 5: solvePoisson

              Vector    23             20     80031520     0

--- Event Stage 6: projectionStep

========================================================================================================================
Average time to get PetscTime(): 0
Average time for MPI_Barrier(): 2.19345e-06
Average time for zero size MPI_Send(): 7.45058e-07
#PETSc Option Table entries:
-caseFolder .
-log_summary
-sys1_pc_type none
-sys2_pc_type none
#End of PETSc Option Table entries
Compiled without FORTRAN kernels
Compiled with full precision matrices (default)
sizeof(short) 2 sizeof(int) 4 sizeof(long) 8 sizeof(void*) 8 sizeof(PetscScalar) 8 sizeof(PetscInt) 4
Configure options: COPTFLAGS=-O3 CXXOPTFLAGS=-O3 FOPTFLAGS=-O3 --PETSC_ARCH=linux-openmpi-1.8-gcc-4.9.2-opt --with-debugging=0 --with-mpi-dir=/c1/apps/openmpi/1.8/gcc/4.9.2 --with-blas-lib=/c1/apps/blas/gcc/1/lib64/libblas.a --with-lapack-lib=/c1/apps/lapack/gcc/3.4.1/lib/liblapack.a --with-shared-libraries=0
-----------------------------------------
Libraries compiled on Thu Jun 11 19:17:23 2015 on login4.colonialone.gwu.edu 
Machine characteristics: Linux-2.6.32-504.12.2.el6.x86_64-x86_64-with-redhat-6.6-Santiago
Using PETSc directory: /home/mesnardo/src/petsc/3.5.2
Using PETSc arch: linux-openmpi-1.8-gcc-4.9.2-opt
-----------------------------------------

Using C compiler: /c1/apps/openmpi/1.8/gcc/4.9.2/bin/mpicc  -Wall -Wwrite-strings -Wno-strict-aliasing -Wno-unknown-pragmas -O3  ${COPTFLAGS} ${CFLAGS}
Using Fortran compiler: /c1/apps/openmpi/1.8/gcc/4.9.2/bin/mpif90  -Wall -Wno-unused-variable -ffree-line-length-0 -Wno-unused-dummy-argument -O3   ${FOPTFLAGS} ${FFLAGS} 
-----------------------------------------

Using include paths: -I/home/mesnardo/src/petsc/3.5.2/linux-openmpi-1.8-gcc-4.9.2-opt/include -I/home/mesnardo/src/petsc/3.5.2/include -I/home/mesnardo/src/petsc/3.5.2/include -I/home/mesnardo/src/petsc/3.5.2/linux-openmpi-1.8-gcc-4.9.2-opt/include -I/c1/apps/openmpi/1.8/gcc/4.9.2/include
-----------------------------------------

Using C linker: /c1/apps/openmpi/1.8/gcc/4.9.2/bin/mpicc
Using Fortran linker: /c1/apps/openmpi/1.8/gcc/4.9.2/bin/mpif90
Using libraries: -Wl,-rpath,/home/mesnardo/src/petsc/3.5.2/linux-openmpi-1.8-gcc-4.9.2-opt/lib -L/home/mesnardo/src/petsc/3.5.2/linux-openmpi-1.8-gcc-4.9.2-opt/lib -lpetsc -Wl,-rpath,/c1/apps/lapack/gcc/3.4.1/lib -L/c1/apps/lapack/gcc/3.4.1/lib -llapack -Wl,-rpath,/c1/apps/blas/gcc/1/lib64 -L/c1/apps/blas/gcc/1/lib64 -lblas -lX11 -lpthread -lssl -lcrypto -L/c1/apps/openmpi/1.8/gcc/4.9.2/lib -L/cm/shared/apps/gcc/4.7.0/lib/gcc/x86_64-unknown-linux-gnu/4.7.0 -L/cm/shared/apps/gcc/4.7.0/lib64 -L/cm/shared/apps/gcc/4.7.0/lib -lmpi_usempi -lmpi_mpifh -lgfortran -lm -Wl,-rpath,/c1/apps/openmpi/1.8/gcc/4.9.2/lib -lgfortran -lm -lquadmath -lm -lmpi_cxx -lstdc++ -L/c1/apps/openmpi/1.8/gcc/4.9.2/lib -L/cm/shared/apps/gcc/4.7.0/lib/gcc/x86_64-unknown-linux-gnu/4.7.0 -L/cm/shared/apps/gcc/4.7.0/lib64 -L/c1/apps/openmpi/1.8/gcc/4.9.2/lib -L/cm/shared/apps/gcc/4.7.0/lib -ldl -Wl,-rpath,/c1/apps/openmpi/1.8/gcc/4.9.2/lib -lmpi -lgcc_s -lpthread -ldl  
-----------------------------------------

