
---------------------------------------
Flow
---------------------------------------
solver: Navier-Stokes
viscosity: 0.01

---------------------------------------
Mesh
---------------------------------------
size: 200 x 200 x 200

---------------------------------------
Time-stepping
---------------------------------------
convection: 2nd-order Adams-Bashforth
diffusion : Crank-Nicolson
time-increment      : 0.0025
starting time-step  : 0
number of time-steps: 20
saving-interval     : 100

---------------------------------------
Linear system for intermediate velocity
---------------------------------------
solver: cg
preconditioner: none
relative tolerance: 1e-06
absolute tolerance: 1e-50
maximum iterations: 10000

---------------------------------------
Linear system for pressure-force
---------------------------------------
solver: cg
preconditioner: none
relative tolerance: 1e-06
absolute tolerance: 1e-50
maximum iterations: 20000

---------------------------------------
************************************************************************************************************************
***             WIDEN YOUR WINDOW TO 120 CHARACTERS.  Use 'enscript -r -fCourier9' to print this document            ***
************************************************************************************************************************

---------------------------------------------- PETSc Performance Summary: ----------------------------------------------

/home/mesnardo/src/PetIBM_maclach/bin/PetIBM3d on a arch-linux2-c-debug named node154 with 128 processors, by mesnardo Thu Jun 11 10:05:49 2015
Using Petsc Release Version 3.5.2, Sep, 08, 2014 

                         Max       Max/Min        Avg      Total 
Time (sec):           1.607e+02      1.00000   1.607e+02
Objects:              1.740e+02      1.00000   1.740e+02
Flops:                2.127e+10      1.00786   2.121e+10  2.715e+12
Flops/sec:            1.324e+08      1.00786   1.320e+08  1.690e+10
Memory:               1.009e+08      1.04484              1.276e+10
MPI Messages:         8.090e+04      2.02160   6.373e+04  8.158e+06
MPI Message Lengths:  1.097e+09      2.00217   1.398e+04  1.141e+11
MPI Reductions:       1.152e+05      1.00000

Flop counting convention: 1 flop = 1 real number operation of type (multiply/divide/add/subtract)
                            e.g., VecAXPY() for real vectors of length N --> 2N flops
                            and VecAXPY() for complex vectors of length N --> 8N flops

Summary of Stages:   ----- Time ------  ----- Flops -----  --- Messages ---  -- Message Lengths --  -- Reductions --
                        Avg     %Total     Avg     %Total   counts   %Total     Avg         %Total   counts   %Total 
 0:      Main Stage: 5.8087e-02   0.0%  0.0000e+00   0.0%  0.000e+00   0.0%  0.000e+00        0.0%  0.000e+00   0.0% 
 1:      initialize: 1.1987e+00   0.7%  9.0457e+08   0.0%  3.383e+04   0.4%  1.939e+01        0.1%  2.560e+02   0.2% 
 2:     solveIntVel: 8.7828e+00   5.5%  1.3840e+11   5.1%  2.690e+05   3.3%  7.892e+02        5.6%  1.388e+03   1.2% 
 3:   solvePoissSys: 1.5024e+02  93.5%  2.5742e+12  94.8%  7.849e+06  96.2%  1.317e+04       94.1%  1.032e+05  89.6% 
 4:  projectionStep: 1.9412e-01   0.1%  1.9104e+09   0.1%  6.080e+03   0.1%  1.020e+01        0.1%  2.000e+01   0.0% 

------------------------------------------------------------------------------------------------------------------------
See the 'Profiling' chapter of the users' manual for details on interpreting output.
Phase summary info:
   Count: number of times phase was executed
   Time and Flops: Max - maximum over all processors
                   Ratio - ratio of maximum to minimum over all processors
   Mess: number of messages sent
   Avg. len: average message length (bytes)
   Reduct: number of global reductions
   Global: entire computation
   Stage: stages of a computation. Set stages with PetscLogStagePush() and PetscLogStagePop().
      %T - percent time in this phase         %F - percent flops in this phase
      %M - percent messages in this phase     %L - percent message lengths in this phase
      %R - percent reductions in this phase
   Total Mflop/s: 10e-6 * (sum of flops over all processors)/(max time over all processors)
------------------------------------------------------------------------------------------------------------------------


      ##########################################################
      #                                                        #
      #                          WARNING!!!                    #
      #                                                        #
      #   This code was compiled with a debugging option,      #
      #   To get timing results run ./configure                #
      #   using --with-debugging=no, the performance will      #
      #   be generally two or three times faster.              #
      #                                                        #
      ##########################################################


Event                Count      Time (sec)     Flops                             --- Global ---  --- Stage ---   Total
                   Max Ratio  Max     Ratio   Max  Ratio  Mess   Avg len Reduct  %T %F %M %L %R  %T %F %M %L %R Mflop/s
------------------------------------------------------------------------------------------------------------------------

--- Event Stage 0: Main Stage


--- Event Stage 1: initialize

ThreadCommRunKer       1 1.0 2.5034e-05 6.6 0.00e+00 0.0 0.0e+00 0.0e+00 0.0e+00  0  0  0  0  0   0  0  0  0  0     0
ThreadCommBarrie       1 1.0 3.0994e-06 3.2 0.00e+00 0.0 0.0e+00 0.0e+00 0.0e+00  0  0  0  0  0   0  0  0  0  0     0
VecSet                15 1.0 3.6933e-03 1.2 0.00e+00 0.0 0.0e+00 0.0e+00 0.0e+00  0  0  0  0  0   0  0  0  0  0     0
VecScatterBegin        8 1.0 3.9606e-03 1.5 0.00e+00 0.0 1.4e+04 6.2e+03 0.0e+00  0  0  0  0  0   0  0 40 54  0     0
VecScatterEnd          8 1.0 4.1659e-03 2.7 0.00e+00 0.0 0.0e+00 0.0e+00 0.0e+00  0  0  0  0  0   0  0  0  0  0     0
MatScale               4 1.0 2.4087e-02 1.1 5.62e+06 1.0 6.1e+02 4.1e+04 0.0e+00  0  0  0  0  0   2 79  2 16  0 29623
MatAssemblyBegin       8 1.0 1.9874e-02 3.1 0.00e+00 0.0 9.1e+02 9.1e+03 1.2e+01  0  0  0  0  0   1  0  3  5  5     0
MatAssemblyEnd         8 1.0 2.1735e-01 1.0 0.00e+00 0.0 3.6e+03 5.7e+03 5.6e+01  0  0  0  0  0  18  0 11 13 22     0
MatTranspose           1 1.0 2.0798e-01 1.0 0.00e+00 0.0 2.3e+03 6.4e+03 2.4e+01  0  0  0  0  0  17  0  7  9  9     0
MatMatMult             1 1.0 2.1300e-01 1.0 1.50e+06 1.0 2.4e+03 1.1e+04 2.2e+01  0  0  0  0  0  18 21  7 17  9   897
MatMatMultSym          1 1.0 1.6862e-01 1.0 0.00e+00 0.0 2.1e+03 8.8e+03 2.0e+01  0  0  0  0  0  14  0  6 12  8     0
MatMatMultNum          1 1.0 4.4377e-02 1.0 1.50e+06 1.0 3.0e+02 2.7e+04 2.0e+00  0  0  0  0  0   4 21  1  5  1  4305
MatGetLocalMat         2 1.0 3.3256e-02 1.1 0.00e+00 0.0 0.0e+00 0.0e+00 0.0e+00  0  0  0  0  0   3  0  0  0  0     0
MatGetBrAoCol          2 1.0 1.2338e-02 1.6 0.00e+00 0.0 1.2e+03 1.9e+04 0.0e+00  0  0  0  0  0   1  0  4 14  0     0
SFSetGraph             1 1.0 8.1396e-0425.5 0.00e+00 0.0 0.0e+00 0.0e+00 0.0e+00  0  0  0  0  0   0  0  0  0  0     0
SFReduceBegin          1 1.0 1.0317e-01 1.5 0.00e+00 0.0 7.6e+02 5.5e+03 0.0e+00  0  0  0  0  0   8  0  2  3  0     0
SFReduceEnd            1 1.0 2.4331e-021437.4 0.00e+00 0.0 0.0e+00 0.0e+00 0.0e+00  0  0  0  0  0   0  0  0  0  0     0
generateQTBNQ          1 1.0 2.1302e-01 1.0 1.50e+06 1.0 2.4e+03 1.1e+04 2.2e+01  0  0  0  0  0  18 21  7 17  9   897

--- Event Stage 2: solveIntVel

VecTDot              436 1.0 5.7703e-01 1.6 1.63e+08 1.0 0.0e+00 0.0e+00 4.4e+02  0  1  0  0  0   5 15  0  0 31 36087
VecNorm              258 1.0 3.0300e-01 2.4 9.68e+07 1.0 0.0e+00 0.0e+00 2.6e+02  0  0  0  0  0   2  9  0  0 19 40667
VecCopy              278 1.0 1.1996e-01 1.1 0.00e+00 0.0 0.0e+00 0.0e+00 0.0e+00  0  0  0  0  0   1  0  0  0  0     0
VecSet                20 1.0 7.1177e-03 1.1 0.00e+00 0.0 0.0e+00 0.0e+00 0.0e+00  0  0  0  0  0   0  0  0  0  0     0
VecAXPY              436 1.0 3.9285e-01 1.1 1.64e+08 1.0 0.0e+00 0.0e+00 0.0e+00  0  1  0  0  0   4 15  0  0  0 53006
VecAYPX              218 1.0 1.7246e-01 1.1 7.80e+07 1.0 0.0e+00 0.0e+00 0.0e+00  0  0  0  0  0   2  7  0  0  0 57604
VecWAXPY              20 1.0 2.4283e-02 1.1 3.75e+06 1.0 0.0e+00 0.0e+00 0.0e+00  0  0  0  0  0   0  0  0  0  0 19668
VecPointwiseMult      20 1.0 1.5413e-02 1.1 3.75e+06 1.0 0.0e+00 0.0e+00 0.0e+00  0  0  0  0  0   0  0  0  0  0 30986
VecScatterBegin      298 1.0 8.0364e-02 1.8 0.00e+00 0.0 2.7e+05 2.4e+04 0.0e+00  0  0  3  6  0   1  0100100  0     0
VecScatterEnd        298 1.0 1.6047e-01 2.6 0.00e+00 0.0 0.0e+00 0.0e+00 0.0e+00  0  0  0  0  0   1  0  0  0  0     0
MatMult              238 1.0 2.0896e+00 1.1 5.80e+08 1.0 1.4e+05 4.1e+04 0.0e+00  1  3  2  5  0  23 53 54 92  0 35195
KSPSetUp               1 1.0 4.0090e-03 1.0 0.00e+00 0.0 0.0e+00 0.0e+00 0.0e+00  0  0  0  0  0   0  0  0  0  0     0
KSPSolve              20 1.0 7.1731e+00 1.0 1.08e+09 1.0 1.4e+05 4.1e+04 1.3e+03  4  5  2  5  1  82 99 54 92 97 19161
PCSetUp                1 1.0 5.9605e-06 6.2 0.00e+00 0.0 0.0e+00 0.0e+00 0.0e+00  0  0  0  0  0   0  0  0  0  0     0
PCApply              258 1.0 1.1060e-01 1.1 0.00e+00 0.0 0.0e+00 0.0e+00 0.0e+00  0  0  0  0  0   1  0  0  0  0     0

--- Event Stage 3: solvePoissSys

VecTDot            25758 1.0 1.3442e+01 1.5 3.22e+09 1.0 0.0e+00 0.0e+00 2.6e+04  7 15  0  0 22   7 16  0  0 25 30659
VecNorm            12919 1.0 1.6158e+00 1.1 1.61e+09 1.0 0.0e+00 0.0e+00 1.3e+04  1  8  0  0 11   1  8  0  0 13 127925
VecScale              20 1.0 5.4350e-03 1.3 1.25e+06 1.0 0.0e+00 0.0e+00 0.0e+00  0  0  0  0  0   0  0  0  0  0 29439
VecCopy            12939 1.0 6.8584e-01 1.1 0.00e+00 0.0 0.0e+00 0.0e+00 0.0e+00  0  0  0  0  0   0  0  0  0  0     0
VecSet                20 1.0 3.1614e-03 1.3 0.00e+00 0.0 0.0e+00 0.0e+00 0.0e+00  0  0  0  0  0   0  0  0  0  0     0
VecAXPY            25758 1.0 5.2411e+00 1.3 3.22e+09 1.0 0.0e+00 0.0e+00 0.0e+00  3 15  0  0  0   3 16  0  0  0 78634
VecAYPX            12879 1.0 3.1590e+00 1.0 1.61e+09 1.0 0.0e+00 0.0e+00 0.0e+00  2  8  0  0  0   2  8  0  0  0 65179
VecScatterBegin    12919 1.0 1.0727e+00 2.0 0.00e+00 0.0 7.8e+06 1.4e+04 0.0e+00  1  0 96 94  0   1  0100100  0     0
VecScatterEnd      12919 1.0 3.0491e+00 2.0 0.00e+00 0.0 0.0e+00 0.0e+00 0.0e+00  1  0  0  0  0   1  0  0  0  0     0
MatMult            12899 1.0 3.8657e+01 1.1 1.05e+10 1.0 7.8e+06 1.4e+04 0.0e+00 23 49 96 94  0  25 52100100  0 34542
MatMultAdd            20 1.0 5.2993e-02 1.1 1.50e+07 1.0 6.1e+03 1.4e+04 0.0e+00  0  0  0  0  0   0  0  0  0  0 36050
KSPSetUp               1 1.0 1.5092e-03 1.1 0.00e+00 0.0 0.0e+00 0.0e+00 0.0e+00  0  0  0  0  0   0  0  0  0  0     0
KSPSolve              20 1.0 1.5017e+02 1.0 2.01e+10 1.0 7.8e+06 1.4e+04 1.0e+05 93 95 96 94 90 100100100100100 17128
PCSetUp                1 1.0 5.0068e-06 5.2 0.00e+00 0.0 0.0e+00 0.0e+00 0.0e+00  0  0  0  0  0   0  0  0  0  0     0
PCApply            12919 1.0 7.4305e-01 1.1 0.00e+00 0.0 0.0e+00 0.0e+00 0.0e+00  0  0  0  0  0   0  0  0  0  0     0

--- Event Stage 4: projectionStep

VecWAXPY              20 1.0 2.0086e-02 1.1 3.75e+06 1.0 0.0e+00 0.0e+00 0.0e+00  0  0  0  0  0  10 25  0  0  0 23778
VecScatterBegin       20 1.0 1.0204e-03 9.1 0.00e+00 0.0 6.1e+03 1.4e+04 0.0e+00  0  0  0  0  0   0  0100100  0     0
VecScatterEnd         20 1.0 6.0735e-03 5.3 0.00e+00 0.0 0.0e+00 0.0e+00 0.0e+00  0  0  0  0  0   1  0  0  0  0     0
MatMult               20 1.0 7.3573e-02 1.1 1.12e+07 1.0 6.1e+03 1.4e+04 0.0e+00  0  0  0  0  0  36 75100100  0 19475
------------------------------------------------------------------------------------------------------------------------

Memory usage is given in bytes:

Object Type          Creations   Destructions     Memory  Descendants' Mem.
Reports information only for process 0.

--- Event Stage 0: Main Stage

              Vector     0             44     34193088     0
      Vector Scatter     0             12      2013008     0
              Matrix     0             14     46766928     0
   Matrix Null Space     0              1          604     0
    Distributed Mesh     0              6        28512     0
Star Forest Bipartite Graph     0             12         9792     0
     Discrete System     0              6         4800     0
   IS L to G Mapping     0              4      1170512     0
       Krylov Solver     0              2         2464     0
      Preconditioner     0              2         1664     0
              Viewer     2              1          752     0

--- Event Stage 1: initialize

              Vector    50             12        18656     0
      Vector Scatter    12              0            0     0
              Matrix    14              0            0     0
   Matrix Null Space     1              0            0     0
    Distributed Mesh     6              0            0     0
Star Forest Bipartite Graph    13              1          872     0
     Discrete System     6              0            0     0
           Index Set    16             16      1194184     0
   IS L to G Mapping     4              0            0     0
       Krylov Solver     2              0            0     0
      Preconditioner     2              0            0     0

--- Event Stage 2: solveIntVel

              Vector    23             20     30031520     0

--- Event Stage 3: solvePoissSys

              Vector    23             20     10031520     0

--- Event Stage 4: projectionStep

========================================================================================================================
Average time to get PetscTime(): 0
Average time for MPI_Barrier(): 2.27928e-05
Average time for zero size MPI_Send(): 1.28895e-06
#PETSc Option Table entries:
-caseFolder .
-log_summary
-sys1_pc_type none
-sys2_pc_type none
#End of PETSc Option Table entries
Compiled without FORTRAN kernels
Compiled with full precision matrices (default)
sizeof(short) 2 sizeof(int) 4 sizeof(long) 8 sizeof(void*) 8 sizeof(PetscScalar) 8 sizeof(PetscInt) 4
Configure options: --with-mpi-dir=/c1/apps/openmpi/1.8/gcc/4.9.2 --with-blas-lib=/c1/apps/blas/gcc/1/lib64/libfblas.a --with-lapack-lib=/c1/apps/lapack/gcc/3.4.1/lib/libflapack.a --prefix=/c1/apps/petsc/3.5.2
-----------------------------------------
Libraries compiled on Thu May 14 01:37:42 2015 on login3.colonialone.gwu.edu 
Machine characteristics: Linux-2.6.32-504.12.2.el6.x86_64-x86_64-with-redhat-6.6-Santiago
Using PETSc directory: /home/maclach/source/petsc-3.5.2
Using PETSc arch: arch-linux2-c-debug
-----------------------------------------

Using C compiler: /c1/apps/openmpi/1.8/gcc/4.9.2/bin/mpicc  -fPIC -Wall -Wwrite-strings -Wno-strict-aliasing -Wno-unknown-pragmas -g3 -O0  ${COPTFLAGS} ${CFLAGS}
Using Fortran compiler: /c1/apps/openmpi/1.8/gcc/4.9.2/bin/mpif90  -fPIC -Wall -Wno-unused-variable -ffree-line-length-0 -Wno-unused-dummy-argument -g -O0   ${FOPTFLAGS} ${FFLAGS} 
-----------------------------------------

Using include paths: -I/home/maclach/source/petsc-3.5.2/arch-linux2-c-debug/include -I/home/maclach/source/petsc-3.5.2/include -I/home/maclach/source/petsc-3.5.2/include -I/home/maclach/source/petsc-3.5.2/arch-linux2-c-debug/include -I/c1/apps/openmpi/1.8/gcc/4.9.2/include
-----------------------------------------

Using C linker: /c1/apps/openmpi/1.8/gcc/4.9.2/bin/mpicc
Using Fortran linker: /c1/apps/openmpi/1.8/gcc/4.9.2/bin/mpif90
Using libraries: -Wl,-rpath,/home/maclach/source/petsc-3.5.2/arch-linux2-c-debug/lib -L/home/maclach/source/petsc-3.5.2/arch-linux2-c-debug/lib -lpetsc -Wl,-rpath,/c1/apps/lapack/gcc/3.4.1/lib -L/c1/apps/lapack/gcc/3.4.1/lib -lflapack -Wl,-rpath,/c1/apps/blas/gcc/1/lib64 -L/c1/apps/blas/gcc/1/lib64 -lfblas -lX11 -lpthread -lssl -lcrypto -Wl,-rpath,/c1/apps/openmpi/1.8/gcc/4.9.2/lib -L/c1/apps/openmpi/1.8/gcc/4.9.2/lib -Wl,-rpath,/c1/apps/gcc/4.9.2/lib/gcc/x86_64-unknown-linux-gnu/4.9.2 -L/c1/apps/gcc/4.9.2/lib/gcc/x86_64-unknown-linux-gnu/4.9.2 -Wl,-rpath,/c1/apps/gcc/4.9.2/lib64 -L/c1/apps/gcc/4.9.2/lib64 -Wl,-rpath,/c1/apps/gcc/4.9.2/lib -L/c1/apps/gcc/4.9.2/lib -lmpi_usempi -lmpi_mpifh -lgfortran -lm -lgfortran -lm -lquadmath -lm -lmpi_cxx -lstdc++ -Wl,-rpath,/c1/apps/openmpi/1.8/gcc/4.9.2/lib -L/c1/apps/openmpi/1.8/gcc/4.9.2/lib -Wl,-rpath,/c1/apps/blas/gcc/1/lib64 -L/c1/apps/blas/gcc/1/lib64 -Wl,-rpath,/c1/apps/gcc/4.9.2/lib/gcc/x86_64-unknown-linux-gnu/4.9.2 -L/c1/apps/gcc/4.9.2/lib/gcc/x86_64-unknown-linux-gnu/4.9.2 -Wl,-rpath,/c1/apps/gcc/4.9.2/lib64 -L/c1/apps/gcc/4.9.2/lib64 -Wl,-rpath,/c1/apps/openmpi/1.8/gcc/4.9.2/lib -L/c1/apps/openmpi/1.8/gcc/4.9.2/lib -Wl,-rpath,/c1/apps/blas/gcc/1/lib64 -L/c1/apps/blas/gcc/1/lib64 -Wl,-rpath,/c1/apps/lapack/gcc/3.4.1/lib -L/c1/apps/lapack/gcc/3.4.1/lib -Wl,-rpath,/c1/apps/gcc/4.9.2/lib -L/c1/apps/gcc/4.9.2/lib -ldl -Wl,-rpath,/c1/apps/openmpi/1.8/gcc/4.9.2/lib -lmpi -lgcc_s -lpthread -ldl  
-----------------------------------------

