
---------------------------------------
Flow
---------------------------------------
solver: Navier-Stokes
viscosity: 0.01

---------------------------------------
Mesh
---------------------------------------
size: 200 x 200 x 200

---------------------------------------
Time-stepping
---------------------------------------
convection: 2nd-order Adams-Bashforth
diffusion : Crank-Nicolson
time-increment      : 0.0025
starting time-step  : 0
number of time-steps: 20
saving-interval     : 100

---------------------------------------
Linear system for intermediate velocity
---------------------------------------
solver: cg
preconditioner: none
relative tolerance: 1e-06
absolute tolerance: 1e-50
maximum iterations: 10000

---------------------------------------
Linear system for pressure-force
---------------------------------------
solver: cg
preconditioner: none
relative tolerance: 1e-06
absolute tolerance: 1e-50
maximum iterations: 20000

---------------------------------------
************************************************************************************************************************
***             WIDEN YOUR WINDOW TO 120 CHARACTERS.  Use 'enscript -r -fCourier9' to print this document            ***
************************************************************************************************************************

---------------------------------------------- PETSc Performance Summary: ----------------------------------------------

/home/mesnardo/src/PetIBM/bin/PetIBM3d on a linux-mpich-3.1-4-gnu-opt named node147 with 4 processors, by mesnardo Fri Jun 26 21:04:01 2015
Using Petsc Release Version 3.5.2, Sep, 08, 2014 

                         Max       Max/Min        Avg      Total 
Time (sec):           1.620e+03      1.00000   1.620e+03
Objects:              1.740e+02      1.00000   1.740e+02
Flops:                6.790e+11      1.00035   6.789e+11  2.715e+12
Flops/sec:            4.190e+08      1.00035   4.190e+08  1.676e+09
MPI Messages:         2.656e+04      1.00004   2.656e+04  1.062e+05
MPI Message Lengths:  4.387e+09      1.00019   1.652e+05  1.755e+10
MPI Reductions:       6.692e+04      1.00000

Flop counting convention: 1 flop = 1 real number operation of type (multiply/divide/add/subtract)
                            e.g., VecAXPY() for real vectors of length N --> 2N flops
                            and VecAXPY() for complex vectors of length N --> 8N flops

Summary of Stages:   ----- Time ------  ----- Flops -----  --- Messages ---  -- Message Lengths --  -- Reductions --
                        Avg     %Total     Avg     %Total   counts   %Total     Avg         %Total   counts   %Total 
 0:      Main Stage: 4.7555e-01   0.0%  0.0000e+00   0.0%  0.000e+00   0.0%  0.000e+00        0.0%  0.000e+00   0.0% 
 1:      initialize: 1.5644e+01   1.0%  9.0457e+08   0.0%  2.620e+02   0.2%  2.259e+02        0.1%  1.320e+02   0.2% 
 2:     RHSVelocity: 4.6490e+01   2.9%  9.5520e+08   0.0%  7.200e+02   0.7%  7.241e+02        0.4%  0.000e+00   0.0% 
 3:   solveVelocity: 7.2816e+01   4.5%  1.3745e+11   5.1%  1.904e+03   1.8%  8.574e+03        5.2%  6.940e+02   1.0% 
 4:      RHSPoisson: 1.1874e+00   0.1%  2.0704e+09   0.1%  8.000e+01   0.1%  1.205e+02        0.1%  0.000e+00   0.0% 
 5:    solvePoisson: 1.4821e+03  91.5%  2.5722e+12  94.7%  1.032e+05  97.1%  1.554e+05       94.1%  5.160e+04  77.1% 
 6:  projectionStep: 1.6132e+00   0.1%  1.9104e+09   0.1%  8.000e+01   0.1%  1.205e+02        0.1%  0.000e+00   0.0% 

------------------------------------------------------------------------------------------------------------------------
See the 'Profiling' chapter of the users' manual for details on interpreting output.
Phase summary info:
   Count: number of times phase was executed
   Time and Flops: Max - maximum over all processors
                   Ratio - ratio of maximum to minimum over all processors
   Mess: number of messages sent
   Avg. len: average message length (bytes)
   Reduct: number of global reductions
   Global: entire computation
   Stage: stages of a computation. Set stages with PetscLogStagePush() and PetscLogStagePop().
      %T - percent time in this phase         %F - percent flops in this phase
      %M - percent messages in this phase     %L - percent message lengths in this phase
      %R - percent reductions in this phase
   Total Mflop/s: 10e-6 * (sum of flops over all processors)/(max time over all processors)
------------------------------------------------------------------------------------------------------------------------
Event                Count      Time (sec)     Flops                             --- Global ---  --- Stage ---   Total
                   Max Ratio  Max     Ratio   Max  Ratio  Mess   Avg len Reduct  %T %F %M %L %R  %T %F %M %L %R Mflop/s
------------------------------------------------------------------------------------------------------------------------

--- Event Stage 0: Main Stage


--- Event Stage 1: initialize

VecSet                15 1.0 1.9524e-01 2.0 0.00e+00 0.0 0.0e+00 0.0e+00 0.0e+00  0  0  0  0  0   1  0  0  0  0     0
VecScatterBegin        8 1.0 4.5371e-02 1.6 0.00e+00 0.0 8.8e+01 1.5e+05 0.0e+00  0  0  0  0  0   0  0 34 53  0     0
VecScatterEnd          8 1.0 5.8238e-01106.3 0.00e+00 0.0 0.0e+00 0.0e+00 0.0e+00  0  0  0  0  0   2  0  0  0  0     0
MatScale               4 1.0 5.1675e-01 1.1 1.79e+08 1.0 8.0e+00 4.8e+05 0.0e+00  0  0  0  0  0   3 79  3 16  0  1381
MatAssemblyBegin       8 1.0 4.7344e+00466.9 0.00e+00 0.0 1.2e+01 1.1e+05 1.2e+01  0  0  0  0  0  15  0  5  5  9     0
MatAssemblyEnd         8 1.0 2.6434e+00 1.2 0.00e+00 0.0 4.8e+01 6.7e+04 3.2e+01  0  0  0  0  0  16  0 18 13 24     0
MatTranspose           1 1.0 1.8611e+00 1.0 0.00e+00 0.0 3.0e+01 7.5e+04 1.2e+01  0  0  0  0  0  12  0 11  9  9     0
MatMatMult             1 1.0 3.0381e+00 1.0 4.78e+07 1.0 3.2e+01 1.3e+05 1.6e+01  0  0  0  0  0  19 21 12 17 12    63
MatMatMultSym          1 1.0 2.6009e+00 1.0 0.00e+00 0.0 2.8e+01 1.0e+05 1.4e+01  0  0  0  0  0  17  0 11 12 11     0
MatMatMultNum          1 1.0 4.6773e-01 1.1 4.78e+07 1.0 4.0e+00 3.2e+05 2.0e+00  0  0  0  0  0   3 21  2  5  2   408
MatGetLocalMat         2 1.0 7.8592e-01 2.1 0.00e+00 0.0 0.0e+00 0.0e+00 0.0e+00  0  0  0  0  0   4  0  0  0  0     0
MatGetBrAoCol          2 1.0 6.7475e-02 1.8 0.00e+00 0.0 1.6e+01 2.2e+05 0.0e+00  0  0  0  0  0   0  0  6 15  0     0
SFSetGraph             1 1.0 1.9469e-03240.2 0.00e+00 0.0 0.0e+00 0.0e+00 0.0e+00  0  0  0  0  0   0  0  0  0  0     0
SFReduceBegin          1 1.0 3.8102e-0283.0 0.00e+00 0.0 1.0e+01 6.4e+04 0.0e+00  0  0  0  0  0   0  0  4  3  0     0
SFReduceEnd            1 1.0 3.4094e-04 5.0 0.00e+00 0.0 0.0e+00 0.0e+00 0.0e+00  0  0  0  0  0   0  0  0  0  0     0
generateQTBNQ          1 1.0 3.0381e+00 1.0 4.78e+07 1.0 3.2e+01 1.3e+05 1.6e+01  0  0  0  0  0  19 21 12 17 12    63

--- Event Stage 2: RHSVelocity

VecSet                20 1.0 5.1072e-01 1.5 0.00e+00 0.0 0.0e+00 0.0e+00 0.0e+00  0  0  0  0  0   1  0  0  0  0     0
VecWAXPY              20 1.0 4.5399e-01 1.1 1.20e+08 1.0 0.0e+00 0.0e+00 0.0e+00  0  0  0  0  0   1 50  0  0  0  1052
VecPointwiseMult      20 1.0 3.2393e-01 1.1 1.20e+08 1.0 0.0e+00 0.0e+00 0.0e+00  0  0  0  0  0   1 50  0  0  0  1474
VecScatterBegin       60 1.0 4.4432e-01 1.2 0.00e+00 0.0 7.2e+02 1.1e+05 0.0e+00  0  0  1  0  0   1  0100100  0     0
VecScatterEnd         60 1.0 2.7037e-0113.4 0.00e+00 0.0 0.0e+00 0.0e+00 0.0e+00  0  0  0  0  0   0  0  0  0  0     0

--- Event Stage 3: solveVelocity

VecTDot              436 1.0 7.7665e+00 1.0 5.22e+09 1.0 0.0e+00 0.0e+00 4.4e+02  0  1  0  0  1  11 15  0  0 63  2681
VecNorm              258 1.0 7.0197e+00 1.7 3.09e+09 1.0 0.0e+00 0.0e+00 2.6e+02  0  0  0  0  0   8  9  0  0 37  1755
VecCopy              278 1.0 7.9823e+00 1.1 0.00e+00 0.0 0.0e+00 0.0e+00 0.0e+00  0  0  0  0  0  10  0  0  0  0     0
VecAXPY              436 1.0 6.7179e+00 1.1 5.22e+09 1.0 0.0e+00 0.0e+00 0.0e+00  0  1  0  0  0   9 15  0  0  0  3100
VecAYPX              218 1.0 4.8020e+00 1.1 2.49e+09 1.0 0.0e+00 0.0e+00 0.0e+00  0  0  0  0  0   6  7  0  0  0  2069
VecScatterBegin      238 1.0 1.1107e-01 1.1 0.00e+00 0.0 1.9e+03 4.8e+05 0.0e+00  0  0  2  5  0   0  0100100  0     0
VecScatterEnd        238 1.0 9.0809e+0011.7 0.00e+00 0.0 0.0e+00 0.0e+00 0.0e+00  0  0  0  0  0   7  0  0  0  0     0
MatMult              238 1.0 4.0868e+01 1.1 1.84e+10 1.0 1.9e+03 4.8e+05 0.0e+00  2  3  2  5  0  53 54100100  0  1800
KSPSetUp               1 1.0 1.8221e-01 1.9 0.00e+00 0.0 0.0e+00 0.0e+00 0.0e+00  0  0  0  0  0   0  0  0  0  0     0
KSPSolve              20 1.0 7.4481e+01 1.0 3.45e+10 1.0 1.9e+03 4.8e+05 6.9e+02  4  5  2  5  1 100100100100100  1845
PCSetUp                1 1.0 6.1989e-06 2.2 0.00e+00 0.0 0.0e+00 0.0e+00 0.0e+00  0  0  0  0  0   0  0  0  0  0     0
PCApply              258 1.0 7.4015e+00 1.1 0.00e+00 0.0 0.0e+00 0.0e+00 0.0e+00  0  0  0  0  0  10  0  0  0  0     0

--- Event Stage 4: RHSPoisson

VecScale              20 1.0 7.6703e-02 1.1 4.00e+07 1.0 0.0e+00 0.0e+00 0.0e+00  0  0  0  0  0   6  8  0  0  0  2086
VecSet                20 1.0 1.2090e-01 1.1 0.00e+00 0.0 0.0e+00 0.0e+00 0.0e+00  0  0  0  0  0  10  0  0  0  0     0
VecScatterBegin       20 1.0 3.7324e-0326.5 0.00e+00 0.0 8.0e+01 1.6e+05 0.0e+00  0  0  0  0  0   0  0100100  0     0
VecScatterEnd         20 1.0 1.4257e-01 6.8 0.00e+00 0.0 0.0e+00 0.0e+00 0.0e+00  0  0  0  0  0   7  0  0  0  0     0
MatMultAdd            20 1.0 9.9028e-01 1.0 4.78e+08 1.0 8.0e+01 1.6e+05 0.0e+00  0  0  0  0  0  82 92100100  0  1929

--- Event Stage 5: solvePoisson

VecTDot            25758 1.0 1.6177e+02 1.1 1.03e+11 1.0 0.0e+00 0.0e+00 2.6e+04 10 15  0  0 38  10 16  0  0 50  2548
VecNorm            12919 1.0 7.7389e+01 1.1 5.17e+10 1.0 0.0e+00 0.0e+00 1.3e+04  5  8  0  0 19   5  8  0  0 25  2671
VecCopy            12939 1.0 1.2233e+02 1.1 0.00e+00 0.0 0.0e+00 0.0e+00 0.0e+00  7  0  0  0  0   8  0  0  0  0     0
VecAXPY            25758 1.0 1.4761e+02 1.1 1.03e+11 1.0 0.0e+00 0.0e+00 0.0e+00  9 15  0  0  0   9 16  0  0  0  2792
VecAYPX            12879 1.0 9.6977e+01 1.1 5.15e+10 1.0 0.0e+00 0.0e+00 0.0e+00  6  8  0  0  0   6  8  0  0  0  2123
VecScatterBegin    12899 1.0 2.0355e+00 1.1 0.00e+00 0.0 1.0e+05 1.6e+05 0.0e+00  0  0 97 94  0   0  0100100  0     0
VecScatterEnd      12899 1.0 9.0703e+01 9.2 0.00e+00 0.0 0.0e+00 0.0e+00 0.0e+00  3  0  0  0  0   3  0  0  0  0     0
MatMult            12899 1.0 6.3666e+02 1.0 3.34e+11 1.0 1.0e+05 1.6e+05 0.0e+00 39 49 97 94  0  42 52100100  0  2097
KSPSetUp               1 1.0 4.9297e-02 2.3 0.00e+00 0.0 0.0e+00 0.0e+00 0.0e+00  0  0  0  0  0   0  0  0  0  0     0
KSPSolve              20 1.0 1.4821e+03 1.0 6.43e+11 1.0 1.0e+05 1.6e+05 5.2e+04 91 95 97 94 77 100100100100100  1735
PCSetUp                1 1.0 9.5367e-07 0.0 0.00e+00 0.0 0.0e+00 0.0e+00 0.0e+00  0  0  0  0  0   0  0  0  0  0     0
PCApply            12919 1.0 1.2215e+02 1.1 0.00e+00 0.0 0.0e+00 0.0e+00 0.0e+00  7  0  0  0  0   8  0  0  0  0     0

--- Event Stage 6: projectionStep

VecWAXPY              20 1.0 4.0872e-01 1.1 1.20e+08 1.0 0.0e+00 0.0e+00 0.0e+00  0  0  0  0  0  24 25  0  0  0  1169
VecScatterBegin       20 1.0 2.9926e-0320.5 0.00e+00 0.0 8.0e+01 1.6e+05 0.0e+00  0  0  0  0  0   0  0100100  0     0
VecScatterEnd         20 1.0 1.3494e-0110.0 0.00e+00 0.0 0.0e+00 0.0e+00 0.0e+00  0  0  0  0  0   5  0  0  0  0     0
MatMult               20 1.0 1.2283e+00 1.0 3.59e+08 1.0 8.0e+01 1.6e+05 0.0e+00  0  0  0  0  0  76 75100100  0  1166
------------------------------------------------------------------------------------------------------------------------

Memory usage is given in bytes:

Object Type          Creations   Destructions     Memory  Descendants' Mem.
Reports information only for process 0.

--- Event Stage 0: Main Stage

              Vector     0             44   1065078240     0
      Vector Scatter     0             12     63932720     0
              Matrix     0             14   1493636016     0
   Matrix Null Space     0              1          596     0
    Distributed Mesh     0              6        28464     0
Star Forest Bipartite Graph     0             12         9600     0
     Discrete System     0              6         4752     0
   IS L to G Mapping     0              4     33586464     0
       Krylov Solver     0              2         2448     0
      Preconditioner     0              2         1648     0
              Viewer     2              1          744     0

--- Event Stage 1: initialize

              Vector    50             12        18560     0
      Vector Scatter    12              0            0     0
              Matrix    14              0            0     0
   Matrix Null Space     1              0            0     0
    Distributed Mesh     6              0            0     0
Star Forest Bipartite Graph    13              1          856     0
     Discrete System     6              0            0     0
           Index Set    16             16     33413340     0
   IS L to G Mapping     4              0            0     0
       Krylov Solver     2              0            0     0
      Preconditioner     2              0            0     0

--- Event Stage 2: RHSVelocity


--- Event Stage 3: solveVelocity

              Vector    23             20    958431360     0

--- Event Stage 4: RHSPoisson


--- Event Stage 5: solvePoisson

              Vector    23             20    320031360     0

--- Event Stage 6: projectionStep

========================================================================================================================
Average time to get PetscTime(): 0
Average time for MPI_Barrier(): 2.00272e-06
Average time for zero size MPI_Send(): 1.2517e-06
#PETSc Option Table entries:
-caseFolder .
-log_summary
-sys1_pc_type none
-sys2_pc_type none
#End of PETSc Option Table entries
Compiled without FORTRAN kernels
Compiled with full precision matrices (default)
sizeof(short) 2 sizeof(int) 4 sizeof(long) 8 sizeof(void*) 8 sizeof(PetscScalar) 8 sizeof(PetscInt) 4
Configure options: --PETSC_ARCH=linux-mpich-3.1-4-gnu-opt ---with-mpi-dir=/c1/apps/mpich/3.1.4/bin --with-blas-lib=/c1/apps/blas/gcc/1/lib64/libblas.a --with-lapack-lib=/c1/apps/lapack/gcc/3.4.1/lib/liblapack.a --with-shared-libraries=0 --with-debugging=0
-----------------------------------------
Libraries compiled on Mon Jun 22 14:19:00 2015 on login4.colonialone.gwu.edu 
Machine characteristics: Linux-2.6.32-504.12.2.el6.x86_64-x86_64-with-redhat-6.6-Santiago
Using PETSc directory: /home/mesnardo/src/petsc/3.5.2
Using PETSc arch: linux-mpich-3.1-4-gnu-opt
-----------------------------------------

Using C compiler: mpicc  -Wall -Wwrite-strings -Wno-strict-aliasing -Wno-unknown-pragmas -O  ${COPTFLAGS} ${CFLAGS}
Using Fortran compiler: mpif90  -Wall -Wno-unused-variable -ffree-line-length-0 -Wno-unused-dummy-argument -O   ${FOPTFLAGS} ${FFLAGS} 
-----------------------------------------

Using include paths: -I/home/mesnardo/src/petsc/3.5.2/linux-mpich-3.1-4-gnu-opt/include -I/home/mesnardo/src/petsc/3.5.2/include -I/home/mesnardo/src/petsc/3.5.2/include -I/home/mesnardo/src/petsc/3.5.2/linux-mpich-3.1-4-gnu-opt/include -I/c1/apps/mpich/3.1.4/include
-----------------------------------------

Using C linker: mpicc
Using Fortran linker: mpif90
Using libraries: -Wl,-rpath,/home/mesnardo/src/petsc/3.5.2/linux-mpich-3.1-4-gnu-opt/lib -L/home/mesnardo/src/petsc/3.5.2/linux-mpich-3.1-4-gnu-opt/lib -lpetsc -Wl,-rpath,/c1/apps/lapack/gcc/3.4.1/lib -L/c1/apps/lapack/gcc/3.4.1/lib -llapack -Wl,-rpath,/c1/apps/blas/gcc/1/lib64 -L/c1/apps/blas/gcc/1/lib64 -lblas -lX11 -lpthread -lssl -lcrypto -L/c1/apps/mpich/3.1.4/lib -L/cm/shared/apps/gcc/4.7.0/lib/gcc/x86_64-unknown-linux-gnu/4.7.0 -L/cm/shared/apps/gcc/4.7.0/lib64 -L/cm/shared/apps/gcc/4.7.0/lib -lmpifort -lgfortran -lm -Wl,-rpath,/c1/apps/mpich/3.1.4/lib -lgfortran -lm -lquadmath -lm -lmpicxx -lstdc++ -L/c1/apps/mpich/3.1.4/lib -L/cm/shared/apps/gcc/4.7.0/lib/gcc/x86_64-unknown-linux-gnu/4.7.0 -L/cm/shared/apps/gcc/4.7.0/lib64 -L/cm/shared/apps/gcc/4.7.0/lib -ldl -Wl,-rpath,/c1/apps/mpich/3.1.4/lib -lmpi -lgcc_s -ldl  
-----------------------------------------

