
---------------------------------------
Flow
---------------------------------------
solver: Navier-Stokes
viscosity: 0.01

---------------------------------------
Mesh
---------------------------------------
size: 200 x 200 x 200

---------------------------------------
Time-stepping
---------------------------------------
convection: 2nd-order Adams-Bashforth
diffusion : Crank-Nicolson
time-increment      : 0.0025
starting time-step  : 0
number of time-steps: 20
saving-interval     : 100

---------------------------------------
Linear system for intermediate velocity
---------------------------------------
solver: cg
preconditioner: none
relative tolerance: 1e-06
absolute tolerance: 1e-50
maximum iterations: 10000

---------------------------------------
Linear system for pressure-force
---------------------------------------
solver: cg
preconditioner: none
relative tolerance: 1e-06
absolute tolerance: 1e-50
maximum iterations: 20000

---------------------------------------
************************************************************************************************************************
***             WIDEN YOUR WINDOW TO 120 CHARACTERS.  Use 'enscript -r -fCourier9' to print this document            ***
************************************************************************************************************************

---------------------------------------------- PETSc Performance Summary: ----------------------------------------------

/home/mesnardo/src/PetIBM/bin/PetIBM3d on a linux-mpich-3.1-4-gnu-opt named node121 with 64 processors, by mesnardo Fri Jun 26 19:12:42 2015
Using Petsc Release Version 3.5.2, Sep, 08, 2014 

                         Max       Max/Min        Avg      Total 
Time (sec):           6.509e+02      1.00004   6.509e+02
Objects:              1.740e+02      1.00000   1.740e+02
Flops:                4.254e+10      1.00588   4.243e+10  2.715e+12
Flops/sec:            6.537e+07      1.00592   6.519e+07  4.172e+09
MPI Messages:         8.090e+04      2.02160   6.033e+04  3.861e+06
MPI Message Lengths:  1.646e+09      2.00173   2.046e+04  7.898e+10
MPI Reductions:       6.692e+04      1.00000

Flop counting convention: 1 flop = 1 real number operation of type (multiply/divide/add/subtract)
                            e.g., VecAXPY() for real vectors of length N --> 2N flops
                            and VecAXPY() for complex vectors of length N --> 8N flops

Summary of Stages:   ----- Time ------  ----- Flops -----  --- Messages ---  -- Message Lengths --  -- Reductions --
                        Avg     %Total     Avg     %Total   counts   %Total     Avg         %Total   counts   %Total 
 0:      Main Stage: 1.9597e-01   0.0%  0.0000e+00   0.0%  0.000e+00   0.0%  0.000e+00        0.0%  0.000e+00   0.0% 
 1:      initialize: 2.2017e+00   0.3%  9.0457e+08   0.0%  1.548e+04   0.4%  2.826e+01        0.1%  1.320e+02   0.2% 
 2:     RHSVelocity: 6.4707e+00   1.0%  9.5520e+08   0.0%  5.616e+04   1.5%  9.192e+01        0.4%  0.000e+00   0.0% 
 3:   solveVelocity: 5.7566e+01   8.8%  1.3745e+11   5.1%  6.854e+04   1.8%  1.062e+03        5.2%  6.940e+02   1.0% 
 4:      RHSPoisson: 8.6776e-02   0.0%  2.0704e+09   0.1%  2.880e+03   0.1%  1.492e+01        0.1%  0.000e+00   0.0% 
 5:    solvePoisson: 5.8272e+02  89.5%  2.5722e+12  94.7%  3.715e+06  96.2%  1.924e+04       94.1%  5.160e+04  77.1% 
 6:  projectionStep: 1.9709e-01   0.0%  1.9104e+09   0.1%  2.880e+03   0.1%  1.492e+01        0.1%  0.000e+00   0.0% 

------------------------------------------------------------------------------------------------------------------------
See the 'Profiling' chapter of the users' manual for details on interpreting output.
Phase summary info:
   Count: number of times phase was executed
   Time and Flops: Max - maximum over all processors
                   Ratio - ratio of maximum to minimum over all processors
   Mess: number of messages sent
   Avg. len: average message length (bytes)
   Reduct: number of global reductions
   Global: entire computation
   Stage: stages of a computation. Set stages with PetscLogStagePush() and PetscLogStagePop().
      %T - percent time in this phase         %F - percent flops in this phase
      %M - percent messages in this phase     %L - percent message lengths in this phase
      %R - percent reductions in this phase
   Total Mflop/s: 10e-6 * (sum of flops over all processors)/(max time over all processors)
------------------------------------------------------------------------------------------------------------------------
Event                Count      Time (sec)     Flops                             --- Global ---  --- Stage ---   Total
                   Max Ratio  Max     Ratio   Max  Ratio  Mess   Avg len Reduct  %T %F %M %L %R  %T %F %M %L %R Mflop/s
------------------------------------------------------------------------------------------------------------------------

--- Event Stage 0: Main Stage


--- Event Stage 1: initialize

VecSet                15 1.0 2.1173e-02 3.5 0.00e+00 0.0 0.0e+00 0.0e+00 0.0e+00  0  0  0  0  0   0  0  0  0  0     0
VecScatterBegin        8 1.0 5.9605e-03 1.9 0.00e+00 0.0 6.2e+03 9.4e+03 0.0e+00  0  0  0  0  0   0  0 40 54  0     0
VecScatterEnd          8 1.0 4.8676e-01 1.0 0.00e+00 0.0 0.0e+00 0.0e+00 0.0e+00  0  0  0  0  0  22  0  0  0  0     0
MatScale               4 1.0 7.3916e-02 2.0 1.12e+07 1.0 2.9e+02 6.0e+04 0.0e+00  0  0  0  0  0   2 79  2 16  0  9653
MatAssemblyBegin       8 1.0 5.7924e-02 2.5 0.00e+00 0.0 4.3e+02 1.3e+04 1.2e+01  0  0  0  0  0   2  0  3  5  9     0
MatAssemblyEnd         8 1.0 1.4089e-01 1.0 0.00e+00 0.0 1.7e+03 8.3e+03 3.2e+01  0  0  0  0  0   6  0 11 13 24     0
MatTranspose           1 1.0 7.1729e-02 1.0 0.00e+00 0.0 1.1e+03 9.3e+03 1.2e+01  0  0  0  0  0   3  0  7  9  9     0
MatMatMult             1 1.0 1.3136e-01 1.0 3.00e+06 1.0 1.2e+03 1.6e+04 1.6e+01  0  0  0  0  0   6 21  7 17 12  1454
MatMatMultSym          1 1.0 1.0493e-01 1.0 0.00e+00 0.0 1.0e+03 1.3e+04 1.4e+01  0  0  0  0  0   5  0  7 12 11     0
MatMatMultNum          1 1.0 2.6985e-02 1.0 3.00e+06 1.0 1.4e+02 4.0e+04 2.0e+00  0  0  0  0  0   1 21  1  5  2  7080
MatGetLocalMat         2 1.0 3.4701e-02 1.5 0.00e+00 0.0 0.0e+00 0.0e+00 0.0e+00  0  0  0  0  0   1  0  0  0  0     0
MatGetBrAoCol          2 1.0 1.7894e-02 6.8 0.00e+00 0.0 5.8e+02 2.8e+04 0.0e+00  0  0  0  0  0   1  0  4 15  0     0
SFSetGraph             1 1.0 2.2292e-0437.4 0.00e+00 0.0 0.0e+00 0.0e+00 0.0e+00  0  0  0  0  0   0  0  0  0  0     0
SFReduceBegin          1 1.0 4.6468e-03 4.4 0.00e+00 0.0 3.6e+02 8.0e+03 0.0e+00  0  0  0  0  0   0  0  2  3  0     0
SFReduceEnd            1 1.0 1.4601e-03133.1 0.00e+00 0.0 0.0e+00 0.0e+00 0.0e+00  0  0  0  0  0   0  0  0  0  0     0
generateQTBNQ          1 1.0 1.3137e-01 1.0 3.00e+06 1.0 1.2e+03 1.6e+04 1.6e+01  0  0  0  0  0   6 21  7 17 12  1454

--- Event Stage 2: RHSVelocity

VecSet                20 1.0 2.2156e-02 1.9 0.00e+00 0.0 0.0e+00 0.0e+00 0.0e+00  0  0  0  0  0   0  0  0  0  0     0
VecWAXPY              20 1.0 3.9248e-02 2.2 7.50e+06 1.0 0.0e+00 0.0e+00 0.0e+00  0  0  0  0  0   0 50  0  0  0 12169
VecPointwiseMult      20 1.0 3.0532e-02 2.1 7.50e+06 1.0 0.0e+00 0.0e+00 0.0e+00  0  0  0  0  0   0 50  0  0  0 15643
VecScatterBegin       60 1.0 3.8636e-02 1.8 0.00e+00 0.0 5.6e+04 6.3e+03 0.0e+00  0  0  1  0  0   1  0100100  0     0
VecScatterEnd         60 1.0 5.4441e+00 1.5 0.00e+00 0.0 0.0e+00 0.0e+00 0.0e+00  1  0  0  0  0  78  0  0  0  0     0

--- Event Stage 3: solveVelocity

VecTDot              436 1.0 5.1773e+01 1.4 3.27e+08 1.0 0.0e+00 0.0e+00 4.4e+02  7  1  0  0  1  82 15  0  0 63   402
VecNorm              258 1.0 2.3975e+00 2.2 1.94e+08 1.0 0.0e+00 0.0e+00 2.6e+02  0  0  0  0  0   3  9  0  0 37  5140
VecCopy              278 1.0 6.0142e-01 1.8 0.00e+00 0.0 0.0e+00 0.0e+00 0.0e+00  0  0  0  0  0   1  0  0  0  0     0
VecAXPY              436 1.0 8.3339e-01 1.4 3.27e+08 1.0 0.0e+00 0.0e+00 0.0e+00  0  1  0  0  0   1 15  0  0  0 24986
VecAYPX              218 1.0 4.0763e-01 1.6 1.56e+08 1.0 0.0e+00 0.0e+00 0.0e+00  0  0  0  0  0   0  7  0  0  0 24370
VecScatterBegin      238 1.0 1.9410e-01 2.8 0.00e+00 0.0 6.9e+04 6.0e+04 0.0e+00  0  0  2  5  0   0  0100100  0     0
VecScatterEnd        238 1.0 1.3242e+0118.0 0.00e+00 0.0 0.0e+00 0.0e+00 0.0e+00  1  0  0  0  0   9  0  0  0  0     0
MatMult              238 1.0 1.6333e+01 6.5 1.16e+09 1.0 6.9e+04 6.0e+04 0.0e+00  1  3  2  5  0  12 54100100  0  4503
KSPSetUp               1 1.0 6.7470e-03 1.4 0.00e+00 0.0 0.0e+00 0.0e+00 0.0e+00  0  0  0  0  0   0  0  0  0  0     0
KSPSolve              20 1.0 5.7983e+01 1.0 2.16e+09 1.0 6.9e+04 6.0e+04 6.9e+02  9  5  2  5  1 100100100100100  2370
PCSetUp                1 1.0 7.1526e-06 3.8 0.00e+00 0.0 0.0e+00 0.0e+00 0.0e+00  0  0  0  0  0   0  0  0  0  0     0
PCApply              258 1.0 5.6408e-01 1.9 0.00e+00 0.0 0.0e+00 0.0e+00 0.0e+00  0  0  0  0  0   1  0  0  0  0     0

--- Event Stage 4: RHSPoisson

VecScale              20 1.0 1.9057e-03 1.1 2.50e+06 1.0 0.0e+00 0.0e+00 0.0e+00  0  0  0  0  0   2  8  0  0  0 83960
VecSet                20 1.0 4.2193e-03 1.3 0.00e+00 0.0 0.0e+00 0.0e+00 0.0e+00  0  0  0  0  0   4  0  0  0  0     0
VecScatterBegin       20 1.0 2.8801e-0332.8 0.00e+00 0.0 2.9e+03 2.0e+04 0.0e+00  0  0  0  0  0   2  0100100  0     0
VecScatterEnd         20 1.0 5.2437e-02964.6 0.00e+00 0.0 0.0e+00 0.0e+00 0.0e+00  0  0  0  0  0  18  0  0  0  0     0
MatMultAdd            20 1.0 1.4006e-01 2.4 3.00e+07 1.0 2.9e+03 2.0e+04 0.0e+00  0  0  0  0  0  92 92100100  0 13639

--- Event Stage 5: solvePoisson

VecTDot            25758 1.0 5.1127e+02 1.4 6.44e+09 1.0 0.0e+00 0.0e+00 2.6e+04 74 15  0  0 38  82 16  0  0 50   806
VecNorm            12919 1.0 4.2177e+00 1.6 3.23e+09 1.0 0.0e+00 0.0e+00 1.3e+04  1  8  0  0 19   1  8  0  0 25 49009
VecCopy            12939 1.0 2.8004e+00 1.4 0.00e+00 0.0 0.0e+00 0.0e+00 0.0e+00  0  0  0  0  0   0  0  0  0  0     0
VecAXPY            25758 1.0 1.0981e+01 1.3 6.44e+09 1.0 0.0e+00 0.0e+00 0.0e+00  1 15  0  0  0   2 16  0  0  0 37530
VecAYPX            12879 1.0 5.0460e+00 1.3 3.22e+09 1.0 0.0e+00 0.0e+00 0.0e+00  1  8  0  0  0   1  8  0  0  0 40805
VecScatterBegin    12899 1.0 2.5194e+00 2.3 0.00e+00 0.0 3.7e+06 2.0e+04 0.0e+00  0  0 96 94  0   0  0100100  0     0
VecScatterEnd      12899 1.0 1.1520e+0239.1 0.00e+00 0.0 0.0e+00 0.0e+00 0.0e+00  4  0  0  0  0   5  0  0  0  0     0
MatMult            12899 1.0 1.7326e+02 4.3 2.10e+10 1.0 3.7e+06 2.0e+04 0.0e+00 11 49 96 94  0  12 52100100  0  7707
KSPSetUp               1 1.0 1.0202e-03 2.8 0.00e+00 0.0 0.0e+00 0.0e+00 0.0e+00  0  0  0  0  0   0  0  0  0  0     0
KSPSolve              20 1.0 5.8274e+02 1.0 4.03e+10 1.0 3.7e+06 2.0e+04 5.2e+04 90 95 96 94 77 100100100100100  4414
PCSetUp                1 1.0 1.1921e-06 0.0 0.00e+00 0.0 0.0e+00 0.0e+00 0.0e+00  0  0  0  0  0   0  0  0  0  0     0
PCApply            12919 1.0 2.8121e+00 1.4 0.00e+00 0.0 0.0e+00 0.0e+00 0.0e+00  0  0  0  0  0   0  0  0  0  0     0

--- Event Stage 6: projectionStep

VecWAXPY              20 1.0 4.0404e-02 1.9 7.50e+06 1.0 0.0e+00 0.0e+00 0.0e+00  0  0  0  0  0  18 25  0  0  0 11821
VecScatterBegin       20 1.0 3.8161e-0350.7 0.00e+00 0.0 2.9e+03 2.0e+04 0.0e+00  0  0  0  0  0   1  0100100  0     0
VecScatterEnd         20 1.0 1.5819e+0016797.2 0.00e+00 0.0 0.0e+00 0.0e+00 0.0e+00  0  0  0  0  0  40  0  0  0  0     0
MatMult               20 1.0 1.6969e+0022.7 2.25e+07 1.0 2.9e+03 2.0e+04 0.0e+00  0  0  0  0  0  82 75100100  0   844
------------------------------------------------------------------------------------------------------------------------

Memory usage is given in bytes:

Object Type          Creations   Destructions     Memory  Descendants' Mem.
Reports information only for process 0.

--- Event Stage 0: Main Stage

              Vector     0             44     67741536     0
      Vector Scatter     0             12      4012720     0
              Matrix     0             14     93506816     0
   Matrix Null Space     0              1          596     0
    Distributed Mesh     0              6        28464     0
Star Forest Bipartite Graph     0             12         9600     0
     Discrete System     0              6         4752     0
   IS L to G Mapping     0              4      2252080     0
       Krylov Solver     0              2         2448     0
      Preconditioner     0              2         1648     0
              Viewer     2              1          744     0

--- Event Stage 1: initialize

              Vector    50             12        18560     0
      Vector Scatter    12              0            0     0
              Matrix    14              0            0     0
   Matrix Null Space     1              0            0     0
    Distributed Mesh     6              0            0     0
Star Forest Bipartite Graph    13              1          856     0
     Discrete System     6              0            0     0
           Index Set    16             16      2284356     0
   IS L to G Mapping     4              0            0     0
       Krylov Solver     2              0            0     0
      Preconditioner     2              0            0     0

--- Event Stage 2: RHSVelocity


--- Event Stage 3: solveVelocity

              Vector    23             20     60031360     0

--- Event Stage 4: RHSPoisson


--- Event Stage 5: solvePoisson

              Vector    23             20     20031360     0

--- Event Stage 6: projectionStep

========================================================================================================================
Average time to get PetscTime(): 9.53674e-08
Average time for MPI_Barrier(): 7.82013e-05
Average time for zero size MPI_Send(): 3.15532e-06
#PETSc Option Table entries:
-caseFolder .
-log_summary
-sys1_pc_type none
-sys2_pc_type none
#End of PETSc Option Table entries
Compiled without FORTRAN kernels
Compiled with full precision matrices (default)
sizeof(short) 2 sizeof(int) 4 sizeof(long) 8 sizeof(void*) 8 sizeof(PetscScalar) 8 sizeof(PetscInt) 4
Configure options: --PETSC_ARCH=linux-mpich-3.1-4-gnu-opt ---with-mpi-dir=/c1/apps/mpich/3.1.4/bin --with-blas-lib=/c1/apps/blas/gcc/1/lib64/libblas.a --with-lapack-lib=/c1/apps/lapack/gcc/3.4.1/lib/liblapack.a --with-shared-libraries=0 --with-debugging=0
-----------------------------------------
Libraries compiled on Mon Jun 22 14:19:00 2015 on login4.colonialone.gwu.edu 
Machine characteristics: Linux-2.6.32-504.12.2.el6.x86_64-x86_64-with-redhat-6.6-Santiago
Using PETSc directory: /home/mesnardo/src/petsc/3.5.2
Using PETSc arch: linux-mpich-3.1-4-gnu-opt
-----------------------------------------

Using C compiler: mpicc  -Wall -Wwrite-strings -Wno-strict-aliasing -Wno-unknown-pragmas -O  ${COPTFLAGS} ${CFLAGS}
Using Fortran compiler: mpif90  -Wall -Wno-unused-variable -ffree-line-length-0 -Wno-unused-dummy-argument -O   ${FOPTFLAGS} ${FFLAGS} 
-----------------------------------------

Using include paths: -I/home/mesnardo/src/petsc/3.5.2/linux-mpich-3.1-4-gnu-opt/include -I/home/mesnardo/src/petsc/3.5.2/include -I/home/mesnardo/src/petsc/3.5.2/include -I/home/mesnardo/src/petsc/3.5.2/linux-mpich-3.1-4-gnu-opt/include -I/c1/apps/mpich/3.1.4/include
-----------------------------------------

Using C linker: mpicc
Using Fortran linker: mpif90
Using libraries: -Wl,-rpath,/home/mesnardo/src/petsc/3.5.2/linux-mpich-3.1-4-gnu-opt/lib -L/home/mesnardo/src/petsc/3.5.2/linux-mpich-3.1-4-gnu-opt/lib -lpetsc -Wl,-rpath,/c1/apps/lapack/gcc/3.4.1/lib -L/c1/apps/lapack/gcc/3.4.1/lib -llapack -Wl,-rpath,/c1/apps/blas/gcc/1/lib64 -L/c1/apps/blas/gcc/1/lib64 -lblas -lX11 -lpthread -lssl -lcrypto -L/c1/apps/mpich/3.1.4/lib -L/cm/shared/apps/gcc/4.7.0/lib/gcc/x86_64-unknown-linux-gnu/4.7.0 -L/cm/shared/apps/gcc/4.7.0/lib64 -L/cm/shared/apps/gcc/4.7.0/lib -lmpifort -lgfortran -lm -Wl,-rpath,/c1/apps/mpich/3.1.4/lib -lgfortran -lm -lquadmath -lm -lmpicxx -lstdc++ -L/c1/apps/mpich/3.1.4/lib -L/cm/shared/apps/gcc/4.7.0/lib/gcc/x86_64-unknown-linux-gnu/4.7.0 -L/cm/shared/apps/gcc/4.7.0/lib64 -L/cm/shared/apps/gcc/4.7.0/lib -ldl -Wl,-rpath,/c1/apps/mpich/3.1.4/lib -lmpi -lgcc_s -ldl  
-----------------------------------------

