
---------------------------------------
Flow
---------------------------------------
solver: Navier-Stokes
viscosity: 0.01

---------------------------------------
Mesh
---------------------------------------
size: 200 x 200 x 200

---------------------------------------
Time-stepping
---------------------------------------
convection: 2nd-order Adams-Bashforth
diffusion : Crank-Nicolson
time-increment      : 0.0025
starting time-step  : 0
number of time-steps: 20
saving-interval     : 100

---------------------------------------
Linear system for intermediate velocity
---------------------------------------
solver: cg
preconditioner: none
relative tolerance: 1e-06
absolute tolerance: 1e-50
maximum iterations: 10000

---------------------------------------
Linear system for pressure-force
---------------------------------------
solver: cg
preconditioner: none
relative tolerance: 1e-06
absolute tolerance: 1e-50
maximum iterations: 20000

---------------------------------------
************************************************************************************************************************
***             WIDEN YOUR WINDOW TO 120 CHARACTERS.  Use 'enscript -r -fCourier9' to print this document            ***
************************************************************************************************************************

---------------------------------------------- PETSc Performance Summary: ----------------------------------------------

/home/mesnardo/src/PetIBM/linux-mpich-3.1.4-gnu-libf-opt/PetIBM3d on a linux-mpich-3.1.4-gnu-libf-opt named node097 with 128 processors, by mesnardo Tue Jun 30 22:49:41 2015
Using Petsc Release Version 3.5.2, Sep, 08, 2014 

                         Max       Max/Min        Avg      Total 
Time (sec):           1.237e+03      1.00002   1.237e+03
Objects:              1.740e+02      1.00000   1.740e+02
Flops:                2.127e+10      1.00786   2.121e+10  2.715e+12
Flops/sec:            1.720e+07      1.00785   1.715e+07  2.196e+09
MPI Messages:         8.090e+04      2.02160   6.373e+04  8.158e+06
MPI Message Lengths:  1.097e+09      2.00217   1.398e+04  1.141e+11
MPI Reductions:       6.692e+04      1.00000

Flop counting convention: 1 flop = 1 real number operation of type (multiply/divide/add/subtract)
                            e.g., VecAXPY() for real vectors of length N --> 2N flops
                            and VecAXPY() for complex vectors of length N --> 8N flops

Summary of Stages:   ----- Time ------  ----- Flops -----  --- Messages ---  -- Message Lengths --  -- Reductions --
                        Avg     %Total     Avg     %Total   counts   %Total     Avg         %Total   counts   %Total 
 0:      Main Stage: 2.0946e-01   0.0%  0.0000e+00   0.0%  0.000e+00   0.0%  0.000e+00        0.0%  0.000e+00   0.0% 
 1:      initialize: 2.5810e+00   0.2%  9.0457e+08   0.0%  3.383e+04   0.4%  1.939e+01        0.1%  1.320e+02   0.2% 
 2:     RHSVelocity: 5.5365e+00   0.4%  9.5520e+08   0.0%  1.243e+05   1.5%  6.342e+01        0.5%  0.000e+00   0.0% 
 3:   solveVelocity: 5.6442e+01   4.6%  1.3745e+11   5.1%  1.447e+05   1.8%  7.258e+02        5.2%  6.940e+02   1.0% 
 4:      RHSPoisson: 6.8463e-02   0.0%  2.0704e+09   0.1%  6.080e+03   0.1%  1.020e+01        0.1%  0.000e+00   0.0% 
 5:    solvePoisson: 1.1699e+03  94.6%  2.5722e+12  94.7%  7.843e+06  96.1%  1.316e+04       94.1%  5.160e+04  77.1% 
 6:  projectionStep: 6.9924e-02   0.0%  1.9104e+09   0.1%  6.080e+03   0.1%  1.020e+01        0.1%  0.000e+00   0.0% 

------------------------------------------------------------------------------------------------------------------------
See the 'Profiling' chapter of the users' manual for details on interpreting output.
Phase summary info:
   Count: number of times phase was executed
   Time and Flops: Max - maximum over all processors
                   Ratio - ratio of maximum to minimum over all processors
   Mess: number of messages sent
   Avg. len: average message length (bytes)
   Reduct: number of global reductions
   Global: entire computation
   Stage: stages of a computation. Set stages with PetscLogStagePush() and PetscLogStagePop().
      %T - percent time in this phase         %F - percent flops in this phase
      %M - percent messages in this phase     %L - percent message lengths in this phase
      %R - percent reductions in this phase
   Total Mflop/s: 10e-6 * (sum of flops over all processors)/(max time over all processors)
------------------------------------------------------------------------------------------------------------------------
Event                Count      Time (sec)     Flops                             --- Global ---  --- Stage ---   Total
                   Max Ratio  Max     Ratio   Max  Ratio  Mess   Avg len Reduct  %T %F %M %L %R  %T %F %M %L %R Mflop/s
------------------------------------------------------------------------------------------------------------------------

--- Event Stage 0: Main Stage


--- Event Stage 1: initialize

VecSet                15 1.0 1.4164e-02 4.6 0.00e+00 0.0 0.0e+00 0.0e+00 0.0e+00  0  0  0  0  0   0  0  0  0  0     0
VecScatterBegin        8 1.0 3.3293e-03 2.0 0.00e+00 0.0 1.4e+04 6.2e+03 0.0e+00  0  0  0  0  0   0  0 40 54  0     0
VecScatterEnd          8 1.0 5.1824e-01 2.0 0.00e+00 0.0 0.0e+00 0.0e+00 0.0e+00  0  0  0  0  0  11  0  0  0  0     0
MatScale               4 1.0 2.7002e-0114.2 5.62e+06 1.0 6.1e+02 4.1e+04 0.0e+00  0  0  0  0  0   1 79  2 16  0  2643
MatAssemblyBegin       8 1.0 1.6039e-02 4.5 0.00e+00 0.0 9.1e+02 9.1e+03 1.2e+01  0  0  0  0  0   0  0  3  5  9     0
MatAssemblyEnd         8 1.0 5.3747e-01 1.0 0.00e+00 0.0 3.6e+03 5.7e+03 3.2e+01  0  0  0  0  0  21  0 11 13 24     0
MatTranspose           1 1.0 5.4923e-02 1.0 0.00e+00 0.0 2.3e+03 6.4e+03 1.2e+01  0  0  0  0  0   2  0  7  9  9     0
MatMatMult             1 1.0 3.1845e-01 1.0 1.50e+06 1.0 2.4e+03 1.1e+04 1.6e+01  0  0  0  0  0  12 21  7 17 12   600
MatMatMultSym          1 1.0 3.0372e-01 1.0 0.00e+00 0.0 2.1e+03 8.8e+03 1.4e+01  0  0  0  0  0  12  0  6 12 11     0
MatMatMultNum          1 1.0 1.4819e-02 1.0 1.50e+06 1.0 3.0e+02 2.7e+04 2.0e+00  0  0  0  0  0   1 21  1  5  2 12892
MatGetLocalMat         2 1.0 1.3719e-02 1.3 0.00e+00 0.0 0.0e+00 0.0e+00 0.0e+00  0  0  0  0  0   0  0  0  0  0     0
MatGetBrAoCol          2 1.0 1.7573e-0212.3 0.00e+00 0.0 1.2e+03 1.9e+04 0.0e+00  0  0  0  0  0   0  0  4 14  0     0
SFSetGraph             1 1.0 1.6999e-0428.5 0.00e+00 0.0 0.0e+00 0.0e+00 0.0e+00  0  0  0  0  0   0  0  0  0  0     0
SFReduceBegin          1 1.0 1.3779e-02 7.7 0.00e+00 0.0 7.6e+02 5.5e+03 0.0e+00  0  0  0  0  0   0  0  2  3  0     0
SFReduceEnd            1 1.0 1.0251e-021023.7 0.00e+00 0.0 0.0e+00 0.0e+00 0.0e+00  0  0  0  0  0   0  0  0  0  0     0
generateQTBNQ          1 1.0 3.1845e-01 1.0 1.50e+06 1.0 2.4e+03 1.1e+04 1.6e+01  0  0  0  0  0  12 21  7 17 12   600

--- Event Stage 2: RHSVelocity

VecSet                20 1.0 1.4370e-02 2.4 0.00e+00 0.0 0.0e+00 0.0e+00 0.0e+00  0  0  0  0  0   0  0  0  0  0     0
VecWAXPY              20 1.0 1.6247e-02 2.2 3.75e+06 1.0 0.0e+00 0.0e+00 0.0e+00  0  0  0  0  0   0 50  0  0  0 29397
VecPointwiseMult      20 1.0 1.1588e-02 2.0 3.75e+06 1.0 0.0e+00 0.0e+00 0.0e+00  0  0  0  0  0   0 50  0  0  0 41215
VecScatterBegin       60 1.0 2.5125e-02 1.9 0.00e+00 0.0 1.2e+05 4.2e+03 0.0e+00  0  0  2  0  0   0  0100100  0     0
VecScatterEnd         60 1.0 5.5121e+00 1.3 0.00e+00 0.0 0.0e+00 0.0e+00 0.0e+00  0  0  0  0  0  87  0  0  0  0     0

--- Event Stage 3: solveVelocity

VecTDot              436 1.0 4.9504e+01 1.3 1.63e+08 1.0 0.0e+00 0.0e+00 4.4e+02  4  1  0  0  1  82 15  0  0 63   421
VecNorm              258 1.0 4.8453e+00 1.5 9.68e+07 1.0 0.0e+00 0.0e+00 2.6e+02  0  0  0  0  0   8  9  0  0 37  2543
VecCopy              278 1.0 1.8166e-01 1.6 0.00e+00 0.0 0.0e+00 0.0e+00 0.0e+00  0  0  0  0  0   0  0  0  0  0     0
VecAXPY              436 1.0 3.7986e-01 1.7 1.64e+08 1.0 0.0e+00 0.0e+00 0.0e+00  0  1  0  0  0   1 15  0  0  0 54818
VecAYPX              218 1.0 1.6655e-01 1.8 7.80e+07 1.0 0.0e+00 0.0e+00 0.0e+00  0  0  0  0  0   0  7  0  0  0 59647
VecScatterBegin      238 1.0 8.3477e-02 2.1 0.00e+00 0.0 1.4e+05 4.1e+04 0.0e+00  0  0  2  5  0   0  0100100  0     0
VecScatterEnd        238 1.0 1.2040e+0115.1 0.00e+00 0.0 0.0e+00 0.0e+00 0.0e+00  0  0  0  0  0   8  0  0  0  0     0
MatMult              238 1.0 1.3307e+01 7.8 5.80e+08 1.0 1.4e+05 4.1e+04 0.0e+00  0  3  2  5  0  10 54100100  0  5526
KSPSetUp               1 1.0 3.4218e-03 1.3 0.00e+00 0.0 0.0e+00 0.0e+00 0.0e+00  0  0  0  0  0   0  0  0  0  0     0
KSPSolve              20 1.0 5.6880e+01 1.0 1.08e+09 1.0 1.4e+05 4.1e+04 6.9e+02  5  5  2  5  1 100100100100100  2416
PCSetUp                1 1.0 1.1921e-06 0.0 0.00e+00 0.0 0.0e+00 0.0e+00 0.0e+00  0  0  0  0  0   0  0  0  0  0     0
PCApply              258 1.0 1.6669e-01 1.6 0.00e+00 0.0 0.0e+00 0.0e+00 0.0e+00  0  0  0  0  0   0  0  0  0  0     0

--- Event Stage 4: RHSPoisson

VecScale              20 1.0 1.0118e-03 1.2 1.25e+06 1.0 0.0e+00 0.0e+00 0.0e+00  0  0  0  0  0   1  8  0  0  0 158126
VecSet                20 1.0 3.9194e-03 2.2 0.00e+00 0.0 0.0e+00 0.0e+00 0.0e+00  0  0  0  0  0   4  0  0  0  0     0
VecScatterBegin       20 1.0 2.1205e-0321.3 0.00e+00 0.0 6.1e+03 1.4e+04 0.0e+00  0  0  0  0  0   2  0100100  0     0
VecScatterEnd         20 1.0 9.0175e-021286.5 0.00e+00 0.0 0.0e+00 0.0e+00 0.0e+00  0  0  0  0  0  42  0  0  0  0     0
MatMultAdd            20 1.0 1.3114e-01 4.0 1.50e+07 1.0 6.1e+03 1.4e+04 0.0e+00  0  0  0  0  0  94 92100100  0 14568

--- Event Stage 5: solvePoisson

VecTDot            25758 1.0 1.1166e+03 1.2 3.22e+09 1.0 0.0e+00 0.0e+00 2.6e+04 86 15  0  0 38  91 16  0  0 50   369
VecNorm            12919 1.0 3.4399e+00 1.4 1.61e+09 1.0 0.0e+00 0.0e+00 1.3e+04  0  8  0  0 19   0  8  0  0 25 60089
VecCopy            12939 1.0 6.5932e-01 1.1 0.00e+00 0.0 0.0e+00 0.0e+00 0.0e+00  0  0  0  0  0   0  0  0  0  0     0
VecAXPY            25758 1.0 3.4018e+00 1.4 3.22e+09 1.0 0.0e+00 0.0e+00 0.0e+00  0 15  0  0  0   0 16  0  0  0 121149
VecAYPX            12879 1.0 1.3023e+00 1.1 1.61e+09 1.0 0.0e+00 0.0e+00 0.0e+00  0  8  0  0  0   0  8  0  0  0 158104
VecScatterBegin    12899 1.0 1.5130e+00 2.7 0.00e+00 0.0 7.8e+06 1.4e+04 0.0e+00  0  0 96 94  0   0  0100100  0     0
VecScatterEnd      12899 1.0 1.9235e+0216.7 0.00e+00 0.0 0.0e+00 0.0e+00 0.0e+00  5  0  0  0  0   5  0  0  0  0     0
MatMult            12899 1.0 2.1362e+02 6.1 1.05e+10 1.0 7.8e+06 1.4e+04 0.0e+00  7 49 96 94  0   7 52100100  0  6251
KSPSetUp               1 1.0 4.7684e-04 2.4 0.00e+00 0.0 0.0e+00 0.0e+00 0.0e+00  0  0  0  0  0   0  0  0  0  0     0
KSPSolve              20 1.0 1.1699e+03 1.0 2.01e+10 1.0 7.8e+06 1.4e+04 5.2e+04 95 95 96 94 77 100100100100100  2199
PCSetUp                1 1.0 1.1921e-06 0.0 0.00e+00 0.0 0.0e+00 0.0e+00 0.0e+00  0  0  0  0  0   0  0  0  0  0     0
PCApply            12919 1.0 6.7795e-01 1.1 0.00e+00 0.0 0.0e+00 0.0e+00 0.0e+00  0  0  0  0  0   0  0  0  0  0     0

--- Event Stage 6: projectionStep

VecWAXPY              20 1.0 2.5120e-02 3.1 3.75e+06 1.0 0.0e+00 0.0e+00 0.0e+00  0  0  0  0  0  19 25  0  0  0 19013
VecScatterBegin       20 1.0 1.5028e-0321.2 0.00e+00 0.0 6.1e+03 1.4e+04 0.0e+00  0  0  0  0  0   1  0100100  0     0
VecScatterEnd         20 1.0 1.1387e-01640.2 0.00e+00 0.0 0.0e+00 0.0e+00 0.0e+00  0  0  0  0  0  25  0  0  0  0     0
MatMult               20 1.0 1.5016e-01 4.8 1.12e+07 1.0 6.1e+03 1.4e+04 0.0e+00  0  0  0  0  0  81 75100100  0  9542
------------------------------------------------------------------------------------------------------------------------

Memory usage is given in bytes:

Object Type          Creations   Destructions     Memory  Descendants' Mem.
Reports information only for process 0.

--- Event Stage 0: Main Stage

              Vector     0             44     34192736     0
      Vector Scatter     0             12      2012720     0
              Matrix     0             14     46766816     0
   Matrix Null Space     0              1          596     0
    Distributed Mesh     0              6        28464     0
Star Forest Bipartite Graph     0             12         9600     0
     Discrete System     0              6         4752     0
   IS L to G Mapping     0              4      1170480     0
       Krylov Solver     0              2         2448     0
      Preconditioner     0              2         1648     0
              Viewer     2              1          744     0

--- Event Stage 1: initialize

              Vector    50             12        18560     0
      Vector Scatter    12              0            0     0
              Matrix    14              0            0     0
   Matrix Null Space     1              0            0     0
    Distributed Mesh     6              0            0     0
Star Forest Bipartite Graph    13              1          856     0
     Discrete System     6              0            0     0
           Index Set    16             16      1194056     0
   IS L to G Mapping     4              0            0     0
       Krylov Solver     2              0            0     0
      Preconditioner     2              0            0     0

--- Event Stage 2: RHSVelocity


--- Event Stage 3: solveVelocity

              Vector    23             20     30031360     0

--- Event Stage 4: RHSPoisson


--- Event Stage 5: solvePoisson

              Vector    23             20     10031360     0

--- Event Stage 6: projectionStep

========================================================================================================================
Average time to get PetscTime(): 0
Average time for MPI_Barrier(): 0.000134611
Average time for zero size MPI_Send(): 3.03052e-06
#PETSc Option Table entries:
-caseFolder .
-log_summary
-sys1_pc_type none
-sys2_pc_type none
#End of PETSc Option Table entries
Compiled without FORTRAN kernels
Compiled with full precision matrices (default)
sizeof(short) 2 sizeof(int) 4 sizeof(long) 8 sizeof(void*) 8 sizeof(PetscScalar) 8 sizeof(PetscInt) 4
Configure options: COPTFLAG=-O3 CXXOPTFLAGS=-O3 FOPTFLAGS=-O3 --PETSC_ARCH=linux-mpich-3.1.4-gnu-libf-opt --with-debugging=0 --with-mpi-dir=/c1/apps/mpich/3.1.4 --with-blas-lib=/c1/apps/blas/gcc/1/lib64/libfblas.a --with-lapack-lib=/c1/apps/lapack/gcc/3.4.1/lib/libflapack.a --with-shared-libraries=0
-----------------------------------------
Libraries compiled on Mon Jun 29 18:08:20 2015 on login3.colonialone.gwu.edu 
Machine characteristics: Linux-2.6.32-504.12.2.el6.x86_64-x86_64-with-redhat-6.6-Santiago
Using PETSc directory: /home/mesnardo/src/petsc/3.5.2
Using PETSc arch: linux-mpich-3.1.4-gnu-libf-opt
-----------------------------------------

Using C compiler: /c1/apps/mpich/3.1.4/bin/mpicc  -Wall -Wwrite-strings -Wno-strict-aliasing -Wno-unknown-pragmas -O  ${COPTFLAGS} ${CFLAGS}
Using Fortran compiler: /c1/apps/mpich/3.1.4/bin/mpif90  -Wall -Wno-unused-variable -ffree-line-length-0 -Wno-unused-dummy-argument -O3   ${FOPTFLAGS} ${FFLAGS} 
-----------------------------------------

Using include paths: -I/home/mesnardo/src/petsc/3.5.2/linux-mpich-3.1.4-gnu-libf-opt/include -I/home/mesnardo/src/petsc/3.5.2/include -I/home/mesnardo/src/petsc/3.5.2/include -I/home/mesnardo/src/petsc/3.5.2/linux-mpich-3.1.4-gnu-libf-opt/include -I/c1/apps/mpich/3.1.4/include
-----------------------------------------

Using C linker: /c1/apps/mpich/3.1.4/bin/mpicc
Using Fortran linker: /c1/apps/mpich/3.1.4/bin/mpif90
Using libraries: -Wl,-rpath,/home/mesnardo/src/petsc/3.5.2/linux-mpich-3.1.4-gnu-libf-opt/lib -L/home/mesnardo/src/petsc/3.5.2/linux-mpich-3.1.4-gnu-libf-opt/lib -lpetsc -Wl,-rpath,/c1/apps/lapack/gcc/3.4.1/lib -L/c1/apps/lapack/gcc/3.4.1/lib -lflapack -Wl,-rpath,/c1/apps/blas/gcc/1/lib64 -L/c1/apps/blas/gcc/1/lib64 -lfblas -lX11 -lpthread -lssl -lcrypto -L/c1/apps/mpich/3.1.4/lib -L/cm/shared/apps/gcc/4.7.0/lib/gcc/x86_64-unknown-linux-gnu/4.7.0 -L/cm/shared/apps/gcc/4.7.0/lib64 -L/cm/shared/apps/gcc/4.7.0/lib -lmpifort -lgfortran -lm -Wl,-rpath,/c1/apps/mpich/3.1.4/lib -lgfortran -lm -lquadmath -lm -lmpicxx -lstdc++ -L/c1/apps/mpich/3.1.4/lib -L/cm/shared/apps/gcc/4.7.0/lib/gcc/x86_64-unknown-linux-gnu/4.7.0 -L/cm/shared/apps/gcc/4.7.0/lib64 -L/cm/shared/apps/gcc/4.7.0/lib -ldl -Wl,-rpath,/c1/apps/mpich/3.1.4/lib -lmpi -lgcc_s -ldl  
-----------------------------------------

