
---------------------------------------
Flow
---------------------------------------
solver: Navier-Stokes
viscosity: 0.01

---------------------------------------
Mesh
---------------------------------------
size: 200 x 200 x 200

---------------------------------------
Time-stepping
---------------------------------------
convection: 2nd-order Adams-Bashforth
diffusion : Crank-Nicolson
time-increment      : 0.0025
starting time-step  : 0
number of time-steps: 20
saving-interval     : 100

---------------------------------------
Linear system for intermediate velocity
---------------------------------------
solver: cg
preconditioner: none
relative tolerance: 1e-06
absolute tolerance: 1e-50
maximum iterations: 10000

---------------------------------------
Linear system for pressure-force
---------------------------------------
solver: cg
preconditioner: none
relative tolerance: 1e-06
absolute tolerance: 1e-50
maximum iterations: 20000

---------------------------------------
************************************************************************************************************************
***             WIDEN YOUR WINDOW TO 120 CHARACTERS.  Use 'enscript -r -fCourier9' to print this document            ***
************************************************************************************************************************

---------------------------------------------- PETSc Performance Summary: ----------------------------------------------

/home/mesnardo/src/PetIBM/bin/PetIBM3d on a linux-mpich-3.1-4-gnu-opt named node103 with 32 processors, by mesnardo Sun Jun 28 10:14:55 2015
Using Petsc Release Version 3.5.2, Sep, 08, 2014 

                         Max       Max/Min        Avg      Total 
Time (sec):           1.739e+02      1.00023   1.739e+02
Objects:              1.740e+02      1.00000   1.740e+02
Flops:                8.502e+10      1.00409   8.486e+10  2.715e+12
Flops/sec:            4.888e+08      1.00393   4.879e+08  1.561e+10
MPI Messages:         6.708e+04      1.67628   5.352e+04  1.713e+06
MPI Message Lengths:  2.468e+09      1.80120   3.587e+04  6.142e+10
MPI Reductions:       6.692e+04      1.00000

Flop counting convention: 1 flop = 1 real number operation of type (multiply/divide/add/subtract)
                            e.g., VecAXPY() for real vectors of length N --> 2N flops
                            and VecAXPY() for complex vectors of length N --> 8N flops

Summary of Stages:   ----- Time ------  ----- Flops -----  --- Messages ---  -- Message Lengths --  -- Reductions --
                        Avg     %Total     Avg     %Total   counts   %Total     Avg         %Total   counts   %Total 
 0:      Main Stage: 1.1826e-01   0.1%  0.0000e+00   0.0%  0.000e+00   0.0%  0.000e+00        0.0%  0.000e+00   0.0% 
 1:      initialize: 1.2526e+00   0.7%  9.0457e+08   0.0%  6.304e+03   0.4%  4.937e+01        0.1%  1.320e+02   0.2% 
 2:     RHSVelocity: 3.2938e+00   1.9%  9.5520e+08   0.0%  2.208e+04   1.3%  1.598e+02        0.4%  0.000e+00   0.0% 
 3:   solveVelocity: 7.9201e+00   4.6%  1.3745e+11   5.1%  3.046e+04   1.8%  1.862e+03        5.2%  6.940e+02   1.0% 
 4:      RHSPoisson: 1.3586e-01   0.1%  2.0704e+09   0.1%  1.280e+03   0.1%  2.616e+01        0.1%  0.000e+00   0.0% 
 5:    solvePoisson: 1.6030e+02  92.2%  2.5722e+12  94.7%  1.651e+06  96.4%  3.374e+04       94.1%  5.160e+04  77.1% 
 6:  projectionStep: 2.3087e-01   0.1%  1.9104e+09   0.1%  1.280e+03   0.1%  2.616e+01        0.1%  0.000e+00   0.0% 

------------------------------------------------------------------------------------------------------------------------
See the 'Profiling' chapter of the users' manual for details on interpreting output.
Phase summary info:
   Count: number of times phase was executed
   Time and Flops: Max - maximum over all processors
                   Ratio - ratio of maximum to minimum over all processors
   Mess: number of messages sent
   Avg. len: average message length (bytes)
   Reduct: number of global reductions
   Global: entire computation
   Stage: stages of a computation. Set stages with PetscLogStagePush() and PetscLogStagePop().
      %T - percent time in this phase         %F - percent flops in this phase
      %M - percent messages in this phase     %L - percent message lengths in this phase
      %R - percent reductions in this phase
   Total Mflop/s: 10e-6 * (sum of flops over all processors)/(max time over all processors)
------------------------------------------------------------------------------------------------------------------------
Event                Count      Time (sec)     Flops                             --- Global ---  --- Stage ---   Total
                   Max Ratio  Max     Ratio   Max  Ratio  Mess   Avg len Reduct  %T %F %M %L %R  %T %F %M %L %R Mflop/s
------------------------------------------------------------------------------------------------------------------------

--- Event Stage 0: Main Stage


--- Event Stage 1: initialize

VecSet                15 1.0 1.7587e-02 1.1 0.00e+00 0.0 0.0e+00 0.0e+00 0.0e+00  0  0  0  0  0   1  0  0  0  0     0
VecScatterBegin        8 1.0 9.5820e-03 1.5 0.00e+00 0.0 2.5e+03 1.8e+04 0.0e+00  0  0  0  0  0   1  0 39 54  0     0
VecScatterEnd          8 1.0 1.5783e-02 2.2 0.00e+00 0.0 0.0e+00 0.0e+00 0.0e+00  0  0  0  0  0   1  0  0  0  0     0
MatScale               4 1.0 8.0625e-02 1.1 2.25e+07 1.0 1.3e+02 1.0e+05 0.0e+00  0  0  0  0  0   6 79  2 16  0  8850
MatAssemblyBegin       8 1.0 2.1499e-02 8.4 0.00e+00 0.0 1.9e+02 2.3e+04 1.2e+01  0  0  0  0  0   1  0  3  5  9     0
MatAssemblyEnd         8 1.0 2.2043e-01 1.0 0.00e+00 0.0 7.7e+02 1.5e+04 3.2e+01  0  0  0  0  0  18  0 12 13 24     0
MatTranspose           1 1.0 1.2379e-01 1.0 0.00e+00 0.0 4.8e+02 1.6e+04 1.2e+01  0  0  0  0  0  10  0  8  9  9     0
MatMatMult             1 1.0 2.0530e-01 1.0 5.99e+06 1.0 5.1e+02 2.8e+04 1.6e+01  0  0  0  0  0  16 21  8 17 12   931
MatMatMultSym          1 1.0 1.6632e-01 1.0 0.00e+00 0.0 4.5e+02 2.3e+04 1.4e+01  0  0  0  0  0  13  0  7 12 11     0
MatMatMultNum          1 1.0 3.9111e-02 1.0 5.99e+06 1.0 6.4e+01 7.0e+04 2.0e+00  0  0  0  0  0   3 21  1  5  2  4885
MatGetLocalMat         2 1.0 5.3587e-02 1.2 0.00e+00 0.0 0.0e+00 0.0e+00 0.0e+00  0  0  0  0  0   4  0  0  0  0     0
MatGetBrAoCol          2 1.0 1.6628e-02 3.1 0.00e+00 0.0 2.6e+02 4.8e+04 0.0e+00  0  0  0  0  0   1  0  4 15  0     0
SFSetGraph             1 1.0 3.7098e-0462.2 0.00e+00 0.0 0.0e+00 0.0e+00 0.0e+00  0  0  0  0  0   0  0  0  0  0     0
SFReduceBegin          1 1.0 3.9330e-03 6.8 0.00e+00 0.0 1.6e+02 1.4e+04 0.0e+00  0  0  0  0  0   0  0  3  3  0     0
SFReduceEnd            1 1.0 8.7714e-0468.1 0.00e+00 0.0 0.0e+00 0.0e+00 0.0e+00  0  0  0  0  0   0  0  0  0  0     0
generateQTBNQ          1 1.0 2.0530e-01 1.0 5.99e+06 1.0 5.1e+02 2.8e+04 1.6e+01  0  0  0  0  0  16 21  8 17 12   931

--- Event Stage 2: RHSVelocity

VecSet                20 1.0 3.0414e-02 1.3 0.00e+00 0.0 0.0e+00 0.0e+00 0.0e+00  0  0  0  0  0   1  0  0  0  0     0
VecWAXPY              20 1.0 7.7963e-02 2.0 1.50e+07 1.0 0.0e+00 0.0e+00 0.0e+00  0  0  0  0  0   2 50  0  0  0  6126
VecPointwiseMult      20 1.0 6.1219e-02 1.3 1.50e+07 1.0 0.0e+00 0.0e+00 0.0e+00  0  0  0  0  0   2 50  0  0  0  7802
VecScatterBegin       60 1.0 8.5577e-02 1.4 0.00e+00 0.0 2.2e+04 1.2e+04 0.0e+00  0  0  1  0  0   2  0100100  0     0
VecScatterEnd         60 1.0 3.8792e-0130.9 0.00e+00 0.0 0.0e+00 0.0e+00 0.0e+00  0  0  0  0  0  10  0  0  0  0     0

--- Event Stage 3: solveVelocity

VecTDot              436 1.0 1.2193e+00 1.6 6.54e+08 1.0 0.0e+00 0.0e+00 4.4e+02  1  1  0  0  1  12 15  0  0 63 17079
VecNorm              258 1.0 4.3688e-01 1.3 3.87e+08 1.0 0.0e+00 0.0e+00 2.6e+02  0  0  0  0  0   5  9  0  0 37 28205
VecCopy              278 1.0 7.5466e-01 1.1 0.00e+00 0.0 0.0e+00 0.0e+00 0.0e+00  0  0  0  0  0   9  0  0  0  0     0
VecAXPY              436 1.0 1.3719e+00 1.1 6.54e+08 1.0 0.0e+00 0.0e+00 0.0e+00  1  1  0  0  0  17 15  0  0  0 15179
VecAYPX              218 1.0 6.6821e-01 1.1 3.12e+08 1.0 0.0e+00 0.0e+00 0.0e+00  0  0  0  0  0   8  7  0  0  0 14867
VecScatterBegin      238 1.0 2.0242e-01 1.9 0.00e+00 0.0 3.0e+04 1.0e+05 0.0e+00  0  0  2  5  0   2  0100100  0     0
VecScatterEnd        238 1.0 3.0682e-01 4.4 0.00e+00 0.0 0.0e+00 0.0e+00 0.0e+00  0  0  0  0  0   2  0  0  0  0     0
MatMult              238 1.0 4.0209e+00 1.1 2.32e+09 1.0 3.0e+04 1.0e+05 0.0e+00  2  3  2  5  0  48 54100100  0 18290
KSPSetUp               1 1.0 9.9640e-03 1.1 0.00e+00 0.0 0.0e+00 0.0e+00 0.0e+00  0  0  0  0  0   0  0  0  0  0     0
KSPSolve              20 1.0 8.0188e+00 1.0 4.32e+09 1.0 3.0e+04 1.0e+05 6.9e+02  5  5  2  5  1 100100100100100 17140
PCSetUp                1 1.0 4.0531e-06 2.1 0.00e+00 0.0 0.0e+00 0.0e+00 0.0e+00  0  0  0  0  0   0  0  0  0  0     0
PCApply              258 1.0 7.0633e-01 1.1 0.00e+00 0.0 0.0e+00 0.0e+00 0.0e+00  0  0  0  0  0   9  0  0  0  0     0

--- Event Stage 4: RHSPoisson

VecScale              20 1.0 7.8502e-03 1.3 5.00e+06 1.0 0.0e+00 0.0e+00 0.0e+00  0  0  0  0  0   5  8  0  0  0 20382
VecSet                20 1.0 9.3710e-03 1.0 0.00e+00 0.0 0.0e+00 0.0e+00 0.0e+00  0  0  0  0  0   7  0  0  0  0     0
VecScatterBegin       20 1.0 6.3431e-0335.7 0.00e+00 0.0 1.3e+03 3.5e+04 0.0e+00  0  0  0  0  0   2  0100100  0     0
VecScatterEnd         20 1.0 3.6514e-0351.6 0.00e+00 0.0 0.0e+00 0.0e+00 0.0e+00  0  0  0  0  0   1  0  0  0  0     0
MatMultAdd            20 1.0 1.2166e-01 1.1 5.99e+07 1.0 1.3e+03 3.5e+04 0.0e+00  0  0  0  0  0  86 92100100  0 15703

--- Event Stage 5: solvePoisson

VecTDot            25758 1.0 2.6791e+01 1.5 1.29e+10 1.0 0.0e+00 0.0e+00 2.6e+04 13 15  0  0 38  14 16  0  0 50 15383
VecNorm            12919 1.0 4.7357e+00 1.1 6.46e+09 1.0 0.0e+00 0.0e+00 1.3e+04  3  8  0  0 19   3  8  0  0 25 43648
VecCopy            12939 1.0 1.1497e+01 1.1 0.00e+00 0.0 0.0e+00 0.0e+00 0.0e+00  6  0  0  0  0   7  0  0  0  0     0
VecAXPY            25758 1.0 2.3981e+01 1.1 1.29e+10 1.0 0.0e+00 0.0e+00 0.0e+00 13 15  0  0  0  15 16  0  0  0 17186
VecAYPX            12879 1.0 1.2269e+01 1.2 6.43e+09 1.0 0.0e+00 0.0e+00 0.0e+00  6  8  0  0  0   7  8  0  0  0 16782
VecScatterBegin    12899 1.0 3.9467e+00 2.6 0.00e+00 0.0 1.7e+06 3.5e+04 0.0e+00  1  0 96 94  0   2  0100100  0     0
VecScatterEnd      12899 1.0 2.8639e+00 3.6 0.00e+00 0.0 0.0e+00 0.0e+00 0.0e+00  1  0  0  0  0   1  0  0  0  0     0
MatMult            12899 1.0 7.3692e+01 1.1 4.19e+10 1.0 1.7e+06 3.5e+04 0.0e+00 40 49 96 94  0  44 52100100  0 18120
KSPSetUp               1 1.0 1.4689e-03 1.1 0.00e+00 0.0 0.0e+00 0.0e+00 0.0e+00  0  0  0  0  0   0  0  0  0  0     0
KSPSolve              20 1.0 1.6030e+02 1.0 8.05e+10 1.0 1.7e+06 3.5e+04 5.2e+04 92 95 96 94 77 100100100100100 16046
PCSetUp                1 1.0 1.1921e-06 0.0 0.00e+00 0.0 0.0e+00 0.0e+00 0.0e+00  0  0  0  0  0   0  0  0  0  0     0
PCApply            12919 1.0 1.1503e+01 1.1 0.00e+00 0.0 0.0e+00 0.0e+00 0.0e+00  6  0  0  0  0   7  0  0  0  0     0

--- Event Stage 6: projectionStep

VecWAXPY              20 1.0 8.6452e-02 1.1 1.50e+07 1.0 0.0e+00 0.0e+00 0.0e+00  0  0  0  0  0  36 25  0  0  0  5524
VecScatterBegin       20 1.0 6.2571e-0368.7 0.00e+00 0.0 1.3e+03 3.5e+04 0.0e+00  0  0  0  0  0   2  0100100  0     0
VecScatterEnd         20 1.0 4.0755e-0378.8 0.00e+00 0.0 0.0e+00 0.0e+00 0.0e+00  0  0  0  0  0   1  0  0  0  0     0
MatMult               20 1.0 1.5828e-01 1.1 4.50e+07 1.0 1.3e+03 3.5e+04 0.0e+00  0  0  0  0  0  64 75100100  0  9053
------------------------------------------------------------------------------------------------------------------------

Memory usage is given in bytes:

Object Type          Creations   Destructions     Memory  Descendants' Mem.
Reports information only for process 0.

--- Event Stage 0: Main Stage

              Vector     0             44    134839136     0
      Vector Scatter     0             12      8012720     0
              Matrix     0             14    186986816     0
   Matrix Null Space     0              1          596     0
    Distributed Mesh     0              6        28464     0
Star Forest Bipartite Graph     0             12         9600     0
     Discrete System     0              6         4752     0
   IS L to G Mapping     0              4      4415280     0
       Krylov Solver     0              2         2448     0
      Preconditioner     0              2         1648     0
              Viewer     2              1          744     0

--- Event Stage 1: initialize

              Vector    50             12        18560     0
      Vector Scatter    12              0            0     0
              Matrix    14              0            0     0
   Matrix Null Space     1              0            0     0
    Distributed Mesh     6              0            0     0
Star Forest Bipartite Graph    13              1          856     0
     Discrete System     6              0            0     0
           Index Set    16             16      4464956     0
   IS L to G Mapping     4              0            0     0
       Krylov Solver     2              0            0     0
      Preconditioner     2              0            0     0

--- Event Stage 2: RHSVelocity


--- Event Stage 3: solveVelocity

              Vector    23             20    120031360     0

--- Event Stage 4: RHSPoisson


--- Event Stage 5: solvePoisson

              Vector    23             20     40031360     0

--- Event Stage 6: projectionStep

========================================================================================================================
Average time to get PetscTime(): 1.19209e-07
Average time for MPI_Barrier(): 3.5429e-05
Average time for zero size MPI_Send(): 2.5034e-06
#PETSc Option Table entries:
-caseFolder .
-log_summary
-sys1_pc_type none
-sys2_pc_type none
#End of PETSc Option Table entries
Compiled without FORTRAN kernels
Compiled with full precision matrices (default)
sizeof(short) 2 sizeof(int) 4 sizeof(long) 8 sizeof(void*) 8 sizeof(PetscScalar) 8 sizeof(PetscInt) 4
Configure options: --PETSC_ARCH=linux-mpich-3.1-4-gnu-opt ---with-mpi-dir=/c1/apps/mpich/3.1.4/bin --with-blas-lib=/c1/apps/blas/gcc/1/lib64/libblas.a --with-lapack-lib=/c1/apps/lapack/gcc/3.4.1/lib/liblapack.a --with-shared-libraries=0 --with-debugging=0
-----------------------------------------
Libraries compiled on Mon Jun 22 14:19:00 2015 on login4.colonialone.gwu.edu 
Machine characteristics: Linux-2.6.32-504.12.2.el6.x86_64-x86_64-with-redhat-6.6-Santiago
Using PETSc directory: /home/mesnardo/src/petsc/3.5.2
Using PETSc arch: linux-mpich-3.1-4-gnu-opt
-----------------------------------------

Using C compiler: mpicc  -Wall -Wwrite-strings -Wno-strict-aliasing -Wno-unknown-pragmas -O  ${COPTFLAGS} ${CFLAGS}
Using Fortran compiler: mpif90  -Wall -Wno-unused-variable -ffree-line-length-0 -Wno-unused-dummy-argument -O   ${FOPTFLAGS} ${FFLAGS} 
-----------------------------------------

Using include paths: -I/home/mesnardo/src/petsc/3.5.2/linux-mpich-3.1-4-gnu-opt/include -I/home/mesnardo/src/petsc/3.5.2/include -I/home/mesnardo/src/petsc/3.5.2/include -I/home/mesnardo/src/petsc/3.5.2/linux-mpich-3.1-4-gnu-opt/include -I/c1/apps/mpich/3.1.4/include
-----------------------------------------

Using C linker: mpicc
Using Fortran linker: mpif90
Using libraries: -Wl,-rpath,/home/mesnardo/src/petsc/3.5.2/linux-mpich-3.1-4-gnu-opt/lib -L/home/mesnardo/src/petsc/3.5.2/linux-mpich-3.1-4-gnu-opt/lib -lpetsc -Wl,-rpath,/c1/apps/lapack/gcc/3.4.1/lib -L/c1/apps/lapack/gcc/3.4.1/lib -llapack -Wl,-rpath,/c1/apps/blas/gcc/1/lib64 -L/c1/apps/blas/gcc/1/lib64 -lblas -lX11 -lpthread -lssl -lcrypto -L/c1/apps/mpich/3.1.4/lib -L/cm/shared/apps/gcc/4.7.0/lib/gcc/x86_64-unknown-linux-gnu/4.7.0 -L/cm/shared/apps/gcc/4.7.0/lib64 -L/cm/shared/apps/gcc/4.7.0/lib -lmpifort -lgfortran -lm -Wl,-rpath,/c1/apps/mpich/3.1.4/lib -lgfortran -lm -lquadmath -lm -lmpicxx -lstdc++ -L/c1/apps/mpich/3.1.4/lib -L/cm/shared/apps/gcc/4.7.0/lib/gcc/x86_64-unknown-linux-gnu/4.7.0 -L/cm/shared/apps/gcc/4.7.0/lib64 -L/cm/shared/apps/gcc/4.7.0/lib -ldl -Wl,-rpath,/c1/apps/mpich/3.1.4/lib -lmpi -lgcc_s -ldl  
-----------------------------------------

