
---------------------------------------
Flow
---------------------------------------
solver: Navier-Stokes
viscosity: 0.01

---------------------------------------
Mesh
---------------------------------------
size: 200 x 200 x 200

---------------------------------------
Time-stepping
---------------------------------------
convection: 2nd-order Adams-Bashforth
diffusion : Crank-Nicolson
time-increment      : 0.0025
starting time-step  : 0
number of time-steps: 20
saving-interval     : 100

---------------------------------------
Linear system for intermediate velocity
---------------------------------------
solver: cg
preconditioner: none
relative tolerance: 1e-06
absolute tolerance: 1e-50
maximum iterations: 10000

---------------------------------------
Linear system for pressure-force
---------------------------------------
solver: cg
preconditioner: none
relative tolerance: 1e-06
absolute tolerance: 1e-50
maximum iterations: 20000

---------------------------------------
************************************************************************************************************************
***             WIDEN YOUR WINDOW TO 120 CHARACTERS.  Use 'enscript -r -fCourier9' to print this document            ***
************************************************************************************************************************

---------------------------------------------- PETSc Performance Summary: ----------------------------------------------

/home/mesnardo/src/PetIBM/bin/PetIBM3d on a linux-mpich2-gnu-opt named node109 with 32 processors, by mesnardo Fri Jun  5 09:41:58 2015
Using Petsc Release Version 3.5.2, Sep, 08, 2014 

                         Max       Max/Min        Avg      Total 
Time (sec):           2.771e+02      1.00000   2.771e+02
Objects:              1.740e+02      1.00000   1.740e+02
Flops:                8.502e+10      1.00409   8.486e+10  2.715e+12
Flops/sec:            3.068e+08      1.00409   3.062e+08  9.799e+09
MPI Messages:         6.708e+04      1.67624   5.352e+04  1.713e+06
MPI Message Lengths:  2.468e+09      1.80120   3.587e+04  6.142e+10
MPI Reductions:       6.692e+04      1.00000

Flop counting convention: 1 flop = 1 real number operation of type (multiply/divide/add/subtract)
                            e.g., VecAXPY() for real vectors of length N --> 2N flops
                            and VecAXPY() for complex vectors of length N --> 8N flops

Summary of Stages:   ----- Time ------  ----- Flops -----  --- Messages ---  -- Message Lengths --  -- Reductions --
                        Avg     %Total     Avg     %Total   counts   %Total     Avg         %Total   counts   %Total 
 0:      Main Stage: 6.1230e-02   0.0%  0.0000e+00   0.0%  0.000e+00   0.0%  0.000e+00        0.0%  0.000e+00   0.0% 
 1:      initialize: 1.5436e+00   0.6%  9.0457e+08   0.0%  6.336e+03   0.4%  4.937e+01        0.1%  1.330e+02   0.2% 
 2:     RHSVelocity: 3.1224e+00   1.1%  9.5520e+08   0.0%  2.208e+04   1.3%  1.598e+02        0.4%  0.000e+00   0.0% 
 3:   solveVelocity: 1.1314e+01   4.1%  1.3745e+11   5.1%  3.046e+04   1.8%  1.862e+03        5.2%  6.940e+02   1.0% 
 4:      RHSPoisson: 1.7068e-01   0.1%  2.0704e+09   0.1%  1.280e+03   0.1%  2.616e+01        0.1%  0.000e+00   0.0% 
 5:    solvePoisson: 2.5992e+02  93.8%  2.5722e+12  94.7%  1.651e+06  96.4%  3.374e+04       94.1%  5.160e+04  77.1% 
 6:  projectionStep: 2.7226e-01   0.1%  1.9104e+09   0.1%  1.280e+03   0.1%  2.616e+01        0.1%  0.000e+00   0.0% 

------------------------------------------------------------------------------------------------------------------------
See the 'Profiling' chapter of the users' manual for details on interpreting output.
Phase summary info:
   Count: number of times phase was executed
   Time and Flops: Max - maximum over all processors
                   Ratio - ratio of maximum to minimum over all processors
   Mess: number of messages sent
   Avg. len: average message length (bytes)
   Reduct: number of global reductions
   Global: entire computation
   Stage: stages of a computation. Set stages with PetscLogStagePush() and PetscLogStagePop().
      %T - percent time in this phase         %F - percent flops in this phase
      %M - percent messages in this phase     %L - percent message lengths in this phase
      %R - percent reductions in this phase
   Total Mflop/s: 10e-6 * (sum of flops over all processors)/(max time over all processors)
------------------------------------------------------------------------------------------------------------------------
Event                Count      Time (sec)     Flops                             --- Global ---  --- Stage ---   Total
                   Max Ratio  Max     Ratio   Max  Ratio  Mess   Avg len Reduct  %T %F %M %L %R  %T %F %M %L %R Mflop/s
------------------------------------------------------------------------------------------------------------------------

--- Event Stage 0: Main Stage


--- Event Stage 1: initialize

VecSet                15 1.0 3.3324e-02 2.1 0.00e+00 0.0 0.0e+00 0.0e+00 0.0e+00  0  0  0  0  0   1  0  0  0  0     0
VecScatterBegin        8 1.0 1.5172e-02 2.7 0.00e+00 0.0 2.5e+03 1.8e+04 0.0e+00  0  0  0  0  0   0  0 39 54  0     0
VecScatterEnd          8 1.0 6.5964e-02 1.7 0.00e+00 0.0 0.0e+00 0.0e+00 0.0e+00  0  0  0  0  0   3  0  0  0  0     0
MatScale               4 1.0 1.0515e-01 1.4 2.25e+07 1.0 1.3e+02 1.0e+05 0.0e+00  0  0  0  0  0   6 79  2 16  0  6786
MatAssemblyBegin       8 1.0 1.9300e-0113.7 0.00e+00 0.0 1.9e+02 2.3e+04 1.2e+01  0  0  0  0  0   8  0  3  5  9     0
MatAssemblyEnd         8 1.0 2.2996e-01 1.0 0.00e+00 0.0 7.7e+02 1.5e+04 3.2e+01  0  0  0  0  0  14  0 12 13 24     0
MatTranspose           1 1.0 1.2810e-01 1.0 0.00e+00 0.0 5.1e+02 1.5e+04 1.3e+01  0  0  0  0  0   8  0  8  9 10     0
MatMatMult             1 1.0 2.3604e-01 1.0 5.99e+06 1.0 5.1e+02 2.8e+04 1.6e+01  0  0  0  0  0  15 21  8 17 12   809
MatMatMultSym          1 1.0 1.8906e-01 1.0 0.00e+00 0.0 4.5e+02 2.3e+04 1.4e+01  0  0  0  0  0  12  0  7 12 11     0
MatMatMultNum          1 1.0 4.8223e-02 1.0 5.99e+06 1.0 6.4e+01 7.0e+04 2.0e+00  0  0  0  0  0   3 21  1  5  2  3962
MatGetLocalMat         2 1.0 7.9614e-02 1.7 0.00e+00 0.0 0.0e+00 0.0e+00 0.0e+00  0  0  0  0  0   4  0  0  0  0     0
MatGetBrAoCol          2 1.0 2.0715e-02 4.6 0.00e+00 0.0 2.6e+02 4.8e+04 0.0e+00  0  0  0  0  0   1  0  4 15  0     0
SFSetGraph             1 1.0 3.4595e-0485.4 0.00e+00 0.0 0.0e+00 0.0e+00 0.0e+00  0  0  0  0  0   0  0  0  0  0     0
SFReduceBegin          1 1.0 3.8199e-0318.8 0.00e+00 0.0 1.9e+02 1.2e+04 1.0e+00  0  0  0  0  0   0  0  3  3  1     0
SFReduceEnd            1 1.0 2.1911e-03316.9 0.00e+00 0.0 0.0e+00 0.0e+00 0.0e+00  0  0  0  0  0   0  0  0  0  0     0
generateQTBNQ          1 1.0 2.3605e-01 1.0 5.99e+06 1.0 5.1e+02 2.8e+04 1.6e+01  0  0  0  0  0  15 21  8 17 12   809

--- Event Stage 2: RHSVelocity

VecSet                20 1.0 6.8249e-02 2.9 0.00e+00 0.0 0.0e+00 0.0e+00 0.0e+00  0  0  0  0  0   1  0  0  0  0     0
VecWAXPY              20 1.0 1.1242e-01 2.6 1.50e+07 1.0 0.0e+00 0.0e+00 0.0e+00  0  0  0  0  0   2 50  0  0  0  4248
VecPointwiseMult      20 1.0 8.7200e-02 2.1 1.50e+07 1.0 0.0e+00 0.0e+00 0.0e+00  0  0  0  0  0   2 50  0  0  0  5477
VecScatterBegin       60 1.0 1.1727e-01 2.4 0.00e+00 0.0 2.2e+04 1.2e+04 0.0e+00  0  0  1  0  0   3  0100100  0     0
VecScatterEnd         60 1.0 2.3698e-01 4.8 0.00e+00 0.0 0.0e+00 0.0e+00 0.0e+00  0  0  0  0  0   5  0  0  0  0     0

--- Event Stage 3: solveVelocity

VecTDot              436 1.0 3.3475e+00 3.1 6.54e+08 1.0 0.0e+00 0.0e+00 4.4e+02  1  1  0  0  1  20 15  0  0 63  6221
VecNorm              258 1.0 1.7965e+00 5.3 3.87e+08 1.0 0.0e+00 0.0e+00 2.6e+02  0  0  0  0  0  10  9  0  0 37  6859
VecCopy              278 1.0 1.5171e+00 2.1 0.00e+00 0.0 0.0e+00 0.0e+00 0.0e+00  0  0  0  0  0   9  0  0  0  0     0
VecAXPY              436 1.0 2.1109e+00 1.7 6.54e+08 1.0 0.0e+00 0.0e+00 0.0e+00  1  1  0  0  0  14 15  0  0  0  9865
VecAYPX              218 1.0 1.2041e+00 2.1 3.12e+08 1.0 0.0e+00 0.0e+00 0.0e+00  0  0  0  0  0   8  7  0  0  0  8250
VecScatterBegin      238 1.0 3.2188e-01 3.0 0.00e+00 0.0 3.0e+04 1.0e+05 0.0e+00  0  0  2  5  0   2  0100100  0     0
VecScatterEnd        238 1.0 1.5374e+0018.9 0.00e+00 0.0 0.0e+00 0.0e+00 0.0e+00  0  0  0  0  0   4  0  0  0  0     0
MatMult              238 1.0 5.4614e+00 1.5 2.32e+09 1.0 3.0e+04 1.0e+05 0.0e+00  2  3  2  5  0  39 54100100  0 13466
KSPSetUp               1 1.0 1.9244e-02 2.2 0.00e+00 0.0 0.0e+00 0.0e+00 0.0e+00  0  0  0  0  0   0  0  0  0  0     0
KSPSolve              20 1.0 1.1413e+01 1.0 4.32e+09 1.0 3.0e+04 1.0e+05 6.9e+02  4  5  2  5  1 100100100100100 12043
PCSetUp                1 1.0 1.1921e-06 0.0 0.00e+00 0.0 0.0e+00 0.0e+00 0.0e+00  0  0  0  0  0   0  0  0  0  0     0
PCApply              258 1.0 1.4124e+00 2.1 0.00e+00 0.0 0.0e+00 0.0e+00 0.0e+00  0  0  0  0  0   8  0  0  0  0     0

--- Event Stage 4: RHSPoisson

VecScale              20 1.0 2.2377e-02 4.2 5.00e+06 1.0 0.0e+00 0.0e+00 0.0e+00  0  0  0  0  0   5  8  0  0  0  7150
VecSet                20 1.0 1.8817e-02 2.2 0.00e+00 0.0 0.0e+00 0.0e+00 0.0e+00  0  0  0  0  0   6  0  0  0  0     0
VecScatterBegin       20 1.0 1.0088e-0264.8 0.00e+00 0.0 1.3e+03 3.5e+04 0.0e+00  0  0  0  0  0   2  0100100  0     0
VecScatterEnd         20 1.0 3.2933e-0340.6 0.00e+00 0.0 0.0e+00 0.0e+00 0.0e+00  0  0  0  0  0   1  0  0  0  0     0
MatMultAdd            20 1.0 1.9873e-01 1.8 5.99e+07 1.0 1.3e+03 3.5e+04 0.0e+00  0  0  0  0  0  87 92100100  0  9613

--- Event Stage 5: solvePoisson

VecTDot            25758 1.0 1.0913e+02 3.8 1.29e+10 1.0 0.0e+00 0.0e+00 2.6e+04 26 15  0  0 38  28 16  0  0 50  3776
VecNorm            12919 1.0 6.2808e+00 1.5 6.46e+09 1.0 0.0e+00 0.0e+00 1.3e+04  2  8  0  0 19   2  8  0  0 25 32911
VecCopy            12939 1.0 2.4904e+01 2.3 0.00e+00 0.0 0.0e+00 0.0e+00 0.0e+00  6  0  0  0  0   6  0  0  0  0     0
VecAXPY            25758 1.0 3.8022e+01 1.7 1.29e+10 1.0 0.0e+00 0.0e+00 0.0e+00 11 15  0  0  0  11 16  0  0  0 10839
VecAYPX            12879 1.0 2.2550e+01 2.2 6.43e+09 1.0 0.0e+00 0.0e+00 0.0e+00  6  8  0  0  0   6  8  0  0  0  9131
VecScatterBegin    12899 1.0 6.7977e+00 5.1 0.00e+00 0.0 1.7e+06 3.5e+04 0.0e+00  1  0 96 94  0   1  0100100  0     0
VecScatterEnd      12899 1.0 4.2442e+00 5.1 0.00e+00 0.0 0.0e+00 0.0e+00 0.0e+00  1  0  0  0  0   1  0  0  0  0     0
MatMult            12899 1.0 1.3682e+02 2.1 4.19e+10 1.0 1.7e+06 3.5e+04 0.0e+00 35 49 96 94  0  38 52100100  0  9759
KSPSetUp               1 1.0 3.5088e-03 2.5 0.00e+00 0.0 0.0e+00 0.0e+00 0.0e+00  0  0  0  0  0   0  0  0  0  0     0
KSPSolve              20 1.0 2.5996e+02 1.0 8.05e+10 1.0 1.7e+06 3.5e+04 5.2e+04 94 95 96 94 77 100100100100100  9894
PCSetUp                1 1.0 1.1921e-06 0.0 0.00e+00 0.0 0.0e+00 0.0e+00 0.0e+00  0  0  0  0  0   0  0  0  0  0     0
PCApply            12919 1.0 2.4904e+01 2.3 0.00e+00 0.0 0.0e+00 0.0e+00 0.0e+00  6  0  0  0  0   6  0  0  0  0     0

--- Event Stage 6: projectionStep

VecWAXPY              20 1.0 1.1824e-01 1.8 1.50e+07 1.0 0.0e+00 0.0e+00 0.0e+00  0  0  0  0  0  32 25  0  0  0  4039
VecScatterBegin       20 1.0 1.4137e-02197.0 0.00e+00 0.0 1.3e+03 3.5e+04 0.0e+00  0  0  0  0  0   2  0100100  0     0
VecScatterEnd         20 1.0 4.3752e-0319.2 0.00e+00 0.0 0.0e+00 0.0e+00 0.0e+00  0  0  0  0  0   1  0  0  0  0     0
MatMult               20 1.0 2.3723e-01 1.7 4.50e+07 1.0 1.3e+03 3.5e+04 0.0e+00  0  0  0  0  0  68 75100100  0  6040
------------------------------------------------------------------------------------------------------------------------

Memory usage is given in bytes:

Object Type          Creations   Destructions     Memory  Descendants' Mem.
Reports information only for process 0.

--- Event Stage 0: Main Stage

              Vector     0             44    134839136     0
      Vector Scatter     0             12      8012720     0
              Matrix     0             14    186986816     0
   Matrix Null Space     0              1          596     0
    Distributed Mesh     0              6        28464     0
Star Forest Bipartite Graph     0             12         9600     0
     Discrete System     0              6         4752     0
   IS L to G Mapping     0              4      4415280     0
       Krylov Solver     0              2         2448     0
      Preconditioner     0              2         1648     0
              Viewer     2              1          744     0

--- Event Stage 1: initialize

              Vector    50             12        18560     0
      Vector Scatter    12              0            0     0
              Matrix    14              0            0     0
   Matrix Null Space     1              0            0     0
    Distributed Mesh     6              0            0     0
Star Forest Bipartite Graph    13              1          856     0
     Discrete System     6              0            0     0
           Index Set    16             16      4464956     0
   IS L to G Mapping     4              0            0     0
       Krylov Solver     2              0            0     0
      Preconditioner     2              0            0     0

--- Event Stage 2: RHSVelocity


--- Event Stage 3: solveVelocity

              Vector    23             20    120031360     0

--- Event Stage 4: RHSPoisson


--- Event Stage 5: solvePoisson

              Vector    23             20     40031360     0

--- Event Stage 6: projectionStep

========================================================================================================================
Average time to get PetscTime(): 0
Average time for MPI_Barrier(): 4.68254e-05
Average time for zero size MPI_Send(): 3.50177e-06
#PETSc Option Table entries:
-caseFolder .
-log_summary
-sys1_pc_type none
-sys2_pc_type none
#End of PETSc Option Table entries
Compiled without FORTRAN kernels
Compiled with full precision matrices (default)
sizeof(short) 2 sizeof(int) 4 sizeof(long) 8 sizeof(void*) 8 sizeof(PetscScalar) 8 sizeof(PetscInt) 4
Configure options: COPTFLAGS=-O3 CXXOPTFLAGS=-O3 FOPTFLAGS=-O3 --PETSC_ARCH=linux-mpich2-gnu-opt --with-debugging=0 --with-mpi-dir=/cm/shared/apps/mpich2/ge/gcc/64/1.4.1p1/bin --with-blas-lib=/c1/apps/blas/gcc/1/lib64/libblas.a --with-lapack-lib=/c1/apps/lapack/gcc/3.4.1/lib/liblapack.a --with-shared-libraries=0
-----------------------------------------
Libraries compiled on Thu May 28 11:06:57 2015 on login3.colonialone.gwu.edu 
Machine characteristics: Linux-2.6.32-504.12.2.el6.x86_64-x86_64-with-redhat-6.6-Santiago
Using PETSc directory: /home/mesnardo/src/petsc/3.5.2
Using PETSc arch: linux-mpich2-gnu-opt
-----------------------------------------

Using C compiler: mpicc  -Wall -Wwrite-strings -Wno-strict-aliasing -Wno-unknown-pragmas -O3  ${COPTFLAGS} ${CFLAGS}
Using Fortran compiler: mpif90  -Wall -Wno-unused-variable -ffree-line-length-0 -Wno-unused-dummy-argument -O3   ${FOPTFLAGS} ${FFLAGS} 
-----------------------------------------

Using include paths: -I/home/mesnardo/src/petsc/3.5.2/linux-mpich2-gnu-opt/include -I/home/mesnardo/src/petsc/3.5.2/include -I/home/mesnardo/src/petsc/3.5.2/include -I/home/mesnardo/src/petsc/3.5.2/linux-mpich2-gnu-opt/include -I/cm/shared/apps/mpich2/ge/gcc/64/1.4.1p1/bin/include -I/cm/shared/apps/mpich2/ge/gcc/64/1.4.1p1/include
-----------------------------------------

Using C linker: mpicc
Using Fortran linker: mpif90
Using libraries: -Wl,-rpath,/home/mesnardo/src/petsc/3.5.2/linux-mpich2-gnu-opt/lib -L/home/mesnardo/src/petsc/3.5.2/linux-mpich2-gnu-opt/lib -lpetsc -Wl,-rpath,/c1/apps/lapack/gcc/3.4.1/lib -L/c1/apps/lapack/gcc/3.4.1/lib -llapack -Wl,-rpath,/c1/apps/blas/gcc/1/lib64 -L/c1/apps/blas/gcc/1/lib64 -lblas -lX11 -lpthread -lssl -lcrypto -lm -L/cm/shared/apps/mpich2/ge/gcc/64/1.4.1p1/lib -L/cm/shared/apps/gcc/4.7.0/lib/gcc/x86_64-unknown-linux-gnu/4.7.0 -L/cm/shared/apps/gcc/4.7.0/lib64 -L/cm/shared/apps/gcc/4.7.0/lib -lmpichf90 -lgfortran -lm -Wl,-rpath,/cm/shared/apps/mpich2/ge/gcc/64/1.4.1p1/lib -lgfortran -lm -lquadmath -lm -lmpichcxx -lstdc++ -L/cm/shared/apps/mpich2/ge/gcc/64/1.4.1p1/lib -L/cm/shared/apps/gcc/4.7.0/lib/gcc/x86_64-unknown-linux-gnu/4.7.0 -L/cm/shared/apps/gcc/4.7.0/lib64 -L/cm/shared/apps/gcc/4.7.0/lib -ldl -Wl,-rpath,/cm/shared/apps/mpich2/ge/gcc/64/1.4.1p1/lib -lmpich -lopa -lmpl -lrt -lpthread -lgcc_s -ldl  
-----------------------------------------

