
---------------------------------------
Flow
---------------------------------------
solver: Navier-Stokes
viscosity: 0.01

---------------------------------------
Mesh
---------------------------------------
size: 200 x 200 x 200

---------------------------------------
Time-stepping
---------------------------------------
convection: 2nd-order Adams-Bashforth
diffusion : Crank-Nicolson
time-increment      : 0.0025
starting time-step  : 0
number of time-steps: 20
saving-interval     : 100

---------------------------------------
Linear system for intermediate velocity
---------------------------------------
solver: cg
preconditioner: none
relative tolerance: 1e-06
absolute tolerance: 1e-50
maximum iterations: 10000

---------------------------------------
Linear system for pressure-force
---------------------------------------
solver: cg
preconditioner: none
relative tolerance: 1e-06
absolute tolerance: 1e-50
maximum iterations: 20000

---------------------------------------
************************************************************************************************************************
***             WIDEN YOUR WINDOW TO 120 CHARACTERS.  Use 'enscript -r -fCourier9' to print this document            ***
************************************************************************************************************************

---------------------------------------------- PETSc Performance Summary: ----------------------------------------------

/home/mesnardo/src/PetIBM/linux-openmpi-1.8-gcc-4.9.2-opt/PetIBM3d on a linux-openmpi-1.8-gcc-4.9.2-opt named node184 with 1 processor, by mesnardo Tue Jun 16 11:54:07 2015
Using Petsc Release Version 3.5.2, Sep, 08, 2014 

                         Max       Max/Min        Avg      Total 
Time (sec):           3.712e+03      1.00000   3.712e+03
Objects:              1.430e+02      1.00000   1.430e+02
Flops:                2.716e+12      1.00000   2.716e+12  2.716e+12
Flops/sec:            7.315e+08      1.00000   7.315e+08  7.315e+08
MPI Messages:         0.000e+00      0.00000   0.000e+00  0.000e+00
MPI Message Lengths:  0.000e+00      0.00000   0.000e+00  0.000e+00
MPI Reductions:       0.000e+00      0.00000

Flop counting convention: 1 flop = 1 real number operation of type (multiply/divide/add/subtract)
                            e.g., VecAXPY() for real vectors of length N --> 2N flops
                            and VecAXPY() for complex vectors of length N --> 8N flops

Summary of Stages:   ----- Time ------  ----- Flops -----  --- Messages ---  -- Message Lengths --  -- Reductions --
                        Avg     %Total     Avg     %Total   counts   %Total     Avg         %Total   counts   %Total 
 0:      Main Stage: 3.5907e-01   0.0%  0.0000e+00   0.0%  0.000e+00   0.0%  0.000e+00        0.0%  0.000e+00   0.0% 
 1:      initialize: 1.8691e+01   0.5%  9.6033e+08   0.0%  0.000e+00   0.0%  0.000e+00        0.0%  0.000e+00   0.0% 
 2:     RHSVelocity: 9.0147e+01   2.4%  9.5520e+08   0.0%  0.000e+00   0.0%  0.000e+00        0.0%  0.000e+00   0.0% 
 3:   solveVelocity: 1.6528e+02   4.5%  1.3745e+11   5.1%  0.000e+00   0.0%  0.000e+00        0.0%  0.000e+00   0.0% 
 4:      RHSPoisson: 2.4822e+00   0.1%  2.0704e+09   0.1%  0.000e+00   0.0%  0.000e+00        0.0%  0.000e+00   0.0% 
 5:    solvePoisson: 3.4319e+03  92.4%  2.5722e+12  94.7%  0.000e+00   0.0%  0.000e+00        0.0%  0.000e+00   0.0% 
 6:  projectionStep: 3.3832e+00   0.1%  1.9104e+09   0.1%  0.000e+00   0.0%  0.000e+00        0.0%  0.000e+00   0.0% 

------------------------------------------------------------------------------------------------------------------------
See the 'Profiling' chapter of the users' manual for details on interpreting output.
Phase summary info:
   Count: number of times phase was executed
   Time and Flops: Max - maximum over all processors
                   Ratio - ratio of maximum to minimum over all processors
   Mess: number of messages sent
   Avg. len: average message length (bytes)
   Reduct: number of global reductions
   Global: entire computation
   Stage: stages of a computation. Set stages with PetscLogStagePush() and PetscLogStagePop().
      %T - percent time in this phase         %F - percent flops in this phase
      %M - percent messages in this phase     %L - percent message lengths in this phase
      %R - percent reductions in this phase
   Total Mflop/s: 10e-6 * (sum of flops over all processors)/(max time over all processors)
------------------------------------------------------------------------------------------------------------------------
Event                Count      Time (sec)     Flops                             --- Global ---  --- Stage ---   Total
                   Max Ratio  Max     Ratio   Max  Ratio  Mess   Avg len Reduct  %T %F %M %L %R  %T %F %M %L %R Mflop/s
------------------------------------------------------------------------------------------------------------------------

--- Event Stage 0: Main Stage


--- Event Stage 1: initialize

VecSet                21 1.0 5.1824e-01 1.0 0.00e+00 0.0 0.0e+00 0.0e+00 0.0e+00  0  0  0  0  0   3  0  0  0  0     0
VecScatterBegin        7 1.0 9.5325e-02 1.0 0.00e+00 0.0 0.0e+00 0.0e+00 0.0e+00  0  0  0  0  0   1  0  0  0  0     0
MatScale               4 1.0 9.5928e-01 1.0 7.14e+08 1.0 0.0e+00 0.0e+00 0.0e+00  0  0  0  0  0   5 74  0  0  0   744
MatAssemblyBegin       6 1.0 1.1921e-06 1.0 0.00e+00 0.0 0.0e+00 0.0e+00 0.0e+00  0  0  0  0  0   0  0  0  0  0     0
MatAssemblyEnd         6 1.0 2.2927e+00 1.0 0.00e+00 0.0 0.0e+00 0.0e+00 0.0e+00  0  0  0  0  0  12  0  0  0  0     0
MatTranspose           1 1.0 1.9458e+00 1.0 0.00e+00 0.0 0.0e+00 0.0e+00 0.0e+00  0  0  0  0  0  10  0  0  0  0     0
MatMatMult             1 1.0 2.6730e+00 1.0 2.47e+08 1.0 0.0e+00 0.0e+00 0.0e+00  0  0  0  0  0  14 26  0  0  0    92
MatMatMultSym          1 1.0 1.6000e+00 1.0 0.00e+00 0.0 0.0e+00 0.0e+00 0.0e+00  0  0  0  0  0   9  0  0  0  0     0
MatMatMultNum          1 1.0 1.0729e+00 1.0 2.47e+08 1.0 0.0e+00 0.0e+00 0.0e+00  0  0  0  0  0   6 26  0  0  0   230
generateQTBNQ          1 1.0 2.6730e+00 1.0 2.47e+08 1.0 0.0e+00 0.0e+00 0.0e+00  0  0  0  0  0  14 26  0  0  0    92

--- Event Stage 2: RHSVelocity

VecSet                20 1.0 8.4097e-01 1.0 0.00e+00 0.0 0.0e+00 0.0e+00 0.0e+00  0  0  0  0  0   1  0  0  0  0     0
VecWAXPY              20 1.0 1.0170e+00 1.0 4.78e+08 1.0 0.0e+00 0.0e+00 0.0e+00  0  0  0  0  0   1 50  0  0  0   470
VecPointwiseMult      20 1.0 6.9064e-01 1.0 4.78e+08 1.0 0.0e+00 0.0e+00 0.0e+00  0  0  0  0  0   1 50  0  0  0   692
VecScatterBegin       60 1.0 9.5076e-01 1.0 0.00e+00 0.0 0.0e+00 0.0e+00 0.0e+00  0  0  0  0  0   1  0  0  0  0     0

--- Event Stage 3: solveVelocity

VecTDot              436 1.0 1.9228e+01 1.0 2.08e+10 1.0 0.0e+00 0.0e+00 0.0e+00  1  1  0  0  0  12 15  0  0  0  1083
VecNorm              258 1.0 9.3850e+00 1.0 1.23e+10 1.0 0.0e+00 0.0e+00 0.0e+00  0  0  0  0  0   6  9  0  0  0  1313
VecCopy              278 1.0 3.3720e+01 1.0 0.00e+00 0.0 0.0e+00 0.0e+00 0.0e+00  1  0  0  0  0  20  0  0  0  0     0
VecAXPY              436 1.0 1.9715e+01 1.0 2.08e+10 1.0 0.0e+00 0.0e+00 0.0e+00  1  1  0  0  0  12 15  0  0  0  1056
VecAYPX              218 1.0 1.1136e+01 1.0 9.93e+09 1.0 0.0e+00 0.0e+00 0.0e+00  0  0  0  0  0   7  7  0  0  0   892
MatMult              238 1.0 6.8778e+01 1.0 7.35e+10 1.0 0.0e+00 0.0e+00 0.0e+00  2  3  0  0  0  42 54  0  0  0  1069
KSPSetUp               1 1.0 4.4330e-01 1.0 0.00e+00 0.0 0.0e+00 0.0e+00 0.0e+00  0  0  0  0  0   0  0  0  0  0     0
KSPSolve              20 1.0 1.6528e+02 1.0 1.37e+11 1.0 0.0e+00 0.0e+00 0.0e+00  4  5  0  0  0 100100  0  0  0   832
PCSetUp                1 1.0 0.0000e+00 0.0 0.00e+00 0.0 0.0e+00 0.0e+00 0.0e+00  0  0  0  0  0   0  0  0  0  0     0
PCApply              258 1.0 3.1293e+01 1.0 0.00e+00 0.0 0.0e+00 0.0e+00 0.0e+00  1  0  0  0  0  19  0  0  0  0     0

--- Event Stage 4: RHSPoisson

VecScale              20 1.0 1.6052e-01 1.0 1.60e+08 1.0 0.0e+00 0.0e+00 0.0e+00  0  0  0  0  0   6  8  0  0  0   997
VecSet                20 1.0 2.8699e-01 1.0 0.00e+00 0.0 0.0e+00 0.0e+00 0.0e+00  0  0  0  0  0  12  0  0  0  0     0
MatMultAdd            20 1.0 1.9892e+00 1.0 1.91e+09 1.0 0.0e+00 0.0e+00 0.0e+00  0  0  0  0  0  80 92  0  0  0   960

--- Event Stage 5: solvePoisson

VecTDot            25758 1.0 3.8308e+02 1.0 4.12e+11 1.0 0.0e+00 0.0e+00 0.0e+00 10 15  0  0  0  11 16  0  0  0  1076
VecNorm            12919 1.0 1.6209e+02 1.0 2.07e+11 1.0 0.0e+00 0.0e+00 0.0e+00  4  8  0  0  0   5  8  0  0  0  1275
VecCopy            12939 1.0 5.2425e+02 1.0 0.00e+00 0.0 0.0e+00 0.0e+00 0.0e+00 14  0  0  0  0  15  0  0  0  0     0
VecAXPY            25758 1.0 3.8898e+02 1.0 4.12e+11 1.0 0.0e+00 0.0e+00 0.0e+00 10 15  0  0  0  11 16  0  0  0  1060
VecAYPX            12879 1.0 2.2159e+02 1.0 2.06e+11 1.0 0.0e+00 0.0e+00 0.0e+00  6  8  0  0  0   6  8  0  0  0   929
MatMult            12899 1.0 1.4472e+03 1.0 1.34e+12 1.0 0.0e+00 0.0e+00 0.0e+00 39 49  0  0  0  42 52  0  0  0   923
KSPSetUp               1 1.0 1.4296e-01 1.0 0.00e+00 0.0 0.0e+00 0.0e+00 0.0e+00  0  0  0  0  0   0  0  0  0  0     0
KSPSolve              20 1.0 3.4319e+03 1.0 2.57e+12 1.0 0.0e+00 0.0e+00 0.0e+00 92 95  0  0  0 100100  0  0  0   749
PCSetUp                1 1.0 0.0000e+00 0.0 0.00e+00 0.0 0.0e+00 0.0e+00 0.0e+00  0  0  0  0  0   0  0  0  0  0     0
PCApply            12919 1.0 5.2347e+02 1.0 0.00e+00 0.0 0.0e+00 0.0e+00 0.0e+00 14  0  0  0  0  15  0  0  0  0     0

--- Event Stage 6: projectionStep

VecWAXPY              20 1.0 9.9175e-01 1.0 4.78e+08 1.0 0.0e+00 0.0e+00 0.0e+00  0  0  0  0  0  29 25  0  0  0   482
MatMult               20 1.0 2.3914e+00 1.0 1.43e+09 1.0 0.0e+00 0.0e+00 0.0e+00  0  0  0  0  0  71 75  0  0  0   599
------------------------------------------------------------------------------------------------------------------------

Memory usage is given in bytes:

Object Type          Creations   Destructions     Memory  Descendants' Mem.
Reports information only for process 0.

--- Event Stage 0: Main Stage

              Vector     0             40   4227095712     0
      Vector Scatter     0              8         5216     0
              Matrix     0              4   4067719596     0
   Matrix Null Space     0              1          604     0
    Distributed Mesh     0              6        28512     0
Star Forest Bipartite Graph     0             12         9792     0
     Discrete System     0              6         4800     0
   IS L to G Mapping     0              4    131391264     0
       Krylov Solver     0              2         2464     0
      Preconditioner     0              2         1664     0
              Viewer     2              1          752     0

--- Event Stage 1: initialize

              Vector    42              8        12352     0
      Vector Scatter     8              0            0     0
              Matrix     4              0            0     0
   Matrix Null Space     1              0            0     0
    Distributed Mesh     6              0            0     0
Star Forest Bipartite Graph    12              0            0     0
     Discrete System     6              0            0     0
           Index Set     8              8    127526336     0
   IS L to G Mapping     4              0            0     0
       Krylov Solver     2              0            0     0
      Preconditioner     2              0            0     0

--- Event Stage 2: RHSVelocity


--- Event Stage 3: solveVelocity

              Vector    23             20   3820831520     0

--- Event Stage 4: RHSPoisson


--- Event Stage 5: solvePoisson

              Vector    23             20   1280031520     0

--- Event Stage 6: projectionStep

========================================================================================================================
Average time to get PetscTime(): 9.53674e-08
#PETSc Option Table entries:
-caseFolder .
-log_summary
-sys1_pc_type none
-sys2_pc_type none
#End of PETSc Option Table entries
Compiled without FORTRAN kernels
Compiled with full precision matrices (default)
sizeof(short) 2 sizeof(int) 4 sizeof(long) 8 sizeof(void*) 8 sizeof(PetscScalar) 8 sizeof(PetscInt) 4
Configure options: COPTFLAGS=-O3 CXXOPTFLAGS=-O3 FOPTFLAGS=-O3 --PETSC_ARCH=linux-openmpi-1.8-gcc-4.9.2-opt --with-debugging=0 --with-mpi-dir=/c1/apps/openmpi/1.8/gcc/4.9.2 --with-blas-lib=/c1/apps/blas/gcc/1/lib64/libblas.a --with-lapack-lib=/c1/apps/lapack/gcc/3.4.1/lib/liblapack.a --with-shared-libraries=0
-----------------------------------------
Libraries compiled on Thu Jun 11 19:17:23 2015 on login4.colonialone.gwu.edu 
Machine characteristics: Linux-2.6.32-504.12.2.el6.x86_64-x86_64-with-redhat-6.6-Santiago
Using PETSc directory: /home/mesnardo/src/petsc/3.5.2
Using PETSc arch: linux-openmpi-1.8-gcc-4.9.2-opt
-----------------------------------------

Using C compiler: /c1/apps/openmpi/1.8/gcc/4.9.2/bin/mpicc  -Wall -Wwrite-strings -Wno-strict-aliasing -Wno-unknown-pragmas -O3  ${COPTFLAGS} ${CFLAGS}
Using Fortran compiler: /c1/apps/openmpi/1.8/gcc/4.9.2/bin/mpif90  -Wall -Wno-unused-variable -ffree-line-length-0 -Wno-unused-dummy-argument -O3   ${FOPTFLAGS} ${FFLAGS} 
-----------------------------------------

Using include paths: -I/home/mesnardo/src/petsc/3.5.2/linux-openmpi-1.8-gcc-4.9.2-opt/include -I/home/mesnardo/src/petsc/3.5.2/include -I/home/mesnardo/src/petsc/3.5.2/include -I/home/mesnardo/src/petsc/3.5.2/linux-openmpi-1.8-gcc-4.9.2-opt/include -I/c1/apps/openmpi/1.8/gcc/4.9.2/include
-----------------------------------------

Using C linker: /c1/apps/openmpi/1.8/gcc/4.9.2/bin/mpicc
Using Fortran linker: /c1/apps/openmpi/1.8/gcc/4.9.2/bin/mpif90
Using libraries: -Wl,-rpath,/home/mesnardo/src/petsc/3.5.2/linux-openmpi-1.8-gcc-4.9.2-opt/lib -L/home/mesnardo/src/petsc/3.5.2/linux-openmpi-1.8-gcc-4.9.2-opt/lib -lpetsc -Wl,-rpath,/c1/apps/lapack/gcc/3.4.1/lib -L/c1/apps/lapack/gcc/3.4.1/lib -llapack -Wl,-rpath,/c1/apps/blas/gcc/1/lib64 -L/c1/apps/blas/gcc/1/lib64 -lblas -lX11 -lpthread -lssl -lcrypto -L/c1/apps/openmpi/1.8/gcc/4.9.2/lib -L/cm/shared/apps/gcc/4.7.0/lib/gcc/x86_64-unknown-linux-gnu/4.7.0 -L/cm/shared/apps/gcc/4.7.0/lib64 -L/cm/shared/apps/gcc/4.7.0/lib -lmpi_usempi -lmpi_mpifh -lgfortran -lm -Wl,-rpath,/c1/apps/openmpi/1.8/gcc/4.9.2/lib -lgfortran -lm -lquadmath -lm -lmpi_cxx -lstdc++ -L/c1/apps/openmpi/1.8/gcc/4.9.2/lib -L/cm/shared/apps/gcc/4.7.0/lib/gcc/x86_64-unknown-linux-gnu/4.7.0 -L/cm/shared/apps/gcc/4.7.0/lib64 -L/c1/apps/openmpi/1.8/gcc/4.9.2/lib -L/cm/shared/apps/gcc/4.7.0/lib -ldl -Wl,-rpath,/c1/apps/openmpi/1.8/gcc/4.9.2/lib -lmpi -lgcc_s -lpthread -ldl  
-----------------------------------------

