
---------------------------------------
Flow
---------------------------------------
solver: Navier-Stokes
viscosity: 0.01

---------------------------------------
Mesh
---------------------------------------
size: 100 x 100 x 100

---------------------------------------
Time-stepping
---------------------------------------
convection: 2nd-order Adams-Bashforth
diffusion : Crank-Nicolson
time-increment      : 0.0025
starting time-step  : 0
number of time-steps: 50
saving-interval     : 100

---------------------------------------
Linear system for intermediate velocity
---------------------------------------
solver: cg
preconditioner: none
relative tolerance: 1e-06
absolute tolerance: 1e-50
maximum iterations: 10000

---------------------------------------
Linear system for pressure-force
---------------------------------------
solver: cg
preconditioner: none
relative tolerance: 1e-06
absolute tolerance: 1e-50
maximum iterations: 20000

---------------------------------------
************************************************************************************************************************
***             WIDEN YOUR WINDOW TO 120 CHARACTERS.  Use 'enscript -r -fCourier9' to print this document            ***
************************************************************************************************************************

---------------------------------------------- PETSc Performance Summary: ----------------------------------------------

/home/mesnardo/src/PetIBM/bin/PetIBM3d on a linux-openmpi-gnu-opt named node186 with 16 processors, by mesnardo Mon Jun  8 18:13:05 2015
Using Petsc Release Version 3.5.2, Sep, 08, 2014 

                         Max       Max/Min        Avg      Total 
Time (sec):           4.677e+01      1.00000   4.677e+01
Objects:              2.340e+02      1.00000   2.340e+02
Flops:                2.550e+10      1.00450   2.545e+10  4.071e+11
Flops/sec:            5.452e+08      1.00450   5.441e+08  8.706e+09
MPI Messages:         6.546e+04      1.33888   5.717e+04  9.148e+05
MPI Message Lengths:  9.961e+08      1.50150   1.451e+04  1.328e+10
MPI Reductions:       7.774e+04      1.00000

Flop counting convention: 1 flop = 1 real number operation of type (multiply/divide/add/subtract)
                            e.g., VecAXPY() for real vectors of length N --> 2N flops
                            and VecAXPY() for complex vectors of length N --> 8N flops

Summary of Stages:   ----- Time ------  ----- Flops -----  --- Messages ---  -- Message Lengths --  -- Reductions --
                        Avg     %Total     Avg     %Total   counts   %Total     Avg         %Total   counts   %Total 
 0:      Main Stage: 1.0598e-01   0.2%  0.0000e+00   0.0%  0.000e+00   0.0%  0.000e+00        0.0%  0.000e+00   0.0% 
 1:      initialize: 2.6386e-01   0.6%  1.1214e+08   0.0%  2.554e+03   0.3%  1.651e+01        0.1%  1.320e+02   0.2% 
 2:     RHSVelocity: 2.5874e+00   5.5%  2.9700e+08   0.1%  2.160e+04   2.4%  1.340e+02        0.9%  0.000e+00   0.0% 
 3:   solveVelocity: 2.0849e+00   4.5%  1.8023e+10   4.4%  1.467e+04   1.6%  6.828e+02        4.7%  7.360e+02   0.9% 
 4:      RHSPoisson: 9.3394e-02   0.2%  6.4400e+08   0.2%  1.400e+03   0.2%  2.186e+01        0.2%  0.000e+00   0.0% 
 5:    solvePoisson: 4.1457e+01  88.6%  3.8748e+11  95.2%  8.732e+05  95.4%  1.364e+04       94.0%  6.237e+04  80.2% 
 6:  projectionStep: 1.3310e-01   0.3%  5.9400e+08   0.1%  1.400e+03   0.2%  2.186e+01        0.2%  0.000e+00   0.0% 

------------------------------------------------------------------------------------------------------------------------
See the 'Profiling' chapter of the users' manual for details on interpreting output.
Phase summary info:
   Count: number of times phase was executed
   Time and Flops: Max - maximum over all processors
                   Ratio - ratio of maximum to minimum over all processors
   Mess: number of messages sent
   Avg. len: average message length (bytes)
   Reduct: number of global reductions
   Global: entire computation
   Stage: stages of a computation. Set stages with PetscLogStagePush() and PetscLogStagePop().
      %T - percent time in this phase         %F - percent flops in this phase
      %M - percent messages in this phase     %L - percent message lengths in this phase
      %R - percent reductions in this phase
   Total Mflop/s: 10e-6 * (sum of flops over all processors)/(max time over all processors)
------------------------------------------------------------------------------------------------------------------------
Event                Count      Time (sec)     Flops                             --- Global ---  --- Stage ---   Total
                   Max Ratio  Max     Ratio   Max  Ratio  Mess   Avg len Reduct  %T %F %M %L %R  %T %F %M %L %R Mflop/s
------------------------------------------------------------------------------------------------------------------------

--- Event Stage 0: Main Stage


--- Event Stage 1: initialize

VecSet                15 1.0 3.5803e-03 1.1 0.00e+00 0.0 0.0e+00 0.0e+00 0.0e+00  0  0  0  0  0   1  0  0  0  0     0
VecScatterBegin        8 1.0 2.5046e-03 1.6 0.00e+00 0.0 9.8e+02 8.3e+03 0.0e+00  0  0  0  0  0   1  0 38 54  0     0
VecScatterEnd          8 1.0 2.4037e-03 2.2 0.00e+00 0.0 0.0e+00 0.0e+00 0.0e+00  0  0  0  0  0   1  0  0  0  0     0
MatScale               4 1.0 1.9681e-02 1.0 5.60e+06 1.0 5.6e+01 4.3e+04 0.0e+00  0  0  0  0  0   7 79  2 16  0  4491
MatAssemblyBegin       8 1.0 6.7427e-03 3.4 0.00e+00 0.0 8.4e+01 9.5e+03 1.2e+01  0  0  0  0  0   1  0  3  5  9     0
MatAssemblyEnd         8 1.0 4.9263e-02 1.0 0.00e+00 0.0 3.4e+02 5.9e+03 3.2e+01  0  0  0  0  0  19  0 13 13 24     0
MatTranspose           1 1.0 2.9294e-02 1.0 0.00e+00 0.0 2.1e+02 6.7e+03 1.2e+01  0  0  0  0  0  11  0  8  9  9     0
MatMatMult             1 1.0 4.7997e-02 1.0 1.49e+06 1.0 2.2e+02 1.2e+04 1.6e+01  0  0  0  0  0  18 21  9 17 12   495
MatMatMultSym          1 1.0 3.9831e-02 1.0 0.00e+00 0.0 2.0e+02 9.2e+03 1.4e+01  0  0  0  0  0  15  0  8 12 11     0
MatMatMultNum          1 1.0 8.1611e-03 1.0 1.49e+06 1.0 2.8e+01 2.9e+04 2.0e+00  0  0  0  0  0   3 21  1  5  2  2911
MatGetLocalMat         2 1.0 1.4004e-02 1.1 0.00e+00 0.0 0.0e+00 0.0e+00 0.0e+00  0  0  0  0  0   5  0  0  0  0     0
MatGetBrAoCol          2 1.0 1.6720e-03 1.3 0.00e+00 0.0 1.1e+02 2.0e+04 0.0e+00  0  0  0  0  0   1  0  4 15  0     0
SFSetGraph             1 1.0 1.5306e-0430.6 0.00e+00 0.0 0.0e+00 0.0e+00 0.0e+00  0  0  0  0  0   0  0  0  0  0     0
SFReduceBegin          1 1.0 4.3297e-04 2.4 0.00e+00 0.0 7.0e+01 5.7e+03 0.0e+00  0  0  0  0  0   0  0  3  3  0     0
SFReduceEnd            1 1.0 4.8161e-05 2.4 0.00e+00 0.0 0.0e+00 0.0e+00 0.0e+00  0  0  0  0  0   0  0  0  0  0     0
generateQTBNQ          1 1.0 4.8006e-02 1.0 1.49e+06 1.0 2.2e+02 1.2e+04 1.6e+01  0  0  0  0  0  18 21  9 17 12   495

--- Event Stage 2: RHSVelocity

VecSet                50 1.0 1.7832e-02 1.2 0.00e+00 0.0 0.0e+00 0.0e+00 0.0e+00  0  0  0  0  0   1  0  0  0  0     0
VecWAXPY              50 1.0 4.9592e-02 2.1 9.38e+06 1.0 0.0e+00 0.0e+00 0.0e+00  0  0  0  0  0   2 50  0  0  0  2994
VecPointwiseMult      50 1.0 3.6559e-02 2.0 9.38e+06 1.0 0.0e+00 0.0e+00 0.0e+00  0  0  0  0  0   1 50  0  0  0  4062
VecScatterBegin      150 1.0 4.8360e-02 1.3 0.00e+00 0.0 2.2e+04 5.7e+03 0.0e+00  0  0  2  1  0   2  0100100  0     0
VecScatterEnd        150 1.0 7.9946e-0185.6 0.00e+00 0.0 0.0e+00 0.0e+00 0.0e+00  2  0  0  0  0  29  0  0  0  0     0

--- Event Stage 3: solveVelocity

VecTDot              424 1.0 2.3981e-01 1.2 1.59e+08 1.0 0.0e+00 0.0e+00 4.2e+02  0  1  0  0  1  10 14  0  0 58 10502
VecNorm              312 1.0 2.0860e-01 2.2 1.17e+08 1.0 0.0e+00 0.0e+00 3.1e+02  0  0  0  0  0   6 10  0  0 42  8884
VecCopy              362 1.0 2.0816e-01 1.2 0.00e+00 0.0 0.0e+00 0.0e+00 0.0e+00  0  0  0  0  0   9  0  0  0  0     0
VecAXPY              424 1.0 2.7199e-01 1.0 1.59e+08 1.0 0.0e+00 0.0e+00 0.0e+00  1  1  0  0  0  13 14  0  0  0  9260
VecAYPX              212 1.0 1.2054e-01 1.2 7.01e+07 1.0 0.0e+00 0.0e+00 0.0e+00  0  0  0  0  0   5  6  0  0  0  9215
VecScatterBegin      262 1.0 4.4519e-02 1.5 0.00e+00 0.0 1.5e+04 4.3e+04 0.0e+00  0  0  2  5  0   2  0100100  0     0
VecScatterEnd        262 1.0 1.0062e-01 2.8 0.00e+00 0.0 0.0e+00 0.0e+00 0.0e+00  0  0  0  0  0   3  0  0  0  0     0
MatMult              262 1.0 1.1060e+00 1.0 6.35e+08 1.0 1.5e+04 4.3e+04 0.0e+00  2  2  2  5  0  52 56100100  0  9062
KSPSetUp               1 1.0 3.3920e-03 1.1 0.00e+00 0.0 0.0e+00 0.0e+00 0.0e+00  0  0  0  0  0   0  0  0  0  0     0
KSPSolve              50 1.0 2.1600e+00 1.1 1.14e+09 1.0 1.5e+04 4.3e+04 7.4e+02  4  4  2  5  1 100100100100100  8344
PCSetUp                1 1.0 1.1921e-06 0.0 0.00e+00 0.0 0.0e+00 0.0e+00 0.0e+00  0  0  0  0  0   0  0  0  0  0     0
PCApply              312 1.0 1.8137e-01 1.2 0.00e+00 0.0 0.0e+00 0.0e+00 0.0e+00  0  0  0  0  0   8  0  0  0  0     0

--- Event Stage 4: RHSPoisson

VecScale              50 1.0 2.2216e-03 1.0 3.12e+06 1.0 0.0e+00 0.0e+00 0.0e+00  0  0  0  0  0   2  8  0  0  0 22506
VecSet                50 1.0 6.0122e-03 1.1 0.00e+00 0.0 0.0e+00 0.0e+00 0.0e+00  0  0  0  0  0   6  0  0  0  0     0
VecScatterBegin       50 1.0 3.1056e-0320.2 0.00e+00 0.0 1.4e+03 1.4e+04 0.0e+00  0  0  0  0  0   2  0100100  0     0
VecScatterEnd         50 1.0 3.9415e-03 3.3 0.00e+00 0.0 0.0e+00 0.0e+00 0.0e+00  0  0  0  0  0   3  0  0  0  0     0
MatMultAdd            50 1.0 8.3163e-02 1.0 3.72e+07 1.0 1.4e+03 1.4e+04 0.0e+00  0  0  0  0  0  88 92100100  0  7143

--- Event Stage 5: solvePoisson

VecTDot            31084 1.0 4.7137e+00 1.2 3.89e+09 1.0 0.0e+00 0.0e+00 3.1e+04  9 15  0  0 40  11 16  0  0 50 13189
VecNorm            15642 1.0 2.5961e+00 1.5 1.96e+09 1.0 0.0e+00 0.0e+00 1.6e+04  5  8  0  0 20   5  8  0  0 25 12050
VecCopy            15692 1.0 2.5992e+00 3.3 0.00e+00 0.0 0.0e+00 0.0e+00 0.0e+00  3  0  0  0  0   4  0  0  0  0     0
VecAXPY            31084 1.0 4.4893e+00 1.3 3.89e+09 1.0 0.0e+00 0.0e+00 0.0e+00  9 15  0  0  0  10 16  0  0  0 13848
VecAYPX            15542 1.0 1.9522e+00 1.6 1.94e+09 1.0 0.0e+00 0.0e+00 0.0e+00  3  8  0  0  0   4  8  0  0  0 15897
VecScatterBegin    15592 1.0 5.1957e-01 1.6 0.00e+00 0.0 8.7e+05 1.4e+04 0.0e+00  1  0 95 94  0   1  0100100  0     0
VecScatterEnd      15592 1.0 1.3195e+00 1.6 0.00e+00 0.0 0.0e+00 0.0e+00 0.0e+00  2  0  0  0  0   3  0  0  0  0     0
MatMult            15592 1.0 2.4007e+01 1.1 1.26e+10 1.0 8.7e+05 1.4e+04 0.0e+00 50 49 95 94  0  57 52100100  0  8365
KSPSetUp               1 1.0 8.5497e-04 1.1 0.00e+00 0.0 0.0e+00 0.0e+00 0.0e+00  0  0  0  0  0   0  0  0  0  0     0
KSPSolve              50 1.0 4.1457e+01 1.0 2.43e+10 1.0 8.7e+05 1.4e+04 6.2e+04 89 95 95 94 80 100100100100100  9346
PCSetUp                1 1.0 1.1921e-06 0.0 0.00e+00 0.0 0.0e+00 0.0e+00 0.0e+00  0  0  0  0  0   0  0  0  0  0     0
PCApply            15642 1.0 2.6033e+00 3.3 0.00e+00 0.0 0.0e+00 0.0e+00 0.0e+00  3  0  0  0  0   4  0  0  0  0     0

--- Event Stage 6: projectionStep

VecWAXPY              50 1.0 4.6955e-02 1.1 9.38e+06 1.0 0.0e+00 0.0e+00 0.0e+00  0  0  0  0  0  34 25  0  0  0  3163
VecScatterBegin       50 1.0 1.4863e-0310.8 0.00e+00 0.0 1.4e+03 1.4e+04 0.0e+00  0  0  0  0  0   1  0100100  0     0
VecScatterEnd         50 1.0 8.2996e-03 4.6 0.00e+00 0.0 0.0e+00 0.0e+00 0.0e+00  0  0  0  0  0   3  0  0  0  0     0
MatMult               50 1.0 9.0750e-02 1.1 2.81e+07 1.0 1.4e+03 1.4e+04 0.0e+00  0  0  0  0  0  66 75100100  0  4909
------------------------------------------------------------------------------------------------------------------------

Memory usage is given in bytes:

Object Type          Creations   Destructions     Memory  Descendants' Mem.
Reports information only for process 0.

--- Event Stage 0: Main Stage

              Vector     0             44     34193088     0
      Vector Scatter     0             12      2013008     0
              Matrix     0             14     46766928     0
   Matrix Null Space     0              1          604     0
    Distributed Mesh     0              6        28512     0
Star Forest Bipartite Graph     0             12         9792     0
     Discrete System     0              6         4800     0
   IS L to G Mapping     0              4      1170512     0
       Krylov Solver     0              2         2464     0
      Preconditioner     0              2         1664     0
              Viewer     2              1          752     0

--- Event Stage 1: initialize

              Vector    50             12        18656     0
      Vector Scatter    12              0            0     0
              Matrix    14              0            0     0
   Matrix Null Space     1              0            0     0
    Distributed Mesh     6              0            0     0
Star Forest Bipartite Graph    13              1          872     0
     Discrete System     6              0            0     0
           Index Set    16             16      1194184     0
   IS L to G Mapping     4              0            0     0
       Krylov Solver     2              0            0     0
      Preconditioner     2              0            0     0

--- Event Stage 2: RHSVelocity


--- Event Stage 3: solveVelocity

              Vector    53             50     75078800     0

--- Event Stage 4: RHSPoisson


--- Event Stage 5: solvePoisson

              Vector    53             50     25078800     0

--- Event Stage 6: projectionStep

========================================================================================================================
Average time to get PetscTime(): 9.53674e-08
Average time for MPI_Barrier(): 2.19345e-06
Average time for zero size MPI_Send(): 7.45058e-07
#PETSc Option Table entries:
-caseFolder .
-log_summary
-sys1_pc_type none
-sys2_pc_type none
#End of PETSc Option Table entries
Compiled without FORTRAN kernels
Compiled with full precision matrices (default)
sizeof(short) 2 sizeof(int) 4 sizeof(long) 8 sizeof(void*) 8 sizeof(PetscScalar) 8 sizeof(PetscInt) 4
Configure options: COPTFLAGS=-O3 CXXOPTFLAGS=-O3 FOPTFLAGS=-O3 --PETSC_ARCH=linux-openmpi-gnu-opt --with-debugging=0 --with-mpi-dir=/c1/apps/openmpi/gcc/64/1.8/bin --with-blas-lib=/c1/apps/blas/gcc/1/lib64/libblas.a --with-lapack-lib=/c1/apps/lapack/gcc/3.4.1/lib/liblapack.a --with-shared-libraries=0
-----------------------------------------
Libraries compiled on Thu May 28 13:47:29 2015 on login3.colonialone.gwu.edu 
Machine characteristics: Linux-2.6.32-504.12.2.el6.x86_64-x86_64-with-redhat-6.6-Santiago
Using PETSc directory: /home/mesnardo/src/petsc/3.5.2
Using PETSc arch: linux-openmpi-gnu-opt
-----------------------------------------

Using C compiler: mpicc  -Wall -Wwrite-strings -Wno-strict-aliasing -Wno-unknown-pragmas -O3  ${COPTFLAGS} ${CFLAGS}
Using Fortran compiler: mpif90  -Wall -Wno-unused-variable -ffree-line-length-0 -Wno-unused-dummy-argument -O3   ${FOPTFLAGS} ${FFLAGS} 
-----------------------------------------

Using include paths: -I/home/mesnardo/src/petsc/3.5.2/linux-openmpi-gnu-opt/include -I/home/mesnardo/src/petsc/3.5.2/include -I/home/mesnardo/src/petsc/3.5.2/include -I/home/mesnardo/src/petsc/3.5.2/linux-openmpi-gnu-opt/include -I/c1/apps/openmpi/gcc/64/1.8/bin/include -I/c1/apps/openmpi/gcc/64/1.8/include
-----------------------------------------

Using C linker: mpicc
Using Fortran linker: mpif90
Using libraries: -Wl,-rpath,/home/mesnardo/src/petsc/3.5.2/linux-openmpi-gnu-opt/lib -L/home/mesnardo/src/petsc/3.5.2/linux-openmpi-gnu-opt/lib -lpetsc -Wl,-rpath,/c1/apps/lapack/gcc/3.4.1/lib -L/c1/apps/lapack/gcc/3.4.1/lib -llapack -Wl,-rpath,/c1/apps/blas/gcc/1/lib64 -L/c1/apps/blas/gcc/1/lib64 -lblas -lX11 -lpthread -lssl -lcrypto -L/c1/apps/openmpi/gcc/64/1.8/lib -L/cm/shared/apps/gcc/4.7.0/lib/gcc/x86_64-unknown-linux-gnu/4.7.0 -L/cm/shared/apps/gcc/4.7.0/lib64 -L/cm/shared/apps/gcc/4.7.0/lib -lmpi_usempi -lmpi_mpifh -lgfortran -lm -Wl,-rpath,/c1/apps/openmpi/gcc/64/1.8/lib -lgfortran -lm -lquadmath -lm -lmpi_cxx -lstdc++ -L/c1/apps/openmpi/gcc/64/1.8/lib -L/cm/shared/apps/gcc/4.7.0/lib/gcc/x86_64-unknown-linux-gnu/4.7.0 -L/cm/shared/apps/gcc/4.7.0/lib64 -L/c1/apps/openmpi/gcc/64/1.8/lib -L/cm/shared/apps/gcc/4.7.0/lib -ldl -Wl,-rpath,/c1/apps/openmpi/gcc/64/1.8/lib -lmpi -lgcc_s -lpthread -ldl  
-----------------------------------------

