
---------------------------------------
Flow
---------------------------------------
solver: Navier-Stokes
viscosity: 0.01

---------------------------------------
Mesh
---------------------------------------
size: 100 x 100 x 100

---------------------------------------
Time-stepping
---------------------------------------
convection: 2nd-order Adams-Bashforth
diffusion : Crank-Nicolson
time-increment      : 0.0025
starting time-step  : 0
number of time-steps: 50
saving-interval     : 100

---------------------------------------
Linear system for intermediate velocity
---------------------------------------
solver: cg
preconditioner: none
relative tolerance: 1e-06
absolute tolerance: 1e-50
maximum iterations: 10000

---------------------------------------
Linear system for pressure-force
---------------------------------------
solver: cg
preconditioner: none
relative tolerance: 1e-06
absolute tolerance: 1e-50
maximum iterations: 20000

---------------------------------------
************************************************************************************************************************
***             WIDEN YOUR WINDOW TO 120 CHARACTERS.  Use 'enscript -r -fCourier9' to print this document            ***
************************************************************************************************************************

---------------------------------------------- PETSc Performance Summary: ----------------------------------------------

/home/mesnardo/src/PetIBM/bin/PetIBM3d on a linux-openmpi-gnu-opt named node108 with 4 processors, by mesnardo Mon Jun  8 10:14:43 2015
Using Petsc Release Version 3.5.2, Sep, 08, 2014 

                         Max       Max/Min        Avg      Total 
Time (sec):           1.210e+02      1.00000   1.210e+02
Objects:              2.340e+02      1.00000   2.340e+02
Flops:                1.018e+11      1.00063   1.018e+11  4.072e+11
Flops/sec:            8.418e+08      1.00063   8.415e+08  3.366e+09
MPI Messages:         3.233e+04      1.00003   3.233e+04  1.293e+05
MPI Message Lengths:  1.328e+09      1.00038   4.106e+04  5.310e+09
MPI Reductions:       7.774e+04      1.00000

Flop counting convention: 1 flop = 1 real number operation of type (multiply/divide/add/subtract)
                            e.g., VecAXPY() for real vectors of length N --> 2N flops
                            and VecAXPY() for complex vectors of length N --> 8N flops

Summary of Stages:   ----- Time ------  ----- Flops -----  --- Messages ---  -- Message Lengths --  -- Reductions --
                        Avg     %Total     Avg     %Total   counts   %Total     Avg         %Total   counts   %Total 
 0:      Main Stage: 7.1456e-02   0.1%  0.0000e+00   0.0%  0.000e+00   0.0%  0.000e+00        0.0%  0.000e+00   0.0% 
 1:      initialize: 9.0416e-01   0.7%  1.1214e+08   0.0%  2.620e+02   0.2%  4.639e+01        0.1%  1.320e+02   0.2% 
 2:     RHSVelocity: 7.3291e+00   6.1%  2.9700e+08   0.1%  1.800e+03   1.4%  3.724e+02        0.9%  0.000e+00   0.0% 
 3:   solveVelocity: 5.5088e+00   4.6%  1.8023e+10   4.4%  2.096e+03   1.6%  1.932e+03        4.7%  7.360e+02   0.9% 
 4:      RHSPoisson: 2.0840e-01   0.2%  6.4400e+08   0.2%  2.000e+02   0.2%  6.187e+01        0.2%  0.000e+00   0.0% 
 5:    solvePoisson: 1.0660e+02  88.1%  3.8750e+11  95.2%  1.247e+05  96.5%  3.859e+04       94.0%  6.237e+04  80.2% 
 6:  projectionStep: 3.2032e-01   0.3%  5.9400e+08   0.1%  2.000e+02   0.2%  6.187e+01        0.2%  0.000e+00   0.0% 

------------------------------------------------------------------------------------------------------------------------
See the 'Profiling' chapter of the users' manual for details on interpreting output.
Phase summary info:
   Count: number of times phase was executed
   Time and Flops: Max - maximum over all processors
                   Ratio - ratio of maximum to minimum over all processors
   Mess: number of messages sent
   Avg. len: average message length (bytes)
   Reduct: number of global reductions
   Global: entire computation
   Stage: stages of a computation. Set stages with PetscLogStagePush() and PetscLogStagePop().
      %T - percent time in this phase         %F - percent flops in this phase
      %M - percent messages in this phase     %L - percent message lengths in this phase
      %R - percent reductions in this phase
   Total Mflop/s: 10e-6 * (sum of flops over all processors)/(max time over all processors)
------------------------------------------------------------------------------------------------------------------------
Event                Count      Time (sec)     Flops                             --- Global ---  --- Stage ---   Total
                   Max Ratio  Max     Ratio   Max  Ratio  Mess   Avg len Reduct  %T %F %M %L %R  %T %F %M %L %R Mflop/s
------------------------------------------------------------------------------------------------------------------------

--- Event Stage 0: Main Stage


--- Event Stage 1: initialize

VecSet                15 1.0 1.6701e-02 1.0 0.00e+00 0.0 0.0e+00 0.0e+00 0.0e+00  0  0  0  0  0   2  0  0  0  0     0
VecScatterBegin        8 1.0 4.8585e-03 1.0 0.00e+00 0.0 8.8e+01 3.6e+04 0.0e+00  0  0  0  0  0   1  0 34 53  0     0
VecScatterEnd          8 1.0 2.1782e-03 1.9 0.00e+00 0.0 0.0e+00 0.0e+00 0.0e+00  0  0  0  0  0   0  0  0  0  0     0
MatScale               4 1.0 4.2870e-02 1.0 2.22e+07 1.0 8.0e+00 1.2e+05 0.0e+00  0  0  0  0  0   5 79  3 16  0  2062
MatAssemblyBegin       8 1.0 8.2169e-03 7.9 0.00e+00 0.0 1.2e+01 2.7e+04 1.2e+01  0  0  0  0  0   1  0  5  5  9     0
MatAssemblyEnd         8 1.0 1.6577e-01 1.0 0.00e+00 0.0 4.8e+01 1.7e+04 3.2e+01  0  0  0  0  0  18  0 18 13 24     0
MatTranspose           1 1.0 1.0768e-01 1.0 0.00e+00 0.0 3.0e+01 1.9e+04 1.2e+01  0  0  0  0  0  12  0 11  9  9     0
MatMatMult             1 1.0 1.6320e-01 1.0 5.94e+06 1.0 3.2e+01 3.3e+04 1.6e+01  0  0  0  0  0  18 21 12 17 12   146
MatMatMultSym          1 1.0 1.3759e-01 1.0 0.00e+00 0.0 2.8e+01 2.6e+04 1.4e+01  0  0  0  0  0  15  0 11 12 11     0
MatMatMultNum          1 1.0 2.5645e-02 1.0 5.94e+06 1.0 4.0e+00 8.0e+04 2.0e+00  0  0  0  0  0   3 21  2  5  2   926
MatGetLocalMat         2 1.0 4.8666e-02 1.0 0.00e+00 0.0 0.0e+00 0.0e+00 0.0e+00  0  0  0  0  0   5  0  0  0  0     0
MatGetBrAoCol          2 1.0 2.4421e-03 1.1 0.00e+00 0.0 1.6e+01 5.5e+04 0.0e+00  0  0  0  0  0   0  0  6 15  0     0
SFSetGraph             1 1.0 2.5702e-0443.1 0.00e+00 0.0 0.0e+00 0.0e+00 0.0e+00  0  0  0  0  0   0  0  0  0  0     0
SFReduceBegin          1 1.0 5.2595e-04 3.0 0.00e+00 0.0 1.0e+01 1.6e+04 0.0e+00  0  0  0  0  0   0  0  4  3  0     0
SFReduceEnd            1 1.0 6.4850e-05 4.1 0.00e+00 0.0 0.0e+00 0.0e+00 0.0e+00  0  0  0  0  0   0  0  0  0  0     0
generateQTBNQ          1 1.0 1.6321e-01 1.0 5.94e+06 1.0 3.2e+01 3.3e+04 1.6e+01  0  0  0  0  0  18 21 12 17 12   146

--- Event Stage 2: RHSVelocity

VecSet                50 1.0 6.9220e-02 1.1 0.00e+00 0.0 0.0e+00 0.0e+00 0.0e+00  0  0  0  0  0   1  0  0  0  0     0
VecWAXPY              50 1.0 1.1153e-01 1.2 3.74e+07 1.0 0.0e+00 0.0e+00 0.0e+00  0  0  0  0  0   1 50  0  0  0  1331
VecPointwiseMult      50 1.0 8.5511e-02 1.1 3.74e+07 1.0 0.0e+00 0.0e+00 0.0e+00  0  0  0  0  0   1 50  0  0  0  1737
VecScatterBegin      150 1.0 1.0896e-01 1.0 0.00e+00 0.0 1.8e+03 2.7e+04 0.0e+00  0  0  1  1  0   1  0100100  0     0
VecScatterEnd        150 1.0 1.8778e-0121.3 0.00e+00 0.0 0.0e+00 0.0e+00 0.0e+00  0  0  0  0  0   2  0  0  0  0     0

--- Event Stage 3: solveVelocity

VecTDot              424 1.0 5.3377e-01 1.0 6.34e+08 1.0 0.0e+00 0.0e+00 4.2e+02  0  1  0  0  1  10 14  0  0 58  4718
VecNorm              312 1.0 4.1253e-01 1.3 4.66e+08 1.0 0.0e+00 0.0e+00 3.1e+02  0  0  0  0  0   6 10  0  0 42  4492
VecCopy              362 1.0 7.9540e-01 1.0 0.00e+00 0.0 0.0e+00 0.0e+00 0.0e+00  1  0  0  0  0  14  0  0  0  0     0
VecAXPY              424 1.0 6.6745e-01 1.0 6.34e+08 1.0 0.0e+00 0.0e+00 0.0e+00  1  1  0  0  0  12 14  0  0  0  3773
VecAYPX              212 1.0 3.1444e-01 1.1 2.80e+08 1.0 0.0e+00 0.0e+00 0.0e+00  0  0  0  0  0   6  6  0  0  0  3533
VecScatterBegin      262 1.0 2.4980e-02 1.1 0.00e+00 0.0 2.1e+03 1.2e+05 0.0e+00  0  0  2  5  0   0  0100100  0     0
VecScatterEnd        262 1.0 1.1659e-01 2.6 0.00e+00 0.0 0.0e+00 0.0e+00 0.0e+00  0  0  0  0  0   2  0  0  0  0     0
MatMult              262 1.0 2.7057e+00 1.0 2.52e+09 1.0 2.1e+03 1.2e+05 0.0e+00  2  2  2  5  0  49 56100100  0  3704
KSPSetUp               1 1.0 9.3610e-03 1.1 0.00e+00 0.0 0.0e+00 0.0e+00 0.0e+00  0  0  0  0  0   0  0  0  0  0     0
KSPSolve              50 1.0 5.5694e+00 1.0 4.54e+09 1.0 2.1e+03 1.2e+05 7.4e+02  5  4  2  5  1 100100100100100  3236
PCSetUp                1 1.0 9.5367e-07 0.0 0.00e+00 0.0 0.0e+00 0.0e+00 0.0e+00  0  0  0  0  0   0  0  0  0  0     0
PCApply              312 1.0 6.8975e-01 1.0 0.00e+00 0.0 0.0e+00 0.0e+00 0.0e+00  1  0  0  0  0  12  0  0  0  0     0

--- Event Stage 4: RHSPoisson

VecScale              50 1.0 1.3207e-02 1.0 1.25e+07 1.0 0.0e+00 0.0e+00 0.0e+00  0  0  0  0  0   6  8  0  0  0  3786
VecSet                50 1.0 2.3087e-02 1.0 0.00e+00 0.0 0.0e+00 0.0e+00 0.0e+00  0  0  0  0  0  11  0  0  0  0     0
VecScatterBegin       50 1.0 1.6623e-0313.1 0.00e+00 0.0 2.0e+02 4.0e+04 0.0e+00  0  0  0  0  0   0  0100100  0     0
VecScatterEnd         50 1.0 4.7226e-03 2.4 0.00e+00 0.0 0.0e+00 0.0e+00 0.0e+00  0  0  0  0  0   1  0  0  0  0     0
MatMultAdd            50 1.0 1.6677e-01 1.0 1.48e+08 1.0 2.0e+02 4.0e+04 0.0e+00  0  0  0  0  0  79 92100100  0  3562

--- Event Stage 5: solvePoisson

VecTDot            31086 1.0 1.1509e+01 1.0 1.55e+10 1.0 0.0e+00 0.0e+00 3.1e+04  9 15  0  0 40  11 16  0  0 50  5402
VecNorm            15643 1.0 4.6137e+00 1.0 7.82e+09 1.0 0.0e+00 0.0e+00 1.6e+04  4  8  0  0 20   4  8  0  0 25  6781
VecCopy            15693 1.0 7.1644e+00 1.0 0.00e+00 0.0 0.0e+00 0.0e+00 0.0e+00  6  0  0  0  0   7  0  0  0  0     0
VecAXPY            31086 1.0 1.3471e+01 1.0 1.55e+10 1.0 0.0e+00 0.0e+00 0.0e+00 11 15  0  0  0  13 16  0  0  0  4615
VecAYPX            15543 1.0 5.9566e+00 1.0 7.76e+09 1.0 0.0e+00 0.0e+00 0.0e+00  5  8  0  0  0   6  8  0  0  0  5210
VecScatterBegin    15593 1.0 5.3094e-01 1.1 0.00e+00 0.0 1.2e+05 4.0e+04 0.0e+00  0  0 96 94  0   0  0100100  0     0
VecScatterEnd      15593 1.0 1.2606e+00 1.3 0.00e+00 0.0 0.0e+00 0.0e+00 0.0e+00  1  0  0  0  0   1  0  0  0  0     0
MatMult            15593 1.0 5.6477e+01 1.0 5.02e+10 1.0 1.2e+05 4.0e+04 0.0e+00 47 49 96 94  0  53 52100100  0  3556
KSPSetUp               1 1.0 4.2570e-03 1.0 0.00e+00 0.0 0.0e+00 0.0e+00 0.0e+00  0  0  0  0  0   0  0  0  0  0     0
KSPSolve              50 1.0 1.0661e+02 1.0 9.69e+10 1.0 1.2e+05 4.0e+04 6.2e+04 88 95 96 94 80 100100100100100  3635
PCSetUp                1 1.0 0.0000e+00 0.0 0.00e+00 0.0 0.0e+00 0.0e+00 0.0e+00  0  0  0  0  0   0  0  0  0  0     0
PCApply            15643 1.0 7.1539e+00 1.0 0.00e+00 0.0 0.0e+00 0.0e+00 0.0e+00  6  0  0  0  0   7  0  0  0  0     0

--- Event Stage 6: projectionStep

VecWAXPY              50 1.0 1.1138e-01 1.0 3.74e+07 1.0 0.0e+00 0.0e+00 0.0e+00  0  0  0  0  0  34 25  0  0  0  1333
VecScatterBegin       50 1.0 1.8694e-0314.6 0.00e+00 0.0 2.0e+02 4.0e+04 0.0e+00  0  0  0  0  0   0  0100100  0     0
VecScatterEnd         50 1.0 3.0699e-03 1.6 0.00e+00 0.0 0.0e+00 0.0e+00 0.0e+00  0  0  0  0  0   1  0  0  0  0     0
MatMult               50 1.0 2.1110e-01 1.0 1.12e+08 1.0 2.0e+02 4.0e+04 0.0e+00  0  0  0  0  0  65 75100100  0  2110
------------------------------------------------------------------------------------------------------------------------

Memory usage is given in bytes:

Object Type          Creations   Destructions     Memory  Descendants' Mem.
Reports information only for process 0.

--- Event Stage 0: Main Stage

              Vector     0             44    134353792     0
      Vector Scatter     0             12      7993008     0
              Matrix     0             14    186436528     0
   Matrix Null Space     0              1          604     0
    Distributed Mesh     0              6        28512     0
Star Forest Bipartite Graph     0             12         9792     0
     Discrete System     0              6         4800     0
   IS L to G Mapping     0              4      4404496     0
       Krylov Solver     0              2         2464     0
      Preconditioner     0              2         1664     0
              Viewer     2              1          752     0

--- Event Stage 1: initialize

              Vector    50             12        18656     0
      Vector Scatter    12              0            0     0
              Matrix    14              0            0     0
   Matrix Null Space     1              0            0     0
    Distributed Mesh     6              0            0     0
Star Forest Bipartite Graph    13              1          872     0
     Discrete System     6              0            0     0
           Index Set    16             16      4363068     0
   IS L to G Mapping     4              0            0     0
       Krylov Solver     2              0            0     0
      Preconditioner     2              0            0     0

--- Event Stage 2: RHSVelocity


--- Event Stage 3: solveVelocity

              Vector    53             50    299078800     0

--- Event Stage 4: RHSPoisson


--- Event Stage 5: solvePoisson

              Vector    53             50    100078800     0

--- Event Stage 6: projectionStep

========================================================================================================================
Average time to get PetscTime(): 0
Average time for MPI_Barrier(): 1.00136e-06
Average time for zero size MPI_Send(): 7.15256e-07
#PETSc Option Table entries:
-caseFolder .
-log_summary
-sys1_pc_type none
-sys2_pc_type none
#End of PETSc Option Table entries
Compiled without FORTRAN kernels
Compiled with full precision matrices (default)
sizeof(short) 2 sizeof(int) 4 sizeof(long) 8 sizeof(void*) 8 sizeof(PetscScalar) 8 sizeof(PetscInt) 4
Configure options: COPTFLAGS=-O3 CXXOPTFLAGS=-O3 FOPTFLAGS=-O3 --PETSC_ARCH=linux-openmpi-gnu-opt --with-debugging=0 --with-mpi-dir=/c1/apps/openmpi/gcc/64/1.8/bin --with-blas-lib=/c1/apps/blas/gcc/1/lib64/libblas.a --with-lapack-lib=/c1/apps/lapack/gcc/3.4.1/lib/liblapack.a --with-shared-libraries=0
-----------------------------------------
Libraries compiled on Thu May 28 13:47:29 2015 on login3.colonialone.gwu.edu 
Machine characteristics: Linux-2.6.32-504.12.2.el6.x86_64-x86_64-with-redhat-6.6-Santiago
Using PETSc directory: /home/mesnardo/src/petsc/3.5.2
Using PETSc arch: linux-openmpi-gnu-opt
-----------------------------------------

Using C compiler: mpicc  -Wall -Wwrite-strings -Wno-strict-aliasing -Wno-unknown-pragmas -O3  ${COPTFLAGS} ${CFLAGS}
Using Fortran compiler: mpif90  -Wall -Wno-unused-variable -ffree-line-length-0 -Wno-unused-dummy-argument -O3   ${FOPTFLAGS} ${FFLAGS} 
-----------------------------------------

Using include paths: -I/home/mesnardo/src/petsc/3.5.2/linux-openmpi-gnu-opt/include -I/home/mesnardo/src/petsc/3.5.2/include -I/home/mesnardo/src/petsc/3.5.2/include -I/home/mesnardo/src/petsc/3.5.2/linux-openmpi-gnu-opt/include -I/c1/apps/openmpi/gcc/64/1.8/bin/include -I/c1/apps/openmpi/gcc/64/1.8/include
-----------------------------------------

Using C linker: mpicc
Using Fortran linker: mpif90
Using libraries: -Wl,-rpath,/home/mesnardo/src/petsc/3.5.2/linux-openmpi-gnu-opt/lib -L/home/mesnardo/src/petsc/3.5.2/linux-openmpi-gnu-opt/lib -lpetsc -Wl,-rpath,/c1/apps/lapack/gcc/3.4.1/lib -L/c1/apps/lapack/gcc/3.4.1/lib -llapack -Wl,-rpath,/c1/apps/blas/gcc/1/lib64 -L/c1/apps/blas/gcc/1/lib64 -lblas -lX11 -lpthread -lssl -lcrypto -L/c1/apps/openmpi/gcc/64/1.8/lib -L/cm/shared/apps/gcc/4.7.0/lib/gcc/x86_64-unknown-linux-gnu/4.7.0 -L/cm/shared/apps/gcc/4.7.0/lib64 -L/cm/shared/apps/gcc/4.7.0/lib -lmpi_usempi -lmpi_mpifh -lgfortran -lm -Wl,-rpath,/c1/apps/openmpi/gcc/64/1.8/lib -lgfortran -lm -lquadmath -lm -lmpi_cxx -lstdc++ -L/c1/apps/openmpi/gcc/64/1.8/lib -L/cm/shared/apps/gcc/4.7.0/lib/gcc/x86_64-unknown-linux-gnu/4.7.0 -L/cm/shared/apps/gcc/4.7.0/lib64 -L/c1/apps/openmpi/gcc/64/1.8/lib -L/cm/shared/apps/gcc/4.7.0/lib -ldl -Wl,-rpath,/c1/apps/openmpi/gcc/64/1.8/lib -lmpi -lgcc_s -lpthread -ldl  
-----------------------------------------

