
---------------------------------------
Flow
---------------------------------------
solver: Navier-Stokes
viscosity: 0.01

---------------------------------------
Mesh
---------------------------------------
size: 100 x 100 x 100

---------------------------------------
Time-stepping
---------------------------------------
convection: 2nd-order Adams-Bashforth
diffusion : Crank-Nicolson
time-increment      : 0.0025
starting time-step  : 0
number of time-steps: 50
saving-interval     : 100

---------------------------------------
Linear system for intermediate velocity
---------------------------------------
solver: cg
preconditioner: none
relative tolerance: 1e-06
absolute tolerance: 1e-50
maximum iterations: 10000

---------------------------------------
Linear system for pressure-force
---------------------------------------
solver: cg
preconditioner: none
relative tolerance: 1e-06
absolute tolerance: 1e-50
maximum iterations: 20000

---------------------------------------
************************************************************************************************************************
***             WIDEN YOUR WINDOW TO 120 CHARACTERS.  Use 'enscript -r -fCourier9' to print this document            ***
************************************************************************************************************************

---------------------------------------------- PETSc Performance Summary: ----------------------------------------------

/home/mesnardo/src/PetIBM_maclach/bin/PetIBM3d on a arch-linux2-c-debug named node161 with 2 processors, by mesnardo Tue Jun  9 14:23:39 2015
Using Petsc Release Version 3.5.2, Sep, 08, 2014 

                         Max       Max/Min        Avg      Total 
Time (sec):           1.369e+03      1.00000   1.369e+03
Objects:              2.340e+02      1.00000   2.340e+02
Flops:                2.036e+11      1.00031   2.036e+11  4.072e+11
Flops/sec:            1.487e+08      1.00031   1.487e+08  2.973e+08
Memory:               7.641e+08      1.00485              1.525e+09
MPI Messages:         1.608e+04      1.00003   1.608e+04  3.217e+04
MPI Message Lengths:  1.327e+09      1.00000   8.253e+04  2.655e+09
MPI Reductions:       1.368e+05      1.00000

Flop counting convention: 1 flop = 1 real number operation of type (multiply/divide/add/subtract)
                            e.g., VecAXPY() for real vectors of length N --> 2N flops
                            and VecAXPY() for complex vectors of length N --> 8N flops

Summary of Stages:   ----- Time ------  ----- Flops -----  --- Messages ---  -- Message Lengths --  -- Reductions --
                        Avg     %Total     Avg     %Total   counts   %Total     Avg         %Total   counts   %Total 
 0:      Main Stage: 3.8517e-01   0.0%  0.0000e+00   0.0%  0.000e+00   0.0%  0.000e+00        0.0%  0.000e+00   0.0% 
 1:      initialize: 5.2996e+00   0.4%  1.1214e+08   0.0%  5.350e+01   0.2%  9.287e+01        0.1%  2.560e+02   0.2% 
 2:     solveIntVel: 8.7082e+01   6.4%  1.8320e+10   4.5%  8.240e+02   2.6%  4.625e+03        5.6%  1.472e+03   1.1% 
 3:   solvePoissSys: 1.2731e+03  93.0%  3.8815e+11  95.3%  3.124e+04  97.1%  7.769e+04       94.1%  1.247e+05  91.1% 
 4:  projectionStep: 3.5774e+00   0.3%  5.9400e+08   0.1%  5.000e+01   0.2%  1.244e+02        0.2%  5.000e+01   0.0% 

------------------------------------------------------------------------------------------------------------------------
See the 'Profiling' chapter of the users' manual for details on interpreting output.
Phase summary info:
   Count: number of times phase was executed
   Time and Flops: Max - maximum over all processors
                   Ratio - ratio of maximum to minimum over all processors
   Mess: number of messages sent
   Avg. len: average message length (bytes)
   Reduct: number of global reductions
   Global: entire computation
   Stage: stages of a computation. Set stages with PetscLogStagePush() and PetscLogStagePop().
      %T - percent time in this phase         %F - percent flops in this phase
      %M - percent messages in this phase     %L - percent message lengths in this phase
      %R - percent reductions in this phase
   Total Mflop/s: 10e-6 * (sum of flops over all processors)/(max time over all processors)
------------------------------------------------------------------------------------------------------------------------


      ##########################################################
      #                                                        #
      #                          WARNING!!!                    #
      #                                                        #
      #   This code was compiled with a debugging option,      #
      #   To get timing results run ./configure                #
      #   using --with-debugging=no, the performance will      #
      #   be generally two or three times faster.              #
      #                                                        #
      ##########################################################


Event                Count      Time (sec)     Flops                             --- Global ---  --- Stage ---   Total
                   Max Ratio  Max     Ratio   Max  Ratio  Mess   Avg len Reduct  %T %F %M %L %R  %T %F %M %L %R Mflop/s
------------------------------------------------------------------------------------------------------------------------

--- Event Stage 0: Main Stage


--- Event Stage 1: initialize

ThreadCommRunKer       1 1.0 5.9605e-06 1.2 0.00e+00 0.0 0.0e+00 0.0e+00 0.0e+00  0  0  0  0  0   0  0  0  0  0     0
ThreadCommBarrie       1 1.0 1.9073e-06 1.0 0.00e+00 0.0 0.0e+00 0.0e+00 0.0e+00  0  0  0  0  0   0  0  0  0  0     0
VecSet                15 1.0 2.5793e-02 1.0 0.00e+00 0.0 0.0e+00 0.0e+00 0.0e+00  0  0  0  0  0   0  0  0  0  0     0
VecScatterBegin        8 1.0 1.5426e-02 1.0 0.00e+00 0.0 1.6e+01 9.9e+04 0.0e+00  0  0  0  0  0   0  0 30 53  0     0
VecScatterEnd          8 1.0 4.4711e-03 1.9 0.00e+00 0.0 0.0e+00 0.0e+00 0.0e+00  0  0  0  0  0   0  0  0  0  0     0
MatScale               4 1.0 1.2052e-01 1.0 4.43e+07 1.0 2.0e+00 2.4e+05 0.0e+00  0  0  0  0  0   2 79  4 16  0   733
MatAssemblyBegin       8 1.0 2.6809e-0227.0 0.00e+00 0.0 3.0e+00 5.3e+04 1.2e+01  0  0  0  0  0   0  0  6  5  5     0
MatAssemblyEnd         8 1.0 9.2114e-01 1.0 0.00e+00 0.0 1.2e+01 3.3e+04 5.6e+01  0  0  0  0  0  17  0 22 13 22     0
MatTranspose           1 1.0 7.5130e-01 1.0 0.00e+00 0.0 7.5e+00 3.7e+04 2.4e+01  0  0  0  0  0  14  0 14  9  9     0
MatMatMult             1 1.0 1.1832e+00 1.0 1.19e+07 1.0 8.0e+00 6.5e+04 2.2e+01  0  0  0  0  0  22 21 15 17  9    20
MatMatMultSym          1 1.0 8.6741e-01 1.0 0.00e+00 0.0 7.0e+00 5.1e+04 2.0e+01  0  0  0  0  0  16  0 13 12  8     0
MatMatMultNum          1 1.0 3.1574e-01 1.0 1.19e+07 1.0 1.0e+00 1.6e+05 2.0e+00  0  0  0  0  0   6 21  2  5  1    75
MatGetLocalMat         2 1.0 2.4698e-01 1.0 0.00e+00 0.0 0.0e+00 0.0e+00 0.0e+00  0  0  0  0  0   5  0  0  0  0     0
MatGetBrAoCol          2 1.0 2.7325e-02 1.0 0.00e+00 0.0 4.0e+00 1.1e+05 0.0e+00  0  0  0  0  0   1  0  7 15  0     0
SFSetGraph             1 1.0 1.4641e-0350.8 0.00e+00 0.0 0.0e+00 0.0e+00 0.0e+00  0  0  0  0  0   0  0  0  0  0     0
SFReduceBegin          1 1.0 2.4250e-03 6.3 0.00e+00 0.0 2.5e+00 3.2e+04 0.0e+00  0  0  0  0  0   0  0  5  3  0     0
SFReduceEnd            1 1.0 2.1696e-04 5.5 0.00e+00 0.0 0.0e+00 0.0e+00 0.0e+00  0  0  0  0  0   0  0  0  0  0     0
generateQTBNQ          1 1.0 1.1832e+00 1.0 1.19e+07 1.0 8.0e+00 6.5e+04 2.2e+01  0  0  0  0  0  22 21 15 17  9    20

--- Event Stage 2: solveIntVel

VecTDot              424 1.0 1.4560e+00 1.0 1.26e+09 1.0 0.0e+00 0.0e+00 4.2e+02  0  1  0  0  0   2 14  0  0 29  1730
VecNorm              312 1.0 1.0839e+00 1.5 9.30e+08 1.0 0.0e+00 0.0e+00 3.1e+02  0  0  0  0  0   1 10  0  0 21  1710
VecCopy              362 1.0 2.7107e+00 1.1 0.00e+00 0.0 0.0e+00 0.0e+00 0.0e+00  0  0  0  0  0   3  0  0  0  0     0
VecSet                50 1.0 1.4731e-01 1.0 0.00e+00 0.0 0.0e+00 0.0e+00 0.0e+00  0  0  0  0  0   0  0  0  0  0     0
VecAXPY              424 1.0 1.4043e+00 1.0 1.26e+09 1.0 0.0e+00 0.0e+00 0.0e+00  0  1  0  0  0   2 14  0  0  0  1793
VecAYPX              212 1.0 1.2722e+00 1.0 5.57e+08 1.0 0.0e+00 0.0e+00 0.0e+00  0  0  0  0  0   1  6  0  0  0   873
VecWAXPY              50 1.0 2.9581e-01 1.0 7.45e+07 1.0 0.0e+00 0.0e+00 0.0e+00  0  0  0  0  0   0  1  0  0  0   502
VecPointwiseMult      50 1.0 2.7514e-01 1.0 7.45e+07 1.0 0.0e+00 0.0e+00 0.0e+00  0  0  0  0  0   0  1  0  0  0   540
VecScatterBegin      412 1.0 4.2230e-01 1.1 0.00e+00 0.0 8.2e+02 1.8e+05 0.0e+00  0  0  3  6  0   0  0100100  0     0
VecScatterEnd        412 1.0 4.0042e-01 5.0 0.00e+00 0.0 0.0e+00 0.0e+00 0.0e+00  0  0  0  0  0   0  0  0  0  0     0
MatMult              262 1.0 1.5688e+01 1.0 5.03e+09 1.0 5.2e+02 2.4e+05 0.0e+00  1  2  2  5  0  18 55 64 84  0   639
KSPSetUp               1 1.0 2.7350e-02 1.0 0.00e+00 0.0 0.0e+00 0.0e+00 0.0e+00  0  0  0  0  0   0  0  0  0  0     0
KSPSolve              50 1.0 5.9012e+01 1.0 9.04e+09 1.0 5.2e+02 2.4e+05 1.4e+03  4  4  2  5  1  68 98 64 84 93   305
PCSetUp                1 1.0 1.9073e-06 1.0 0.00e+00 0.0 0.0e+00 0.0e+00 0.0e+00  0  0  0  0  0   0  0  0  0  0     0
PCApply              312 1.0 2.3406e+00 1.1 0.00e+00 0.0 0.0e+00 0.0e+00 0.0e+00  0  0  0  0  0   3  0  0  0  0     0

--- Event Stage 3: solvePoissSys

VecTDot            31086 1.0 2.6390e+01 1.0 3.11e+10 1.0 0.0e+00 0.0e+00 3.1e+04  2 15  0  0 23   2 16  0  0 25  2356
VecNorm            15643 1.0 9.2297e+00 1.0 1.56e+10 1.0 0.0e+00 0.0e+00 1.6e+04  1  8  0  0 11   1  8  0  0 13  3390
VecScale              50 1.0 3.9849e-02 1.0 2.50e+07 1.0 0.0e+00 0.0e+00 0.0e+00  0  0  0  0  0   0  0  0  0  0  1255
VecCopy            15693 1.0 2.2816e+01 1.0 0.00e+00 0.0 0.0e+00 0.0e+00 0.0e+00  2  0  0  0  0   2  0  0  0  0     0
VecSet                50 1.0 6.5052e-02 1.1 0.00e+00 0.0 0.0e+00 0.0e+00 0.0e+00  0  0  0  0  0   0  0  0  0  0     0
VecAXPY            31086 1.0 3.2088e+01 1.0 3.11e+10 1.0 0.0e+00 0.0e+00 0.0e+00  2 15  0  0  0   2 16  0  0  0  1938
VecAYPX            15543 1.0 3.0925e+01 1.0 1.55e+10 1.0 0.0e+00 0.0e+00 0.0e+00  2  8  0  0  0   2  8  0  0  0  1004
VecScatterBegin    15643 1.0 9.5735e-01 1.0 0.00e+00 0.0 3.1e+04 8.0e+04 0.0e+00  0  0 97 94  0   0  0100100  0     0
VecScatterEnd      15643 1.0 2.6012e+00 1.4 0.00e+00 0.0 0.0e+00 0.0e+00 0.0e+00  0  0  0  0  0   0  0  0  0  0     0
MatMult            15593 1.0 3.2730e+02 1.0 1.00e+11 1.0 3.1e+04 8.0e+04 0.0e+00 24 49 97 94  0  26 52100100  0   614
MatMultAdd            50 1.0 9.2435e-01 1.0 2.97e+08 1.0 5.0e+01 8.0e+04 0.0e+00  0  0  0  0  0   0  0  0  0  0   643
KSPSetUp               1 1.0 9.0799e-03 1.0 0.00e+00 0.0 0.0e+00 0.0e+00 0.0e+00  0  0  0  0  0   0  0  0  0  0     0
KSPSolve              50 1.0 1.2721e+03 1.0 1.94e+11 1.0 3.1e+04 8.0e+04 1.2e+05 93 95 97 94 91 100100100100100   305
PCSetUp                1 1.0 9.5367e-07 1.0 0.00e+00 0.0 0.0e+00 0.0e+00 0.0e+00  0  0  0  0  0   0  0  0  0  0     0
PCApply            15643 1.0 2.2797e+01 1.0 0.00e+00 0.0 0.0e+00 0.0e+00 0.0e+00  2  0  0  0  0   2  0  0  0  0     0

--- Event Stage 4: projectionStep

VecWAXPY              50 1.0 2.9273e-01 1.0 7.45e+07 1.0 0.0e+00 0.0e+00 0.0e+00  0  0  0  0  0   8 25  0  0  0   507
VecScatterBegin       50 1.0 3.6402e-0310.2 0.00e+00 0.0 5.0e+01 8.0e+04 0.0e+00  0  0  0  0  0   0  0100100  0     0
VecScatterEnd         50 1.0 1.1549e-02 2.5 0.00e+00 0.0 0.0e+00 0.0e+00 0.0e+00  0  0  0  0  0   0  0  0  0  0     0
MatMult               50 1.0 1.2873e+00 1.0 2.24e+08 1.0 5.0e+01 8.0e+04 0.0e+00  0  0  0  0  0  36 75100100  0   346
------------------------------------------------------------------------------------------------------------------------

Memory usage is given in bytes:

Object Type          Creations   Destructions     Memory  Descendants' Mem.
Reports information only for process 0.

--- Event Stage 0: Main Stage

              Vector     0             44    266540896     0
      Vector Scatter     0             12     15933008     0
              Matrix     0             14    371756128     0
   Matrix Null Space     0              1          604     0
    Distributed Mesh     0              6        28512     0
Star Forest Bipartite Graph     0             12         9792     0
     Discrete System     0              6         4800     0
   IS L to G Mapping     0              4      8616080     0
       Krylov Solver     0              2         2464     0
      Preconditioner     0              2         1664     0
              Viewer     2              1          752     0

--- Event Stage 1: initialize

              Vector    50             12        18656     0
      Vector Scatter    12              0            0     0
              Matrix    14              0            0     0
   Matrix Null Space     1              0            0     0
    Distributed Mesh     6              0            0     0
Star Forest Bipartite Graph    13              1          872     0
     Discrete System     6              0            0     0
           Index Set    16             16      8331072     0
   IS L to G Mapping     4              0            0     0
       Krylov Solver     2              0            0     0
      Preconditioner     2              0            0     0

--- Event Stage 2: solveIntVel

              Vector    53             50    596078800     0

--- Event Stage 3: solvePoissSys

              Vector    53             50    200078800     0

--- Event Stage 4: projectionStep

========================================================================================================================
Average time to get PetscTime(): 9.53674e-08
Average time for MPI_Barrier(): 3.8147e-07
Average time for zero size MPI_Send(): 1.07288e-06
#PETSc Option Table entries:
-caseFolder .
-log_summary
-sys1_pc_type none
-sys2_pc_type none
#End of PETSc Option Table entries
Compiled without FORTRAN kernels
Compiled with full precision matrices (default)
sizeof(short) 2 sizeof(int) 4 sizeof(long) 8 sizeof(void*) 8 sizeof(PetscScalar) 8 sizeof(PetscInt) 4
Configure options: --with-mpi-dir=/c1/apps/openmpi/1.8/gcc/4.9.2 --with-blas-lib=/c1/apps/blas/gcc/1/lib64/libfblas.a --with-lapack-lib=/c1/apps/lapack/gcc/3.4.1/lib/libflapack.a --prefix=/c1/apps/petsc/3.5.2
-----------------------------------------
Libraries compiled on Thu May 14 01:37:42 2015 on login3.colonialone.gwu.edu 
Machine characteristics: Linux-2.6.32-504.12.2.el6.x86_64-x86_64-with-redhat-6.6-Santiago
Using PETSc directory: /home/maclach/source/petsc-3.5.2
Using PETSc arch: arch-linux2-c-debug
-----------------------------------------

Using C compiler: /c1/apps/openmpi/1.8/gcc/4.9.2/bin/mpicc  -fPIC -Wall -Wwrite-strings -Wno-strict-aliasing -Wno-unknown-pragmas -g3 -O0  ${COPTFLAGS} ${CFLAGS}
Using Fortran compiler: /c1/apps/openmpi/1.8/gcc/4.9.2/bin/mpif90  -fPIC -Wall -Wno-unused-variable -ffree-line-length-0 -Wno-unused-dummy-argument -g -O0   ${FOPTFLAGS} ${FFLAGS} 
-----------------------------------------

Using include paths: -I/home/maclach/source/petsc-3.5.2/arch-linux2-c-debug/include -I/home/maclach/source/petsc-3.5.2/include -I/home/maclach/source/petsc-3.5.2/include -I/home/maclach/source/petsc-3.5.2/arch-linux2-c-debug/include -I/c1/apps/openmpi/1.8/gcc/4.9.2/include
-----------------------------------------

Using C linker: /c1/apps/openmpi/1.8/gcc/4.9.2/bin/mpicc
Using Fortran linker: /c1/apps/openmpi/1.8/gcc/4.9.2/bin/mpif90
Using libraries: -Wl,-rpath,/home/maclach/source/petsc-3.5.2/arch-linux2-c-debug/lib -L/home/maclach/source/petsc-3.5.2/arch-linux2-c-debug/lib -lpetsc -Wl,-rpath,/c1/apps/lapack/gcc/3.4.1/lib -L/c1/apps/lapack/gcc/3.4.1/lib -lflapack -Wl,-rpath,/c1/apps/blas/gcc/1/lib64 -L/c1/apps/blas/gcc/1/lib64 -lfblas -lX11 -lpthread -lssl -lcrypto -Wl,-rpath,/c1/apps/openmpi/1.8/gcc/4.9.2/lib -L/c1/apps/openmpi/1.8/gcc/4.9.2/lib -Wl,-rpath,/c1/apps/gcc/4.9.2/lib/gcc/x86_64-unknown-linux-gnu/4.9.2 -L/c1/apps/gcc/4.9.2/lib/gcc/x86_64-unknown-linux-gnu/4.9.2 -Wl,-rpath,/c1/apps/gcc/4.9.2/lib64 -L/c1/apps/gcc/4.9.2/lib64 -Wl,-rpath,/c1/apps/gcc/4.9.2/lib -L/c1/apps/gcc/4.9.2/lib -lmpi_usempi -lmpi_mpifh -lgfortran -lm -lgfortran -lm -lquadmath -lm -lmpi_cxx -lstdc++ -Wl,-rpath,/c1/apps/openmpi/1.8/gcc/4.9.2/lib -L/c1/apps/openmpi/1.8/gcc/4.9.2/lib -Wl,-rpath,/c1/apps/blas/gcc/1/lib64 -L/c1/apps/blas/gcc/1/lib64 -Wl,-rpath,/c1/apps/gcc/4.9.2/lib/gcc/x86_64-unknown-linux-gnu/4.9.2 -L/c1/apps/gcc/4.9.2/lib/gcc/x86_64-unknown-linux-gnu/4.9.2 -Wl,-rpath,/c1/apps/gcc/4.9.2/lib64 -L/c1/apps/gcc/4.9.2/lib64 -Wl,-rpath,/c1/apps/openmpi/1.8/gcc/4.9.2/lib -L/c1/apps/openmpi/1.8/gcc/4.9.2/lib -Wl,-rpath,/c1/apps/blas/gcc/1/lib64 -L/c1/apps/blas/gcc/1/lib64 -Wl,-rpath,/c1/apps/lapack/gcc/3.4.1/lib -L/c1/apps/lapack/gcc/3.4.1/lib -Wl,-rpath,/c1/apps/gcc/4.9.2/lib -L/c1/apps/gcc/4.9.2/lib -ldl -Wl,-rpath,/c1/apps/openmpi/1.8/gcc/4.9.2/lib -lmpi -lgcc_s -lpthread -ldl  
-----------------------------------------

