
---------------------------------------
Flow
---------------------------------------
solver: Navier-Stokes
viscosity: 0.01

---------------------------------------
Mesh
---------------------------------------
size: 100 x 100 x 100

---------------------------------------
Time-stepping
---------------------------------------
convection: 2nd-order Adams-Bashforth
diffusion : Crank-Nicolson
time-increment      : 0.0025
starting time-step  : 0
number of time-steps: 50
saving-interval     : 100

---------------------------------------
Linear system for intermediate velocity
---------------------------------------
solver: cg
preconditioner: none
relative tolerance: 1e-06
absolute tolerance: 1e-50
maximum iterations: 10000

---------------------------------------
Linear system for pressure-force
---------------------------------------
solver: cg
preconditioner: none
relative tolerance: 1e-06
absolute tolerance: 1e-50
maximum iterations: 20000

---------------------------------------
************************************************************************************************************************
***             WIDEN YOUR WINDOW TO 120 CHARACTERS.  Use 'enscript -r -fCourier9' to print this document            ***
************************************************************************************************************************

---------------------------------------------- PETSc Performance Summary: ----------------------------------------------

/home/mesnardo/src/PetIBM/linux-mpich-3.1.4-gnu-libf-opt/PetIBM3d on a linux-mpich-3.1.4-gnu-libf-opt named node149 with 8 processors, by mesnardo Wed Jul  1 18:09:40 2015
Using Petsc Release Version 3.5.2, Sep, 08, 2014 

                         Max       Max/Min        Avg      Total 
Time (sec):           1.217e+02      1.00000   1.217e+02
Objects:              2.340e+02      1.00000   2.340e+02
Flops:                5.092e+10      1.00094   5.090e+10  4.072e+11
Flops/sec:            4.186e+08      1.00094   4.184e+08  3.347e+09
MPI Messages:         4.890e+04      1.00003   4.890e+04  3.912e+05
MPI Message Lengths:  9.961e+08      1.00076   2.036e+04  7.966e+09
MPI Reductions:       7.774e+04      1.00000

Flop counting convention: 1 flop = 1 real number operation of type (multiply/divide/add/subtract)
                            e.g., VecAXPY() for real vectors of length N --> 2N flops
                            and VecAXPY() for complex vectors of length N --> 8N flops

Summary of Stages:   ----- Time ------  ----- Flops -----  --- Messages ---  -- Message Lengths --  -- Reductions --
                        Avg     %Total     Avg     %Total   counts   %Total     Avg         %Total   counts   %Total 
 0:      Main Stage: 5.7956e-02   0.0%  0.0000e+00   0.0%  0.000e+00   0.0%  0.000e+00        0.0%  0.000e+00   0.0% 
 1:      initialize: 7.0693e-01   0.6%  1.1214e+08   0.0%  1.026e+03   0.3%  2.310e+01        0.1%  1.320e+02   0.2% 
 2:     RHSVelocity: 5.9338e+00   4.9%  2.9700e+08   0.1%  8.400e+03   2.1%  1.865e+02        0.9%  0.000e+00   0.0% 
 3:   solveVelocity: 7.0108e+00   5.8%  1.8023e+10   4.4%  6.288e+03   1.6%  9.580e+02        4.7%  7.360e+02   0.9% 
 4:      RHSPoisson: 1.5484e-01   0.1%  6.4400e+08   0.2%  6.000e+02   0.2%  3.068e+01        0.2%  0.000e+00   0.0% 
 5:    solvePoisson: 1.0750e+02  88.4%  3.8753e+11  95.2%  3.743e+05  95.7%  1.913e+04       94.0%  6.238e+04  80.2% 
 6:  projectionStep: 2.2758e-01   0.2%  5.9400e+08   0.1%  6.000e+02   0.2%  3.068e+01        0.2%  0.000e+00   0.0% 

------------------------------------------------------------------------------------------------------------------------
See the 'Profiling' chapter of the users' manual for details on interpreting output.
Phase summary info:
   Count: number of times phase was executed
   Time and Flops: Max - maximum over all processors
                   Ratio - ratio of maximum to minimum over all processors
   Mess: number of messages sent
   Avg. len: average message length (bytes)
   Reduct: number of global reductions
   Global: entire computation
   Stage: stages of a computation. Set stages with PetscLogStagePush() and PetscLogStagePop().
      %T - percent time in this phase         %F - percent flops in this phase
      %M - percent messages in this phase     %L - percent message lengths in this phase
      %R - percent reductions in this phase
   Total Mflop/s: 10e-6 * (sum of flops over all processors)/(max time over all processors)
------------------------------------------------------------------------------------------------------------------------
Event                Count      Time (sec)     Flops                             --- Global ---  --- Stage ---   Total
                   Max Ratio  Max     Ratio   Max  Ratio  Mess   Avg len Reduct  %T %F %M %L %R  %T %F %M %L %R Mflop/s
------------------------------------------------------------------------------------------------------------------------

--- Event Stage 0: Main Stage


--- Event Stage 1: initialize

VecSet                15 1.0 6.6807e-03 1.1 0.00e+00 0.0 0.0e+00 0.0e+00 0.0e+00  0  0  0  0  0   1  0  0  0  0     0
VecScatterBegin        8 1.0 3.0863e-03 1.4 0.00e+00 0.0 3.8e+02 1.3e+04 0.0e+00  0  0  0  0  0   0  0 37 53  0     0
VecScatterEnd          8 1.0 1.7538e-03 3.1 0.00e+00 0.0 0.0e+00 0.0e+00 0.0e+00  0  0  0  0  0   0  0  0  0  0     0
MatScale               4 1.0 2.7708e-02 1.5 1.12e+07 1.0 2.4e+01 6.0e+04 0.0e+00  0  0  0  0  0   3 79  2 16  0  3190
MatAssemblyBegin       8 1.0 1.3903e-0134.9 0.00e+00 0.0 3.6e+01 1.3e+04 1.2e+01  0  0  0  0  0  10  0  4  5  9     0
MatAssemblyEnd         8 1.0 1.4212e-01 1.1 0.00e+00 0.0 1.4e+02 8.3e+03 3.2e+01  0  0  0  0  0  19  0 14 13 24     0
MatTranspose           1 1.0 1.1622e-01 1.0 0.00e+00 0.0 9.0e+01 9.3e+03 1.2e+01  0  0  0  0  0  16  0  9  9  9     0
MatMatMult             1 1.0 1.7710e-01 1.0 2.97e+06 1.0 9.6e+01 1.6e+04 1.6e+01  0  0  0  0  0  25 21  9 17 12   134
MatMatMultSym          1 1.0 1.5016e-01 1.0 0.00e+00 0.0 8.4e+01 1.3e+04 1.4e+01  0  0  0  0  0  21  0  8 12 11     0
MatMatMultNum          1 1.0 2.8871e-02 1.1 2.97e+06 1.0 1.2e+01 4.0e+04 2.0e+00  0  0  0  0  0   4 21  1  5  2   823
MatGetLocalMat         2 1.0 4.5296e-02 2.0 0.00e+00 0.0 0.0e+00 0.0e+00 0.0e+00  0  0  0  0  0   5  0  0  0  0     0
MatGetBrAoCol          2 1.0 6.4650e-03 1.6 0.00e+00 0.0 4.8e+01 2.8e+04 0.0e+00  0  0  0  0  0   1  0  5 15  0     0
SFSetGraph             1 1.0 4.1699e-0470.0 0.00e+00 0.0 0.0e+00 0.0e+00 0.0e+00  0  0  0  0  0   0  0  0  0  0     0
SFReduceBegin          1 1.0 2.8520e-0311.0 0.00e+00 0.0 3.0e+01 8.0e+03 0.0e+00  0  0  0  0  0   0  0  3  3  0     0
SFReduceEnd            1 1.0 8.7023e-05 8.7 0.00e+00 0.0 0.0e+00 0.0e+00 0.0e+00  0  0  0  0  0   0  0  0  0  0     0
generateQTBNQ          1 1.0 1.7711e-01 1.0 2.97e+06 1.0 9.6e+01 1.6e+04 1.6e+01  0  0  0  0  0  25 21  9 17 12   134

--- Event Stage 2: RHSVelocity

VecSet                50 1.0 6.7803e-02 2.1 0.00e+00 0.0 0.0e+00 0.0e+00 0.0e+00  0  0  0  0  0   1  0  0  0  0     0
VecWAXPY              50 1.0 7.7571e-02 2.0 1.88e+07 1.0 0.0e+00 0.0e+00 0.0e+00  0  0  0  0  0   1 50  0  0  0  1914
VecPointwiseMult      50 1.0 6.3371e-02 2.0 1.88e+07 1.0 0.0e+00 0.0e+00 0.0e+00  0  0  0  0  0   1 50  0  0  0  2343
VecScatterBegin      150 1.0 1.0295e-01 1.9 0.00e+00 0.0 8.4e+03 8.7e+03 0.0e+00  0  0  2  1  0   1  0100100  0     0
VecScatterEnd        150 1.0 4.3398e-0128.5 0.00e+00 0.0 0.0e+00 0.0e+00 0.0e+00  0  0  0  0  0   5  0  0  0  0     0

--- Event Stage 3: solveVelocity

VecTDot              424 1.0 1.7856e+00 3.8 3.18e+08 1.0 0.0e+00 0.0e+00 4.2e+02  1  1  0  0  1  15 14  0  0 58  1410
VecNorm              312 1.0 1.4127e+00 4.3 2.34e+08 1.0 0.0e+00 0.0e+00 3.1e+02  1  0  0  0  0  12 10  0  0 42  1312
VecCopy              362 1.0 5.6138e-01 1.9 0.00e+00 0.0 0.0e+00 0.0e+00 0.0e+00  0  0  0  0  0   6  0  0  0  0     0
VecAXPY              424 1.0 5.1484e-01 1.8 3.18e+08 1.0 0.0e+00 0.0e+00 0.0e+00  0  1  0  0  0   6 14  0  0  0  4892
VecAYPX              212 1.0 3.0697e-01 2.0 1.40e+08 1.0 0.0e+00 0.0e+00 0.0e+00  0  0  0  0  0   3  6  0  0  0  3619
VecScatterBegin      262 1.0 6.8532e-02 1.9 0.00e+00 0.0 6.3e+03 6.0e+04 0.0e+00  0  0  2  5  0   1  0100100  0     0
VecScatterEnd        262 1.0 3.8809e+00111.2 0.00e+00 0.0 0.0e+00 0.0e+00 0.0e+00  2  0  0  0  0  28  0  0  0  0     0
MatMult              262 1.0 5.5808e+00 2.1 1.27e+09 1.0 6.3e+03 6.0e+04 0.0e+00  3  2  2  5  0  56 56100100  0  1796
KSPSetUp               1 1.0 1.0190e-02 1.9 0.00e+00 0.0 0.0e+00 0.0e+00 0.0e+00  0  0  0  0  0   0  0  0  0  0     0
KSPSolve              50 1.0 9.0844e+00 1.9 2.28e+09 1.0 6.3e+03 6.0e+04 7.4e+02  6  4  2  5  1 100100100100100  1984
PCSetUp                1 1.0 1.1921e-06 0.0 0.00e+00 0.0 0.0e+00 0.0e+00 0.0e+00  0  0  0  0  0   0  0  0  0  0     0
PCApply              312 1.0 4.7962e-01 1.9 0.00e+00 0.0 0.0e+00 0.0e+00 0.0e+00  0  0  0  0  0   5  0  0  0  0     0

--- Event Stage 4: RHSPoisson

VecScale              50 1.0 9.4500e-03 2.2 6.25e+06 1.0 0.0e+00 0.0e+00 0.0e+00  0  0  0  0  0   4  8  0  0  0  5291
VecSet                50 1.0 1.3520e-02 2.1 0.00e+00 0.0 0.0e+00 0.0e+00 0.0e+00  0  0  0  0  0   7  0  0  0  0     0
VecScatterBegin       50 1.0 5.4376e-0320.4 0.00e+00 0.0 6.0e+02 2.0e+04 0.0e+00  0  0  0  0  0   2  0100100  0     0
VecScatterEnd         50 1.0 2.3682e-0314.6 0.00e+00 0.0 0.0e+00 0.0e+00 0.0e+00  0  0  0  0  0   1  0  0  0  0     0
MatMultAdd            50 1.0 1.7681e-01 2.0 7.42e+07 1.0 6.0e+02 2.0e+04 0.0e+00  0  0  0  0  0  85 92100100  0  3360

--- Event Stage 5: solvePoisson

VecTDot            31088 1.0 3.5955e+01 3.4 7.77e+09 1.0 0.0e+00 0.0e+00 3.1e+04 19 15  0  0 40  22 16  0  0 50  1729
VecNorm            15644 1.0 7.5491e+00 1.5 3.91e+09 1.0 0.0e+00 0.0e+00 1.6e+04  5  8  0  0 20   6  8  0  0 25  4145
VecCopy            15694 1.0 5.1272e+00 2.3 0.00e+00 0.0 0.0e+00 0.0e+00 0.0e+00  3  0  0  0  0   3  0  0  0  0     0
VecAXPY            31088 1.0 1.0354e+01 2.1 7.77e+09 1.0 0.0e+00 0.0e+00 0.0e+00  6 15  0  0  0   7 16  0  0  0  6005
VecAYPX            15544 1.0 6.3220e+00 2.2 3.88e+09 1.0 0.0e+00 0.0e+00 0.0e+00  4  8  0  0  0   4  8  0  0  0  4910
VecScatterBegin    15594 1.0 9.7827e-01 1.7 0.00e+00 0.0 3.7e+05 2.0e+04 0.0e+00  1  0 96 94  0   1  0100100  0     0
VecScatterEnd      15594 1.0 9.0389e-01 1.4 0.00e+00 0.0 0.0e+00 0.0e+00 0.0e+00  1  0  0  0  0   1  0  0  0  0     0
MatMult            15594 1.0 5.0399e+01 1.8 2.51e+10 1.0 3.7e+05 2.0e+04 0.0e+00 32 49 96 94  0  37 52100100  0  3985
KSPSetUp               1 1.0 7.6294e-04 1.9 0.00e+00 0.0 0.0e+00 0.0e+00 0.0e+00  0  0  0  0  0   0  0  0  0  0     0
KSPSolve              50 1.0 1.0755e+02 1.0 4.84e+10 1.0 3.7e+05 2.0e+04 6.2e+04 88 95 96 94 80 100100100100100  3603
PCSetUp                1 1.0 0.0000e+00 0.0 0.00e+00 0.0 0.0e+00 0.0e+00 0.0e+00  0  0  0  0  0   0  0  0  0  0     0
PCApply            15644 1.0 5.1275e+00 2.3 0.00e+00 0.0 0.0e+00 0.0e+00 0.0e+00  3  0  0  0  0   3  0  0  0  0     0

--- Event Stage 6: projectionStep

VecWAXPY              50 1.0 8.7535e-02 2.0 1.88e+07 1.0 0.0e+00 0.0e+00 0.0e+00  0  0  0  0  0  31 25  0  0  0  1696
VecScatterBegin       50 1.0 2.3773e-03 8.3 0.00e+00 0.0 6.0e+02 2.0e+04 0.0e+00  0  0  0  0  0   1  0100100  0     0
VecScatterEnd         50 1.0 3.5286e-0312.0 0.00e+00 0.0 0.0e+00 0.0e+00 0.0e+00  0  0  0  0  0   1  0  0  0  0     0
MatMult               50 1.0 2.1455e-01 2.2 5.62e+07 1.0 6.0e+02 2.0e+04 0.0e+00  0  0  0  0  0  69 75100100  0  2076
------------------------------------------------------------------------------------------------------------------------

Memory usage is given in bytes:

Object Type          Creations   Destructions     Memory  Descendants' Mem.
Reports information only for process 0.

--- Event Stage 0: Main Stage

              Vector     0             44     67741536     0
      Vector Scatter     0             12      4012720     0
              Matrix     0             14     93506816     0
   Matrix Null Space     0              1          596     0
    Distributed Mesh     0              6        28464     0
Star Forest Bipartite Graph     0             12         9600     0
     Discrete System     0              6         4752     0
   IS L to G Mapping     0              4      2252080     0
       Krylov Solver     0              2         2448     0
      Preconditioner     0              2         1648     0
              Viewer     2              1          744     0

--- Event Stage 1: initialize

              Vector    50             12        18560     0
      Vector Scatter    12              0            0     0
              Matrix    14              0            0     0
   Matrix Null Space     1              0            0     0
    Distributed Mesh     6              0            0     0
Star Forest Bipartite Graph    13              1          856     0
     Discrete System     6              0            0     0
           Index Set    16             16      2284356     0
   IS L to G Mapping     4              0            0     0
       Krylov Solver     2              0            0     0
      Preconditioner     2              0            0     0

--- Event Stage 2: RHSVelocity


--- Event Stage 3: solveVelocity

              Vector    53             50    150078400     0

--- Event Stage 4: RHSPoisson


--- Event Stage 5: solvePoisson

              Vector    53             50     50078400     0

--- Event Stage 6: projectionStep

========================================================================================================================
Average time to get PetscTime(): 0
Average time for MPI_Barrier(): 3.95775e-06
Average time for zero size MPI_Send(): 7.45058e-07
#PETSc Option Table entries:
-caseFolder .
-log_summary
-sys1_pc_type none
-sys2_pc_type none
#End of PETSc Option Table entries
Compiled without FORTRAN kernels
Compiled with full precision matrices (default)
sizeof(short) 2 sizeof(int) 4 sizeof(long) 8 sizeof(void*) 8 sizeof(PetscScalar) 8 sizeof(PetscInt) 4
Configure options: COPTFLAG=-O3 CXXOPTFLAGS=-O3 FOPTFLAGS=-O3 --PETSC_ARCH=linux-mpich-3.1.4-gnu-libf-opt --with-debugging=0 --with-mpi-dir=/c1/apps/mpich/3.1.4 --with-blas-lib=/c1/apps/blas/gcc/1/lib64/libfblas.a --with-lapack-lib=/c1/apps/lapack/gcc/3.4.1/lib/libflapack.a --with-shared-libraries=0
-----------------------------------------
Libraries compiled on Mon Jun 29 18:08:20 2015 on login3.colonialone.gwu.edu 
Machine characteristics: Linux-2.6.32-504.12.2.el6.x86_64-x86_64-with-redhat-6.6-Santiago
Using PETSc directory: /home/mesnardo/src/petsc/3.5.2
Using PETSc arch: linux-mpich-3.1.4-gnu-libf-opt
-----------------------------------------

Using C compiler: /c1/apps/mpich/3.1.4/bin/mpicc  -Wall -Wwrite-strings -Wno-strict-aliasing -Wno-unknown-pragmas -O  ${COPTFLAGS} ${CFLAGS}
Using Fortran compiler: /c1/apps/mpich/3.1.4/bin/mpif90  -Wall -Wno-unused-variable -ffree-line-length-0 -Wno-unused-dummy-argument -O3   ${FOPTFLAGS} ${FFLAGS} 
-----------------------------------------

Using include paths: -I/home/mesnardo/src/petsc/3.5.2/linux-mpich-3.1.4-gnu-libf-opt/include -I/home/mesnardo/src/petsc/3.5.2/include -I/home/mesnardo/src/petsc/3.5.2/include -I/home/mesnardo/src/petsc/3.5.2/linux-mpich-3.1.4-gnu-libf-opt/include -I/c1/apps/mpich/3.1.4/include
-----------------------------------------

Using C linker: /c1/apps/mpich/3.1.4/bin/mpicc
Using Fortran linker: /c1/apps/mpich/3.1.4/bin/mpif90
Using libraries: -Wl,-rpath,/home/mesnardo/src/petsc/3.5.2/linux-mpich-3.1.4-gnu-libf-opt/lib -L/home/mesnardo/src/petsc/3.5.2/linux-mpich-3.1.4-gnu-libf-opt/lib -lpetsc -Wl,-rpath,/c1/apps/lapack/gcc/3.4.1/lib -L/c1/apps/lapack/gcc/3.4.1/lib -lflapack -Wl,-rpath,/c1/apps/blas/gcc/1/lib64 -L/c1/apps/blas/gcc/1/lib64 -lfblas -lX11 -lpthread -lssl -lcrypto -L/c1/apps/mpich/3.1.4/lib -L/cm/shared/apps/gcc/4.7.0/lib/gcc/x86_64-unknown-linux-gnu/4.7.0 -L/cm/shared/apps/gcc/4.7.0/lib64 -L/cm/shared/apps/gcc/4.7.0/lib -lmpifort -lgfortran -lm -Wl,-rpath,/c1/apps/mpich/3.1.4/lib -lgfortran -lm -lquadmath -lm -lmpicxx -lstdc++ -L/c1/apps/mpich/3.1.4/lib -L/cm/shared/apps/gcc/4.7.0/lib/gcc/x86_64-unknown-linux-gnu/4.7.0 -L/cm/shared/apps/gcc/4.7.0/lib64 -L/cm/shared/apps/gcc/4.7.0/lib -ldl -Wl,-rpath,/c1/apps/mpich/3.1.4/lib -lmpi -lgcc_s -ldl  
-----------------------------------------

