
---------------------------------------
Flow
---------------------------------------
solver: Navier-Stokes
viscosity: 0.01

---------------------------------------
Mesh
---------------------------------------
size: 100 x 100 x 100

---------------------------------------
Time-stepping
---------------------------------------
convection: 2nd-order Adams-Bashforth
diffusion : Crank-Nicolson
time-increment      : 0.0025
starting time-step  : 0
number of time-steps: 50
saving-interval     : 10

---------------------------------------
Linear system for intermediate velocity
---------------------------------------
solver: cg
preconditioner: none
relative tolerance: 1e-06
absolute tolerance: 1e-50
maximum iterations: 10000

---------------------------------------
Linear system for pressure-force
---------------------------------------
solver: cg
preconditioner: none
relative tolerance: 1e-06
absolute tolerance: 1e-50
maximum iterations: 20000

---------------------------------------
Data written to folder ./0000010.
Data written to folder ./0000020.
Data written to folder ./0000030.
Data written to folder ./0000040.
Data written to folder ./0000050.
************************************************************************************************************************
***             WIDEN YOUR WINDOW TO 120 CHARACTERS.  Use 'enscript -r -fCourier9' to print this document            ***
************************************************************************************************************************

---------------------------------------------- PETSc Performance Summary: ----------------------------------------------

/home/mesnardo/src/PetIBM/linux-mpich-3.1.4-gnu-libf-opt/PetIBM3d on a linux-mpich-3.1.4-gnu-libf-opt named node164 with 16 processors, by mesnardo Wed Jul  1 18:08:30 2015
Using Petsc Release Version 3.5.2, Sep, 08, 2014 

                         Max       Max/Min        Avg      Total 
Time (sec):           4.789e+01      1.00000   4.789e+01
Objects:              2.740e+02      1.00000   2.740e+02
Flops:                2.550e+10      1.00450   2.545e+10  4.071e+11
Flops/sec:            5.325e+08      1.00450   5.314e+08  8.503e+09
MPI Messages:         6.556e+04      1.33816   5.729e+04  9.166e+05
MPI Message Lengths:  1.011e+09      1.49083   1.482e+04  1.359e+10
MPI Reductions:       7.777e+04      1.00000

Flop counting convention: 1 flop = 1 real number operation of type (multiply/divide/add/subtract)
                            e.g., VecAXPY() for real vectors of length N --> 2N flops
                            and VecAXPY() for complex vectors of length N --> 8N flops

Summary of Stages:   ----- Time ------  ----- Flops -----  --- Messages ---  -- Message Lengths --  -- Reductions --
                        Avg     %Total     Avg     %Total   counts   %Total     Avg         %Total   counts   %Total 
 0:      Main Stage: 2.0376e+00   4.3%  0.0000e+00   0.0%  1.772e+03   0.2%  3.389e+02        2.3%  3.600e+01   0.0% 
 1:      initialize: 2.8152e-01   0.6%  1.1214e+08   0.0%  2.554e+03   0.3%  1.648e+01        0.1%  1.320e+02   0.2% 
 2:     RHSVelocity: 2.7489e+00   5.7%  2.9700e+08   0.1%  2.160e+04   2.4%  1.337e+02        0.9%  0.000e+00   0.0% 
 3:   solveVelocity: 2.1440e+00   4.5%  1.8023e+10   4.4%  1.467e+04   1.6%  6.815e+02        4.6%  7.360e+02   0.9% 
 4:      RHSPoisson: 9.4668e-02   0.2%  6.4400e+08   0.2%  1.400e+03   0.2%  2.182e+01        0.1%  0.000e+00   0.0% 
 5:    solvePoisson: 4.0376e+01  84.3%  3.8748e+11  95.2%  8.732e+05  95.3%  1.361e+04       91.8%  6.237e+04  80.2% 
 6:  projectionStep: 1.3788e-01   0.3%  5.9400e+08   0.1%  1.400e+03   0.2%  2.182e+01        0.1%  0.000e+00   0.0% 

------------------------------------------------------------------------------------------------------------------------
See the 'Profiling' chapter of the users' manual for details on interpreting output.
Phase summary info:
   Count: number of times phase was executed
   Time and Flops: Max - maximum over all processors
                   Ratio - ratio of maximum to minimum over all processors
   Mess: number of messages sent
   Avg. len: average message length (bytes)
   Reduct: number of global reductions
   Global: entire computation
   Stage: stages of a computation. Set stages with PetscLogStagePush() and PetscLogStagePop().
      %T - percent time in this phase         %F - percent flops in this phase
      %M - percent messages in this phase     %L - percent message lengths in this phase
      %R - percent reductions in this phase
   Total Mflop/s: 10e-6 * (sum of flops over all processors)/(max time over all processors)
------------------------------------------------------------------------------------------------------------------------
Event                Count      Time (sec)     Flops                             --- Global ---  --- Stage ---   Total
                   Max Ratio  Max     Ratio   Max  Ratio  Mess   Avg len Reduct  %T %F %M %L %R  %T %F %M %L %R Mflop/s
------------------------------------------------------------------------------------------------------------------------

--- Event Stage 0: Main Stage

VecView               20 1.0 1.9210e+00 3.6 0.00e+00 0.0 1.8e+03 1.8e+05 3.6e+01  4  0  0  2  0  90  0100100100     0
VecScatterBegin       20 1.0 6.8502e-03 1.7 0.00e+00 0.0 9.6e+02 1.2e+05 0.0e+00  0  0  0  1  0   0  0 54 38  0     0
VecScatterEnd         20 1.0 1.1815e+00169.7 0.00e+00 0.0 0.0e+00 0.0e+00 0.0e+00  0  0  0  0  0  11  0  0  0  0     0

--- Event Stage 1: initialize

VecSet                15 1.0 3.6230e-03 1.1 0.00e+00 0.0 0.0e+00 0.0e+00 0.0e+00  0  0  0  0  0   1  0  0  0  0     0
VecScatterBegin        8 1.0 2.4068e-03 1.3 0.00e+00 0.0 9.8e+02 8.3e+03 0.0e+00  0  0  0  0  0   1  0 38 54  0     0
VecScatterEnd          8 1.0 1.1778e-03 2.4 0.00e+00 0.0 0.0e+00 0.0e+00 0.0e+00  0  0  0  0  0   0  0  0  0  0     0
MatScale               4 1.0 2.0058e-02 1.1 5.60e+06 1.0 5.6e+01 4.3e+04 0.0e+00  0  0  0  0  0   7 79  2 16  0  4406
MatAssemblyBegin       8 1.0 5.9574e-03 6.2 0.00e+00 0.0 8.4e+01 9.5e+03 1.2e+01  0  0  0  0  0   1  0  3  5  9     0
MatAssemblyEnd         8 1.0 4.9731e-02 1.0 0.00e+00 0.0 3.4e+02 5.9e+03 3.2e+01  0  0  0  0  0  18  0 13 13 24     0
MatTranspose           1 1.0 2.9392e-02 1.0 0.00e+00 0.0 2.1e+02 6.7e+03 1.2e+01  0  0  0  0  0  10  0  8  9  9     0
MatMatMult             1 1.0 5.0842e-02 1.0 1.49e+06 1.0 2.2e+02 1.2e+04 1.6e+01  0  0  0  0  0  18 21  9 17 12   467
MatMatMultSym          1 1.0 4.1882e-02 1.0 0.00e+00 0.0 2.0e+02 9.2e+03 1.4e+01  0  0  0  0  0  15  0  8 12 11     0
MatMatMultNum          1 1.0 8.9550e-03 1.0 1.49e+06 1.0 2.8e+01 2.9e+04 2.0e+00  0  0  0  0  0   3 21  1  5  2  2653
MatGetLocalMat         2 1.0 1.3460e-02 1.1 0.00e+00 0.0 0.0e+00 0.0e+00 0.0e+00  0  0  0  0  0   5  0  0  0  0     0
MatGetBrAoCol          2 1.0 1.7769e-03 1.4 0.00e+00 0.0 1.1e+02 2.0e+04 0.0e+00  0  0  0  0  0   1  0  4 15  0     0
SFSetGraph             1 1.0 1.3494e-0418.9 0.00e+00 0.0 0.0e+00 0.0e+00 0.0e+00  0  0  0  0  0   0  0  0  0  0     0
SFReduceBegin          1 1.0 4.6015e-04 2.8 0.00e+00 0.0 7.0e+01 5.7e+03 0.0e+00  0  0  0  0  0   0  0  3  3  0     0
SFReduceEnd            1 1.0 3.1948e-05 5.4 0.00e+00 0.0 0.0e+00 0.0e+00 0.0e+00  0  0  0  0  0   0  0  0  0  0     0
generateQTBNQ          1 1.0 5.0845e-02 1.0 1.49e+06 1.0 2.2e+02 1.2e+04 1.6e+01  0  0  0  0  0  18 21  9 17 12   467

--- Event Stage 2: RHSVelocity

VecSet                50 1.0 3.1003e-02 2.1 0.00e+00 0.0 0.0e+00 0.0e+00 0.0e+00  0  0  0  0  0   1  0  0  0  0     0
VecWAXPY              50 1.0 4.9103e-02 2.4 9.38e+06 1.0 0.0e+00 0.0e+00 0.0e+00  0  0  0  0  0   1 50  0  0  0  3024
VecPointwiseMult      50 1.0 3.3231e-02 2.0 9.38e+06 1.0 0.0e+00 0.0e+00 0.0e+00  0  0  0  0  0   1 50  0  0  0  4469
VecScatterBegin      150 1.0 4.9231e-02 1.3 0.00e+00 0.0 2.2e+04 5.7e+03 0.0e+00  0  0  2  1  0   2  0100100  0     0
VecScatterEnd        150 1.0 9.8657e-0135.6 0.00e+00 0.0 0.0e+00 0.0e+00 0.0e+00  2  0  0  0  0  33  0  0  0  0     0

--- Event Stage 3: solveVelocity

VecTDot              424 1.0 2.8804e-01 1.8 1.59e+08 1.0 0.0e+00 0.0e+00 4.2e+02  1  1  0  0  1  12 14  0  0 58  8744
VecNorm              312 1.0 2.7828e-01 2.6 1.17e+08 1.0 0.0e+00 0.0e+00 3.1e+02  0  0  0  0  0   9 10  0  0 42  6660
VecCopy              362 1.0 2.2883e-01 1.3 0.00e+00 0.0 0.0e+00 0.0e+00 0.0e+00  0  0  0  0  0   9  0  0  0  0     0
VecAXPY              424 1.0 2.8270e-01 1.1 1.59e+08 1.0 0.0e+00 0.0e+00 0.0e+00  1  1  0  0  0  13 14  0  0  0  8909
VecAYPX              212 1.0 1.3063e-01 1.2 7.01e+07 1.0 0.0e+00 0.0e+00 0.0e+00  0  0  0  0  0   5  6  0  0  0  8503
VecScatterBegin      262 1.0 6.0575e-02 1.8 0.00e+00 0.0 1.5e+04 4.3e+04 0.0e+00  0  0  2  5  0   2  0100100  0     0
VecScatterEnd        262 1.0 3.9773e-02 1.8 0.00e+00 0.0 0.0e+00 0.0e+00 0.0e+00  0  0  0  0  0   2  0  0  0  0     0
MatMult              262 1.0 1.1666e+00 1.1 6.35e+08 1.0 1.5e+04 4.3e+04 0.0e+00  2  2  2  5  0  51 56100100  0  8591
KSPSetUp               1 1.0 3.2711e-03 1.1 0.00e+00 0.0 0.0e+00 0.0e+00 0.0e+00  0  0  0  0  0   0  0  0  0  0     0
KSPSolve              50 1.0 2.2220e+00 1.1 1.14e+09 1.0 1.5e+04 4.3e+04 7.4e+02  4  4  2  5  1 100100100100100  8111
PCSetUp                1 1.0 9.5367e-07 0.0 0.00e+00 0.0 0.0e+00 0.0e+00 0.0e+00  0  0  0  0  0   0  0  0  0  0     0
PCApply              312 1.0 1.9349e-01 1.3 0.00e+00 0.0 0.0e+00 0.0e+00 0.0e+00  0  0  0  0  0   8  0  0  0  0     0

--- Event Stage 4: RHSPoisson

VecScale              50 1.0 2.3172e-03 1.1 3.12e+06 1.0 0.0e+00 0.0e+00 0.0e+00  0  0  0  0  0   2  8  0  0  0 21578
VecSet                50 1.0 6.4042e-03 1.1 0.00e+00 0.0 0.0e+00 0.0e+00 0.0e+00  0  0  0  0  0   6  0  0  0  0     0
VecScatterBegin       50 1.0 4.8697e-0317.0 0.00e+00 0.0 1.4e+03 1.4e+04 0.0e+00  0  0  0  0  0   2  0100100  0     0
VecScatterEnd         50 1.0 2.0039e-03 9.9 0.00e+00 0.0 0.0e+00 0.0e+00 0.0e+00  0  0  0  0  0   1  0  0  0  0     0
MatMultAdd            50 1.0 8.8588e-02 1.1 3.72e+07 1.0 1.4e+03 1.4e+04 0.0e+00  0  0  0  0  0  88 92100100  0  6705

--- Event Stage 5: solvePoisson

VecTDot            31084 1.0 5.2884e+00 1.7 3.89e+09 1.0 0.0e+00 0.0e+00 3.1e+04  9 15  0  0 40  11 16  0  0 50 11755
VecNorm            15642 1.0 1.2901e+00 1.0 1.96e+09 1.0 0.0e+00 0.0e+00 1.6e+04  3  8  0  0 20   3  8  0  0 25 24250
VecCopy            15692 1.0 7.7534e-01 1.0 0.00e+00 0.0 0.0e+00 0.0e+00 0.0e+00  2  0  0  0  0   2  0  0  0  0     0
VecAXPY            31084 1.0 3.5332e+00 1.2 3.89e+09 1.0 0.0e+00 0.0e+00 0.0e+00  7 15  0  0  0   8 16  0  0  0 17596
VecAYPX            15542 1.0 1.5288e+00 1.0 1.94e+09 1.0 0.0e+00 0.0e+00 0.0e+00  3  8  0  0  0   4  8  0  0  0 20300
VecScatterBegin    15592 1.0 7.0904e-01 1.7 0.00e+00 0.0 8.7e+05 1.4e+04 0.0e+00  1  0 95 92  0   1  0100100  0     0
VecScatterEnd      15592 1.0 8.0569e-01 1.6 0.00e+00 0.0 0.0e+00 0.0e+00 0.0e+00  1  0  0  0  0   2  0  0  0  0     0
MatMult            15592 1.0 2.5305e+01 1.1 1.26e+10 1.0 8.7e+05 1.4e+04 0.0e+00 50 49 95 92  0  59 52100100  0  7936
KSPSetUp               1 1.0 3.0613e-04 1.2 0.00e+00 0.0 0.0e+00 0.0e+00 0.0e+00  0  0  0  0  0   0  0  0  0  0     0
KSPSolve              50 1.0 4.0377e+01 1.0 2.43e+10 1.0 8.7e+05 1.4e+04 6.2e+04 84 95 95 92 80 100100100100100  9597
PCSetUp                1 1.0 1.1921e-06 0.0 0.00e+00 0.0 0.0e+00 0.0e+00 0.0e+00  0  0  0  0  0   0  0  0  0  0     0
PCApply            15642 1.0 7.8940e-01 1.0 0.00e+00 0.0 0.0e+00 0.0e+00 0.0e+00  2  0  0  0  0   2  0  0  0  0     0

--- Event Stage 6: projectionStep

VecWAXPY              50 1.0 4.9881e-02 1.1 9.38e+06 1.0 0.0e+00 0.0e+00 0.0e+00  0  0  0  0  0  33 25  0  0  0  2977
VecScatterBegin       50 1.0 1.6067e-03 8.1 0.00e+00 0.0 1.4e+03 1.4e+04 0.0e+00  0  0  0  0  0   1  0100100  0     0
VecScatterEnd         50 1.0 2.3131e-03 8.4 0.00e+00 0.0 0.0e+00 0.0e+00 0.0e+00  0  0  0  0  0   1  0  0  0  0     0
MatMult               50 1.0 9.9636e-02 1.1 2.81e+07 1.0 1.4e+03 1.4e+04 0.0e+00  0  0  0  0  0  66 75100100  0  4471
------------------------------------------------------------------------------------------------------------------------

Memory usage is given in bytes:

Object Type          Creations   Destructions     Memory  Descendants' Mem.
Reports information only for process 0.

--- Event Stage 0: Main Stage

              Vector     8             52     36205280     0
      Vector Scatter     4             16      2542008     0
              Matrix     0             14     46766816     0
   Matrix Null Space     0              1          596     0
    Distributed Mesh     0              6        28464     0
Star Forest Bipartite Graph     0             12         9600     0
     Discrete System     0              6         4752     0
           Index Set     8              8         6272     0
   IS L to G Mapping     0              4      1170480     0
       Krylov Solver     0              2         2448     0
      Preconditioner     0              2         1648     0
              Viewer    22             21        15784     0

--- Event Stage 1: initialize

              Vector    50             12        18560     0
      Vector Scatter    12              0            0     0
              Matrix    14              0            0     0
   Matrix Null Space     1              0            0     0
    Distributed Mesh     6              0            0     0
Star Forest Bipartite Graph    13              1          856     0
     Discrete System     6              0            0     0
           Index Set    16             16      1194056     0
   IS L to G Mapping     4              0            0     0
       Krylov Solver     2              0            0     0
      Preconditioner     2              0            0     0

--- Event Stage 2: RHSVelocity


--- Event Stage 3: solveVelocity

              Vector    53             50     75078400     0

--- Event Stage 4: RHSPoisson


--- Event Stage 5: solvePoisson

              Vector    53             50     25078400     0

--- Event Stage 6: projectionStep

========================================================================================================================
Average time to get PetscTime(): 9.53674e-08
Average time for MPI_Barrier(): 6.00815e-06
Average time for zero size MPI_Send(): 8.04663e-07
#PETSc Option Table entries:
-caseFolder .
-log_summary
-sys1_pc_type none
-sys2_pc_type none
#End of PETSc Option Table entries
Compiled without FORTRAN kernels
Compiled with full precision matrices (default)
sizeof(short) 2 sizeof(int) 4 sizeof(long) 8 sizeof(void*) 8 sizeof(PetscScalar) 8 sizeof(PetscInt) 4
Configure options: COPTFLAG=-O3 CXXOPTFLAGS=-O3 FOPTFLAGS=-O3 --PETSC_ARCH=linux-mpich-3.1.4-gnu-libf-opt --with-debugging=0 --with-mpi-dir=/c1/apps/mpich/3.1.4 --with-blas-lib=/c1/apps/blas/gcc/1/lib64/libfblas.a --with-lapack-lib=/c1/apps/lapack/gcc/3.4.1/lib/libflapack.a --with-shared-libraries=0
-----------------------------------------
Libraries compiled on Mon Jun 29 18:08:20 2015 on login3.colonialone.gwu.edu 
Machine characteristics: Linux-2.6.32-504.12.2.el6.x86_64-x86_64-with-redhat-6.6-Santiago
Using PETSc directory: /home/mesnardo/src/petsc/3.5.2
Using PETSc arch: linux-mpich-3.1.4-gnu-libf-opt
-----------------------------------------

Using C compiler: /c1/apps/mpich/3.1.4/bin/mpicc  -Wall -Wwrite-strings -Wno-strict-aliasing -Wno-unknown-pragmas -O  ${COPTFLAGS} ${CFLAGS}
Using Fortran compiler: /c1/apps/mpich/3.1.4/bin/mpif90  -Wall -Wno-unused-variable -ffree-line-length-0 -Wno-unused-dummy-argument -O3   ${FOPTFLAGS} ${FFLAGS} 
-----------------------------------------

Using include paths: -I/home/mesnardo/src/petsc/3.5.2/linux-mpich-3.1.4-gnu-libf-opt/include -I/home/mesnardo/src/petsc/3.5.2/include -I/home/mesnardo/src/petsc/3.5.2/include -I/home/mesnardo/src/petsc/3.5.2/linux-mpich-3.1.4-gnu-libf-opt/include -I/c1/apps/mpich/3.1.4/include
-----------------------------------------

Using C linker: /c1/apps/mpich/3.1.4/bin/mpicc
Using Fortran linker: /c1/apps/mpich/3.1.4/bin/mpif90
Using libraries: -Wl,-rpath,/home/mesnardo/src/petsc/3.5.2/linux-mpich-3.1.4-gnu-libf-opt/lib -L/home/mesnardo/src/petsc/3.5.2/linux-mpich-3.1.4-gnu-libf-opt/lib -lpetsc -Wl,-rpath,/c1/apps/lapack/gcc/3.4.1/lib -L/c1/apps/lapack/gcc/3.4.1/lib -lflapack -Wl,-rpath,/c1/apps/blas/gcc/1/lib64 -L/c1/apps/blas/gcc/1/lib64 -lfblas -lX11 -lpthread -lssl -lcrypto -L/c1/apps/mpich/3.1.4/lib -L/cm/shared/apps/gcc/4.7.0/lib/gcc/x86_64-unknown-linux-gnu/4.7.0 -L/cm/shared/apps/gcc/4.7.0/lib64 -L/cm/shared/apps/gcc/4.7.0/lib -lmpifort -lgfortran -lm -Wl,-rpath,/c1/apps/mpich/3.1.4/lib -lgfortran -lm -lquadmath -lm -lmpicxx -lstdc++ -L/c1/apps/mpich/3.1.4/lib -L/cm/shared/apps/gcc/4.7.0/lib/gcc/x86_64-unknown-linux-gnu/4.7.0 -L/cm/shared/apps/gcc/4.7.0/lib64 -L/cm/shared/apps/gcc/4.7.0/lib -ldl -Wl,-rpath,/c1/apps/mpich/3.1.4/lib -lmpi -lgcc_s -ldl  
-----------------------------------------

