
---------------------------------------
Flow
---------------------------------------
solver: Navier-Stokes
viscosity: 0.01

---------------------------------------
Mesh
---------------------------------------
size: 200 x 200 x 200

---------------------------------------
Time-stepping
---------------------------------------
convection: 2nd-order Adams-Bashforth
diffusion : Crank-Nicolson
time-increment      : 0.0025
starting time-step  : 0
number of time-steps: 20
saving-interval     : 100

---------------------------------------
Linear system for intermediate velocity
---------------------------------------
solver: cg
preconditioner: none
relative tolerance: 1e-06
absolute tolerance: 1e-50
maximum iterations: 10000

---------------------------------------
Linear system for pressure-force
---------------------------------------
solver: cg
preconditioner: none
relative tolerance: 1e-06
absolute tolerance: 1e-50
maximum iterations: 20000

---------------------------------------
************************************************************************************************************************
***             WIDEN YOUR WINDOW TO 120 CHARACTERS.  Use 'enscript -r -fCourier9' to print this document            ***
************************************************************************************************************************

---------------------------------------------- PETSc Performance Summary: ----------------------------------------------

/home/mesnardo/src/PetIBM/bin/PetIBM3d on a linux-mpich2-gnu-opt named node105 with 2 processors, by mesnardo Fri Jun  5 17:31:23 2015
Using Petsc Release Version 3.5.2, Sep, 08, 2014 

                         Max       Max/Min        Avg      Total 
Time (sec):           2.714e+03      1.00000   2.714e+03
Objects:              1.740e+02      1.00000   1.740e+02
Flops:                1.358e+12      1.00017   1.358e+12  2.715e+12
Flops/sec:            5.002e+08      1.00017   5.002e+08  1.000e+09
MPI Messages:         1.324e+04      1.00000   1.324e+04  2.649e+04
MPI Message Lengths:  4.387e+09      1.00000   3.312e+05  8.773e+09
MPI Reductions:       6.692e+04      1.00000

Flop counting convention: 1 flop = 1 real number operation of type (multiply/divide/add/subtract)
                            e.g., VecAXPY() for real vectors of length N --> 2N flops
                            and VecAXPY() for complex vectors of length N --> 8N flops

Summary of Stages:   ----- Time ------  ----- Flops -----  --- Messages ---  -- Message Lengths --  -- Reductions --
                        Avg     %Total     Avg     %Total   counts   %Total     Avg         %Total   counts   %Total 
 0:      Main Stage: 8.3242e-01   0.0%  0.0000e+00   0.0%  0.000e+00   0.0%  0.000e+00        0.0%  0.000e+00   0.0% 
 1:      initialize: 2.9534e+01   1.1%  9.0457e+08   0.0%  5.400e+01   0.2%  4.521e+02        0.1%  1.330e+02   0.2% 
 2:     RHSVelocity: 8.9365e+01   3.3%  9.5520e+08   0.0%  1.200e+02   0.5%  1.445e+03        0.4%  0.000e+00   0.0% 
 3:   solveVelocity: 1.3973e+02   5.1%  1.3745e+11   5.1%  4.760e+02   1.8%  1.719e+04        5.2%  6.940e+02   1.0% 
 4:      RHSPoisson: 2.1106e+00   0.1%  2.0704e+09   0.1%  2.000e+01   0.1%  2.416e+02        0.1%  0.000e+00   0.0% 
 5:    solvePoisson: 2.4496e+03  90.3%  2.5720e+12  94.7%  2.580e+04  97.4%  3.116e+05       94.1%  5.159e+04  77.1% 
 6:  projectionStep: 3.0103e+00   0.1%  1.9104e+09   0.1%  2.000e+01   0.1%  2.416e+02        0.1%  0.000e+00   0.0% 

------------------------------------------------------------------------------------------------------------------------
See the 'Profiling' chapter of the users' manual for details on interpreting output.
Phase summary info:
   Count: number of times phase was executed
   Time and Flops: Max - maximum over all processors
                   Ratio - ratio of maximum to minimum over all processors
   Mess: number of messages sent
   Avg. len: average message length (bytes)
   Reduct: number of global reductions
   Global: entire computation
   Stage: stages of a computation. Set stages with PetscLogStagePush() and PetscLogStagePop().
      %T - percent time in this phase         %F - percent flops in this phase
      %M - percent messages in this phase     %L - percent message lengths in this phase
      %R - percent reductions in this phase
   Total Mflop/s: 10e-6 * (sum of flops over all processors)/(max time over all processors)
------------------------------------------------------------------------------------------------------------------------
Event                Count      Time (sec)     Flops                             --- Global ---  --- Stage ---   Total
                   Max Ratio  Max     Ratio   Max  Ratio  Mess   Avg len Reduct  %T %F %M %L %R  %T %F %M %L %R Mflop/s
------------------------------------------------------------------------------------------------------------------------

--- Event Stage 0: Main Stage


--- Event Stage 1: initialize

VecSet                15 1.0 3.3364e-01 1.8 0.00e+00 0.0 0.0e+00 0.0e+00 0.0e+00  0  0  0  0  0   1  0  0  0  0     0
VecScatterBegin        8 1.0 9.0814e-02 1.8 0.00e+00 0.0 1.6e+01 4.0e+05 0.0e+00  0  0  0  0  0   0  0 30 53  0     0
VecScatterEnd          8 1.0 1.1337e+00200.8 0.00e+00 0.0 0.0e+00 0.0e+00 0.0e+00  0  0  0  0  0   2  0  0  0  0     0
MatScale               4 1.0 1.0333e+00 1.1 3.57e+08 1.0 2.0e+00 9.6e+05 0.0e+00  0  0  0  0  0   3 79  4 16  0   691
MatAssemblyBegin       8 1.0 9.1985e+008556.5 0.00e+00 0.0 3.0e+00 2.1e+05 1.2e+01  0  0  0  0  0  16  0  6  5  9     0
MatAssemblyEnd         8 1.0 5.0397e+00 1.2 0.00e+00 0.0 1.2e+01 1.3e+05 3.2e+01  0  0  0  0  0  16  0 22 13 24     0
MatTranspose           1 1.0 3.5995e+00 1.0 0.00e+00 0.0 8.0e+00 1.4e+05 1.3e+01  0  0  0  0  0  12  0 15  9 10     0
MatMatMult             1 1.0 5.6125e+00 1.0 9.55e+07 1.0 8.0e+00 2.6e+05 1.6e+01  0  0  0  0  0  19 21 15 17 12    34
MatMatMultSym          1 1.0 4.8954e+00 1.0 0.00e+00 0.0 7.0e+00 2.1e+05 1.4e+01  0  0  0  0  0  16  0 13 12 11     0
MatMatMultNum          1 1.0 7.9364e-01 1.1 9.55e+07 1.0 1.0e+00 6.4e+05 2.0e+00  0  0  0  0  0   3 21  2  5  2   241
MatGetLocalMat         2 1.0 1.6936e+00 2.1 0.00e+00 0.0 0.0e+00 0.0e+00 0.0e+00  0  0  0  0  0   4  0  0  0  0     0
MatGetBrAoCol          2 1.0 1.0426e-01 3.9 0.00e+00 0.0 4.0e+00 4.4e+05 0.0e+00  0  0  0  0  0   0  0  7 15  0     0
SFSetGraph             1 1.0 1.5869e-03266.2 0.00e+00 0.0 0.0e+00 0.0e+00 0.0e+00  0  0  0  0  0   0  0  0  0  0     0
SFReduceBegin          1 1.0 6.2279e-02190.4 0.00e+00 0.0 3.0e+00 1.1e+05 1.0e+00  0  0  0  0  0   0  0  6  3  1     0
SFReduceEnd            1 1.0 3.2091e-04 3.7 0.00e+00 0.0 0.0e+00 0.0e+00 0.0e+00  0  0  0  0  0   0  0  0  0  0     0
generateQTBNQ          1 1.0 5.6125e+00 1.0 9.55e+07 1.0 8.0e+00 2.6e+05 1.6e+01  0  0  0  0  0  19 21 15 17 12    34

--- Event Stage 2: RHSVelocity

VecSet                20 1.0 6.8936e-01 1.1 0.00e+00 0.0 0.0e+00 0.0e+00 0.0e+00  0  0  0  0  0   1  0  0  0  0     0
VecWAXPY              20 1.0 9.3379e-01 1.2 2.39e+08 1.0 0.0e+00 0.0e+00 0.0e+00  0  0  0  0  0   1 50  0  0  0   511
VecPointwiseMult      20 1.0 6.9148e-01 1.3 2.39e+08 1.0 0.0e+00 0.0e+00 0.0e+00  0  0  0  0  0   1 50  0  0  0   691
VecScatterBegin       60 1.0 8.7052e-01 1.2 0.00e+00 0.0 1.2e+02 3.2e+05 0.0e+00  0  0  0  0  0   1  0100100  0     0
VecScatterEnd         60 1.0 6.4748e-0120.7 0.00e+00 0.0 0.0e+00 0.0e+00 0.0e+00  0  0  0  0  0   0  0  0  0  0     0

--- Event Stage 3: solveVelocity

VecTDot              436 1.0 1.4954e+01 1.0 1.04e+10 1.0 0.0e+00 0.0e+00 4.4e+02  1  1  0  0  1  11 15  0  0 63  1393
VecNorm              258 1.0 1.3549e+01 1.6 6.17e+09 1.0 0.0e+00 0.0e+00 2.6e+02  0  0  0  0  0   8  9  0  0 37   909
VecCopy              278 1.0 1.5339e+01 1.2 0.00e+00 0.0 0.0e+00 0.0e+00 0.0e+00  1  0  0  0  0  10  0  0  0  0     0
VecAXPY              436 1.0 1.4084e+01 1.2 1.04e+10 1.0 0.0e+00 0.0e+00 0.0e+00  0  1  0  0  0   9 15  0  0  0  1478
VecAYPX              218 1.0 7.3312e+00 1.2 4.98e+09 1.0 0.0e+00 0.0e+00 0.0e+00  0  0  0  0  0   5  7  0  0  0  1355
VecScatterBegin      238 1.0 8.8041e-02 1.2 0.00e+00 0.0 4.8e+02 9.6e+05 0.0e+00  0  0  2  5  0   0  0100100  0     0
VecScatterEnd        238 1.0 3.1815e+0150.0 0.00e+00 0.0 0.0e+00 0.0e+00 0.0e+00  1  0  0  0  0  12  0  0  0  0     0
MatMult              238 1.0 8.5957e+01 1.2 3.68e+10 1.0 4.8e+02 9.6e+05 0.0e+00  3  3  2  5  0  55 54100100  0   856
KSPSetUp               1 1.0 3.7465e-01 2.0 0.00e+00 0.0 0.0e+00 0.0e+00 0.0e+00  0  0  0  0  0   0  0  0  0  0     0
KSPSolve              20 1.0 1.4742e+02 1.1 6.88e+10 1.0 4.8e+02 9.6e+05 6.9e+02  5  5  2  5  1 100100100100100   932
PCSetUp                1 1.0 9.5367e-07 1.0 0.00e+00 0.0 0.0e+00 0.0e+00 0.0e+00  0  0  0  0  0   0  0  0  0  0     0
PCApply              258 1.0 1.4229e+01 1.2 0.00e+00 0.0 0.0e+00 0.0e+00 0.0e+00  0  0  0  0  0   9  0  0  0  0     0

--- Event Stage 4: RHSPoisson

VecScale              20 1.0 1.5411e-01 1.2 8.00e+07 1.0 0.0e+00 0.0e+00 0.0e+00  0  0  0  0  0   7  8  0  0  0  1038
VecSet                20 1.0 2.6689e-01 1.3 0.00e+00 0.0 0.0e+00 0.0e+00 0.0e+00  0  0  0  0  0  11  0  0  0  0     0
VecScatterBegin       20 1.0 2.5904e-0312.3 0.00e+00 0.0 2.0e+01 3.2e+05 0.0e+00  0  0  0  0  0   0  0100100  0     0
VecScatterEnd         20 1.0 3.5813e-0174.7 0.00e+00 0.0 0.0e+00 0.0e+00 0.0e+00  0  0  0  0  0   9  0  0  0  0     0
MatMultAdd            20 1.0 1.7574e+00 1.1 9.55e+08 1.0 2.0e+01 3.2e+05 0.0e+00  0  0  0  0  0  81 92100100  0  1087

--- Event Stage 5: solvePoisson

VecTDot            25756 1.0 2.9354e+02 1.0 2.06e+11 1.0 0.0e+00 0.0e+00 2.6e+04 11 15  0  0 38  12 16  0  0 50  1404
VecNorm            12918 1.0 1.5020e+02 1.1 1.03e+11 1.0 0.0e+00 0.0e+00 1.3e+04  5  8  0  0 19   6  8  0  0 25  1376
VecCopy            12938 1.0 2.3986e+02 1.2 0.00e+00 0.0 0.0e+00 0.0e+00 0.0e+00  8  0  0  0  0   9  0  0  0  0     0
VecAXPY            25756 1.0 2.9018e+02 1.2 2.06e+11 1.0 0.0e+00 0.0e+00 0.0e+00 10 15  0  0  0  11 16  0  0  0  1420
VecAYPX            12878 1.0 1.4236e+02 1.2 1.03e+11 1.0 0.0e+00 0.0e+00 0.0e+00  5  8  0  0  0   5  8  0  0  0  1446
VecScatterBegin    12898 1.0 1.6113e+00 1.0 0.00e+00 0.0 2.6e+04 3.2e+05 0.0e+00  0  0 97 94  0   0  0100100  0     0
VecScatterEnd      12898 1.0 2.1187e+0219.7 0.00e+00 0.0 0.0e+00 0.0e+00 0.0e+00  4  0  0  0  0   5  0  0  0  0     0
MatMult            12898 1.0 1.1417e+03 1.0 6.68e+11 1.0 2.6e+04 3.2e+05 0.0e+00 42 49 97 94  0  46 52100100  0  1170
KSPSetUp               1 1.0 7.9569e-02 1.9 0.00e+00 0.0 0.0e+00 0.0e+00 0.0e+00  0  0  0  0  0   0  0  0  0  0     0
KSPSolve              20 1.0 2.4496e+03 1.0 1.29e+12 1.0 2.6e+04 3.2e+05 5.2e+04 90 95 97 94 77 100100100100100  1050
PCSetUp                1 1.0 9.5367e-07 0.0 0.00e+00 0.0 0.0e+00 0.0e+00 0.0e+00  0  0  0  0  0   0  0  0  0  0     0
PCApply            12918 1.0 2.3952e+02 1.2 0.00e+00 0.0 0.0e+00 0.0e+00 0.0e+00  8  0  0  0  0   9  0  0  0  0     0

--- Event Stage 6: projectionStep

VecWAXPY              20 1.0 9.7853e-01 1.2 2.39e+08 1.0 0.0e+00 0.0e+00 0.0e+00  0  0  0  0  0  29 25  0  0  0   488
VecScatterBegin       20 1.0 2.3856e-0319.2 0.00e+00 0.0 2.0e+01 3.2e+05 0.0e+00  0  0  0  0  0   0  0100100  0     0
VecScatterEnd         20 1.0 3.2938e-0157.0 0.00e+00 0.0 0.0e+00 0.0e+00 0.0e+00  0  0  0  0  0   6  0  0  0  0     0
MatMult               20 1.0 2.1267e+00 1.0 7.18e+08 1.0 2.0e+01 3.2e+05 0.0e+00  0  0  0  0  0  71 75100100  0   674
------------------------------------------------------------------------------------------------------------------------

Memory usage is given in bytes:

Object Type          Creations   Destructions     Memory  Descendants' Mem.
Reports information only for process 0.

--- Event Stage 0: Main Stage

              Vector     0             44   2121812544     0
      Vector Scatter     0             12    127692720     0
              Matrix     0             14   2982915216     0
   Matrix Null Space     0              1          596     0
    Distributed Mesh     0              6        28464     0
Star Forest Bipartite Graph     0             12         9600     0
     Discrete System     0              6         4752     0
   IS L to G Mapping     0              4     66429648     0
       Krylov Solver     0              2         2448     0
      Preconditioner     0              2         1648     0
              Viewer     2              1          744     0

--- Event Stage 1: initialize

              Vector    50             12        18560     0
      Vector Scatter    12              0            0     0
              Matrix    14              0            0     0
   Matrix Null Space     1              0            0     0
    Distributed Mesh     6              0            0     0
Star Forest Bipartite Graph    13              1          856     0
     Discrete System     6              0            0     0
           Index Set    16             16     65289344     0
   IS L to G Mapping     4              0            0     0
       Krylov Solver     2              0            0     0
      Preconditioner     2              0            0     0

--- Event Stage 2: RHSVelocity


--- Event Stage 3: solveVelocity

              Vector    23             20   1913631360     0

--- Event Stage 4: RHSPoisson


--- Event Stage 5: solvePoisson

              Vector    23             20    640031360     0

--- Event Stage 6: projectionStep

========================================================================================================================
Average time to get PetscTime(): 0
Average time for MPI_Barrier(): 2.38419e-06
Average time for zero size MPI_Send(): 2.02656e-06
#PETSc Option Table entries:
-caseFolder .
-log_summary
-sys1_pc_type none
-sys2_pc_type none
#End of PETSc Option Table entries
Compiled without FORTRAN kernels
Compiled with full precision matrices (default)
sizeof(short) 2 sizeof(int) 4 sizeof(long) 8 sizeof(void*) 8 sizeof(PetscScalar) 8 sizeof(PetscInt) 4
Configure options: COPTFLAGS=-O3 CXXOPTFLAGS=-O3 FOPTFLAGS=-O3 --PETSC_ARCH=linux-mpich2-gnu-opt --with-debugging=0 --with-mpi-dir=/cm/shared/apps/mpich2/ge/gcc/64/1.4.1p1/bin --with-blas-lib=/c1/apps/blas/gcc/1/lib64/libblas.a --with-lapack-lib=/c1/apps/lapack/gcc/3.4.1/lib/liblapack.a --with-shared-libraries=0
-----------------------------------------
Libraries compiled on Thu May 28 11:06:57 2015 on login3.colonialone.gwu.edu 
Machine characteristics: Linux-2.6.32-504.12.2.el6.x86_64-x86_64-with-redhat-6.6-Santiago
Using PETSc directory: /home/mesnardo/src/petsc/3.5.2
Using PETSc arch: linux-mpich2-gnu-opt
-----------------------------------------

Using C compiler: mpicc  -Wall -Wwrite-strings -Wno-strict-aliasing -Wno-unknown-pragmas -O3  ${COPTFLAGS} ${CFLAGS}
Using Fortran compiler: mpif90  -Wall -Wno-unused-variable -ffree-line-length-0 -Wno-unused-dummy-argument -O3   ${FOPTFLAGS} ${FFLAGS} 
-----------------------------------------

Using include paths: -I/home/mesnardo/src/petsc/3.5.2/linux-mpich2-gnu-opt/include -I/home/mesnardo/src/petsc/3.5.2/include -I/home/mesnardo/src/petsc/3.5.2/include -I/home/mesnardo/src/petsc/3.5.2/linux-mpich2-gnu-opt/include -I/cm/shared/apps/mpich2/ge/gcc/64/1.4.1p1/bin/include -I/cm/shared/apps/mpich2/ge/gcc/64/1.4.1p1/include
-----------------------------------------

Using C linker: mpicc
Using Fortran linker: mpif90
Using libraries: -Wl,-rpath,/home/mesnardo/src/petsc/3.5.2/linux-mpich2-gnu-opt/lib -L/home/mesnardo/src/petsc/3.5.2/linux-mpich2-gnu-opt/lib -lpetsc -Wl,-rpath,/c1/apps/lapack/gcc/3.4.1/lib -L/c1/apps/lapack/gcc/3.4.1/lib -llapack -Wl,-rpath,/c1/apps/blas/gcc/1/lib64 -L/c1/apps/blas/gcc/1/lib64 -lblas -lX11 -lpthread -lssl -lcrypto -lm -L/cm/shared/apps/mpich2/ge/gcc/64/1.4.1p1/lib -L/cm/shared/apps/gcc/4.7.0/lib/gcc/x86_64-unknown-linux-gnu/4.7.0 -L/cm/shared/apps/gcc/4.7.0/lib64 -L/cm/shared/apps/gcc/4.7.0/lib -lmpichf90 -lgfortran -lm -Wl,-rpath,/cm/shared/apps/mpich2/ge/gcc/64/1.4.1p1/lib -lgfortran -lm -lquadmath -lm -lmpichcxx -lstdc++ -L/cm/shared/apps/mpich2/ge/gcc/64/1.4.1p1/lib -L/cm/shared/apps/gcc/4.7.0/lib/gcc/x86_64-unknown-linux-gnu/4.7.0 -L/cm/shared/apps/gcc/4.7.0/lib64 -L/cm/shared/apps/gcc/4.7.0/lib -ldl -Wl,-rpath,/cm/shared/apps/mpich2/ge/gcc/64/1.4.1p1/lib -lmpich -lopa -lmpl -lrt -lpthread -lgcc_s -ldl  
-----------------------------------------

