
---------------------------------------
Flow
---------------------------------------
solver: Navier-Stokes
viscosity: 0.01

---------------------------------------
Mesh
---------------------------------------
size: 200 x 200 x 200

---------------------------------------
Time-stepping
---------------------------------------
convection: 2nd-order Adams-Bashforth
diffusion : Crank-Nicolson
time-increment      : 0.0025
starting time-step  : 0
number of time-steps: 20
saving-interval     : 100

---------------------------------------
Linear system for intermediate velocity
---------------------------------------
solver: cg
preconditioner: none
relative tolerance: 1e-06
absolute tolerance: 1e-50
maximum iterations: 10000

---------------------------------------
Linear system for pressure-force
---------------------------------------
solver: cg
preconditioner: none
relative tolerance: 1e-06
absolute tolerance: 1e-50
maximum iterations: 20000

---------------------------------------
************************************************************************************************************************
***             WIDEN YOUR WINDOW TO 120 CHARACTERS.  Use 'enscript -r -fCourier9' to print this document            ***
************************************************************************************************************************

---------------------------------------------- PETSc Performance Summary: ----------------------------------------------

/home/mesnardo/src/PetIBM/bin/PetIBM3d on a linux-mpich2-gnu-opt named node149 with 32 processors, by mesnardo Thu Jun  4 22:17:25 2015
Using Petsc Release Version 3.5.2, Sep, 08, 2014 

                         Max       Max/Min        Avg      Total 
Time (sec):           1.666e+02      1.00000   1.666e+02
Objects:              1.740e+02      1.00000   1.740e+02
Flops:                8.502e+10      1.00409   8.486e+10  2.715e+12
Flops/sec:            5.104e+08      1.00409   5.095e+08  1.630e+10
MPI Messages:         6.708e+04      1.67624   5.352e+04  1.713e+06
MPI Message Lengths:  2.468e+09      1.80120   3.587e+04  6.142e+10
MPI Reductions:       6.692e+04      1.00000

Flop counting convention: 1 flop = 1 real number operation of type (multiply/divide/add/subtract)
                            e.g., VecAXPY() for real vectors of length N --> 2N flops
                            and VecAXPY() for complex vectors of length N --> 8N flops

Summary of Stages:   ----- Time ------  ----- Flops -----  --- Messages ---  -- Message Lengths --  -- Reductions --
                        Avg     %Total     Avg     %Total   counts   %Total     Avg         %Total   counts   %Total 
 0:      Main Stage: 7.2989e-02   0.0%  0.0000e+00   0.0%  0.000e+00   0.0%  0.000e+00        0.0%  0.000e+00   0.0% 
 1:      initialize: 1.4822e+00   0.9%  9.0457e+08   0.0%  6.336e+03   0.4%  4.937e+01        0.1%  1.330e+02   0.2% 
 2:     RHSVelocity: 3.1278e+00   1.9%  9.5520e+08   0.0%  2.208e+04   1.3%  1.598e+02        0.4%  0.000e+00   0.0% 
 3:   solveVelocity: 8.3263e+00   5.0%  1.3745e+11   5.1%  3.046e+04   1.8%  1.862e+03        5.2%  6.940e+02   1.0% 
 4:      RHSPoisson: 1.3714e-01   0.1%  2.0704e+09   0.1%  1.280e+03   0.1%  2.616e+01        0.1%  0.000e+00   0.0% 
 5:    solvePoisson: 1.5246e+02  91.5%  2.5722e+12  94.7%  1.651e+06  96.4%  3.374e+04       94.1%  5.160e+04  77.1% 
 6:  projectionStep: 2.5362e-01   0.2%  1.9104e+09   0.1%  1.280e+03   0.1%  2.616e+01        0.1%  0.000e+00   0.0% 

------------------------------------------------------------------------------------------------------------------------
See the 'Profiling' chapter of the users' manual for details on interpreting output.
Phase summary info:
   Count: number of times phase was executed
   Time and Flops: Max - maximum over all processors
                   Ratio - ratio of maximum to minimum over all processors
   Mess: number of messages sent
   Avg. len: average message length (bytes)
   Reduct: number of global reductions
   Global: entire computation
   Stage: stages of a computation. Set stages with PetscLogStagePush() and PetscLogStagePop().
      %T - percent time in this phase         %F - percent flops in this phase
      %M - percent messages in this phase     %L - percent message lengths in this phase
      %R - percent reductions in this phase
   Total Mflop/s: 10e-6 * (sum of flops over all processors)/(max time over all processors)
------------------------------------------------------------------------------------------------------------------------
Event                Count      Time (sec)     Flops                             --- Global ---  --- Stage ---   Total
                   Max Ratio  Max     Ratio   Max  Ratio  Mess   Avg len Reduct  %T %F %M %L %R  %T %F %M %L %R Mflop/s
------------------------------------------------------------------------------------------------------------------------

--- Event Stage 0: Main Stage


--- Event Stage 1: initialize

VecSet                15 1.0 4.0597e-02 2.6 0.00e+00 0.0 0.0e+00 0.0e+00 0.0e+00  0  0  0  0  0   1  0  0  0  0     0
VecScatterBegin        8 1.0 1.3864e-02 2.4 0.00e+00 0.0 2.5e+03 1.8e+04 0.0e+00  0  0  0  0  0   1  0 39 54  0     0
VecScatterEnd          8 1.0 6.8648e-02 2.9 0.00e+00 0.0 0.0e+00 0.0e+00 0.0e+00  0  0  0  0  0   4  0  0  0  0     0
MatScale               4 1.0 8.5830e-02 1.2 2.25e+07 1.0 1.3e+02 1.0e+05 0.0e+00  0  0  0  0  0   6 79  2 16  0  8313
MatAssemblyBegin       8 1.0 1.5854e-0112.7 0.00e+00 0.0 1.9e+02 2.3e+04 1.2e+01  0  0  0  0  0   8  0  3  5  9     0
MatAssemblyEnd         8 1.0 2.1968e-01 1.0 0.00e+00 0.0 7.7e+02 1.5e+04 3.2e+01  0  0  0  0  0  15  0 12 13 24     0
MatTranspose           1 1.0 1.2633e-01 1.0 0.00e+00 0.0 5.1e+02 1.5e+04 1.3e+01  0  0  0  0  0   9  0  8  9 10     0
MatMatMult             1 1.0 2.0471e-01 1.0 5.99e+06 1.0 5.1e+02 2.8e+04 1.6e+01  0  0  0  0  0  14 21  8 17 12   933
MatMatMultSym          1 1.0 1.6912e-01 1.0 0.00e+00 0.0 4.5e+02 2.3e+04 1.4e+01  0  0  0  0  0  11  0  7 12 11     0
MatMatMultNum          1 1.0 3.5823e-02 1.0 5.99e+06 1.0 6.4e+01 7.0e+04 2.0e+00  0  0  0  0  0   2 21  1  5  2  5333
MatGetLocalMat         2 1.0 5.6165e-02 1.1 0.00e+00 0.0 0.0e+00 0.0e+00 0.0e+00  0  0  0  0  0   4  0  0  0  0     0
MatGetBrAoCol          2 1.0 1.6307e-02 4.0 0.00e+00 0.0 2.6e+02 4.8e+04 0.0e+00  0  0  0  0  0   1  0  4 15  0     0
SFSetGraph             1 1.0 3.4499e-0457.9 0.00e+00 0.0 0.0e+00 0.0e+00 0.0e+00  0  0  0  0  0   0  0  0  0  0     0
SFReduceBegin          1 1.0 2.5799e-0313.6 0.00e+00 0.0 1.9e+02 1.2e+04 1.0e+00  0  0  0  0  0   0  0  3  3  1     0
SFReduceEnd            1 1.0 2.1961e-03317.6 0.00e+00 0.0 0.0e+00 0.0e+00 0.0e+00  0  0  0  0  0   0  0  0  0  0     0
generateQTBNQ          1 1.0 2.0471e-01 1.0 5.99e+06 1.0 5.1e+02 2.8e+04 1.6e+01  0  0  0  0  0  14 21  8 17 12   933

--- Event Stage 2: RHSVelocity

VecSet                20 1.0 7.4393e-02 3.1 0.00e+00 0.0 0.0e+00 0.0e+00 0.0e+00  0  0  0  0  0   1  0  0  0  0     0
VecWAXPY              20 1.0 1.3190e-01 2.9 1.50e+07 1.0 0.0e+00 0.0e+00 0.0e+00  0  0  0  0  0   3 50  0  0  0  3621
VecPointwiseMult      20 1.0 1.0207e-01 2.2 1.50e+07 1.0 0.0e+00 0.0e+00 0.0e+00  0  0  0  0  0   2 50  0  0  0  4679
VecScatterBegin       60 1.0 1.0210e-01 2.2 0.00e+00 0.0 2.2e+04 1.2e+04 0.0e+00  0  0  1  0  0   3  0100100  0     0
VecScatterEnd         60 1.0 1.8662e-01 2.8 0.00e+00 0.0 0.0e+00 0.0e+00 0.0e+00  0  0  0  0  0   4  0  0  0  0     0

--- Event Stage 3: solveVelocity

VecTDot              436 1.0 1.5507e+00 1.9 6.54e+08 1.0 0.0e+00 0.0e+00 4.4e+02  1  1  0  0  1  13 15  0  0 63 13428
VecNorm              258 1.0 8.4923e-01 2.8 3.87e+08 1.0 0.0e+00 0.0e+00 2.6e+02  0  0  0  0  0   7  9  0  0 37 14510
VecCopy              278 1.0 7.6240e-01 1.1 0.00e+00 0.0 0.0e+00 0.0e+00 0.0e+00  0  0  0  0  0   9  0  0  0  0     0
VecAXPY              436 1.0 1.5907e+00 1.3 6.54e+08 1.0 0.0e+00 0.0e+00 0.0e+00  1  1  0  0  0  17 15  0  0  0 13090
VecAYPX              218 1.0 6.2433e-01 1.1 3.12e+08 1.0 0.0e+00 0.0e+00 0.0e+00  0  0  0  0  0   7  7  0  0  0 15912
VecScatterBegin      238 1.0 2.0576e-01 1.8 0.00e+00 0.0 3.0e+04 1.0e+05 0.0e+00  0  0  2  5  0   2  0100100  0     0
VecScatterEnd        238 1.0 7.4459e-01 6.9 0.00e+00 0.0 0.0e+00 0.0e+00 0.0e+00  0  0  0  0  0   4  0  0  0  0     0
MatMult              238 1.0 4.1854e+00 1.2 2.32e+09 1.0 3.0e+04 1.0e+05 0.0e+00  2  3  2  5  0  47 54100100  0 17571
KSPSetUp               1 1.0 1.6138e-02 1.8 0.00e+00 0.0 0.0e+00 0.0e+00 0.0e+00  0  0  0  0  0   0  0  0  0  0     0
KSPSolve              20 1.0 8.4522e+00 1.0 4.32e+09 1.0 3.0e+04 1.0e+05 6.9e+02  5  5  2  5  1 100100100100100 16262
PCSetUp                1 1.0 9.5367e-07 0.0 0.00e+00 0.0 0.0e+00 0.0e+00 0.0e+00  0  0  0  0  0   0  0  0  0  0     0
PCApply              258 1.0 7.1434e-01 1.1 0.00e+00 0.0 0.0e+00 0.0e+00 0.0e+00  0  0  0  0  0   8  0  0  0  0     0

--- Event Stage 4: RHSPoisson

VecScale              20 1.0 1.5483e-02 2.6 5.00e+06 1.0 0.0e+00 0.0e+00 0.0e+00  0  0  0  0  0   5  8  0  0  0 10334
VecSet                20 1.0 1.6754e-02 1.9 0.00e+00 0.0 0.0e+00 0.0e+00 0.0e+00  0  0  0  0  0   7  0  0  0  0     0
VecScatterBegin       20 1.0 7.1175e-0346.6 0.00e+00 0.0 1.3e+03 3.5e+04 0.0e+00  0  0  0  0  0   2  0100100  0     0
VecScatterEnd         20 1.0 3.4888e-0345.9 0.00e+00 0.0 0.0e+00 0.0e+00 0.0e+00  0  0  0  0  0   1  0  0  0  0     0
MatMultAdd            20 1.0 1.2550e-01 1.2 5.99e+07 1.0 1.3e+03 3.5e+04 0.0e+00  0  0  0  0  0  85 92100100  0 15222

--- Event Stage 5: solvePoisson

VecTDot            25758 1.0 2.4790e+01 1.3 1.29e+10 1.0 0.0e+00 0.0e+00 2.6e+04 13 15  0  0 38  15 16  0  0 50 16625
VecNorm            12919 1.0 5.6286e+00 1.3 6.46e+09 1.0 0.0e+00 0.0e+00 1.3e+04  3  8  0  0 19   3  8  0  0 25 36724
VecCopy            12939 1.0 1.1295e+01 1.2 0.00e+00 0.0 0.0e+00 0.0e+00 0.0e+00  6  0  0  0  0   7  0  0  0  0     0
VecAXPY            25758 1.0 2.5134e+01 1.2 1.29e+10 1.0 0.0e+00 0.0e+00 0.0e+00 14 15  0  0  0  15 16  0  0  0 16397
VecAYPX            12879 1.0 1.1610e+01 1.1 6.43e+09 1.0 0.0e+00 0.0e+00 0.0e+00  6  8  0  0  0   7  8  0  0  0 17735
VecScatterBegin    12899 1.0 3.6407e+00 2.3 0.00e+00 0.0 1.7e+06 3.5e+04 0.0e+00  2  0 96 94  0   2  0100100  0     0
VecScatterEnd      12899 1.0 2.7300e+00 3.4 0.00e+00 0.0 0.0e+00 0.0e+00 0.0e+00  1  0  0  0  0   1  0  0  0  0     0
MatMult            12899 1.0 7.2163e+01 1.1 4.19e+10 1.0 1.7e+06 3.5e+04 0.0e+00 42 49 96 94  0  46 52100100  0 18504
KSPSetUp               1 1.0 1.5020e-03 1.1 0.00e+00 0.0 0.0e+00 0.0e+00 0.0e+00  0  0  0  0  0   0  0  0  0  0     0
KSPSolve              20 1.0 1.5247e+02 1.0 8.05e+10 1.0 1.7e+06 3.5e+04 5.2e+04 92 95 96 94 77 100100100100100 16870
PCSetUp                1 1.0 1.1921e-06 0.0 0.00e+00 0.0 0.0e+00 0.0e+00 0.0e+00  0  0  0  0  0   0  0  0  0  0     0
PCApply            12919 1.0 1.1310e+01 1.2 0.00e+00 0.0 0.0e+00 0.0e+00 0.0e+00  6  0  0  0  0   7  0  0  0  0     0

--- Event Stage 6: projectionStep

VecWAXPY              20 1.0 1.3070e-01 1.8 1.50e+07 1.0 0.0e+00 0.0e+00 0.0e+00  0  0  0  0  0  41 25  0  0  0  3654
VecScatterBegin       20 1.0 5.8901e-0369.0 0.00e+00 0.0 1.3e+03 3.5e+04 0.0e+00  0  0  0  0  0   1  0100100  0     0
VecScatterEnd         20 1.0 4.2961e-0326.6 0.00e+00 0.0 0.0e+00 0.0e+00 0.0e+00  0  0  0  0  0   1  0  0  0  0     0
MatMult               20 1.0 1.7960e-01 1.4 4.50e+07 1.0 1.3e+03 3.5e+04 0.0e+00  0  0  0  0  0  59 75100100  0  7978
------------------------------------------------------------------------------------------------------------------------

Memory usage is given in bytes:

Object Type          Creations   Destructions     Memory  Descendants' Mem.
Reports information only for process 0.

--- Event Stage 0: Main Stage

              Vector     0             44    134839136     0
      Vector Scatter     0             12      8012720     0
              Matrix     0             14    186986816     0
   Matrix Null Space     0              1          596     0
    Distributed Mesh     0              6        28464     0
Star Forest Bipartite Graph     0             12         9600     0
     Discrete System     0              6         4752     0
   IS L to G Mapping     0              4      4415280     0
       Krylov Solver     0              2         2448     0
      Preconditioner     0              2         1648     0
              Viewer     2              1          744     0

--- Event Stage 1: initialize

              Vector    50             12        18560     0
      Vector Scatter    12              0            0     0
              Matrix    14              0            0     0
   Matrix Null Space     1              0            0     0
    Distributed Mesh     6              0            0     0
Star Forest Bipartite Graph    13              1          856     0
     Discrete System     6              0            0     0
           Index Set    16             16      4464956     0
   IS L to G Mapping     4              0            0     0
       Krylov Solver     2              0            0     0
      Preconditioner     2              0            0     0

--- Event Stage 2: RHSVelocity


--- Event Stage 3: solveVelocity

              Vector    23             20    120031360     0

--- Event Stage 4: RHSPoisson


--- Event Stage 5: solvePoisson

              Vector    23             20     40031360     0

--- Event Stage 6: projectionStep

========================================================================================================================
Average time to get PetscTime(): 0
Average time for MPI_Barrier(): 3.51906e-05
Average time for zero size MPI_Send(): 2.71946e-06
#PETSc Option Table entries:
-caseFolder .
-log_summary
-sys1_pc_type none
-sys2_pc_type none
#End of PETSc Option Table entries
Compiled without FORTRAN kernels
Compiled with full precision matrices (default)
sizeof(short) 2 sizeof(int) 4 sizeof(long) 8 sizeof(void*) 8 sizeof(PetscScalar) 8 sizeof(PetscInt) 4
Configure options: COPTFLAGS=-O3 CXXOPTFLAGS=-O3 FOPTFLAGS=-O3 --PETSC_ARCH=linux-mpich2-gnu-opt --with-debugging=0 --with-mpi-dir=/cm/shared/apps/mpich2/ge/gcc/64/1.4.1p1/bin --with-blas-lib=/c1/apps/blas/gcc/1/lib64/libblas.a --with-lapack-lib=/c1/apps/lapack/gcc/3.4.1/lib/liblapack.a --with-shared-libraries=0
-----------------------------------------
Libraries compiled on Thu May 28 11:06:57 2015 on login3.colonialone.gwu.edu 
Machine characteristics: Linux-2.6.32-504.12.2.el6.x86_64-x86_64-with-redhat-6.6-Santiago
Using PETSc directory: /home/mesnardo/src/petsc/3.5.2
Using PETSc arch: linux-mpich2-gnu-opt
-----------------------------------------

Using C compiler: mpicc  -Wall -Wwrite-strings -Wno-strict-aliasing -Wno-unknown-pragmas -O3  ${COPTFLAGS} ${CFLAGS}
Using Fortran compiler: mpif90  -Wall -Wno-unused-variable -ffree-line-length-0 -Wno-unused-dummy-argument -O3   ${FOPTFLAGS} ${FFLAGS} 
-----------------------------------------

Using include paths: -I/home/mesnardo/src/petsc/3.5.2/linux-mpich2-gnu-opt/include -I/home/mesnardo/src/petsc/3.5.2/include -I/home/mesnardo/src/petsc/3.5.2/include -I/home/mesnardo/src/petsc/3.5.2/linux-mpich2-gnu-opt/include -I/cm/shared/apps/mpich2/ge/gcc/64/1.4.1p1/bin/include -I/cm/shared/apps/mpich2/ge/gcc/64/1.4.1p1/include
-----------------------------------------

Using C linker: mpicc
Using Fortran linker: mpif90
Using libraries: -Wl,-rpath,/home/mesnardo/src/petsc/3.5.2/linux-mpich2-gnu-opt/lib -L/home/mesnardo/src/petsc/3.5.2/linux-mpich2-gnu-opt/lib -lpetsc -Wl,-rpath,/c1/apps/lapack/gcc/3.4.1/lib -L/c1/apps/lapack/gcc/3.4.1/lib -llapack -Wl,-rpath,/c1/apps/blas/gcc/1/lib64 -L/c1/apps/blas/gcc/1/lib64 -lblas -lX11 -lpthread -lssl -lcrypto -lm -L/cm/shared/apps/mpich2/ge/gcc/64/1.4.1p1/lib -L/cm/shared/apps/gcc/4.7.0/lib/gcc/x86_64-unknown-linux-gnu/4.7.0 -L/cm/shared/apps/gcc/4.7.0/lib64 -L/cm/shared/apps/gcc/4.7.0/lib -lmpichf90 -lgfortran -lm -Wl,-rpath,/cm/shared/apps/mpich2/ge/gcc/64/1.4.1p1/lib -lgfortran -lm -lquadmath -lm -lmpichcxx -lstdc++ -L/cm/shared/apps/mpich2/ge/gcc/64/1.4.1p1/lib -L/cm/shared/apps/gcc/4.7.0/lib/gcc/x86_64-unknown-linux-gnu/4.7.0 -L/cm/shared/apps/gcc/4.7.0/lib64 -L/cm/shared/apps/gcc/4.7.0/lib -ldl -Wl,-rpath,/cm/shared/apps/mpich2/ge/gcc/64/1.4.1p1/lib -lmpich -lopa -lmpl -lrt -lpthread -lgcc_s -ldl  
-----------------------------------------

