
---------------------------------------
Flow
---------------------------------------
solver: Navier-Stokes
viscosity: 0.01

---------------------------------------
Mesh
---------------------------------------
size: 200 x 200 x 200

---------------------------------------
Time-stepping
---------------------------------------
convection: 2nd-order Adams-Bashforth
diffusion : Crank-Nicolson
time-increment      : 0.0025
starting time-step  : 0
number of time-steps: 20
saving-interval     : 100

---------------------------------------
Linear system for intermediate velocity
---------------------------------------
solver: cg
preconditioner: none
relative tolerance: 1e-06
absolute tolerance: 1e-50
maximum iterations: 10000

---------------------------------------
Linear system for pressure-force
---------------------------------------
solver: cg
preconditioner: none
relative tolerance: 1e-06
absolute tolerance: 1e-50
maximum iterations: 20000

---------------------------------------
************************************************************************************************************************
***             WIDEN YOUR WINDOW TO 120 CHARACTERS.  Use 'enscript -r -fCourier9' to print this document            ***
************************************************************************************************************************

---------------------------------------------- PETSc Performance Summary: ----------------------------------------------

/home/mesnardo/src/PetIBM_maclach/bin/PetIBM3d on a arch-linux2-c-debug named node113 with 16 processors, by mesnardo Thu Jun 11 10:23:04 2015
Using Petsc Release Version 3.5.2, Sep, 08, 2014 

                         Max       Max/Min        Avg      Total 
Time (sec):           1.206e+03      1.00000   1.206e+03
Objects:              1.740e+02      1.00000   1.740e+02
Flops:                1.699e+11      1.00231   1.697e+11  2.715e+12
Flops/sec:            1.409e+08      1.00231   1.407e+08  2.252e+09
Memory:               7.775e+08      1.01602              1.236e+10
MPI Messages:         5.348e+04      1.33636   4.675e+04  7.480e+05
MPI Message Lengths:  3.291e+09      1.50074   5.865e+04  4.387e+10
MPI Reductions:       1.152e+05      1.00000

Flop counting convention: 1 flop = 1 real number operation of type (multiply/divide/add/subtract)
                            e.g., VecAXPY() for real vectors of length N --> 2N flops
                            and VecAXPY() for complex vectors of length N --> 8N flops

Summary of Stages:   ----- Time ------  ----- Flops -----  --- Messages ---  -- Message Lengths --  -- Reductions --
                        Avg     %Total     Avg     %Total   counts   %Total     Avg         %Total   counts   %Total 
 0:      Main Stage: 2.3517e-01   0.0%  0.0000e+00   0.0%  0.000e+00   0.0%  0.000e+00        0.0%  0.000e+00   0.0% 
 1:      initialize: 5.6292e+00   0.5%  9.0457e+08   0.0%  2.554e+03   0.3%  8.050e+01        0.1%  2.560e+02   0.2% 
 2:     solveIntVel: 6.4882e+01   5.4%  1.3840e+11   5.1%  2.197e+04   2.9%  3.304e+03        5.6%  1.388e+03   1.2% 
 3:   solvePoissSys: 1.1337e+03  94.0%  2.5742e+12  94.8%  7.229e+05  96.6%  5.523e+04       94.2%  1.032e+05  89.6% 
 4:  projectionStep: 1.4982e+00   0.1%  1.9104e+09   0.1%  5.600e+02   0.1%  4.278e+01        0.1%  2.000e+01   0.0% 

------------------------------------------------------------------------------------------------------------------------
See the 'Profiling' chapter of the users' manual for details on interpreting output.
Phase summary info:
   Count: number of times phase was executed
   Time and Flops: Max - maximum over all processors
                   Ratio - ratio of maximum to minimum over all processors
   Mess: number of messages sent
   Avg. len: average message length (bytes)
   Reduct: number of global reductions
   Global: entire computation
   Stage: stages of a computation. Set stages with PetscLogStagePush() and PetscLogStagePop().
      %T - percent time in this phase         %F - percent flops in this phase
      %M - percent messages in this phase     %L - percent message lengths in this phase
      %R - percent reductions in this phase
   Total Mflop/s: 10e-6 * (sum of flops over all processors)/(max time over all processors)
------------------------------------------------------------------------------------------------------------------------


      ##########################################################
      #                                                        #
      #                          WARNING!!!                    #
      #                                                        #
      #   This code was compiled with a debugging option,      #
      #   To get timing results run ./configure                #
      #   using --with-debugging=no, the performance will      #
      #   be generally two or three times faster.              #
      #                                                        #
      ##########################################################


Event                Count      Time (sec)     Flops                             --- Global ---  --- Stage ---   Total
                   Max Ratio  Max     Ratio   Max  Ratio  Mess   Avg len Reduct  %T %F %M %L %R  %T %F %M %L %R Mflop/s
------------------------------------------------------------------------------------------------------------------------

--- Event Stage 0: Main Stage


--- Event Stage 1: initialize

ThreadCommRunKer       1 1.0 5.0068e-06 1.3 0.00e+00 0.0 0.0e+00 0.0e+00 0.0e+00  0  0  0  0  0   0  0  0  0  0     0
ThreadCommBarrie       1 1.0 3.0994e-06 1.6 0.00e+00 0.0 0.0e+00 0.0e+00 0.0e+00  0  0  0  0  0   0  0  0  0  0     0
VecSet                15 1.0 2.9114e-02 1.1 0.00e+00 0.0 0.0e+00 0.0e+00 0.0e+00  0  0  0  0  0   0  0  0  0  0     0
VecScatterBegin        8 1.0 2.1774e-02 1.1 0.00e+00 0.0 9.8e+02 3.3e+04 0.0e+00  0  0  0  0  0   0  0 38 53  0     0
VecScatterEnd          8 1.0 9.9905e-03 1.4 0.00e+00 0.0 0.0e+00 0.0e+00 0.0e+00  0  0  0  0  0   0  0  0  0  0     0
MatScale               4 1.0 1.7517e-01 1.0 4.49e+07 1.0 5.6e+01 1.7e+05 0.0e+00  0  0  0  0  0   3 79  2 16  0  4073
MatAssemblyBegin       8 1.0 7.4422e-0216.9 0.00e+00 0.0 8.4e+01 3.8e+04 1.2e+01  0  0  0  0  0   1  0  3  5  5     0
MatAssemblyEnd         8 1.0 1.0663e+00 1.0 0.00e+00 0.0 3.4e+02 2.4e+04 5.6e+01  0  0  0  0  0  19  0 13 13 22     0
MatTranspose           1 1.0 7.8320e-01 1.0 0.00e+00 0.0 2.1e+02 2.7e+04 2.4e+01  0  0  0  0  0  14  0  8  9  9     0
MatMatMult             1 1.0 1.2198e+00 1.0 1.20e+07 1.0 2.2e+02 4.6e+04 2.2e+01  0  0  0  0  0  22 21  9 17  9   157
MatMatMultSym          1 1.0 8.8988e-01 1.0 0.00e+00 0.0 2.0e+02 3.7e+04 2.0e+01  0  0  0  0  0  16  0  8 12  8     0
MatMatMultNum          1 1.0 3.2998e-01 1.0 1.20e+07 1.0 2.8e+01 1.1e+05 2.0e+00  0  0  0  0  0   6 21  1  5  1   579
MatGetLocalMat         2 1.0 2.5484e-01 1.0 0.00e+00 0.0 0.0e+00 0.0e+00 0.0e+00  0  0  0  0  0   4  0  0  0  0     0
MatGetBrAoCol          2 1.0 4.7296e-02 1.3 0.00e+00 0.0 1.1e+02 7.9e+04 0.0e+00  0  0  0  0  0   1  0  4 15  0     0
SFSetGraph             1 1.0 3.0901e-0399.7 0.00e+00 0.0 0.0e+00 0.0e+00 0.0e+00  0  0  0  0  0   0  0  0  0  0     0
SFReduceBegin          1 1.0 5.0712e-03 8.3 0.00e+00 0.0 7.0e+01 2.3e+04 0.0e+00  0  0  0  0  0   0  0  3  3  0     0
SFReduceEnd            1 1.0 5.1284e-0415.1 0.00e+00 0.0 0.0e+00 0.0e+00 0.0e+00  0  0  0  0  0   0  0  0  0  0     0
generateQTBNQ          1 1.0 1.2199e+00 1.0 1.20e+07 1.0 2.2e+02 4.6e+04 2.2e+01  0  0  0  0  0  22 21  9 17  9   157

--- Event Stage 2: solveIntVel

VecTDot              436 1.0 2.2690e+00 1.5 1.31e+09 1.0 0.0e+00 0.0e+00 4.4e+02  0  1  0  0  0   3 15  0  0 31  9177
VecNorm              258 1.0 1.4583e+00 2.5 7.74e+08 1.0 0.0e+00 0.0e+00 2.6e+02  0  0  0  0  0   1  9  0  0 19  8449
VecCopy              278 1.0 1.2923e+00 1.0 0.00e+00 0.0 0.0e+00 0.0e+00 0.0e+00  0  0  0  0  0   2  0  0  0  0     0
VecSet                20 1.0 5.5268e-02 1.0 0.00e+00 0.0 0.0e+00 0.0e+00 0.0e+00  0  0  0  0  0   0  0  0  0  0     0
VecAXPY              436 1.0 2.8235e+00 1.0 1.31e+09 1.0 0.0e+00 0.0e+00 0.0e+00  0  1  0  0  0   4 15  0  0  0  7375
VecAYPX              218 1.0 1.4436e+00 1.0 6.24e+08 1.0 0.0e+00 0.0e+00 0.0e+00  0  0  0  0  0   2  7  0  0  0  6881
VecWAXPY              20 1.0 1.8082e-01 1.1 3.00e+07 1.0 0.0e+00 0.0e+00 0.0e+00  0  0  0  0  0   0  0  0  0  0  2641
VecPointwiseMult      20 1.0 1.3292e-01 1.0 3.00e+07 1.0 0.0e+00 0.0e+00 0.0e+00  0  0  0  0  0   0  0  0  0  0  3593
VecScatterBegin      298 1.0 3.4236e-01 1.2 0.00e+00 0.0 2.2e+04 1.1e+05 0.0e+00  0  0  3  6  0   0  0100100  0     0
VecScatterEnd        298 1.0 5.3275e-01 3.3 0.00e+00 0.0 0.0e+00 0.0e+00 0.0e+00  0  0  0  0  0   1  0  0  0  0     0
MatMult              238 1.0 1.5179e+01 1.0 4.63e+09 1.0 1.3e+04 1.7e+05 0.0e+00  1  3  2  5  0  23 53 61 92  0  4845
KSPSetUp               1 1.0 2.0778e-02 1.0 0.00e+00 0.0 0.0e+00 0.0e+00 0.0e+00  0  0  0  0  0   0  0  0  0  0     0
KSPSolve              20 1.0 5.3589e+01 1.0 8.64e+09 1.0 1.3e+04 1.7e+05 1.3e+03  4  5  2  5  1  83 99 61 92 97  2565
PCSetUp                1 1.0 2.1458e-06 2.2 0.00e+00 0.0 0.0e+00 0.0e+00 0.0e+00  0  0  0  0  0   0  0  0  0  0     0
PCApply              258 1.0 1.1968e+00 1.0 0.00e+00 0.0 0.0e+00 0.0e+00 0.0e+00  0  0  0  0  0   2  0  0  0  0     0

--- Event Stage 3: solvePoissSys

VecTDot            25758 1.0 5.3238e+01 1.4 2.58e+10 1.0 0.0e+00 0.0e+00 2.6e+04  4 15  0  0 22   4 16  0  0 25  7741
VecNorm            12919 1.0 1.5261e+01 1.0 1.29e+10 1.0 0.0e+00 0.0e+00 1.3e+04  1  8  0  0 11   1  8  0  0 13 13545
VecScale              20 1.0 2.5634e-02 1.1 1.00e+07 1.0 0.0e+00 0.0e+00 0.0e+00  0  0  0  0  0   0  0  0  0  0  6242
VecCopy            12939 1.0 1.7749e+01 1.0 0.00e+00 0.0 0.0e+00 0.0e+00 0.0e+00  1  0  0  0  0   2  0  0  0  0     0
VecSet                20 1.0 1.8571e-02 1.0 0.00e+00 0.0 0.0e+00 0.0e+00 0.0e+00  0  0  0  0  0   0  0  0  0  0     0
VecAXPY            25758 1.0 5.6117e+01 1.0 2.58e+10 1.0 0.0e+00 0.0e+00 0.0e+00  5 15  0  0  0   5 16  0  0  0  7344
VecAYPX            12879 1.0 2.7878e+01 1.0 1.29e+10 1.0 0.0e+00 0.0e+00 0.0e+00  2  8  0  0  0   2  8  0  0  0  7386
VecScatterBegin    12919 1.0 2.7408e+00 1.5 0.00e+00 0.0 7.2e+05 5.7e+04 0.0e+00  0  0 97 94  0   0  0100100  0     0
VecScatterEnd      12919 1.0 1.1982e+01 1.8 0.00e+00 0.0 0.0e+00 0.0e+00 0.0e+00  1  0  0  0  0   1  0  0  0  0     0
MatMult            12899 1.0 2.7899e+02 1.0 8.36e+10 1.0 7.2e+05 5.7e+04 0.0e+00 23 49 97 94  0  24 52100100  0  4786
MatMultAdd            20 1.0 3.8334e-01 1.0 1.20e+08 1.0 5.6e+02 5.7e+04 0.0e+00  0  0  0  0  0   0  0  0  0  0  4984
KSPSetUp               1 1.0 8.3461e-03 1.0 0.00e+00 0.0 0.0e+00 0.0e+00 0.0e+00  0  0  0  0  0   0  0  0  0  0     0
KSPSolve              20 1.0 1.1332e+03 1.0 1.61e+11 1.0 7.2e+05 5.7e+04 1.0e+05 94 95 97 94 90 100100100100100  2270
PCSetUp                1 1.0 2.1458e-06 1.8 0.00e+00 0.0 0.0e+00 0.0e+00 0.0e+00  0  0  0  0  0   0  0  0  0  0     0
PCApply            12919 1.0 1.7791e+01 1.0 0.00e+00 0.0 0.0e+00 0.0e+00 0.0e+00  1  0  0  0  0   2  0  0  0  0     0

--- Event Stage 4: projectionStep

VecWAXPY              20 1.0 1.6432e-01 1.0 3.00e+07 1.0 0.0e+00 0.0e+00 0.0e+00  0  0  0  0  0  11 25  0  0  0  2906
VecScatterBegin       20 1.0 3.0501e-0321.7 0.00e+00 0.0 5.6e+02 5.7e+04 0.0e+00  0  0  0  0  0   0  0100100  0     0
VecScatterEnd         20 1.0 1.4336e-02 5.0 0.00e+00 0.0 0.0e+00 0.0e+00 0.0e+00  0  0  0  0  0   0  0  0  0  0     0
MatMult               20 1.0 5.3721e-01 1.0 9.00e+07 1.0 5.6e+02 5.7e+04 0.0e+00  0  0  0  0  0  35 75100100  0  2667
------------------------------------------------------------------------------------------------------------------------

Memory usage is given in bytes:

Object Type          Creations   Destructions     Memory  Descendants' Mem.
Reports information only for process 0.

--- Event Stage 0: Main Stage

              Vector     0             44    268477088     0
      Vector Scatter     0             12     16013008     0
              Matrix     0             14    373956928     0
   Matrix Null Space     0              1          604     0
    Distributed Mesh     0              6        28512     0
Star Forest Bipartite Graph     0             12         9792     0
     Discrete System     0              6         4800     0
   IS L to G Mapping     0              4      8658512     0
       Krylov Solver     0              2         2464     0
      Preconditioner     0              2         1664     0
              Viewer     2              1          752     0

--- Event Stage 1: initialize

              Vector    50             12        18656     0
      Vector Scatter    12              0            0     0
              Matrix    14              0            0     0
   Matrix Null Space     1              0            0     0
    Distributed Mesh     6              0            0     0
Star Forest Bipartite Graph    13              1          872     0
     Discrete System     6              0            0     0
           Index Set    16             16      8735684     0
   IS L to G Mapping     4              0            0     0
       Krylov Solver     2              0            0     0
      Preconditioner     2              0            0     0

--- Event Stage 2: solveIntVel

              Vector    23             20    240031520     0

--- Event Stage 3: solvePoissSys

              Vector    23             20     80031520     0

--- Event Stage 4: projectionStep

========================================================================================================================
Average time to get PetscTime(): 9.53674e-08
Average time for MPI_Barrier(): 2.19345e-06
Average time for zero size MPI_Send(): 8.04663e-07
#PETSc Option Table entries:
-caseFolder .
-log_summary
-sys1_pc_type none
-sys2_pc_type none
#End of PETSc Option Table entries
Compiled without FORTRAN kernels
Compiled with full precision matrices (default)
sizeof(short) 2 sizeof(int) 4 sizeof(long) 8 sizeof(void*) 8 sizeof(PetscScalar) 8 sizeof(PetscInt) 4
Configure options: --with-mpi-dir=/c1/apps/openmpi/1.8/gcc/4.9.2 --with-blas-lib=/c1/apps/blas/gcc/1/lib64/libfblas.a --with-lapack-lib=/c1/apps/lapack/gcc/3.4.1/lib/libflapack.a --prefix=/c1/apps/petsc/3.5.2
-----------------------------------------
Libraries compiled on Thu May 14 01:37:42 2015 on login3.colonialone.gwu.edu 
Machine characteristics: Linux-2.6.32-504.12.2.el6.x86_64-x86_64-with-redhat-6.6-Santiago
Using PETSc directory: /home/maclach/source/petsc-3.5.2
Using PETSc arch: arch-linux2-c-debug
-----------------------------------------

Using C compiler: /c1/apps/openmpi/1.8/gcc/4.9.2/bin/mpicc  -fPIC -Wall -Wwrite-strings -Wno-strict-aliasing -Wno-unknown-pragmas -g3 -O0  ${COPTFLAGS} ${CFLAGS}
Using Fortran compiler: /c1/apps/openmpi/1.8/gcc/4.9.2/bin/mpif90  -fPIC -Wall -Wno-unused-variable -ffree-line-length-0 -Wno-unused-dummy-argument -g -O0   ${FOPTFLAGS} ${FFLAGS} 
-----------------------------------------

Using include paths: -I/home/maclach/source/petsc-3.5.2/arch-linux2-c-debug/include -I/home/maclach/source/petsc-3.5.2/include -I/home/maclach/source/petsc-3.5.2/include -I/home/maclach/source/petsc-3.5.2/arch-linux2-c-debug/include -I/c1/apps/openmpi/1.8/gcc/4.9.2/include
-----------------------------------------

Using C linker: /c1/apps/openmpi/1.8/gcc/4.9.2/bin/mpicc
Using Fortran linker: /c1/apps/openmpi/1.8/gcc/4.9.2/bin/mpif90
Using libraries: -Wl,-rpath,/home/maclach/source/petsc-3.5.2/arch-linux2-c-debug/lib -L/home/maclach/source/petsc-3.5.2/arch-linux2-c-debug/lib -lpetsc -Wl,-rpath,/c1/apps/lapack/gcc/3.4.1/lib -L/c1/apps/lapack/gcc/3.4.1/lib -lflapack -Wl,-rpath,/c1/apps/blas/gcc/1/lib64 -L/c1/apps/blas/gcc/1/lib64 -lfblas -lX11 -lpthread -lssl -lcrypto -Wl,-rpath,/c1/apps/openmpi/1.8/gcc/4.9.2/lib -L/c1/apps/openmpi/1.8/gcc/4.9.2/lib -Wl,-rpath,/c1/apps/gcc/4.9.2/lib/gcc/x86_64-unknown-linux-gnu/4.9.2 -L/c1/apps/gcc/4.9.2/lib/gcc/x86_64-unknown-linux-gnu/4.9.2 -Wl,-rpath,/c1/apps/gcc/4.9.2/lib64 -L/c1/apps/gcc/4.9.2/lib64 -Wl,-rpath,/c1/apps/gcc/4.9.2/lib -L/c1/apps/gcc/4.9.2/lib -lmpi_usempi -lmpi_mpifh -lgfortran -lm -lgfortran -lm -lquadmath -lm -lmpi_cxx -lstdc++ -Wl,-rpath,/c1/apps/openmpi/1.8/gcc/4.9.2/lib -L/c1/apps/openmpi/1.8/gcc/4.9.2/lib -Wl,-rpath,/c1/apps/blas/gcc/1/lib64 -L/c1/apps/blas/gcc/1/lib64 -Wl,-rpath,/c1/apps/gcc/4.9.2/lib/gcc/x86_64-unknown-linux-gnu/4.9.2 -L/c1/apps/gcc/4.9.2/lib/gcc/x86_64-unknown-linux-gnu/4.9.2 -Wl,-rpath,/c1/apps/gcc/4.9.2/lib64 -L/c1/apps/gcc/4.9.2/lib64 -Wl,-rpath,/c1/apps/openmpi/1.8/gcc/4.9.2/lib -L/c1/apps/openmpi/1.8/gcc/4.9.2/lib -Wl,-rpath,/c1/apps/blas/gcc/1/lib64 -L/c1/apps/blas/gcc/1/lib64 -Wl,-rpath,/c1/apps/lapack/gcc/3.4.1/lib -L/c1/apps/lapack/gcc/3.4.1/lib -Wl,-rpath,/c1/apps/gcc/4.9.2/lib -L/c1/apps/gcc/4.9.2/lib -ldl -Wl,-rpath,/c1/apps/openmpi/1.8/gcc/4.9.2/lib -lmpi -lgcc_s -lpthread -ldl  
-----------------------------------------

