
---------------------------------------
Flow
---------------------------------------
solver: Navier-Stokes
viscosity: 0.01

---------------------------------------
Mesh
---------------------------------------
size: 100 x 100 x 100

---------------------------------------
Time-stepping
---------------------------------------
convection: 2nd-order Adams-Bashforth
diffusion : Crank-Nicolson
time-increment      : 0.0025
starting time-step  : 0
number of time-steps: 50
saving-interval     : 100

---------------------------------------
Linear system for intermediate velocity
---------------------------------------
solver: cg
preconditioner: none
relative tolerance: 1e-06
absolute tolerance: 1e-50
maximum iterations: 10000

---------------------------------------
Linear system for pressure-force
---------------------------------------
solver: cg
preconditioner: none
relative tolerance: 1e-06
absolute tolerance: 1e-50
maximum iterations: 20000

---------------------------------------
************************************************************************************************************************
***             WIDEN YOUR WINDOW TO 120 CHARACTERS.  Use 'enscript -r -fCourier9' to print this document            ***
************************************************************************************************************************

---------------------------------------------- PETSc Performance Summary: ----------------------------------------------

/home/mesnardo/src/PetIBM/linux-openmpi-1.8-gcc-4.9.2-opt/PetIBM3d on a linux-openmpi-1.8-gcc-4.9.2-opt named node102 with 128 processors, by mesnardo Thu Jun 11 20:24:11 2015
Using Petsc Release Version 3.5.2, Sep, 08, 2014 

                         Max       Max/Min        Avg      Total 
Time (sec):           6.233e+00      1.00001   6.233e+00
Objects:              2.340e+02      1.00000   2.340e+02
Flops:                3.326e+09      1.10057   3.181e+09  4.071e+11
Flops/sec:            5.335e+08      1.10057   5.103e+08  6.532e+10
MPI Messages:         9.973e+04      2.03977   7.824e+04  1.001e+07
MPI Message Lengths:  3.389e+08      2.08667   3.448e+03  3.453e+10
MPI Reductions:       7.774e+04      1.00000

Flop counting convention: 1 flop = 1 real number operation of type (multiply/divide/add/subtract)
                            e.g., VecAXPY() for real vectors of length N --> 2N flops
                            and VecAXPY() for complex vectors of length N --> 8N flops

Summary of Stages:   ----- Time ------  ----- Flops -----  --- Messages ---  -- Message Lengths --  -- Reductions --
                        Avg     %Total     Avg     %Total   counts   %Total     Avg         %Total   counts   %Total 
 0:      Main Stage: 1.6127e-02   0.3%  0.0000e+00   0.0%  0.000e+00   0.0%  0.000e+00        0.0%  0.000e+00   0.0% 
 1:      initialize: 3.5077e-01   5.6%  1.1214e+08   0.0%  3.383e+04   0.3%  4.006e+00        0.1%  1.320e+02   0.2% 
 2:     RHSVelocity: 5.9316e-01   9.5%  2.9700e+08   0.1%  3.108e+05   3.1%  3.344e+01        1.0%  0.000e+00   0.0% 
 3:   solveVelocity: 5.8582e-01   9.4%  1.8023e+10   4.4%  1.593e+05   1.6%  1.622e+02        4.7%  7.360e+02   0.9% 
 4:      RHSPoisson: 8.9821e-03   0.1%  6.4400e+08   0.2%  1.520e+04   0.2%  5.193e+00        0.2%  0.000e+00   0.0% 
 5:    solvePoisson: 4.3376e+00  69.6%  3.8747e+11  95.2%  9.480e+06  94.7%  3.238e+03       93.9%  6.237e+04  80.2% 
 6:  projectionStep: 1.6511e-02   0.3%  5.9400e+08   0.1%  1.520e+04   0.2%  5.193e+00        0.2%  0.000e+00   0.0% 

------------------------------------------------------------------------------------------------------------------------
See the 'Profiling' chapter of the users' manual for details on interpreting output.
Phase summary info:
   Count: number of times phase was executed
   Time and Flops: Max - maximum over all processors
                   Ratio - ratio of maximum to minimum over all processors
   Mess: number of messages sent
   Avg. len: average message length (bytes)
   Reduct: number of global reductions
   Global: entire computation
   Stage: stages of a computation. Set stages with PetscLogStagePush() and PetscLogStagePop().
      %T - percent time in this phase         %F - percent flops in this phase
      %M - percent messages in this phase     %L - percent message lengths in this phase
      %R - percent reductions in this phase
   Total Mflop/s: 10e-6 * (sum of flops over all processors)/(max time over all processors)
------------------------------------------------------------------------------------------------------------------------
Event                Count      Time (sec)     Flops                             --- Global ---  --- Stage ---   Total
                   Max Ratio  Max     Ratio   Max  Ratio  Mess   Avg len Reduct  %T %F %M %L %R  %T %F %M %L %R Mflop/s
------------------------------------------------------------------------------------------------------------------------

--- Event Stage 0: Main Stage


--- Event Stage 1: initialize

VecSet                15 1.0 5.2214e-04 1.3 0.00e+00 0.0 0.0e+00 0.0e+00 0.0e+00  0  0  0  0  0   0  0  0  0  0     0
VecScatterBegin        8 1.0 8.8835e-04 3.4 0.00e+00 0.0 1.4e+04 1.6e+03 0.0e+00  0  0  0  0  0   0  0 40 54  0     0
VecScatterEnd          8 1.0 1.7982e-03 1.8 0.00e+00 0.0 0.0e+00 0.0e+00 0.0e+00  0  0  0  0  0   0  0  0  0  0     0
MatScale               4 1.0 1.7700e-03 1.3 7.31e+05 1.2 6.1e+02 1.0e+04 0.0e+00  0  0  0  0  0   0 79  2 15  0 49934
MatAssemblyBegin       8 1.0 3.2709e-03 4.3 0.00e+00 0.0 9.1e+02 2.3e+03 1.2e+01  0  0  0  0  0   1  0  3  5  9     0
MatAssemblyEnd         8 1.0 8.5440e-03 1.0 0.00e+00 0.0 3.6e+03 1.4e+03 3.2e+01  0  0  0  0  0   2  0 11 13 24     0
MatTranspose           1 1.0 1.0815e-01 1.0 0.00e+00 0.0 2.3e+03 1.6e+03 1.2e+01  2  0  0  0  0  31  0  7  9  9     0
MatMatMult             1 1.0 7.8351e-03 1.0 1.95e+05 1.1 2.4e+03 2.8e+03 1.6e+01  0  0  0  0  0   2 21  7 17 12  3032
MatMatMultSym          1 1.0 6.5989e-03 1.0 0.00e+00 0.0 2.1e+03 2.2e+03 1.4e+01  0  0  0  0  0   2  0  6 12 11     0
MatMatMultNum          1 1.0 1.2560e-03 1.0 1.95e+05 1.1 3.0e+02 6.8e+03 2.0e+00  0  0  0  0  0   0 21  1  5  2 18917
MatGetLocalMat         2 1.0 1.8690e-03 1.2 0.00e+00 0.0 0.0e+00 0.0e+00 0.0e+00  0  0  0  0  0   0  0  0  0  0     0
MatGetBrAoCol          2 1.0 4.2605e-04 1.8 0.00e+00 0.0 1.2e+03 4.7e+03 0.0e+00  0  0  0  0  0   0  0  4 14  0     0
SFSetGraph             1 1.0 4.1962e-0514.7 0.00e+00 0.0 0.0e+00 0.0e+00 0.0e+00  0  0  0  0  0   0  0  0  0  0     0
SFReduceBegin          1 1.0 1.0358e-01 2.0 0.00e+00 0.0 7.6e+02 1.4e+03 0.0e+00  1  0  0  0  0  25  0  2  3  0     0
SFReduceEnd            1 1.0 1.8715e-024617.5 0.00e+00 0.0 0.0e+00 0.0e+00 0.0e+00  0  0  0  0  0   1  0  0  0  0     0
generateQTBNQ          1 1.0 7.8399e-03 1.0 1.95e+05 1.1 2.4e+03 2.8e+03 1.6e+01  0  0  0  0  0   2 21  7 17 12  3031

--- Event Stage 2: RHSVelocity

VecSet                50 1.0 2.2130e-03 2.2 0.00e+00 0.0 0.0e+00 0.0e+00 0.0e+00  0  0  0  0  0   0  0  0  0  0     0
VecWAXPY              50 1.0 3.2194e-03 2.0 1.22e+06 1.1 0.0e+00 0.0e+00 0.0e+00  0  0  0  0  0   0 50  0  0  0 46127
VecPointwiseMult      50 1.0 3.4680e-03 2.4 1.22e+06 1.1 0.0e+00 0.0e+00 0.0e+00  0  0  0  0  0   0 50  0  0  0 42820
VecScatterBegin      150 1.0 1.0752e-02 2.3 0.00e+00 0.0 3.1e+05 1.1e+03 0.0e+00  0  0  3  1  0   1  0100100  0     0
VecScatterEnd        150 1.0 7.1367e-01283.6 0.00e+00 0.0 0.0e+00 0.0e+00 0.0e+00  6  0  0  0  0  61  0  0  0  0     0

--- Event Stage 3: solveVelocity

VecTDot              424 1.0 5.1008e-02 2.1 2.07e+07 1.1 0.0e+00 0.0e+00 4.2e+02  1  1  0  0  1   6 14  0  0 58 49375
VecNorm              312 1.0 7.4594e-0138.7 1.52e+07 1.1 0.0e+00 0.0e+00 3.1e+02  5  0  0  0  0  50 10  0  0 42  2484
VecCopy              362 1.0 8.1029e-03 1.3 0.00e+00 0.0 0.0e+00 0.0e+00 0.0e+00  0  0  0  0  0   1  0  0  0  0     0
VecAXPY              424 1.0 1.3718e-02 1.3 2.07e+07 1.1 0.0e+00 0.0e+00 0.0e+00  0  1  0  0  0   2 14  0  0  0 183597
VecAYPX              212 1.0 6.1767e-03 1.2 9.12e+06 1.1 0.0e+00 0.0e+00 0.0e+00  0  0  0  0  0   1  6  0  0  0 179834
VecScatterBegin      262 1.0 1.1282e-02 2.7 0.00e+00 0.0 1.6e+05 1.0e+04 0.0e+00  0  0  2  5  0   1  0100100  0     0
VecScatterEnd        262 1.0 7.3577e-0144.9 0.00e+00 0.0 0.0e+00 0.0e+00 0.0e+00  2  0  0  0  0  19  0  0  0  0     0
MatMult              262 1.0 8.3991e-01 6.9 8.30e+07 1.2 1.6e+05 1.0e+04 0.0e+00  4  2  2  5  0  38 56100100  0 11932
KSPSetUp               1 1.0 3.6287e-04 1.3 0.00e+00 0.0 0.0e+00 0.0e+00 0.0e+00  0  0  0  0  0   0  0  0  0  0     0
KSPSolve              50 1.0 9.5029e-01 4.2 1.49e+08 1.2 1.6e+05 1.0e+04 7.4e+02  9  4  2  5  1 100100100100100 18966
PCSetUp                1 1.0 1.1921e-06 0.0 0.00e+00 0.0 0.0e+00 0.0e+00 0.0e+00  0  0  0  0  0   0  0  0  0  0     0
PCApply              312 1.0 6.4383e-03 1.3 0.00e+00 0.0 0.0e+00 0.0e+00 0.0e+00  0  0  0  0  0   1  0  0  0  0     0

--- Event Stage 4: RHSPoisson

VecScale              50 1.0 2.9516e-04 1.4 4.06e+05 1.1 0.0e+00 0.0e+00 0.0e+00  0  0  0  0  0   3  8  0  0  0 169398
VecSet                50 1.0 6.3586e-04 1.3 0.00e+00 0.0 0.0e+00 0.0e+00 0.0e+00  0  0  0  0  0   6  0  0  0  0     0
VecScatterBegin       50 1.0 5.4550e-04 4.9 0.00e+00 0.0 1.5e+04 3.4e+03 0.0e+00  0  0  0  0  0   5  0100100  0     0
VecScatterEnd         50 1.0 6.0558e-0420.5 0.00e+00 0.0 0.0e+00 0.0e+00 0.0e+00  0  0  0  0  0   6  0  0  0  0     0
MatMultAdd            50 1.0 7.7116e-03 1.2 4.88e+06 1.1 1.5e+04 3.4e+03 0.0e+00  0  0  0  0  0  80 92100100  0 77026

--- Event Stage 5: solvePoisson

VecTDot            31084 1.0 1.4522e+00 1.3 5.05e+08 1.1 0.0e+00 0.0e+00 3.1e+04 20 15  0  0 40  29 16  0  0 50 42807
VecNorm            15642 1.0 5.7637e-01 1.1 2.54e+08 1.1 0.0e+00 0.0e+00 1.6e+04  9  8  0  0 20  13  8  0  0 25 54278
VecCopy            15692 1.0 7.0668e-02 1.2 0.00e+00 0.0 0.0e+00 0.0e+00 0.0e+00  1  0  0  0  0   1  0  0  0  0     0
VecAXPY            31084 1.0 2.4782e-01 1.2 5.05e+08 1.1 0.0e+00 0.0e+00 0.0e+00  4 15  0  0  0   5 16  0  0  0 250863
VecAYPX            15542 1.0 1.3086e-01 1.1 2.52e+08 1.1 0.0e+00 0.0e+00 0.0e+00  2  8  0  0  0   3  8  0  0  0 237161
VecScatterBegin    15592 1.0 1.3950e-01 2.0 0.00e+00 0.0 9.5e+06 3.4e+03 0.0e+00  2  0 95 94  0   2  0100100  0     0
VecScatterEnd      15592 1.0 1.5751e-01 2.4 0.00e+00 0.0 0.0e+00 0.0e+00 0.0e+00  2  0  0  0  0   3  0  0  0  0     0
MatMult            15592 1.0 1.5503e+00 1.2 1.65e+09 1.1 9.5e+06 3.4e+03 0.0e+00 23 49 95 94  0  33 52100100  0 129543
KSPSetUp               1 1.0 1.4186e-04 1.4 0.00e+00 0.0 0.0e+00 0.0e+00 0.0e+00  0  0  0  0  0   0  0  0  0  0     0
KSPSolve              50 1.0 4.3379e+00 1.0 3.16e+09 1.1 9.5e+06 3.4e+03 6.2e+04 70 95 95 94 80 100100100100100 89324
PCSetUp                1 1.0 1.1921e-06 0.0 0.00e+00 0.0 0.0e+00 0.0e+00 0.0e+00  0  0  0  0  0   0  0  0  0  0     0
PCApply            15642 1.0 7.4629e-02 1.2 0.00e+00 0.0 0.0e+00 0.0e+00 0.0e+00  1  0  0  0  0   2  0  0  0  0     0

--- Event Stage 6: projectionStep

VecWAXPY              50 1.0 4.7171e-03 1.2 1.22e+06 1.1 0.0e+00 0.0e+00 0.0e+00  0  0  0  0  0  26 25  0  0  0 31481
VecScatterBegin       50 1.0 4.6968e-04 5.6 0.00e+00 0.0 1.5e+04 3.4e+03 0.0e+00  0  0  0  0  0   2  0100100  0     0
VecScatterEnd         50 1.0 7.4506e-0414.3 0.00e+00 0.0 0.0e+00 0.0e+00 0.0e+00  0  0  0  0  0   3  0  0  0  0     0
MatMult               50 1.0 1.3494e-02 1.3 3.66e+06 1.1 1.5e+04 3.4e+03 0.0e+00  0  0  0  0  0  73 75100100  0 33015
------------------------------------------------------------------------------------------------------------------------

Memory usage is given in bytes:

Object Type          Creations   Destructions     Memory  Descendants' Mem.
Reports information only for process 0.

--- Event Stage 0: Main Stage

              Vector     0             44      4656664     0
      Vector Scatter     0             12       273008     0
              Matrix     0             14      6109328     0
   Matrix Null Space     0              1          604     0
    Distributed Mesh     0              6        28512     0
Star Forest Bipartite Graph     0             12         9792     0
     Discrete System     0              6         4800     0
   IS L to G Mapping     0              4       177344     0
       Krylov Solver     0              2         2464     0
      Preconditioner     0              2         1664     0
              Viewer     2              1          752     0

--- Event Stage 1: initialize

              Vector    50             12        18656     0
      Vector Scatter    12              0            0     0
              Matrix    14              0            0     0
   Matrix Null Space     1              0            0     0
    Distributed Mesh     6              0            0     0
Star Forest Bipartite Graph    13              1          872     0
     Discrete System     6              0            0     0
           Index Set    16             16       189340     0
   IS L to G Mapping     4              0            0     0
       Krylov Solver     2              0            0     0
      Preconditioner     2              0            0     0

--- Event Stage 2: RHSVelocity


--- Event Stage 3: solveVelocity

              Vector    53             50      9828800     0

--- Event Stage 4: RHSPoisson


--- Event Stage 5: solvePoisson

              Vector    53             50      3328800     0

--- Event Stage 6: projectionStep

========================================================================================================================
Average time to get PetscTime(): 9.53674e-08
Average time for MPI_Barrier(): 2.16007e-05
Average time for zero size MPI_Send(): 1.30385e-06
#PETSc Option Table entries:
-caseFolder .
-log_summary
-sys1_pc_type none
-sys2_pc_type none
#End of PETSc Option Table entries
Compiled without FORTRAN kernels
Compiled with full precision matrices (default)
sizeof(short) 2 sizeof(int) 4 sizeof(long) 8 sizeof(void*) 8 sizeof(PetscScalar) 8 sizeof(PetscInt) 4
Configure options: COPTFLAGS=-O3 CXXOPTFLAGS=-O3 FOPTFLAGS=-O3 --PETSC_ARCH=linux-openmpi-1.8-gcc-4.9.2-opt --with-debugging=0 --with-mpi-dir=/c1/apps/openmpi/1.8/gcc/4.9.2 --with-blas-lib=/c1/apps/blas/gcc/1/lib64/libblas.a --with-lapack-lib=/c1/apps/lapack/gcc/3.4.1/lib/liblapack.a --with-shared-libraries=0
-----------------------------------------
Libraries compiled on Thu Jun 11 19:17:23 2015 on login4.colonialone.gwu.edu 
Machine characteristics: Linux-2.6.32-504.12.2.el6.x86_64-x86_64-with-redhat-6.6-Santiago
Using PETSc directory: /home/mesnardo/src/petsc/3.5.2
Using PETSc arch: linux-openmpi-1.8-gcc-4.9.2-opt
-----------------------------------------

Using C compiler: /c1/apps/openmpi/1.8/gcc/4.9.2/bin/mpicc  -Wall -Wwrite-strings -Wno-strict-aliasing -Wno-unknown-pragmas -O3  ${COPTFLAGS} ${CFLAGS}
Using Fortran compiler: /c1/apps/openmpi/1.8/gcc/4.9.2/bin/mpif90  -Wall -Wno-unused-variable -ffree-line-length-0 -Wno-unused-dummy-argument -O3   ${FOPTFLAGS} ${FFLAGS} 
-----------------------------------------

Using include paths: -I/home/mesnardo/src/petsc/3.5.2/linux-openmpi-1.8-gcc-4.9.2-opt/include -I/home/mesnardo/src/petsc/3.5.2/include -I/home/mesnardo/src/petsc/3.5.2/include -I/home/mesnardo/src/petsc/3.5.2/linux-openmpi-1.8-gcc-4.9.2-opt/include -I/c1/apps/openmpi/1.8/gcc/4.9.2/include
-----------------------------------------

Using C linker: /c1/apps/openmpi/1.8/gcc/4.9.2/bin/mpicc
Using Fortran linker: /c1/apps/openmpi/1.8/gcc/4.9.2/bin/mpif90
Using libraries: -Wl,-rpath,/home/mesnardo/src/petsc/3.5.2/linux-openmpi-1.8-gcc-4.9.2-opt/lib -L/home/mesnardo/src/petsc/3.5.2/linux-openmpi-1.8-gcc-4.9.2-opt/lib -lpetsc -Wl,-rpath,/c1/apps/lapack/gcc/3.4.1/lib -L/c1/apps/lapack/gcc/3.4.1/lib -llapack -Wl,-rpath,/c1/apps/blas/gcc/1/lib64 -L/c1/apps/blas/gcc/1/lib64 -lblas -lX11 -lpthread -lssl -lcrypto -L/c1/apps/openmpi/1.8/gcc/4.9.2/lib -L/cm/shared/apps/gcc/4.7.0/lib/gcc/x86_64-unknown-linux-gnu/4.7.0 -L/cm/shared/apps/gcc/4.7.0/lib64 -L/cm/shared/apps/gcc/4.7.0/lib -lmpi_usempi -lmpi_mpifh -lgfortran -lm -Wl,-rpath,/c1/apps/openmpi/1.8/gcc/4.9.2/lib -lgfortran -lm -lquadmath -lm -lmpi_cxx -lstdc++ -L/c1/apps/openmpi/1.8/gcc/4.9.2/lib -L/cm/shared/apps/gcc/4.7.0/lib/gcc/x86_64-unknown-linux-gnu/4.7.0 -L/cm/shared/apps/gcc/4.7.0/lib64 -L/c1/apps/openmpi/1.8/gcc/4.9.2/lib -L/cm/shared/apps/gcc/4.7.0/lib -ldl -Wl,-rpath,/c1/apps/openmpi/1.8/gcc/4.9.2/lib -lmpi -lgcc_s -lpthread -ldl  
-----------------------------------------

