
---------------------------------------
Flow
---------------------------------------
solver: Navier-Stokes
viscosity: 0.01

---------------------------------------
Mesh
---------------------------------------
size: 100 x 100 x 100

---------------------------------------
Time-stepping
---------------------------------------
convection: 2nd-order Adams-Bashforth
diffusion : Crank-Nicolson
time-increment      : 0.0025
starting time-step  : 0
number of time-steps: 50
saving-interval     : 100

---------------------------------------
Linear system for intermediate velocity
---------------------------------------
solver: cg
preconditioner: none
relative tolerance: 1e-06
absolute tolerance: 1e-50
maximum iterations: 10000

---------------------------------------
Linear system for pressure-force
---------------------------------------
solver: cg
preconditioner: none
relative tolerance: 1e-06
absolute tolerance: 1e-50
maximum iterations: 20000

---------------------------------------
************************************************************************************************************************
***             WIDEN YOUR WINDOW TO 120 CHARACTERS.  Use 'enscript -r -fCourier9' to print this document            ***
************************************************************************************************************************

---------------------------------------------- PETSc Performance Summary: ----------------------------------------------

/home/mesnardo/src/PetIBM_maclach/bin/PetIBM3d on a arch-linux2-c-debug named node127 with 128 processors, by mesnardo Tue Jun  9 18:23:57 2015
Using Petsc Release Version 3.5.2, Sep, 08, 2014 

                         Max       Max/Min        Avg      Total 
Time (sec):           3.217e+01      1.00000   3.217e+01
Objects:              2.340e+02      1.00000   2.340e+02
Flops:                3.326e+09      1.10057   3.181e+09  4.071e+11
Flops/sec:            1.034e+08      1.10057   9.887e+07  1.265e+10
Memory:               1.419e+07      1.17344              1.709e+09
MPI Messages:         9.973e+04      2.03977   7.824e+04  1.001e+07
MPI Message Lengths:  3.389e+08      2.08667   3.448e+03  3.453e+10
MPI Reductions:       1.368e+05      1.00000

Flop counting convention: 1 flop = 1 real number operation of type (multiply/divide/add/subtract)
                            e.g., VecAXPY() for real vectors of length N --> 2N flops
                            and VecAXPY() for complex vectors of length N --> 8N flops

Summary of Stages:   ----- Time ------  ----- Flops -----  --- Messages ---  -- Message Lengths --  -- Reductions --
                        Avg     %Total     Avg     %Total   counts   %Total     Avg         %Total   counts   %Total 
 0:      Main Stage: 2.7831e-02   0.1%  0.0000e+00   0.0%  0.000e+00   0.0%  0.000e+00        0.0%  0.000e+00   0.0% 
 1:      initialize: 4.9074e-01   1.5%  1.1214e+08   0.0%  3.383e+04   0.3%  4.006e+00        0.1%  2.560e+02   0.2% 
 2:     solveIntVel: 1.7578e+00   5.5%  1.8320e+10   4.5%  4.701e+05   4.7%  1.956e+02        5.7%  1.472e+03   1.1% 
 3:   solvePoissSys: 2.9597e+01  92.0%  3.8812e+11  95.3%  9.495e+06  94.8%  3.244e+03       94.1%  1.247e+05  91.1% 
 4:  projectionStep: 6.4471e-02   0.2%  5.9400e+08   0.1%  1.520e+04   0.2%  5.193e+00        0.2%  5.000e+01   0.0% 

------------------------------------------------------------------------------------------------------------------------
See the 'Profiling' chapter of the users' manual for details on interpreting output.
Phase summary info:
   Count: number of times phase was executed
   Time and Flops: Max - maximum over all processors
                   Ratio - ratio of maximum to minimum over all processors
   Mess: number of messages sent
   Avg. len: average message length (bytes)
   Reduct: number of global reductions
   Global: entire computation
   Stage: stages of a computation. Set stages with PetscLogStagePush() and PetscLogStagePop().
      %T - percent time in this phase         %F - percent flops in this phase
      %M - percent messages in this phase     %L - percent message lengths in this phase
      %R - percent reductions in this phase
   Total Mflop/s: 10e-6 * (sum of flops over all processors)/(max time over all processors)
------------------------------------------------------------------------------------------------------------------------


      ##########################################################
      #                                                        #
      #                          WARNING!!!                    #
      #                                                        #
      #   This code was compiled with a debugging option,      #
      #   To get timing results run ./configure                #
      #   using --with-debugging=no, the performance will      #
      #   be generally two or three times faster.              #
      #                                                        #
      ##########################################################


Event                Count      Time (sec)     Flops                             --- Global ---  --- Stage ---   Total
                   Max Ratio  Max     Ratio   Max  Ratio  Mess   Avg len Reduct  %T %F %M %L %R  %T %F %M %L %R Mflop/s
------------------------------------------------------------------------------------------------------------------------

--- Event Stage 0: Main Stage


--- Event Stage 1: initialize

ThreadCommRunKer       1 1.0 2.2888e-05 6.0 0.00e+00 0.0 0.0e+00 0.0e+00 0.0e+00  0  0  0  0  0   0  0  0  0  0     0
ThreadCommBarrie       1 1.0 3.0994e-06 3.2 0.00e+00 0.0 0.0e+00 0.0e+00 0.0e+00  0  0  0  0  0   0  0  0  0  0     0
VecSet                15 1.0 5.8842e-04 1.2 0.00e+00 0.0 0.0e+00 0.0e+00 0.0e+00  0  0  0  0  0   0  0  0  0  0     0
VecScatterBegin        8 1.0 1.1837e-03 2.4 0.00e+00 0.0 1.4e+04 1.6e+03 0.0e+00  0  0  0  0  0   0  0 40 54  0     0
VecScatterEnd          8 1.0 1.7269e-03 2.1 0.00e+00 0.0 0.0e+00 0.0e+00 0.0e+00  0  0  0  0  0   0  0  0  0  0     0
MatScale               4 1.0 3.0899e-03 1.2 7.31e+05 1.2 6.1e+02 1.0e+04 0.0e+00  0  0  0  0  0   1 79  2 15  0 28604
MatAssemblyBegin       8 1.0 8.7039e-03 6.4 0.00e+00 0.0 9.1e+02 2.3e+03 1.2e+01  0  0  0  0  0   1  0  3  5  5     0
MatAssemblyEnd         8 1.0 2.7572e-02 1.0 0.00e+00 0.0 3.6e+03 1.4e+03 5.6e+01  0  0  0  0  0   6  0 11 13 22     0
MatTranspose           1 1.0 1.2410e-01 1.0 0.00e+00 0.0 2.3e+03 1.6e+03 2.4e+01  0  0  0  0  0  25  0  7  9  9     0
MatMatMult             1 1.0 2.5590e-02 1.0 1.95e+05 1.1 2.4e+03 2.8e+03 2.2e+01  0  0  0  0  0   5 21  7 17  9   928
MatMatMultSym          1 1.0 1.9613e-02 1.0 0.00e+00 0.0 2.1e+03 2.2e+03 2.0e+01  0  0  0  0  0   4  0  6 12  8     0
MatMatMultNum          1 1.0 5.9881e-03 1.0 1.95e+05 1.1 3.0e+02 6.8e+03 2.0e+00  0  0  0  0  0   1 21  1  5  1  3968
MatGetLocalMat         2 1.0 4.4408e-03 1.2 0.00e+00 0.0 0.0e+00 0.0e+00 0.0e+00  0  0  0  0  0   1  0  0  0  0     0
MatGetBrAoCol          2 1.0 2.6891e-03 1.6 0.00e+00 0.0 1.2e+03 4.7e+03 0.0e+00  0  0  0  0  0   1  0  4 14  0     0
SFSetGraph             1 1.0 2.4986e-0410.4 0.00e+00 0.0 0.0e+00 0.0e+00 0.0e+00  0  0  0  0  0   0  0  0  0  0     0
SFReduceBegin          1 1.0 1.0833e-01 2.0 0.00e+00 0.0 7.6e+02 1.4e+03 0.0e+00  0  0  0  0  0  18  0  2  3  0     0
SFReduceEnd            1 1.0 1.1846e-021080.1 0.00e+00 0.0 0.0e+00 0.0e+00 0.0e+00  0  0  0  0  0   0  0  0  0  0     0
generateQTBNQ          1 1.0 2.5615e-02 1.0 1.95e+05 1.1 2.4e+03 2.8e+03 2.2e+01  0  0  0  0  0   5 21  7 17  9   928

--- Event Stage 2: solveIntVel

VecTDot              424 1.0 1.6869e-01 1.8 2.07e+07 1.1 0.0e+00 0.0e+00 4.2e+02  0  1  0  0  0   7 14  0  0 29 14930
VecNorm              312 1.0 7.0926e-02 3.0 1.52e+07 1.1 0.0e+00 0.0e+00 3.1e+02  0  0  0  0  0   3 10  0  0 21 26130
VecCopy              362 1.0 9.1271e-03 1.1 0.00e+00 0.0 0.0e+00 0.0e+00 0.0e+00  0  0  0  0  0   0  0  0  0  0     0
VecSet                50 1.0 1.9364e-03 1.4 0.00e+00 0.0 0.0e+00 0.0e+00 0.0e+00  0  0  0  0  0   0  0  0  0  0     0
VecAXPY              424 1.0 3.7086e-02 1.1 2.07e+07 1.1 0.0e+00 0.0e+00 0.0e+00  0  1  0  0  0   2 14  0  0  0 67912
VecAYPX              212 1.0 2.0189e-02 1.1 9.12e+06 1.1 0.0e+00 0.0e+00 0.0e+00  0  0  0  0  0   1  6  0  0  0 55020
VecWAXPY              50 1.0 5.3554e-03 1.1 1.22e+06 1.1 0.0e+00 0.0e+00 0.0e+00  0  0  0  0  0   0  1  0  0  0 27729
VecPointwiseMult      50 1.0 4.9889e-03 1.2 1.22e+06 1.1 0.0e+00 0.0e+00 0.0e+00  0  0  0  0  0   0  1  0  0  0 29766
VecScatterBegin      412 1.0 3.1808e-02 1.9 0.00e+00 0.0 4.7e+05 4.2e+03 0.0e+00  0  0  5  6  0   1  0100100  0     0
VecScatterEnd        412 1.0 1.4673e-01 6.5 0.00e+00 0.0 0.0e+00 0.0e+00 0.0e+00  0  0  0  0  0   5  0  0  0  0     0
MatMult              262 1.0 3.3144e-01 1.2 8.30e+07 1.2 1.6e+05 1.0e+04 0.0e+00  1  2  2  5  0  17 55 34 83  0 30238
KSPSetUp               1 1.0 9.0814e-04 1.1 0.00e+00 0.0 0.0e+00 0.0e+00 0.0e+00  0  0  0  0  0   0  0  0  0  0     0
KSPSolve              50 1.0 1.1475e+00 1.0 1.49e+08 1.2 1.6e+05 1.0e+04 1.4e+03  4  4  2  5  1  65 98 34 83 93 15706
PCSetUp                1 1.0 2.1458e-06 2.2 0.00e+00 0.0 0.0e+00 0.0e+00 0.0e+00  0  0  0  0  0   0  0  0  0  0     0
PCApply              312 1.0 8.5442e-03 1.1 0.00e+00 0.0 0.0e+00 0.0e+00 0.0e+00  0  0  0  0  0   0  0  0  0  0     0

--- Event Stage 3: solvePoissSys

VecTDot            31084 1.0 4.9825e+00 1.6 5.05e+08 1.1 0.0e+00 0.0e+00 3.1e+04 13 15  0  0 23  14 16  0  0 25 12476
VecNorm            15642 1.0 6.9859e-01 1.1 2.54e+08 1.1 0.0e+00 0.0e+00 1.6e+04  2  8  0  0 11   2  8  0  0 13 44782
VecScale              50 1.0 2.8448e-03 1.1 4.06e+05 1.1 0.0e+00 0.0e+00 0.0e+00  0  0  0  0  0   0  0  0  0  0 17576
VecCopy            15692 1.0 1.3052e-01 1.1 0.00e+00 0.0 0.0e+00 0.0e+00 0.0e+00  0  0  0  0  0   0  0  0  0  0     0
VecSet                50 1.0 6.7019e-04 1.2 0.00e+00 0.0 0.0e+00 0.0e+00 0.0e+00  0  0  0  0  0   0  0  0  0  0     0
VecAXPY            31084 1.0 1.8645e+00 1.1 5.05e+08 1.1 0.0e+00 0.0e+00 0.0e+00  6 15  0  0  0   6 16  0  0  0 33343
VecAYPX            15542 1.0 5.3305e-01 1.1 2.52e+08 1.1 0.0e+00 0.0e+00 0.0e+00  2  8  0  0  0   2  8  0  0  0 58219
VecScatterBegin    15642 1.0 3.0204e-01 1.7 0.00e+00 0.0 9.5e+06 3.4e+03 0.0e+00  1  0 95 94  0   1  0100100  0     0
VecScatterEnd      15642 1.0 3.2195e-01 1.7 0.00e+00 0.0 0.0e+00 0.0e+00 0.0e+00  1  0  0  0  0   1  0  0  0  0     0
MatMult            15592 1.0 6.0874e+00 1.2 1.65e+09 1.1 9.5e+06 3.4e+03 0.0e+00 18 49 95 94  0  19 52100100  0 32990
MatMultAdd            50 1.0 1.8315e-02 1.2 4.88e+06 1.1 1.5e+04 3.4e+03 0.0e+00  0  0  0  0  0   0  0  0  0  0 32432
KSPSetUp               1 1.0 6.8498e-04 1.1 0.00e+00 0.0 0.0e+00 0.0e+00 0.0e+00  0  0  0  0  0   0  0  0  0  0     0
KSPSolve              50 1.0 2.9569e+01 1.0 3.16e+09 1.1 9.5e+06 3.4e+03 1.2e+05 92 95 95 94 91 100100100100100 13104
PCSetUp                1 1.0 5.0068e-06 5.2 0.00e+00 0.0 0.0e+00 0.0e+00 0.0e+00  0  0  0  0  0   0  0  0  0  0     0
PCApply            15642 1.0 1.9492e-01 1.1 0.00e+00 0.0 0.0e+00 0.0e+00 0.0e+00  1  0  0  0  0   1  0  0  0  0     0

--- Event Stage 4: projectionStep

VecWAXPY              50 1.0 5.9376e-03 1.1 1.22e+06 1.1 0.0e+00 0.0e+00 0.0e+00  0  0  0  0  0   9 25  0  0  0 25010
VecScatterBegin       50 1.0 9.2101e-04 3.7 0.00e+00 0.0 1.5e+04 3.4e+03 0.0e+00  0  0  0  0  0   1  0100100  0     0
VecScatterEnd         50 1.0 1.0571e-03 6.0 0.00e+00 0.0 0.0e+00 0.0e+00 0.0e+00  0  0  0  0  0   1  0  0  0  0     0
MatMult               50 1.0 2.4830e-02 1.2 3.66e+06 1.1 1.5e+04 3.4e+03 0.0e+00  0  0  0  0  0  36 75100100  0 17942
------------------------------------------------------------------------------------------------------------------------

Memory usage is given in bytes:

Object Type          Creations   Destructions     Memory  Descendants' Mem.
Reports information only for process 0.

--- Event Stage 0: Main Stage

              Vector     0             44      4656664     0
      Vector Scatter     0             12       273008     0
              Matrix     0             14      6109328     0
   Matrix Null Space     0              1          604     0
    Distributed Mesh     0              6        28512     0
Star Forest Bipartite Graph     0             12         9792     0
     Discrete System     0              6         4800     0
   IS L to G Mapping     0              4       177344     0
       Krylov Solver     0              2         2464     0
      Preconditioner     0              2         1664     0
              Viewer     2              1          752     0

--- Event Stage 1: initialize

              Vector    50             12        18656     0
      Vector Scatter    12              0            0     0
              Matrix    14              0            0     0
   Matrix Null Space     1              0            0     0
    Distributed Mesh     6              0            0     0
Star Forest Bipartite Graph    13              1          872     0
     Discrete System     6              0            0     0
           Index Set    16             16       189340     0
   IS L to G Mapping     4              0            0     0
       Krylov Solver     2              0            0     0
      Preconditioner     2              0            0     0

--- Event Stage 2: solveIntVel

              Vector    53             50      9828800     0

--- Event Stage 3: solvePoissSys

              Vector    53             50      3328800     0

--- Event Stage 4: projectionStep

========================================================================================================================
Average time to get PetscTime(): 9.53674e-08
Average time for MPI_Barrier(): 2.22206e-05
Average time for zero size MPI_Send(): 1.24983e-06
#PETSc Option Table entries:
-caseFolder .
-log_summary
-sys1_pc_type none
-sys2_pc_type none
#End of PETSc Option Table entries
Compiled without FORTRAN kernels
Compiled with full precision matrices (default)
sizeof(short) 2 sizeof(int) 4 sizeof(long) 8 sizeof(void*) 8 sizeof(PetscScalar) 8 sizeof(PetscInt) 4
Configure options: --with-mpi-dir=/c1/apps/openmpi/1.8/gcc/4.9.2 --with-blas-lib=/c1/apps/blas/gcc/1/lib64/libfblas.a --with-lapack-lib=/c1/apps/lapack/gcc/3.4.1/lib/libflapack.a --prefix=/c1/apps/petsc/3.5.2
-----------------------------------------
Libraries compiled on Thu May 14 01:37:42 2015 on login3.colonialone.gwu.edu 
Machine characteristics: Linux-2.6.32-504.12.2.el6.x86_64-x86_64-with-redhat-6.6-Santiago
Using PETSc directory: /home/maclach/source/petsc-3.5.2
Using PETSc arch: arch-linux2-c-debug
-----------------------------------------

Using C compiler: /c1/apps/openmpi/1.8/gcc/4.9.2/bin/mpicc  -fPIC -Wall -Wwrite-strings -Wno-strict-aliasing -Wno-unknown-pragmas -g3 -O0  ${COPTFLAGS} ${CFLAGS}
Using Fortran compiler: /c1/apps/openmpi/1.8/gcc/4.9.2/bin/mpif90  -fPIC -Wall -Wno-unused-variable -ffree-line-length-0 -Wno-unused-dummy-argument -g -O0   ${FOPTFLAGS} ${FFLAGS} 
-----------------------------------------

Using include paths: -I/home/maclach/source/petsc-3.5.2/arch-linux2-c-debug/include -I/home/maclach/source/petsc-3.5.2/include -I/home/maclach/source/petsc-3.5.2/include -I/home/maclach/source/petsc-3.5.2/arch-linux2-c-debug/include -I/c1/apps/openmpi/1.8/gcc/4.9.2/include
-----------------------------------------

Using C linker: /c1/apps/openmpi/1.8/gcc/4.9.2/bin/mpicc
Using Fortran linker: /c1/apps/openmpi/1.8/gcc/4.9.2/bin/mpif90
Using libraries: -Wl,-rpath,/home/maclach/source/petsc-3.5.2/arch-linux2-c-debug/lib -L/home/maclach/source/petsc-3.5.2/arch-linux2-c-debug/lib -lpetsc -Wl,-rpath,/c1/apps/lapack/gcc/3.4.1/lib -L/c1/apps/lapack/gcc/3.4.1/lib -lflapack -Wl,-rpath,/c1/apps/blas/gcc/1/lib64 -L/c1/apps/blas/gcc/1/lib64 -lfblas -lX11 -lpthread -lssl -lcrypto -Wl,-rpath,/c1/apps/openmpi/1.8/gcc/4.9.2/lib -L/c1/apps/openmpi/1.8/gcc/4.9.2/lib -Wl,-rpath,/c1/apps/gcc/4.9.2/lib/gcc/x86_64-unknown-linux-gnu/4.9.2 -L/c1/apps/gcc/4.9.2/lib/gcc/x86_64-unknown-linux-gnu/4.9.2 -Wl,-rpath,/c1/apps/gcc/4.9.2/lib64 -L/c1/apps/gcc/4.9.2/lib64 -Wl,-rpath,/c1/apps/gcc/4.9.2/lib -L/c1/apps/gcc/4.9.2/lib -lmpi_usempi -lmpi_mpifh -lgfortran -lm -lgfortran -lm -lquadmath -lm -lmpi_cxx -lstdc++ -Wl,-rpath,/c1/apps/openmpi/1.8/gcc/4.9.2/lib -L/c1/apps/openmpi/1.8/gcc/4.9.2/lib -Wl,-rpath,/c1/apps/blas/gcc/1/lib64 -L/c1/apps/blas/gcc/1/lib64 -Wl,-rpath,/c1/apps/gcc/4.9.2/lib/gcc/x86_64-unknown-linux-gnu/4.9.2 -L/c1/apps/gcc/4.9.2/lib/gcc/x86_64-unknown-linux-gnu/4.9.2 -Wl,-rpath,/c1/apps/gcc/4.9.2/lib64 -L/c1/apps/gcc/4.9.2/lib64 -Wl,-rpath,/c1/apps/openmpi/1.8/gcc/4.9.2/lib -L/c1/apps/openmpi/1.8/gcc/4.9.2/lib -Wl,-rpath,/c1/apps/blas/gcc/1/lib64 -L/c1/apps/blas/gcc/1/lib64 -Wl,-rpath,/c1/apps/lapack/gcc/3.4.1/lib -L/c1/apps/lapack/gcc/3.4.1/lib -Wl,-rpath,/c1/apps/gcc/4.9.2/lib -L/c1/apps/gcc/4.9.2/lib -ldl -Wl,-rpath,/c1/apps/openmpi/1.8/gcc/4.9.2/lib -lmpi -lgcc_s -lpthread -ldl  
-----------------------------------------

