
---------------------------------------
Flow
---------------------------------------
solver: Navier-Stokes
viscosity: 0.01

---------------------------------------
Mesh
---------------------------------------
size: 200 x 200 x 200

---------------------------------------
Time-stepping
---------------------------------------
convection: 2nd-order Adams-Bashforth
diffusion : Crank-Nicolson
time-increment      : 0.0025
starting time-step  : 0
number of time-steps: 20
saving-interval     : 100

---------------------------------------
Linear system for intermediate velocity
---------------------------------------
solver: cg
preconditioner: none
relative tolerance: 1e-06
absolute tolerance: 1e-50
maximum iterations: 10000

---------------------------------------
Linear system for pressure-force
---------------------------------------
solver: cg
preconditioner: none
relative tolerance: 1e-06
absolute tolerance: 1e-50
maximum iterations: 20000

---------------------------------------
************************************************************************************************************************
***             WIDEN YOUR WINDOW TO 120 CHARACTERS.  Use 'enscript -r -fCourier9' to print this document            ***
************************************************************************************************************************

---------------------------------------------- PETSc Performance Summary: ----------------------------------------------

/home/mesnardo/src/PetIBM/bin/PetIBM3d on a linux-mpich2-gnu-opt named node154 with 1 processor, by mesnardo Thu Jun  4 23:50:39 2015
Using Petsc Release Version 3.5.2, Sep, 08, 2014 

                         Max       Max/Min        Avg      Total 
Time (sec):           5.565e+03      1.00000   5.565e+03
Objects:              1.430e+02      1.00000   1.430e+02
Flops:                2.716e+12      1.00000   2.716e+12  2.716e+12
Flops/sec:            4.879e+08      1.00000   4.879e+08  4.879e+08
MPI Messages:         0.000e+00      0.00000   0.000e+00  0.000e+00
MPI Message Lengths:  0.000e+00      0.00000   0.000e+00  0.000e+00
MPI Reductions:       0.000e+00      0.00000

Flop counting convention: 1 flop = 1 real number operation of type (multiply/divide/add/subtract)
                            e.g., VecAXPY() for real vectors of length N --> 2N flops
                            and VecAXPY() for complex vectors of length N --> 8N flops

Summary of Stages:   ----- Time ------  ----- Flops -----  --- Messages ---  -- Message Lengths --  -- Reductions --
                        Avg     %Total     Avg     %Total   counts   %Total     Avg         %Total   counts   %Total 
 0:      Main Stage: 1.7660e+00   0.0%  0.0000e+00   0.0%  0.000e+00   0.0%  0.000e+00        0.0%  0.000e+00   0.0% 
 1:      initialize: 4.2306e+01   0.8%  9.6033e+08   0.0%  0.000e+00   0.0%  0.000e+00        0.0%  0.000e+00   0.0% 
 2:     RHSVelocity: 1.8922e+02   3.4%  9.5520e+08   0.0%  0.000e+00   0.0%  0.000e+00        0.0%  0.000e+00   0.0% 
 3:   solveVelocity: 2.6561e+02   4.8%  1.3745e+11   5.1%  0.000e+00   0.0%  0.000e+00        0.0%  0.000e+00   0.0% 
 4:      RHSPoisson: 4.3716e+00   0.1%  2.0704e+09   0.1%  0.000e+00   0.0%  0.000e+00        0.0%  0.000e+00   0.0% 
 5:    solvePoisson: 5.0562e+03  90.9%  2.5722e+12  94.7%  0.000e+00   0.0%  0.000e+00        0.0%  0.000e+00   0.0% 
 6:  projectionStep: 5.9379e+00   0.1%  1.9104e+09   0.1%  0.000e+00   0.0%  0.000e+00        0.0%  0.000e+00   0.0% 

------------------------------------------------------------------------------------------------------------------------
See the 'Profiling' chapter of the users' manual for details on interpreting output.
Phase summary info:
   Count: number of times phase was executed
   Time and Flops: Max - maximum over all processors
                   Ratio - ratio of maximum to minimum over all processors
   Mess: number of messages sent
   Avg. len: average message length (bytes)
   Reduct: number of global reductions
   Global: entire computation
   Stage: stages of a computation. Set stages with PetscLogStagePush() and PetscLogStagePop().
      %T - percent time in this phase         %F - percent flops in this phase
      %M - percent messages in this phase     %L - percent message lengths in this phase
      %R - percent reductions in this phase
   Total Mflop/s: 10e-6 * (sum of flops over all processors)/(max time over all processors)
------------------------------------------------------------------------------------------------------------------------
Event                Count      Time (sec)     Flops                             --- Global ---  --- Stage ---   Total
                   Max Ratio  Max     Ratio   Max  Ratio  Mess   Avg len Reduct  %T %F %M %L %R  %T %F %M %L %R Mflop/s
------------------------------------------------------------------------------------------------------------------------

--- Event Stage 0: Main Stage


--- Event Stage 1: initialize

VecSet                21 1.0 1.7003e+00 1.0 0.00e+00 0.0 0.0e+00 0.0e+00 0.0e+00  0  0  0  0  0   4  0  0  0  0     0
VecScatterBegin        7 1.0 1.8204e-01 1.0 0.00e+00 0.0 0.0e+00 0.0e+00 0.0e+00  0  0  0  0  0   0  0  0  0  0     0
MatScale               4 1.0 1.7694e+00 1.0 7.14e+08 1.0 0.0e+00 0.0e+00 0.0e+00  0  0  0  0  0   4 74  0  0  0   403
MatAssemblyBegin       6 1.0 3.8147e-06 1.0 0.00e+00 0.0 0.0e+00 0.0e+00 0.0e+00  0  0  0  0  0   0  0  0  0  0     0
MatAssemblyEnd         6 1.0 4.8047e+00 1.0 0.00e+00 0.0 0.0e+00 0.0e+00 0.0e+00  0  0  0  0  0  11  0  0  0  0     0
MatTranspose           1 1.0 3.9453e+00 1.0 0.00e+00 0.0 0.0e+00 0.0e+00 0.0e+00  0  0  0  0  0   9  0  0  0  0     0
MatMatMult             1 1.0 5.2261e+00 1.0 2.47e+08 1.0 0.0e+00 0.0e+00 0.0e+00  0  0  0  0  0  12 26  0  0  0    47
MatMatMultSym          1 1.0 3.4184e+00 1.0 0.00e+00 0.0 0.0e+00 0.0e+00 0.0e+00  0  0  0  0  0   8  0  0  0  0     0
MatMatMultNum          1 1.0 1.8076e+00 1.0 2.47e+08 1.0 0.0e+00 0.0e+00 0.0e+00  0  0  0  0  0   4 26  0  0  0   137
generateQTBNQ          1 1.0 5.2261e+00 1.0 2.47e+08 1.0 0.0e+00 0.0e+00 0.0e+00  0  0  0  0  0  12 26  0  0  0    47

--- Event Stage 2: RHSVelocity

VecSet                20 1.0 1.3831e+00 1.0 0.00e+00 0.0 0.0e+00 0.0e+00 0.0e+00  0  0  0  0  0   1  0  0  0  0     0
VecWAXPY              20 1.0 1.8201e+00 1.0 4.78e+08 1.0 0.0e+00 0.0e+00 0.0e+00  0  0  0  0  0   1 50  0  0  0   262
VecPointwiseMult      20 1.0 1.3374e+00 1.0 4.78e+08 1.0 0.0e+00 0.0e+00 0.0e+00  0  0  0  0  0   1 50  0  0  0   357
VecScatterBegin       60 1.0 1.7917e+00 1.0 0.00e+00 0.0 0.0e+00 0.0e+00 0.0e+00  0  0  0  0  0   1  0  0  0  0     0

--- Event Stage 3: solveVelocity

VecTDot              436 1.0 2.8803e+01 1.0 2.08e+10 1.0 0.0e+00 0.0e+00 0.0e+00  1  1  0  0  0  11 15  0  0  0   723
VecNorm              258 1.0 1.5901e+01 1.0 1.23e+10 1.0 0.0e+00 0.0e+00 0.0e+00  0  0  0  0  0   6  9  0  0  0   775
VecCopy              278 1.0 3.0611e+01 1.0 0.00e+00 0.0 0.0e+00 0.0e+00 0.0e+00  1  0  0  0  0  12  0  0  0  0     0
VecAXPY              436 1.0 2.7833e+01 1.0 2.08e+10 1.0 0.0e+00 0.0e+00 0.0e+00  1  1  0  0  0  10 15  0  0  0   748
VecAYPX              218 1.0 1.4367e+01 1.0 9.93e+09 1.0 0.0e+00 0.0e+00 0.0e+00  0  0  0  0  0   5  7  0  0  0   691
MatMult              238 1.0 1.3253e+02 1.0 7.35e+10 1.0 0.0e+00 0.0e+00 0.0e+00  2  3  0  0  0  50 54  0  0  0   555
KSPSetUp               1 1.0 7.4528e-01 1.0 0.00e+00 0.0 0.0e+00 0.0e+00 0.0e+00  0  0  0  0  0   0  0  0  0  0     0
KSPSolve              20 1.0 2.6561e+02 1.0 1.37e+11 1.0 0.0e+00 0.0e+00 0.0e+00  5  5  0  0  0 100100  0  0  0   517
PCSetUp                1 1.0 0.0000e+00 0.0 0.00e+00 0.0 0.0e+00 0.0e+00 0.0e+00  0  0  0  0  0   0  0  0  0  0     0
PCApply              258 1.0 2.8406e+01 1.0 0.00e+00 0.0 0.0e+00 0.0e+00 0.0e+00  1  0  0  0  0  11  0  0  0  0     0

--- Event Stage 4: RHSPoisson

VecScale              20 1.0 2.9266e-01 1.0 1.60e+08 1.0 0.0e+00 0.0e+00 0.0e+00  0  0  0  0  0   7  8  0  0  0   547
VecSet                20 1.0 4.6166e-01 1.0 0.00e+00 0.0 0.0e+00 0.0e+00 0.0e+00  0  0  0  0  0  11  0  0  0  0     0
MatMultAdd            20 1.0 3.5638e+00 1.0 1.91e+09 1.0 0.0e+00 0.0e+00 0.0e+00  0  0  0  0  0  82 92  0  0  0   536

--- Event Stage 5: solvePoisson

VecTDot            25758 1.0 5.7343e+02 1.0 4.12e+11 1.0 0.0e+00 0.0e+00 0.0e+00 10 15  0  0  0  11 16  0  0  0   719
VecNorm            12919 1.0 2.6799e+02 1.0 2.07e+11 1.0 0.0e+00 0.0e+00 0.0e+00  5  8  0  0  0   5  8  0  0  0   771
VecCopy            12939 1.0 4.7783e+02 1.0 0.00e+00 0.0 0.0e+00 0.0e+00 0.0e+00  9  0  0  0  0   9  0  0  0  0     0
VecAXPY            25758 1.0 5.5275e+02 1.0 4.12e+11 1.0 0.0e+00 0.0e+00 0.0e+00 10 15  0  0  0  11 16  0  0  0   746
VecAYPX            12879 1.0 2.8643e+02 1.0 2.06e+11 1.0 0.0e+00 0.0e+00 0.0e+00  5  8  0  0  0   6  8  0  0  0   719
MatMult            12899 1.0 2.4512e+03 1.0 1.34e+12 1.0 0.0e+00 0.0e+00 0.0e+00 44 49  0  0  0  48 52  0  0  0   545
KSPSetUp               1 1.0 2.4743e-01 1.0 0.00e+00 0.0 0.0e+00 0.0e+00 0.0e+00  0  0  0  0  0   0  0  0  0  0     0
KSPSolve              20 1.0 5.0562e+03 1.0 2.57e+12 1.0 0.0e+00 0.0e+00 0.0e+00 91 95  0  0  0 100100  0  0  0   509
PCSetUp                1 1.0 0.0000e+00 0.0 0.00e+00 0.0 0.0e+00 0.0e+00 0.0e+00  0  0  0  0  0   0  0  0  0  0     0
PCApply            12919 1.0 4.7712e+02 1.0 0.00e+00 0.0 0.0e+00 0.0e+00 0.0e+00  9  0  0  0  0   9  0  0  0  0     0

--- Event Stage 6: projectionStep

VecWAXPY              20 1.0 1.7862e+00 1.0 4.78e+08 1.0 0.0e+00 0.0e+00 0.0e+00  0  0  0  0  0  30 25  0  0  0   267
MatMult               20 1.0 4.1516e+00 1.0 1.43e+09 1.0 0.0e+00 0.0e+00 0.0e+00  0  0  0  0  0  70 75  0  0  0   345
------------------------------------------------------------------------------------------------------------------------

Memory usage is given in bytes:

Object Type          Creations   Destructions     Memory  Descendants' Mem.
Reports information only for process 0.

--- Event Stage 0: Main Stage

              Vector     0             40   4227095392     0
      Vector Scatter     0              8         5152     0
              Matrix     0              4   4067719564     0
   Matrix Null Space     0              1          596     0
    Distributed Mesh     0              6        28464     0
Star Forest Bipartite Graph     0             12         9600     0
     Discrete System     0              6         4752     0
   IS L to G Mapping     0              4    131391232     0
       Krylov Solver     0              2         2448     0
      Preconditioner     0              2         1648     0
              Viewer     2              1          744     0

--- Event Stage 1: initialize

              Vector    42              8        12288     0
      Vector Scatter     8              0            0     0
              Matrix     4              0            0     0
   Matrix Null Space     1              0            0     0
    Distributed Mesh     6              0            0     0
Star Forest Bipartite Graph    12              0            0     0
     Discrete System     6              0            0     0
           Index Set     8              8    127526272     0
   IS L to G Mapping     4              0            0     0
       Krylov Solver     2              0            0     0
      Preconditioner     2              0            0     0

--- Event Stage 2: RHSVelocity


--- Event Stage 3: solveVelocity

              Vector    23             20   3820831360     0

--- Event Stage 4: RHSPoisson


--- Event Stage 5: solvePoisson

              Vector    23             20   1280031360     0

--- Event Stage 6: projectionStep

========================================================================================================================
Average time to get PetscTime(): 9.53674e-08
#PETSc Option Table entries:
-caseFolder .
-log_summary
-sys1_pc_type none
-sys2_pc_type none
#End of PETSc Option Table entries
Compiled without FORTRAN kernels
Compiled with full precision matrices (default)
sizeof(short) 2 sizeof(int) 4 sizeof(long) 8 sizeof(void*) 8 sizeof(PetscScalar) 8 sizeof(PetscInt) 4
Configure options: COPTFLAGS=-O3 CXXOPTFLAGS=-O3 FOPTFLAGS=-O3 --PETSC_ARCH=linux-mpich2-gnu-opt --with-debugging=0 --with-mpi-dir=/cm/shared/apps/mpich2/ge/gcc/64/1.4.1p1/bin --with-blas-lib=/c1/apps/blas/gcc/1/lib64/libblas.a --with-lapack-lib=/c1/apps/lapack/gcc/3.4.1/lib/liblapack.a --with-shared-libraries=0
-----------------------------------------
Libraries compiled on Thu May 28 11:06:57 2015 on login3.colonialone.gwu.edu 
Machine characteristics: Linux-2.6.32-504.12.2.el6.x86_64-x86_64-with-redhat-6.6-Santiago
Using PETSc directory: /home/mesnardo/src/petsc/3.5.2
Using PETSc arch: linux-mpich2-gnu-opt
-----------------------------------------

Using C compiler: mpicc  -Wall -Wwrite-strings -Wno-strict-aliasing -Wno-unknown-pragmas -O3  ${COPTFLAGS} ${CFLAGS}
Using Fortran compiler: mpif90  -Wall -Wno-unused-variable -ffree-line-length-0 -Wno-unused-dummy-argument -O3   ${FOPTFLAGS} ${FFLAGS} 
-----------------------------------------

Using include paths: -I/home/mesnardo/src/petsc/3.5.2/linux-mpich2-gnu-opt/include -I/home/mesnardo/src/petsc/3.5.2/include -I/home/mesnardo/src/petsc/3.5.2/include -I/home/mesnardo/src/petsc/3.5.2/linux-mpich2-gnu-opt/include -I/cm/shared/apps/mpich2/ge/gcc/64/1.4.1p1/bin/include -I/cm/shared/apps/mpich2/ge/gcc/64/1.4.1p1/include
-----------------------------------------

Using C linker: mpicc
Using Fortran linker: mpif90
Using libraries: -Wl,-rpath,/home/mesnardo/src/petsc/3.5.2/linux-mpich2-gnu-opt/lib -L/home/mesnardo/src/petsc/3.5.2/linux-mpich2-gnu-opt/lib -lpetsc -Wl,-rpath,/c1/apps/lapack/gcc/3.4.1/lib -L/c1/apps/lapack/gcc/3.4.1/lib -llapack -Wl,-rpath,/c1/apps/blas/gcc/1/lib64 -L/c1/apps/blas/gcc/1/lib64 -lblas -lX11 -lpthread -lssl -lcrypto -lm -L/cm/shared/apps/mpich2/ge/gcc/64/1.4.1p1/lib -L/cm/shared/apps/gcc/4.7.0/lib/gcc/x86_64-unknown-linux-gnu/4.7.0 -L/cm/shared/apps/gcc/4.7.0/lib64 -L/cm/shared/apps/gcc/4.7.0/lib -lmpichf90 -lgfortran -lm -Wl,-rpath,/cm/shared/apps/mpich2/ge/gcc/64/1.4.1p1/lib -lgfortran -lm -lquadmath -lm -lmpichcxx -lstdc++ -L/cm/shared/apps/mpich2/ge/gcc/64/1.4.1p1/lib -L/cm/shared/apps/gcc/4.7.0/lib/gcc/x86_64-unknown-linux-gnu/4.7.0 -L/cm/shared/apps/gcc/4.7.0/lib64 -L/cm/shared/apps/gcc/4.7.0/lib -ldl -Wl,-rpath,/cm/shared/apps/mpich2/ge/gcc/64/1.4.1p1/lib -lmpich -lopa -lmpl -lrt -lpthread -lgcc_s -ldl  
-----------------------------------------

