
---------------------------------------
Flow
---------------------------------------
solver: Navier-Stokes
viscosity: 0.01

---------------------------------------
Mesh
---------------------------------------
size: 200 x 200 x 200

---------------------------------------
Time-stepping
---------------------------------------
convection: 2nd-order Adams-Bashforth
diffusion : Crank-Nicolson
time-increment      : 0.0025
starting time-step  : 0
number of time-steps: 20
saving-interval     : 100

---------------------------------------
Linear system for intermediate velocity
---------------------------------------
solver: cg
preconditioner: none
relative tolerance: 1e-06
absolute tolerance: 1e-50
maximum iterations: 10000

---------------------------------------
Linear system for pressure-force
---------------------------------------
solver: cg
preconditioner: none
relative tolerance: 1e-06
absolute tolerance: 1e-50
maximum iterations: 20000

---------------------------------------
************************************************************************************************************************
***             WIDEN YOUR WINDOW TO 120 CHARACTERS.  Use 'enscript -r -fCourier9' to print this document            ***
************************************************************************************************************************

---------------------------------------------- PETSc Performance Summary: ----------------------------------------------

/home/mesnardo/src/PetIBM/bin/PetIBM3d on a linux-mpich-3.1-4-gnu-opt named node165 with 2 processors, by mesnardo Fri Jun 26 23:36:06 2015
Using Petsc Release Version 3.5.2, Sep, 08, 2014 

                         Max       Max/Min        Avg      Total 
Time (sec):           3.070e+03      1.00000   3.070e+03
Objects:              1.740e+02      1.00000   1.740e+02
Flops:                1.358e+12      1.00017   1.358e+12  2.715e+12
Flops/sec:            4.423e+08      1.00017   4.423e+08  8.845e+08
MPI Messages:         1.324e+04      1.00004   1.324e+04  2.649e+04
MPI Message Lengths:  4.387e+09      1.00000   3.312e+05  8.773e+09
MPI Reductions:       6.692e+04      1.00000

Flop counting convention: 1 flop = 1 real number operation of type (multiply/divide/add/subtract)
                            e.g., VecAXPY() for real vectors of length N --> 2N flops
                            and VecAXPY() for complex vectors of length N --> 8N flops

Summary of Stages:   ----- Time ------  ----- Flops -----  --- Messages ---  -- Message Lengths --  -- Reductions --
                        Avg     %Total     Avg     %Total   counts   %Total     Avg         %Total   counts   %Total 
 0:      Main Stage: 8.1480e-01   0.0%  0.0000e+00   0.0%  0.000e+00   0.0%  0.000e+00        0.0%  0.000e+00   0.0% 
 1:      initialize: 3.0407e+01   1.0%  9.0457e+08   0.0%  5.350e+01   0.2%  4.521e+02        0.1%  1.320e+02   0.2% 
 2:     RHSVelocity: 7.1044e+01   2.3%  9.5520e+08   0.0%  1.200e+02   0.5%  1.445e+03        0.4%  0.000e+00   0.0% 
 3:   solveVelocity: 1.5841e+02   5.2%  1.3745e+11   5.1%  4.760e+02   1.8%  1.719e+04        5.2%  6.940e+02   1.0% 
 4:      RHSPoisson: 2.1408e+00   0.1%  2.0704e+09   0.1%  2.000e+01   0.1%  2.416e+02        0.1%  0.000e+00   0.0% 
 5:    solvePoisson: 2.8038e+03  91.3%  2.5720e+12  94.7%  2.580e+04  97.4%  3.116e+05       94.1%  5.159e+04  77.1% 
 6:  projectionStep: 3.0899e+00   0.1%  1.9104e+09   0.1%  2.000e+01   0.1%  2.416e+02        0.1%  0.000e+00   0.0% 

------------------------------------------------------------------------------------------------------------------------
See the 'Profiling' chapter of the users' manual for details on interpreting output.
Phase summary info:
   Count: number of times phase was executed
   Time and Flops: Max - maximum over all processors
                   Ratio - ratio of maximum to minimum over all processors
   Mess: number of messages sent
   Avg. len: average message length (bytes)
   Reduct: number of global reductions
   Global: entire computation
   Stage: stages of a computation. Set stages with PetscLogStagePush() and PetscLogStagePop().
      %T - percent time in this phase         %F - percent flops in this phase
      %M - percent messages in this phase     %L - percent message lengths in this phase
      %R - percent reductions in this phase
   Total Mflop/s: 10e-6 * (sum of flops over all processors)/(max time over all processors)
------------------------------------------------------------------------------------------------------------------------
Event                Count      Time (sec)     Flops                             --- Global ---  --- Stage ---   Total
                   Max Ratio  Max     Ratio   Max  Ratio  Mess   Avg len Reduct  %T %F %M %L %R  %T %F %M %L %R Mflop/s
------------------------------------------------------------------------------------------------------------------------

--- Event Stage 0: Main Stage


--- Event Stage 1: initialize

VecSet                15 1.0 3.2736e-01 1.4 0.00e+00 0.0 0.0e+00 0.0e+00 0.0e+00  0  0  0  0  0   1  0  0  0  0     0
VecScatterBegin        8 1.0 9.0105e-02 1.6 0.00e+00 0.0 1.6e+01 4.0e+05 0.0e+00  0  0  0  0  0   0  0 30 53  0     0
VecScatterEnd          8 1.0 1.1760e+00233.8 0.00e+00 0.0 0.0e+00 0.0e+00 0.0e+00  0  0  0  0  0   2  0  0  0  0     0
MatScale               4 1.0 1.0795e+00 1.1 3.57e+08 1.0 2.0e+00 9.6e+05 0.0e+00  0  0  0  0  0   3 79  4 16  0   661
MatAssemblyBegin       8 1.0 9.2545e+0020570.2 0.00e+00 0.0 3.0e+00 2.1e+05 1.2e+01  0  0  0  0  0  15  0  6  5  9     0
MatAssemblyEnd         8 1.0 5.1029e+00 1.2 0.00e+00 0.0 1.2e+01 1.3e+05 3.2e+01  0  0  0  0  0  16  0 22 13 24     0
MatTranspose           1 1.0 3.6291e+00 1.0 0.00e+00 0.0 7.5e+00 1.5e+05 1.2e+01  0  0  0  0  0  12  0 14  9  9     0
MatMatMult             1 1.0 5.8736e+00 1.0 9.55e+07 1.0 8.0e+00 2.6e+05 1.6e+01  0  0  0  0  0  19 21 15 17 12    33
MatMatMultSym          1 1.0 5.0490e+00 1.0 0.00e+00 0.0 7.0e+00 2.1e+05 1.4e+01  0  0  0  0  0  17  0 13 12 11     0
MatMatMultNum          1 1.0 8.8279e-01 1.1 9.55e+07 1.0 1.0e+00 6.4e+05 2.0e+00  0  0  0  0  0   3 21  2  5  2   216
MatGetLocalMat         2 1.0 1.5535e+00 2.0 0.00e+00 0.0 0.0e+00 0.0e+00 0.0e+00  0  0  0  0  0   4  0  0  0  0     0
MatGetBrAoCol          2 1.0 8.4867e-02 2.9 0.00e+00 0.0 4.0e+00 4.4e+05 0.0e+00  0  0  0  0  0   0  0  7 15  0     0
SFSetGraph             1 1.0 8.0419e-0488.8 0.00e+00 0.0 0.0e+00 0.0e+00 0.0e+00  0  0  0  0  0   0  0  0  0  0     0
SFReduceBegin          1 1.0 6.2397e-02195.6 0.00e+00 0.0 2.5e+00 1.3e+05 0.0e+00  0  0  0  0  0   0  0  5  3  0     0
SFReduceEnd            1 1.0 3.3808e-04 5.9 0.00e+00 0.0 0.0e+00 0.0e+00 0.0e+00  0  0  0  0  0   0  0  0  0  0     0
generateQTBNQ          1 1.0 5.8736e+00 1.0 9.55e+07 1.0 8.0e+00 2.6e+05 1.6e+01  0  0  0  0  0  19 21 15 17 12    33

--- Event Stage 2: RHSVelocity

VecSet                20 1.0 8.2082e-01 1.3 0.00e+00 0.0 0.0e+00 0.0e+00 0.0e+00  0  0  0  0  0   1  0  0  0  0     0
VecWAXPY              20 1.0 9.1709e-01 1.3 2.39e+08 1.0 0.0e+00 0.0e+00 0.0e+00  0  0  0  0  0   1 50  0  0  0   521
VecPointwiseMult      20 1.0 7.4668e-01 1.5 2.39e+08 1.0 0.0e+00 0.0e+00 0.0e+00  0  0  0  0  0   1 50  0  0  0   640
VecScatterBegin       60 1.0 8.7817e-01 1.4 0.00e+00 0.0 1.2e+02 3.2e+05 0.0e+00  0  0  0  0  0   1  0100100  0     0
VecScatterEnd         60 1.0 4.6824e-0117.2 0.00e+00 0.0 0.0e+00 0.0e+00 0.0e+00  0  0  0  0  0   0  0  0  0  0     0

--- Event Stage 3: solveVelocity

VecTDot              436 1.0 1.4982e+01 1.0 1.04e+10 1.0 0.0e+00 0.0e+00 4.4e+02  0  1  0  0  1   9 15  0  0 63  1390
VecNorm              258 1.0 1.9956e+01 2.5 6.17e+09 1.0 0.0e+00 0.0e+00 2.6e+02  0  0  0  0  0   9  9  0  0 37   617
VecCopy              278 1.0 1.4747e+01 1.6 0.00e+00 0.0 0.0e+00 0.0e+00 0.0e+00  0  0  0  0  0   8  0  0  0  0     0
VecAXPY              436 1.0 1.4286e+01 1.6 1.04e+10 1.0 0.0e+00 0.0e+00 0.0e+00  0  1  0  0  0   7 15  0  0  0  1458
VecAYPX              218 1.0 9.3005e+00 1.9 4.98e+09 1.0 0.0e+00 0.0e+00 0.0e+00  0  0  0  0  0   4  7  0  0  0  1068
VecScatterBegin      238 1.0 9.0301e-02 1.8 0.00e+00 0.0 4.8e+02 9.6e+05 0.0e+00  0  0  2  5  0   0  0100100  0     0
VecScatterEnd        238 1.0 8.7302e+01279.1 0.00e+00 0.0 0.0e+00 0.0e+00 0.0e+00  1  0  0  0  0  28  0  0  0  0     0
MatMult              238 1.0 1.2324e+02 1.8 3.68e+10 1.0 4.8e+02 9.6e+05 0.0e+00  3  3  2  5  0  61 54100100  0   597
KSPSetUp               1 1.0 3.5300e-01 1.8 0.00e+00 0.0 0.0e+00 0.0e+00 0.0e+00  0  0  0  0  0   0  0  0  0  0     0
KSPSolve              20 1.0 1.8282e+02 1.4 6.88e+10 1.0 4.8e+02 9.6e+05 6.9e+02  5  5  2  5  1 100100100100100   752
PCSetUp                1 1.0 5.0068e-06 1.8 0.00e+00 0.0 0.0e+00 0.0e+00 0.0e+00  0  0  0  0  0   0  0  0  0  0     0
PCApply              258 1.0 1.3682e+01 1.6 0.00e+00 0.0 0.0e+00 0.0e+00 0.0e+00  0  0  0  0  0   7  0  0  0  0     0

--- Event Stage 4: RHSPoisson

VecScale              20 1.0 1.4935e-01 1.9 8.00e+07 1.0 0.0e+00 0.0e+00 0.0e+00  0  0  0  0  0   5  8  0  0  0  1071
VecSet                20 1.0 2.1973e-01 1.6 0.00e+00 0.0 0.0e+00 0.0e+00 0.0e+00  0  0  0  0  0   8  0  0  0  0     0
VecScatterBegin       20 1.0 1.6685e-03 8.4 0.00e+00 0.0 2.0e+01 3.2e+05 0.0e+00  0  0  0  0  0   0  0100100  0     0
VecScatterEnd         20 1.0 9.2882e-01183.4 0.00e+00 0.0 0.0e+00 0.0e+00 0.0e+00  0  0  0  0  0  22  0  0  0  0     0
MatMultAdd            20 1.0 1.8871e+00 1.1 9.55e+08 1.0 2.0e+01 3.2e+05 0.0e+00  0  0  0  0  0  85 92100100  0  1012

--- Event Stage 5: solvePoisson

VecTDot            25756 1.0 2.9380e+02 1.0 2.06e+11 1.0 0.0e+00 0.0e+00 2.6e+04 10 15  0  0 38  10 16  0  0 50  1403
VecNorm            12918 1.0 2.0355e+02 1.5 1.03e+11 1.0 0.0e+00 0.0e+00 1.3e+04  6  8  0  0 19   6  8  0  0 25  1015
VecCopy            12938 1.0 2.2807e+02 1.6 0.00e+00 0.0 0.0e+00 0.0e+00 0.0e+00  6  0  0  0  0   7  0  0  0  0     0
VecAXPY            25756 1.0 2.7773e+02 1.8 2.06e+11 1.0 0.0e+00 0.0e+00 0.0e+00  7 15  0  0  0   8 16  0  0  0  1484
VecAYPX            12878 1.0 1.8910e+02 2.0 1.03e+11 1.0 0.0e+00 0.0e+00 0.0e+00  5  8  0  0  0   5  8  0  0  0  1089
VecScatterBegin    12898 1.0 1.7877e+00 2.0 0.00e+00 0.0 2.6e+04 3.2e+05 0.0e+00  0  0 97 94  0   0  0100100  0     0
VecScatterEnd      12898 1.0 6.4307e+02111.2 0.00e+00 0.0 0.0e+00 0.0e+00 0.0e+00 11  0  0  0  0  12  0  0  0  0     0
MatMult            12898 1.0 1.2476e+03 1.1 6.68e+11 1.0 2.6e+04 3.2e+05 0.0e+00 39 49 97 94  0  43 52100100  0  1070
KSPSetUp               1 1.0 8.9652e-02 1.8 0.00e+00 0.0 0.0e+00 0.0e+00 0.0e+00  0  0  0  0  0   0  0  0  0  0     0
KSPSolve              20 1.0 2.8038e+03 1.0 1.29e+12 1.0 2.6e+04 3.2e+05 5.2e+04 91 95 97 94 77 100100100100100   917
PCSetUp                1 1.0 9.5367e-07 1.0 0.00e+00 0.0 0.0e+00 0.0e+00 0.0e+00  0  0  0  0  0   0  0  0  0  0     0
PCApply            12918 1.0 2.2776e+02 1.6 0.00e+00 0.0 0.0e+00 0.0e+00 0.0e+00  6  0  0  0  0   7  0  0  0  0     0

--- Event Stage 6: projectionStep

VecWAXPY              20 1.0 9.7065e-01 1.5 2.39e+08 1.0 0.0e+00 0.0e+00 0.0e+00  0  0  0  0  0  27 25  0  0  0   492
VecScatterBegin       20 1.0 2.6097e-0327.3 0.00e+00 0.0 2.0e+01 3.2e+05 0.0e+00  0  0  0  0  0   0  0100100  0     0
VecScatterEnd         20 1.0 1.1073e+00389.5 0.00e+00 0.0 0.0e+00 0.0e+00 0.0e+00  0  0  0  0  0  18  0  0  0  0     0
MatMult               20 1.0 2.2724e+00 1.0 7.18e+08 1.0 2.0e+01 3.2e+05 0.0e+00  0  0  0  0  0  73 75100100  0   631
------------------------------------------------------------------------------------------------------------------------

Memory usage is given in bytes:

Object Type          Creations   Destructions     Memory  Descendants' Mem.
Reports information only for process 0.

--- Event Stage 0: Main Stage

              Vector     0             44   2121812544     0
      Vector Scatter     0             12    127692720     0
              Matrix     0             14   2982915216     0
   Matrix Null Space     0              1          596     0
    Distributed Mesh     0              6        28464     0
Star Forest Bipartite Graph     0             12         9600     0
     Discrete System     0              6         4752     0
   IS L to G Mapping     0              4     66429648     0
       Krylov Solver     0              2         2448     0
      Preconditioner     0              2         1648     0
              Viewer     2              1          744     0

--- Event Stage 1: initialize

              Vector    50             12        18560     0
      Vector Scatter    12              0            0     0
              Matrix    14              0            0     0
   Matrix Null Space     1              0            0     0
    Distributed Mesh     6              0            0     0
Star Forest Bipartite Graph    13              1          856     0
     Discrete System     6              0            0     0
           Index Set    16             16     65289344     0
   IS L to G Mapping     4              0            0     0
       Krylov Solver     2              0            0     0
      Preconditioner     2              0            0     0

--- Event Stage 2: RHSVelocity


--- Event Stage 3: solveVelocity

              Vector    23             20   1913631360     0

--- Event Stage 4: RHSPoisson


--- Event Stage 5: solvePoisson

              Vector    23             20    640031360     0

--- Event Stage 6: projectionStep

========================================================================================================================
Average time to get PetscTime(): 0
Average time for MPI_Barrier(): 2.38419e-06
Average time for zero size MPI_Send(): 1.90735e-06
#PETSc Option Table entries:
-caseFolder .
-log_summary
-sys1_pc_type none
-sys2_pc_type none
#End of PETSc Option Table entries
Compiled without FORTRAN kernels
Compiled with full precision matrices (default)
sizeof(short) 2 sizeof(int) 4 sizeof(long) 8 sizeof(void*) 8 sizeof(PetscScalar) 8 sizeof(PetscInt) 4
Configure options: --PETSC_ARCH=linux-mpich-3.1-4-gnu-opt ---with-mpi-dir=/c1/apps/mpich/3.1.4/bin --with-blas-lib=/c1/apps/blas/gcc/1/lib64/libblas.a --with-lapack-lib=/c1/apps/lapack/gcc/3.4.1/lib/liblapack.a --with-shared-libraries=0 --with-debugging=0
-----------------------------------------
Libraries compiled on Mon Jun 22 14:19:00 2015 on login4.colonialone.gwu.edu 
Machine characteristics: Linux-2.6.32-504.12.2.el6.x86_64-x86_64-with-redhat-6.6-Santiago
Using PETSc directory: /home/mesnardo/src/petsc/3.5.2
Using PETSc arch: linux-mpich-3.1-4-gnu-opt
-----------------------------------------

Using C compiler: mpicc  -Wall -Wwrite-strings -Wno-strict-aliasing -Wno-unknown-pragmas -O  ${COPTFLAGS} ${CFLAGS}
Using Fortran compiler: mpif90  -Wall -Wno-unused-variable -ffree-line-length-0 -Wno-unused-dummy-argument -O   ${FOPTFLAGS} ${FFLAGS} 
-----------------------------------------

Using include paths: -I/home/mesnardo/src/petsc/3.5.2/linux-mpich-3.1-4-gnu-opt/include -I/home/mesnardo/src/petsc/3.5.2/include -I/home/mesnardo/src/petsc/3.5.2/include -I/home/mesnardo/src/petsc/3.5.2/linux-mpich-3.1-4-gnu-opt/include -I/c1/apps/mpich/3.1.4/include
-----------------------------------------

Using C linker: mpicc
Using Fortran linker: mpif90
Using libraries: -Wl,-rpath,/home/mesnardo/src/petsc/3.5.2/linux-mpich-3.1-4-gnu-opt/lib -L/home/mesnardo/src/petsc/3.5.2/linux-mpich-3.1-4-gnu-opt/lib -lpetsc -Wl,-rpath,/c1/apps/lapack/gcc/3.4.1/lib -L/c1/apps/lapack/gcc/3.4.1/lib -llapack -Wl,-rpath,/c1/apps/blas/gcc/1/lib64 -L/c1/apps/blas/gcc/1/lib64 -lblas -lX11 -lpthread -lssl -lcrypto -L/c1/apps/mpich/3.1.4/lib -L/cm/shared/apps/gcc/4.7.0/lib/gcc/x86_64-unknown-linux-gnu/4.7.0 -L/cm/shared/apps/gcc/4.7.0/lib64 -L/cm/shared/apps/gcc/4.7.0/lib -lmpifort -lgfortran -lm -Wl,-rpath,/c1/apps/mpich/3.1.4/lib -lgfortran -lm -lquadmath -lm -lmpicxx -lstdc++ -L/c1/apps/mpich/3.1.4/lib -L/cm/shared/apps/gcc/4.7.0/lib/gcc/x86_64-unknown-linux-gnu/4.7.0 -L/cm/shared/apps/gcc/4.7.0/lib64 -L/cm/shared/apps/gcc/4.7.0/lib -ldl -Wl,-rpath,/c1/apps/mpich/3.1.4/lib -lmpi -lgcc_s -ldl  
-----------------------------------------

