
---------------------------------------
Flow
---------------------------------------
solver: Navier-Stokes
viscosity: 0.01

---------------------------------------
Mesh
---------------------------------------
size: 100 x 100 x 100

---------------------------------------
Time-stepping
---------------------------------------
convection: 2nd-order Adams-Bashforth
diffusion : Crank-Nicolson
time-increment      : 0.0025
starting time-step  : 0
number of time-steps: 50
saving-interval     : 100

---------------------------------------
Linear system for intermediate velocity
---------------------------------------
solver: cg
preconditioner: none
relative tolerance: 1e-06
absolute tolerance: 1e-50
maximum iterations: 10000

---------------------------------------
Linear system for pressure-force
---------------------------------------
solver: cg
preconditioner: none
relative tolerance: 1e-06
absolute tolerance: 1e-50
maximum iterations: 20000

---------------------------------------
************************************************************************************************************************
***             WIDEN YOUR WINDOW TO 120 CHARACTERS.  Use 'enscript -r -fCourier9' to print this document            ***
************************************************************************************************************************

---------------------------------------------- PETSc Performance Summary: ----------------------------------------------

/home/mesnardo/src/PetIBM/bin/PetIBM3d on a linux-openmpi-gnu-opt named node098 with 16 processors, by mesnardo Mon Jun  8 15:43:07 2015
Using Petsc Release Version 3.5.2, Sep, 08, 2014 

                         Max       Max/Min        Avg      Total 
Time (sec):           4.862e+01      1.00000   4.862e+01
Objects:              2.340e+02      1.00000   2.340e+02
Flops:                2.550e+10      1.00450   2.545e+10  4.071e+11
Flops/sec:            5.245e+08      1.00450   5.234e+08  8.374e+09
MPI Messages:         6.546e+04      1.33888   5.717e+04  9.148e+05
MPI Message Lengths:  9.961e+08      1.50150   1.451e+04  1.328e+10
MPI Reductions:       7.774e+04      1.00000

Flop counting convention: 1 flop = 1 real number operation of type (multiply/divide/add/subtract)
                            e.g., VecAXPY() for real vectors of length N --> 2N flops
                            and VecAXPY() for complex vectors of length N --> 8N flops

Summary of Stages:   ----- Time ------  ----- Flops -----  --- Messages ---  -- Message Lengths --  -- Reductions --
                        Avg     %Total     Avg     %Total   counts   %Total     Avg         %Total   counts   %Total 
 0:      Main Stage: 4.2796e-02   0.1%  0.0000e+00   0.0%  0.000e+00   0.0%  0.000e+00        0.0%  0.000e+00   0.0% 
 1:      initialize: 2.8007e-01   0.6%  1.1214e+08   0.0%  2.554e+03   0.3%  1.651e+01        0.1%  1.320e+02   0.2% 
 2:     RHSVelocity: 2.1418e+00   4.4%  2.9700e+08   0.1%  2.160e+04   2.4%  1.340e+02        0.9%  0.000e+00   0.0% 
 3:   solveVelocity: 2.3324e+00   4.8%  1.8023e+10   4.4%  1.467e+04   1.6%  6.828e+02        4.7%  7.360e+02   0.9% 
 4:      RHSPoisson: 1.1357e-01   0.2%  6.4400e+08   0.2%  1.400e+03   0.2%  2.186e+01        0.2%  0.000e+00   0.0% 
 5:    solvePoisson: 4.3519e+01  89.5%  3.8748e+11  95.2%  8.732e+05  95.4%  1.364e+04       94.0%  6.237e+04  80.2% 
 6:  projectionStep: 1.4949e-01   0.3%  5.9400e+08   0.1%  1.400e+03   0.2%  2.186e+01        0.2%  0.000e+00   0.0% 

------------------------------------------------------------------------------------------------------------------------
See the 'Profiling' chapter of the users' manual for details on interpreting output.
Phase summary info:
   Count: number of times phase was executed
   Time and Flops: Max - maximum over all processors
                   Ratio - ratio of maximum to minimum over all processors
   Mess: number of messages sent
   Avg. len: average message length (bytes)
   Reduct: number of global reductions
   Global: entire computation
   Stage: stages of a computation. Set stages with PetscLogStagePush() and PetscLogStagePop().
      %T - percent time in this phase         %F - percent flops in this phase
      %M - percent messages in this phase     %L - percent message lengths in this phase
      %R - percent reductions in this phase
   Total Mflop/s: 10e-6 * (sum of flops over all processors)/(max time over all processors)
------------------------------------------------------------------------------------------------------------------------
Event                Count      Time (sec)     Flops                             --- Global ---  --- Stage ---   Total
                   Max Ratio  Max     Ratio   Max  Ratio  Mess   Avg len Reduct  %T %F %M %L %R  %T %F %M %L %R Mflop/s
------------------------------------------------------------------------------------------------------------------------

--- Event Stage 0: Main Stage


--- Event Stage 1: initialize

VecSet                15 1.0 3.5641e-03 1.1 0.00e+00 0.0 0.0e+00 0.0e+00 0.0e+00  0  0  0  0  0   1  0  0  0  0     0
VecScatterBegin        8 1.0 2.5229e-03 1.5 0.00e+00 0.0 9.8e+02 8.3e+03 0.0e+00  0  0  0  0  0   1  0 38 54  0     0
VecScatterEnd          8 1.0 6.4008e-03 4.5 0.00e+00 0.0 0.0e+00 0.0e+00 0.0e+00  0  0  0  0  0   1  0  0  0  0     0
MatScale               4 1.0 2.8657e-02 1.2 5.60e+06 1.0 5.6e+01 4.3e+04 0.0e+00  0  0  0  0  0  10 79  2 16  0  3084
MatAssemblyBegin       8 1.0 7.3931e-03 2.3 0.00e+00 0.0 8.4e+01 9.5e+03 1.2e+01  0  0  0  0  0   2  0  3  5  9     0
MatAssemblyEnd         8 1.0 5.0203e-02 1.0 0.00e+00 0.0 3.4e+02 5.9e+03 3.2e+01  0  0  0  0  0  18  0 13 13 24     0
MatTranspose           1 1.0 3.0245e-02 1.0 0.00e+00 0.0 2.1e+02 6.7e+03 1.2e+01  0  0  0  0  0  11  0  8  9  9     0
MatMatMult             1 1.0 5.2894e-02 1.0 1.49e+06 1.0 2.2e+02 1.2e+04 1.6e+01  0  0  0  0  0  19 21  9 17 12   449
MatMatMultSym          1 1.0 4.2295e-02 1.0 0.00e+00 0.0 2.0e+02 9.2e+03 1.4e+01  0  0  0  0  0  15  0  8 12 11     0
MatMatMultNum          1 1.0 1.0591e-02 1.0 1.49e+06 1.0 2.8e+01 2.9e+04 2.0e+00  0  0  0  0  0   4 21  1  5  2  2243
MatGetLocalMat         2 1.0 1.5930e-02 1.1 0.00e+00 0.0 0.0e+00 0.0e+00 0.0e+00  0  0  0  0  0   6  0  0  0  0     0
MatGetBrAoCol          2 1.0 1.9500e-03 1.3 0.00e+00 0.0 1.1e+02 2.0e+04 0.0e+00  0  0  0  0  0   1  0  4 15  0     0
SFSetGraph             1 1.0 1.4997e-0437.0 0.00e+00 0.0 0.0e+00 0.0e+00 0.0e+00  0  0  0  0  0   0  0  0  0  0     0
SFReduceBegin          1 1.0 4.6301e-04 2.5 0.00e+00 0.0 7.0e+01 5.7e+03 0.0e+00  0  0  0  0  0   0  0  3  3  0     0
SFReduceEnd            1 1.0 5.4121e-05 2.9 0.00e+00 0.0 0.0e+00 0.0e+00 0.0e+00  0  0  0  0  0   0  0  0  0  0     0
generateQTBNQ          1 1.0 5.2897e-02 1.0 1.49e+06 1.0 2.2e+02 1.2e+04 1.6e+01  0  0  0  0  0  19 21  9 17 12   449

--- Event Stage 2: RHSVelocity

VecSet                50 1.0 1.7615e-02 1.2 0.00e+00 0.0 0.0e+00 0.0e+00 0.0e+00  0  0  0  0  0   1  0  0  0  0     0
VecWAXPY              50 1.0 5.0357e-02 2.2 9.38e+06 1.0 0.0e+00 0.0e+00 0.0e+00  0  0  0  0  0   2 50  0  0  0  2949
VecPointwiseMult      50 1.0 3.5977e-02 2.2 9.38e+06 1.0 0.0e+00 0.0e+00 0.0e+00  0  0  0  0  0   1 50  0  0  0  4128
VecScatterBegin      150 1.0 4.8531e-02 1.6 0.00e+00 0.0 2.2e+04 5.7e+03 0.0e+00  0  0  2  1  0   2  0100100  0     0
VecScatterEnd        150 1.0 3.3703e-0135.6 0.00e+00 0.0 0.0e+00 0.0e+00 0.0e+00  1  0  0  0  0  14  0  0  0  0     0

--- Event Stage 3: solveVelocity

VecTDot              424 1.0 2.7292e-01 1.5 1.59e+08 1.0 0.0e+00 0.0e+00 4.2e+02  0  1  0  0  1   9 14  0  0 58  9228
VecNorm              312 1.0 2.0240e-01 2.3 1.17e+08 1.0 0.0e+00 0.0e+00 3.1e+02  0  0  0  0  0   5 10  0  0 42  9156
VecCopy              362 1.0 1.9692e-01 1.1 0.00e+00 0.0 0.0e+00 0.0e+00 0.0e+00  0  0  0  0  0   8  0  0  0  0     0
VecAXPY              424 1.0 2.8032e-01 1.1 1.59e+08 1.0 0.0e+00 0.0e+00 0.0e+00  1  1  0  0  0  12 14  0  0  0  8985
VecAYPX              212 1.0 1.2584e-01 1.2 7.01e+07 1.0 0.0e+00 0.0e+00 0.0e+00  0  0  0  0  0   5  6  0  0  0  8827
VecScatterBegin      262 1.0 4.0078e-02 1.4 0.00e+00 0.0 1.5e+04 4.3e+04 0.0e+00  0  0  2  5  0   1  0100100  0     0
VecScatterEnd        262 1.0 1.5001e-01 4.3 0.00e+00 0.0 0.0e+00 0.0e+00 0.0e+00  0  0  0  0  0   3  0  0  0  0     0
MatMult              262 1.0 1.3665e+00 1.1 6.35e+08 1.0 1.5e+04 4.3e+04 0.0e+00  3  2  2  5  0  57 56100100  0  7334
KSPSetUp               1 1.0 3.3770e-03 1.1 0.00e+00 0.0 0.0e+00 0.0e+00 0.0e+00  0  0  0  0  0   0  0  0  0  0     0
KSPSolve              50 1.0 2.4077e+00 1.1 1.14e+09 1.0 1.5e+04 4.3e+04 7.4e+02  5  4  2  5  1 100100100100100  7486
PCSetUp                1 1.0 0.0000e+00 0.0 0.00e+00 0.0 0.0e+00 0.0e+00 0.0e+00  0  0  0  0  0   0  0  0  0  0     0
PCApply              312 1.0 1.7183e-01 1.1 0.00e+00 0.0 0.0e+00 0.0e+00 0.0e+00  0  0  0  0  0   7  0  0  0  0     0

--- Event Stage 4: RHSPoisson

VecScale              50 1.0 2.2485e-03 1.0 3.12e+06 1.0 0.0e+00 0.0e+00 0.0e+00  0  0  0  0  0   2  8  0  0  0 22237
VecSet                50 1.0 5.9359e-03 1.0 0.00e+00 0.0 0.0e+00 0.0e+00 0.0e+00  0  0  0  0  0   5  0  0  0  0     0
VecScatterBegin       50 1.0 3.1812e-0318.5 0.00e+00 0.0 1.4e+03 1.4e+04 0.0e+00  0  0  0  0  0   2  0100100  0     0
VecScatterEnd         50 1.0 2.3449e-0216.5 0.00e+00 0.0 0.0e+00 0.0e+00 0.0e+00  0  0  0  0  0   7  0  0  0  0     0
MatMultAdd            50 1.0 1.0669e-01 1.2 3.72e+07 1.0 1.4e+03 1.4e+04 0.0e+00  0  0  0  0  0  90 92100100  0  5567

--- Event Stage 5: solvePoisson

VecTDot            31084 1.0 5.8764e+00 2.0 3.89e+09 1.0 0.0e+00 0.0e+00 3.1e+04  8 15  0  0 40   9 16  0  0 50 10579
VecNorm            15642 1.0 1.2508e+00 1.0 1.96e+09 1.0 0.0e+00 0.0e+00 1.6e+04  3  8  0  0 20   3  8  0  0 25 25011
VecCopy            15692 1.0 7.7882e-01 1.0 0.00e+00 0.0 0.0e+00 0.0e+00 0.0e+00  2  0  0  0  0   2  0  0  0  0     0
VecAXPY            31084 1.0 3.1588e+00 1.0 3.89e+09 1.0 0.0e+00 0.0e+00 0.0e+00  6 15  0  0  0   7 16  0  0  0 19681
VecAYPX            15542 1.0 1.0987e+00 1.0 1.94e+09 1.0 0.0e+00 0.0e+00 0.0e+00  2  8  0  0  0   2  8  0  0  0 28246
VecScatterBegin    15592 1.0 4.5159e-01 1.6 0.00e+00 0.0 8.7e+05 1.4e+04 0.0e+00  1  0 95 94  0   1  0100100  0     0
VecScatterEnd      15592 1.0 6.7419e+00 9.0 0.00e+00 0.0 0.0e+00 0.0e+00 0.0e+00  4  0  0  0  0   4  0  0  0  0     0
MatMult            15592 1.0 3.2340e+01 1.1 1.26e+10 1.0 8.7e+05 1.4e+04 0.0e+00 64 49 95 94  0  72 52100100  0  6210
KSPSetUp               1 1.0 8.7118e-04 1.1 0.00e+00 0.0 0.0e+00 0.0e+00 0.0e+00  0  0  0  0  0   0  0  0  0  0     0
KSPSolve              50 1.0 4.3530e+01 1.0 2.43e+10 1.0 8.7e+05 1.4e+04 6.2e+04 90 95 95 94 80 100100100100100  8901
PCSetUp                1 1.0 9.5367e-07 0.0 0.00e+00 0.0 0.0e+00 0.0e+00 0.0e+00  0  0  0  0  0   0  0  0  0  0     0
PCApply            15642 1.0 7.8677e-01 1.0 0.00e+00 0.0 0.0e+00 0.0e+00 0.0e+00  2  0  0  0  0   2  0  0  0  0     0

--- Event Stage 6: projectionStep

VecWAXPY              50 1.0 4.7498e-02 1.5 9.38e+06 1.0 0.0e+00 0.0e+00 0.0e+00  0  0  0  0  0  28 25  0  0  0  3126
VecScatterBegin       50 1.0 1.2281e-03 9.2 0.00e+00 0.0 1.4e+03 1.4e+04 0.0e+00  0  0  0  0  0   1  0100100  0     0
VecScatterEnd         50 1.0 2.4376e-0220.7 0.00e+00 0.0 0.0e+00 0.0e+00 0.0e+00  0  0  0  0  0   5  0  0  0  0     0
MatMult               50 1.0 1.1378e-01 1.2 2.81e+07 1.0 1.4e+03 1.4e+04 0.0e+00  0  0  0  0  0  72 75100100  0  3916
------------------------------------------------------------------------------------------------------------------------

Memory usage is given in bytes:

Object Type          Creations   Destructions     Memory  Descendants' Mem.
Reports information only for process 0.

--- Event Stage 0: Main Stage

              Vector     0             44     34193088     0
      Vector Scatter     0             12      2013008     0
              Matrix     0             14     46766928     0
   Matrix Null Space     0              1          604     0
    Distributed Mesh     0              6        28512     0
Star Forest Bipartite Graph     0             12         9792     0
     Discrete System     0              6         4800     0
   IS L to G Mapping     0              4      1170512     0
       Krylov Solver     0              2         2464     0
      Preconditioner     0              2         1664     0
              Viewer     2              1          752     0

--- Event Stage 1: initialize

              Vector    50             12        18656     0
      Vector Scatter    12              0            0     0
              Matrix    14              0            0     0
   Matrix Null Space     1              0            0     0
    Distributed Mesh     6              0            0     0
Star Forest Bipartite Graph    13              1          872     0
     Discrete System     6              0            0     0
           Index Set    16             16      1194184     0
   IS L to G Mapping     4              0            0     0
       Krylov Solver     2              0            0     0
      Preconditioner     2              0            0     0

--- Event Stage 2: RHSVelocity


--- Event Stage 3: solveVelocity

              Vector    53             50     75078800     0

--- Event Stage 4: RHSPoisson


--- Event Stage 5: solvePoisson

              Vector    53             50     25078800     0

--- Event Stage 6: projectionStep

========================================================================================================================
Average time to get PetscTime(): 9.53674e-08
Average time for MPI_Barrier(): 2.43187e-06
Average time for zero size MPI_Send(): 8.64267e-07
#PETSc Option Table entries:
-caseFolder .
-log_summary
-sys1_pc_type none
-sys2_pc_type none
#End of PETSc Option Table entries
Compiled without FORTRAN kernels
Compiled with full precision matrices (default)
sizeof(short) 2 sizeof(int) 4 sizeof(long) 8 sizeof(void*) 8 sizeof(PetscScalar) 8 sizeof(PetscInt) 4
Configure options: COPTFLAGS=-O3 CXXOPTFLAGS=-O3 FOPTFLAGS=-O3 --PETSC_ARCH=linux-openmpi-gnu-opt --with-debugging=0 --with-mpi-dir=/c1/apps/openmpi/gcc/64/1.8/bin --with-blas-lib=/c1/apps/blas/gcc/1/lib64/libblas.a --with-lapack-lib=/c1/apps/lapack/gcc/3.4.1/lib/liblapack.a --with-shared-libraries=0
-----------------------------------------
Libraries compiled on Thu May 28 13:47:29 2015 on login3.colonialone.gwu.edu 
Machine characteristics: Linux-2.6.32-504.12.2.el6.x86_64-x86_64-with-redhat-6.6-Santiago
Using PETSc directory: /home/mesnardo/src/petsc/3.5.2
Using PETSc arch: linux-openmpi-gnu-opt
-----------------------------------------

Using C compiler: mpicc  -Wall -Wwrite-strings -Wno-strict-aliasing -Wno-unknown-pragmas -O3  ${COPTFLAGS} ${CFLAGS}
Using Fortran compiler: mpif90  -Wall -Wno-unused-variable -ffree-line-length-0 -Wno-unused-dummy-argument -O3   ${FOPTFLAGS} ${FFLAGS} 
-----------------------------------------

Using include paths: -I/home/mesnardo/src/petsc/3.5.2/linux-openmpi-gnu-opt/include -I/home/mesnardo/src/petsc/3.5.2/include -I/home/mesnardo/src/petsc/3.5.2/include -I/home/mesnardo/src/petsc/3.5.2/linux-openmpi-gnu-opt/include -I/c1/apps/openmpi/gcc/64/1.8/bin/include -I/c1/apps/openmpi/gcc/64/1.8/include
-----------------------------------------

Using C linker: mpicc
Using Fortran linker: mpif90
Using libraries: -Wl,-rpath,/home/mesnardo/src/petsc/3.5.2/linux-openmpi-gnu-opt/lib -L/home/mesnardo/src/petsc/3.5.2/linux-openmpi-gnu-opt/lib -lpetsc -Wl,-rpath,/c1/apps/lapack/gcc/3.4.1/lib -L/c1/apps/lapack/gcc/3.4.1/lib -llapack -Wl,-rpath,/c1/apps/blas/gcc/1/lib64 -L/c1/apps/blas/gcc/1/lib64 -lblas -lX11 -lpthread -lssl -lcrypto -L/c1/apps/openmpi/gcc/64/1.8/lib -L/cm/shared/apps/gcc/4.7.0/lib/gcc/x86_64-unknown-linux-gnu/4.7.0 -L/cm/shared/apps/gcc/4.7.0/lib64 -L/cm/shared/apps/gcc/4.7.0/lib -lmpi_usempi -lmpi_mpifh -lgfortran -lm -Wl,-rpath,/c1/apps/openmpi/gcc/64/1.8/lib -lgfortran -lm -lquadmath -lm -lmpi_cxx -lstdc++ -L/c1/apps/openmpi/gcc/64/1.8/lib -L/cm/shared/apps/gcc/4.7.0/lib/gcc/x86_64-unknown-linux-gnu/4.7.0 -L/cm/shared/apps/gcc/4.7.0/lib64 -L/c1/apps/openmpi/gcc/64/1.8/lib -L/cm/shared/apps/gcc/4.7.0/lib -ldl -Wl,-rpath,/c1/apps/openmpi/gcc/64/1.8/lib -lmpi -lgcc_s -lpthread -ldl  
-----------------------------------------

