
---------------------------------------
Flow
---------------------------------------
solver: Navier-Stokes
viscosity: 0.01

---------------------------------------
Mesh
---------------------------------------
size: 200 x 200 x 200

---------------------------------------
Time-stepping
---------------------------------------
convection: 2nd-order Adams-Bashforth
diffusion : Crank-Nicolson
time-increment      : 0.0025
starting time-step  : 0
number of time-steps: 20
saving-interval     : 100

---------------------------------------
Linear system for intermediate velocity
---------------------------------------
solver: cg
preconditioner: none
relative tolerance: 1e-06
absolute tolerance: 1e-50
maximum iterations: 10000

---------------------------------------
Linear system for pressure-force
---------------------------------------
solver: cg
preconditioner: none
relative tolerance: 1e-06
absolute tolerance: 1e-50
maximum iterations: 20000

---------------------------------------
************************************************************************************************************************
***             WIDEN YOUR WINDOW TO 120 CHARACTERS.  Use 'enscript -r -fCourier9' to print this document            ***
************************************************************************************************************************

---------------------------------------------- PETSc Performance Summary: ----------------------------------------------

/home/mesnardo/src/PetIBM/linux-mpich-3.1.4-gnu-libf-opt/PetIBM3d on a linux-mpich-3.1.4-gnu-libf-opt named node111 with 128 processors, by mesnardo Wed Jul  1 18:23:31 2015
Using Petsc Release Version 3.5.2, Sep, 08, 2014 

                         Max       Max/Min        Avg      Total 
Time (sec):           7.762e+02      1.00004   7.762e+02
Objects:              1.740e+02      1.00000   1.740e+02
Flops:                2.127e+10      1.00786   2.121e+10  2.715e+12
Flops/sec:            2.741e+07      1.00787   2.733e+07  3.498e+09
MPI Messages:         8.090e+04      2.02160   6.373e+04  8.158e+06
MPI Message Lengths:  1.097e+09      2.00217   1.398e+04  1.141e+11
MPI Reductions:       6.692e+04      1.00000

Flop counting convention: 1 flop = 1 real number operation of type (multiply/divide/add/subtract)
                            e.g., VecAXPY() for real vectors of length N --> 2N flops
                            and VecAXPY() for complex vectors of length N --> 8N flops

Summary of Stages:   ----- Time ------  ----- Flops -----  --- Messages ---  -- Message Lengths --  -- Reductions --
                        Avg     %Total     Avg     %Total   counts   %Total     Avg         %Total   counts   %Total 
 0:      Main Stage: 2.2198e-01   0.0%  0.0000e+00   0.0%  0.000e+00   0.0%  0.000e+00        0.0%  0.000e+00   0.0% 
 1:      initialize: 2.8739e+00   0.4%  9.0457e+08   0.0%  3.383e+04   0.4%  1.939e+01        0.1%  1.320e+02   0.2% 
 2:     RHSVelocity: 5.3685e+00   0.7%  9.5520e+08   0.0%  1.243e+05   1.5%  6.342e+01        0.5%  0.000e+00   0.0% 
 3:   solveVelocity: 5.7546e+01   7.4%  1.3745e+11   5.1%  1.447e+05   1.8%  7.258e+02        5.2%  6.940e+02   1.0% 
 4:      RHSPoisson: 6.8704e-02   0.0%  2.0704e+09   0.1%  6.080e+03   0.1%  1.020e+01        0.1%  0.000e+00   0.0% 
 5:    solvePoisson: 7.0825e+02  91.2%  2.5722e+12  94.7%  7.843e+06  96.1%  1.316e+04       94.1%  5.160e+04  77.1% 
 6:  projectionStep: 7.0936e-02   0.0%  1.9104e+09   0.1%  6.080e+03   0.1%  1.020e+01        0.1%  0.000e+00   0.0% 

------------------------------------------------------------------------------------------------------------------------
See the 'Profiling' chapter of the users' manual for details on interpreting output.
Phase summary info:
   Count: number of times phase was executed
   Time and Flops: Max - maximum over all processors
                   Ratio - ratio of maximum to minimum over all processors
   Mess: number of messages sent
   Avg. len: average message length (bytes)
   Reduct: number of global reductions
   Global: entire computation
   Stage: stages of a computation. Set stages with PetscLogStagePush() and PetscLogStagePop().
      %T - percent time in this phase         %F - percent flops in this phase
      %M - percent messages in this phase     %L - percent message lengths in this phase
      %R - percent reductions in this phase
   Total Mflop/s: 10e-6 * (sum of flops over all processors)/(max time over all processors)
------------------------------------------------------------------------------------------------------------------------
Event                Count      Time (sec)     Flops                             --- Global ---  --- Stage ---   Total
                   Max Ratio  Max     Ratio   Max  Ratio  Mess   Avg len Reduct  %T %F %M %L %R  %T %F %M %L %R Mflop/s
------------------------------------------------------------------------------------------------------------------------

--- Event Stage 0: Main Stage


--- Event Stage 1: initialize

VecSet                15 1.0 1.3419e-02 4.4 0.00e+00 0.0 0.0e+00 0.0e+00 0.0e+00  0  0  0  0  0   0  0  0  0  0     0
VecScatterBegin        8 1.0 3.2468e-03 1.9 0.00e+00 0.0 1.4e+04 6.2e+03 0.0e+00  0  0  0  0  0   0  0 40 54  0     0
VecScatterEnd          8 1.0 6.6159e-01 2.4 0.00e+00 0.0 0.0e+00 0.0e+00 0.0e+00  0  0  0  0  0  13  0  0  0  0     0
MatScale               4 1.0 2.7098e-0120.4 5.62e+06 1.0 6.1e+02 4.1e+04 0.0e+00  0  0  0  0  0   1 79  2 16  0  2633
MatAssemblyBegin       8 1.0 6.4573e-02 1.4 0.00e+00 0.0 9.1e+02 9.1e+03 1.2e+01  0  0  0  0  0   2  0  3  5  9     0
MatAssemblyEnd         8 1.0 4.8391e-01 1.0 0.00e+00 0.0 3.6e+03 5.7e+03 3.2e+01  0  0  0  0  0  17  0 11 13 24     0
MatTranspose           1 1.0 5.2957e-02 1.0 0.00e+00 0.0 2.3e+03 6.4e+03 1.2e+01  0  0  0  0  0   2  0  7  9  9     0
MatMatMult             1 1.0 2.7756e-01 1.0 1.50e+06 1.0 2.4e+03 1.1e+04 1.6e+01  0  0  0  0  0  10 21  7 17 12   688
MatMatMultSym          1 1.0 2.6213e-01 1.0 0.00e+00 0.0 2.1e+03 8.8e+03 1.4e+01  0  0  0  0  0   9  0  6 12 11     0
MatMatMultNum          1 1.0 1.5507e-02 1.0 1.50e+06 1.0 3.0e+02 2.7e+04 2.0e+00  0  0  0  0  0   1 21  1  5  2 12320
MatGetLocalMat         2 1.0 1.5565e-02 1.4 0.00e+00 0.0 0.0e+00 0.0e+00 0.0e+00  0  0  0  0  0   0  0  0  0  0     0
MatGetBrAoCol          2 1.0 1.6797e-0211.4 0.00e+00 0.0 1.2e+03 1.9e+04 0.0e+00  0  0  0  0  0   0  0  4 14  0     0
SFSetGraph             1 1.0 1.5593e-0426.2 0.00e+00 0.0 0.0e+00 0.0e+00 0.0e+00  0  0  0  0  0   0  0  0  0  0     0
SFReduceBegin          1 1.0 1.2839e-02 9.0 0.00e+00 0.0 7.6e+02 5.5e+03 0.0e+00  0  0  0  0  0   0  0  2  3  0     0
SFReduceEnd            1 1.0 8.1019e-03809.1 0.00e+00 0.0 0.0e+00 0.0e+00 0.0e+00  0  0  0  0  0   0  0  0  0  0     0
generateQTBNQ          1 1.0 2.7757e-01 1.0 1.50e+06 1.0 2.4e+03 1.1e+04 1.6e+01  0  0  0  0  0  10 21  7 17 12   688

--- Event Stage 2: RHSVelocity

VecSet                20 1.0 1.3045e-02 2.2 0.00e+00 0.0 0.0e+00 0.0e+00 0.0e+00  0  0  0  0  0   0  0  0  0  0     0
VecWAXPY              20 1.0 1.6778e-02 2.1 3.75e+06 1.0 0.0e+00 0.0e+00 0.0e+00  0  0  0  0  0   0 50  0  0  0 28466
VecPointwiseMult      20 1.0 1.1661e-02 2.0 3.75e+06 1.0 0.0e+00 0.0e+00 0.0e+00  0  0  0  0  0   0 50  0  0  0 40956
VecScatterBegin       60 1.0 2.4574e-02 1.8 0.00e+00 0.0 1.2e+05 4.2e+03 0.0e+00  0  0  2  0  0   0  0100100  0     0
VecScatterEnd         60 1.0 5.5674e+00 1.7 0.00e+00 0.0 0.0e+00 0.0e+00 0.0e+00  1  0  0  0  0  86  0  0  0  0     0

--- Event Stage 3: solveVelocity

VecTDot              436 1.0 4.9297e+01 1.2 1.63e+08 1.0 0.0e+00 0.0e+00 4.4e+02  6  1  0  0  1  80 15  0  0 63   422
VecNorm              258 1.0 5.8706e+00 1.6 9.68e+07 1.0 0.0e+00 0.0e+00 2.6e+02  1  0  0  0  0   9  9  0  0 37  2099
VecCopy              278 1.0 1.6625e-01 1.5 0.00e+00 0.0 0.0e+00 0.0e+00 0.0e+00  0  0  0  0  0   0  0  0  0  0     0
VecAXPY              436 1.0 3.9131e-01 1.7 1.64e+08 1.0 0.0e+00 0.0e+00 0.0e+00  0  1  0  0  0   1 15  0  0  0 53215
VecAYPX              218 1.0 1.8217e-01 1.7 7.80e+07 1.0 0.0e+00 0.0e+00 0.0e+00  0  0  0  0  0   0  7  0  0  0 54533
VecScatterBegin      238 1.0 9.4146e-02 2.5 0.00e+00 0.0 1.4e+05 4.1e+04 0.0e+00  0  0  2  5  0   0  0100100  0     0
VecScatterEnd        238 1.0 8.2998e+00 8.6 0.00e+00 0.0 0.0e+00 0.0e+00 0.0e+00  1  0  0  0  0   8  0  0  0  0     0
MatMult              238 1.0 9.2681e+00 4.7 5.80e+08 1.0 1.4e+05 4.1e+04 0.0e+00  1  3  2  5  0  10 54100100  0  7935
KSPSetUp               1 1.0 3.5300e-03 1.3 0.00e+00 0.0 0.0e+00 0.0e+00 0.0e+00  0  0  0  0  0   0  0  0  0  0     0
KSPSolve              20 1.0 5.9027e+01 1.0 1.08e+09 1.0 1.4e+05 4.1e+04 6.9e+02  7  5  2  5  1 100100100100100  2329
PCSetUp                1 1.0 1.1921e-06 0.0 0.00e+00 0.0 0.0e+00 0.0e+00 0.0e+00  0  0  0  0  0   0  0  0  0  0     0
PCApply              258 1.0 1.5460e-01 1.5 0.00e+00 0.0 0.0e+00 0.0e+00 0.0e+00  0  0  0  0  0   0  0  0  0  0     0

--- Event Stage 4: RHSPoisson

VecScale              20 1.0 1.0269e-03 1.2 1.25e+06 1.0 0.0e+00 0.0e+00 0.0e+00  0  0  0  0  0   1  8  0  0  0 155813
VecSet                20 1.0 3.5863e-03 1.8 0.00e+00 0.0 0.0e+00 0.0e+00 0.0e+00  0  0  0  0  0   4  0  0  0  0     0
VecScatterBegin       20 1.0 2.0506e-0323.6 0.00e+00 0.0 6.1e+03 1.4e+04 0.0e+00  0  0  0  0  0   2  0100100  0     0
VecScatterEnd         20 1.0 8.1513e-021132.1 0.00e+00 0.0 0.0e+00 0.0e+00 0.0e+00  0  0  0  0  0  40  0  0  0  0     0
MatMultAdd            20 1.0 1.2713e-01 3.3 1.50e+07 1.0 6.1e+03 1.4e+04 0.0e+00  0  0  0  0  0  94 92100100  0 15027

--- Event Stage 5: solvePoisson

VecTDot            25758 1.0 6.5476e+02 1.3 3.22e+09 1.0 0.0e+00 0.0e+00 2.6e+04 79 15  0  0 38  87 16  0  0 50   629
VecNorm            12919 1.0 3.7558e+00 1.6 1.61e+09 1.0 0.0e+00 0.0e+00 1.3e+04  0  8  0  0 19   0  8  0  0 25 55036
VecCopy            12939 1.0 6.5354e-01 1.1 0.00e+00 0.0 0.0e+00 0.0e+00 0.0e+00  0  0  0  0  0   0  0  0  0  0     0
VecAXPY            25758 1.0 3.5466e+00 1.5 3.22e+09 1.0 0.0e+00 0.0e+00 0.0e+00  0 15  0  0  0   0 16  0  0  0 116203
VecAYPX            12879 1.0 1.3001e+00 1.1 1.61e+09 1.0 0.0e+00 0.0e+00 0.0e+00  0  8  0  0  0   0  8  0  0  0 158380
VecScatterBegin    12899 1.0 1.4839e+00 2.3 0.00e+00 0.0 7.8e+06 1.4e+04 0.0e+00  0  0 96 94  0   0  0100100  0     0
VecScatterEnd      12899 1.0 1.8023e+0211.3 0.00e+00 0.0 0.0e+00 0.0e+00 0.0e+00  7  0  0  0  0   7  0  0  0  0     0
MatMult            12899 1.0 2.0084e+02 5.6 1.05e+10 1.0 7.8e+06 1.4e+04 0.0e+00 10 49 96 94  0  10 52100100  0  6649
KSPSetUp               1 1.0 4.7803e-04 2.5 0.00e+00 0.0 0.0e+00 0.0e+00 0.0e+00  0  0  0  0  0   0  0  0  0  0     0
KSPSolve              20 1.0 7.0827e+02 1.0 2.01e+10 1.0 7.8e+06 1.4e+04 5.2e+04 91 95 96 94 77 100100100100100  3632
PCSetUp                1 1.0 1.1921e-06 0.0 0.00e+00 0.0 0.0e+00 0.0e+00 0.0e+00  0  0  0  0  0   0  0  0  0  0     0
PCApply            12919 1.0 6.7293e-01 1.1 0.00e+00 0.0 0.0e+00 0.0e+00 0.0e+00  0  0  0  0  0   0  0  0  0  0     0

--- Event Stage 6: projectionStep

VecWAXPY              20 1.0 2.1730e-02 2.6 3.75e+06 1.0 0.0e+00 0.0e+00 0.0e+00  0  0  0  0  0  18 25  0  0  0 21979
VecScatterBegin       20 1.0 1.3905e-0320.5 0.00e+00 0.0 6.1e+03 1.4e+04 0.0e+00  0  0  0  0  0   1  0100100  0     0
VecScatterEnd         20 1.0 2.0386e-011925.8 0.00e+00 0.0 0.0e+00 0.0e+00 0.0e+00  0  0  0  0  0  24  0  0  0  0     0
MatMult               20 1.0 2.4168e-01 6.9 1.12e+07 1.0 6.1e+03 1.4e+04 0.0e+00  0  0  0  0  0  82 75100100  0  5928
------------------------------------------------------------------------------------------------------------------------

Memory usage is given in bytes:

Object Type          Creations   Destructions     Memory  Descendants' Mem.
Reports information only for process 0.

--- Event Stage 0: Main Stage

              Vector     0             44     34192736     0
      Vector Scatter     0             12      2012720     0
              Matrix     0             14     46766816     0
   Matrix Null Space     0              1          596     0
    Distributed Mesh     0              6        28464     0
Star Forest Bipartite Graph     0             12         9600     0
     Discrete System     0              6         4752     0
   IS L to G Mapping     0              4      1170480     0
       Krylov Solver     0              2         2448     0
      Preconditioner     0              2         1648     0
              Viewer     2              1          744     0

--- Event Stage 1: initialize

              Vector    50             12        18560     0
      Vector Scatter    12              0            0     0
              Matrix    14              0            0     0
   Matrix Null Space     1              0            0     0
    Distributed Mesh     6              0            0     0
Star Forest Bipartite Graph    13              1          856     0
     Discrete System     6              0            0     0
           Index Set    16             16      1194056     0
   IS L to G Mapping     4              0            0     0
       Krylov Solver     2              0            0     0
      Preconditioner     2              0            0     0

--- Event Stage 2: RHSVelocity


--- Event Stage 3: solveVelocity

              Vector    23             20     30031360     0

--- Event Stage 4: RHSPoisson


--- Event Stage 5: solvePoisson

              Vector    23             20     10031360     0

--- Event Stage 6: projectionStep

========================================================================================================================
Average time to get PetscTime(): 0
Average time for MPI_Barrier(): 0.000119019
Average time for zero size MPI_Send(): 3.16463e-06
#PETSc Option Table entries:
-caseFolder .
-log_summary
-sys1_pc_type none
-sys2_pc_type none
#End of PETSc Option Table entries
Compiled without FORTRAN kernels
Compiled with full precision matrices (default)
sizeof(short) 2 sizeof(int) 4 sizeof(long) 8 sizeof(void*) 8 sizeof(PetscScalar) 8 sizeof(PetscInt) 4
Configure options: COPTFLAG=-O3 CXXOPTFLAGS=-O3 FOPTFLAGS=-O3 --PETSC_ARCH=linux-mpich-3.1.4-gnu-libf-opt --with-debugging=0 --with-mpi-dir=/c1/apps/mpich/3.1.4 --with-blas-lib=/c1/apps/blas/gcc/1/lib64/libfblas.a --with-lapack-lib=/c1/apps/lapack/gcc/3.4.1/lib/libflapack.a --with-shared-libraries=0
-----------------------------------------
Libraries compiled on Mon Jun 29 18:08:20 2015 on login3.colonialone.gwu.edu 
Machine characteristics: Linux-2.6.32-504.12.2.el6.x86_64-x86_64-with-redhat-6.6-Santiago
Using PETSc directory: /home/mesnardo/src/petsc/3.5.2
Using PETSc arch: linux-mpich-3.1.4-gnu-libf-opt
-----------------------------------------

Using C compiler: /c1/apps/mpich/3.1.4/bin/mpicc  -Wall -Wwrite-strings -Wno-strict-aliasing -Wno-unknown-pragmas -O  ${COPTFLAGS} ${CFLAGS}
Using Fortran compiler: /c1/apps/mpich/3.1.4/bin/mpif90  -Wall -Wno-unused-variable -ffree-line-length-0 -Wno-unused-dummy-argument -O3   ${FOPTFLAGS} ${FFLAGS} 
-----------------------------------------

Using include paths: -I/home/mesnardo/src/petsc/3.5.2/linux-mpich-3.1.4-gnu-libf-opt/include -I/home/mesnardo/src/petsc/3.5.2/include -I/home/mesnardo/src/petsc/3.5.2/include -I/home/mesnardo/src/petsc/3.5.2/linux-mpich-3.1.4-gnu-libf-opt/include -I/c1/apps/mpich/3.1.4/include
-----------------------------------------

Using C linker: /c1/apps/mpich/3.1.4/bin/mpicc
Using Fortran linker: /c1/apps/mpich/3.1.4/bin/mpif90
Using libraries: -Wl,-rpath,/home/mesnardo/src/petsc/3.5.2/linux-mpich-3.1.4-gnu-libf-opt/lib -L/home/mesnardo/src/petsc/3.5.2/linux-mpich-3.1.4-gnu-libf-opt/lib -lpetsc -Wl,-rpath,/c1/apps/lapack/gcc/3.4.1/lib -L/c1/apps/lapack/gcc/3.4.1/lib -lflapack -Wl,-rpath,/c1/apps/blas/gcc/1/lib64 -L/c1/apps/blas/gcc/1/lib64 -lfblas -lX11 -lpthread -lssl -lcrypto -L/c1/apps/mpich/3.1.4/lib -L/cm/shared/apps/gcc/4.7.0/lib/gcc/x86_64-unknown-linux-gnu/4.7.0 -L/cm/shared/apps/gcc/4.7.0/lib64 -L/cm/shared/apps/gcc/4.7.0/lib -lmpifort -lgfortran -lm -Wl,-rpath,/c1/apps/mpich/3.1.4/lib -lgfortran -lm -lquadmath -lm -lmpicxx -lstdc++ -L/c1/apps/mpich/3.1.4/lib -L/cm/shared/apps/gcc/4.7.0/lib/gcc/x86_64-unknown-linux-gnu/4.7.0 -L/cm/shared/apps/gcc/4.7.0/lib64 -L/cm/shared/apps/gcc/4.7.0/lib -ldl -Wl,-rpath,/c1/apps/mpich/3.1.4/lib -lmpi -lgcc_s -ldl  
-----------------------------------------

