
---------------------------------------
Flow
---------------------------------------
solver: Navier-Stokes
viscosity: 0.01

---------------------------------------
Mesh
---------------------------------------
size: 100 x 100 x 100

---------------------------------------
Time-stepping
---------------------------------------
convection: 2nd-order Adams-Bashforth
diffusion : Crank-Nicolson
time-increment      : 0.0025
starting time-step  : 0
number of time-steps: 50
saving-interval     : 100

---------------------------------------
Linear system for intermediate velocity
---------------------------------------
solver: cg
preconditioner: none
relative tolerance: 1e-06
absolute tolerance: 1e-50
maximum iterations: 10000

---------------------------------------
Linear system for pressure-force
---------------------------------------
solver: cg
preconditioner: none
relative tolerance: 1e-06
absolute tolerance: 1e-50
maximum iterations: 20000

---------------------------------------
************************************************************************************************************************
***             WIDEN YOUR WINDOW TO 120 CHARACTERS.  Use 'enscript -r -fCourier9' to print this document            ***
************************************************************************************************************************

---------------------------------------------- PETSc Performance Summary: ----------------------------------------------

/home/mesnardo/src/PetIBM/bin/PetIBM3d on a linux-mpich2-gnu-opt named node109 with 64 processors, by mesnardo Tue Jun  2 22:32:09 2015
Using Petsc Release Version 3.5.2, Sep, 08, 2014 

                         Max       Max/Min        Avg      Total 
Time (sec):           8.000e+01      1.00001   7.999e+01
Objects:              2.340e+02      1.00000   2.340e+02
Flops:                6.396e+09      1.01164   6.362e+09  4.072e+11
Flops/sec:            7.995e+07      1.01164   7.953e+07  5.090e+09
MPI Messages:         9.973e+04      2.03974   7.401e+04  4.737e+06
MPI Message Lengths:  4.983e+08      2.00385   5.047e+03  2.391e+10
MPI Reductions:       7.774e+04      1.00000

Flop counting convention: 1 flop = 1 real number operation of type (multiply/divide/add/subtract)
                            e.g., VecAXPY() for real vectors of length N --> 2N flops
                            and VecAXPY() for complex vectors of length N --> 8N flops

Summary of Stages:   ----- Time ------  ----- Flops -----  --- Messages ---  -- Message Lengths --  -- Reductions --
                        Avg     %Total     Avg     %Total   counts   %Total     Avg         %Total   counts   %Total 
 0:      Main Stage: 6.9615e-02   0.1%  0.0000e+00   0.0%  0.000e+00   0.0%  0.000e+00        0.0%  0.000e+00   0.0% 
 1:      initialize: 6.5563e-01   0.8%  1.1214e+08   0.0%  1.555e+04   0.3%  5.819e+00        0.1%  1.330e+02   0.2% 
 2:     RHSVelocity: 1.2541e+01  15.7%  2.9700e+08   0.1%  1.404e+05   3.0%  4.808e+01        1.0%  0.000e+00   0.0% 
 3:   solveVelocity: 3.1725e+01  39.7%  1.8023e+10   4.4%  7.546e+04   1.6%  2.374e+02        4.7%  7.360e+02   0.9% 
 4:      RHSPoisson: 4.2951e-02   0.1%  6.4400e+08   0.2%  7.200e+03   0.2%  7.600e+00        0.2%  0.000e+00   0.0% 
 5:    solvePoisson: 3.3643e+01  42.1%  3.8750e+11  95.2%  4.491e+06  94.8%  4.740e+03       93.9%  6.237e+04  80.2% 
 6:  projectionStep: 4.1534e-02   0.1%  5.9400e+08   0.1%  7.200e+03   0.2%  7.600e+00        0.2%  0.000e+00   0.0% 

------------------------------------------------------------------------------------------------------------------------
See the 'Profiling' chapter of the users' manual for details on interpreting output.
Phase summary info:
   Count: number of times phase was executed
   Time and Flops: Max - maximum over all processors
                   Ratio - ratio of maximum to minimum over all processors
   Mess: number of messages sent
   Avg. len: average message length (bytes)
   Reduct: number of global reductions
   Global: entire computation
   Stage: stages of a computation. Set stages with PetscLogStagePush() and PetscLogStagePop().
      %T - percent time in this phase         %F - percent flops in this phase
      %M - percent messages in this phase     %L - percent message lengths in this phase
      %R - percent reductions in this phase
   Total Mflop/s: 10e-6 * (sum of flops over all processors)/(max time over all processors)
------------------------------------------------------------------------------------------------------------------------
Event                Count      Time (sec)     Flops                             --- Global ---  --- Stage ---   Total
                   Max Ratio  Max     Ratio   Max  Ratio  Mess   Avg len Reduct  %T %F %M %L %R  %T %F %M %L %R Mflop/s
------------------------------------------------------------------------------------------------------------------------

--- Event Stage 0: Main Stage


--- Event Stage 1: initialize

VecSet                15 1.0 3.2861e-03 3.7 0.00e+00 0.0 0.0e+00 0.0e+00 0.0e+00  0  0  0  0  0   0  0  0  0  0     0
VecScatterBegin        8 1.0 1.4048e-03 2.5 0.00e+00 0.0 6.2e+03 2.4e+03 0.0e+00  0  0  0  0  0   0  0 40 54  0     0
VecScatterEnd          8 1.0 3.2196e-01 1.6 0.00e+00 0.0 0.0e+00 0.0e+00 0.0e+00  0  0  0  0  0  47  0  0  0  0     0
MatScale               4 1.0 1.2459e-02 5.6 1.41e+06 1.1 2.9e+02 1.5e+04 0.0e+00  0  0  0  0  0   1 79  2 16  0  7094
MatAssemblyBegin       8 1.0 6.5986e-02 3.0 0.00e+00 0.0 4.3e+02 3.3e+03 1.2e+01  0  0  0  0  0   7  0  3  5  9     0
MatAssemblyEnd         8 1.0 1.2786e-01 1.1 0.00e+00 0.0 1.7e+03 2.1e+03 3.2e+01  0  0  0  0  0  19  0 11 13 24     0
MatTranspose           1 1.0 2.3490e-02 1.2 0.00e+00 0.0 1.2e+03 2.2e+03 1.3e+01  0  0  0  0  0   3  0  7  9 10     0
MatMatMult             1 1.0 3.7596e-02 1.1 3.75e+05 1.0 1.2e+03 4.1e+03 1.6e+01  0  0  0  0  0   6 21  7 17 12   632
MatMatMultSym          1 1.0 3.2685e-02 1.1 0.00e+00 0.0 1.0e+03 3.2e+03 1.4e+01  0  0  0  0  0   5  0  6 12 11     0
MatMatMultNum          1 1.0 5.6999e-03 1.2 3.75e+05 1.0 1.4e+02 1.0e+04 2.0e+00  0  0  0  0  0   1 21  1  5  2  4169
MatGetLocalMat         2 1.0 7.1721e-03 2.4 0.00e+00 0.0 0.0e+00 0.0e+00 0.0e+00  0  0  0  0  0   1  0  0  0  0     0
MatGetBrAoCol          2 1.0 1.0607e-0231.7 0.00e+00 0.0 5.8e+02 6.9e+03 0.0e+00  0  0  0  0  0   1  0  4 14  0     0
SFSetGraph             1 1.0 5.6028e-0529.4 0.00e+00 0.0 0.0e+00 0.0e+00 0.0e+00  0  0  0  0  0   0  0  0  0  0     0
SFReduceBegin          1 1.0 1.4331e-03 3.7 0.00e+00 0.0 4.3e+02 1.7e+03 1.0e+00  0  0  0  0  0   0  0  3  3  1     0
SFReduceEnd            1 1.0 7.1788e-0479.2 0.00e+00 0.0 0.0e+00 0.0e+00 0.0e+00  0  0  0  0  0   0  0  0  0  0     0
generateQTBNQ          1 1.0 3.7599e-02 1.1 3.75e+05 1.0 1.2e+03 4.1e+03 1.6e+01  0  0  0  0  0   6 21  7 17 12   632

--- Event Stage 2: RHSVelocity

VecSet                50 1.0 4.9937e-03 2.3 0.00e+00 0.0 0.0e+00 0.0e+00 0.0e+00  0  0  0  0  0   0  0  0  0  0     0
VecWAXPY              50 1.0 7.1118e-03 2.0 2.34e+06 1.0 0.0e+00 0.0e+00 0.0e+00  0  0  0  0  0   0 50  0  0  0 20881
VecPointwiseMult      50 1.0 6.8946e-03 2.3 2.34e+06 1.0 0.0e+00 0.0e+00 0.0e+00  0  0  0  0  0   0 50  0  0  0 21539
VecScatterBegin      150 1.0 2.7250e-02 2.3 0.00e+00 0.0 1.4e+05 1.6e+03 0.0e+00  0  0  3  1  0   0  0100100  0     0
VecScatterEnd        150 1.0 1.3640e+01 1.3 0.00e+00 0.0 0.0e+00 0.0e+00 0.0e+00 15  0  0  0  0  96  0  0  0  0     0

--- Event Stage 3: solveVelocity

VecTDot              424 1.0 2.9264e+01 1.2 3.97e+07 1.0 0.0e+00 0.0e+00 4.2e+02 35  1  0  0  1  89 14  0  0 58    86
VecNorm              312 1.0 2.3980e+0038.3 2.92e+07 1.0 0.0e+00 0.0e+00 3.1e+02  1  0  0  0  0   3 10  0  0 42   773
VecCopy              362 1.0 2.3056e-02 1.5 0.00e+00 0.0 0.0e+00 0.0e+00 0.0e+00  0  0  0  0  0   0  0  0  0  0     0
VecAXPY              424 1.0 5.8779e-02 2.2 3.98e+07 1.0 0.0e+00 0.0e+00 0.0e+00  0  1  0  0  0   0 14  0  0  0 42848
VecAYPX              212 1.0 1.4371e-02 1.3 1.75e+07 1.0 0.0e+00 0.0e+00 0.0e+00  0  0  0  0  0   0  6  0  0  0 77291
VecScatterBegin      262 1.0 3.5908e-02 2.5 0.00e+00 0.0 7.5e+04 1.5e+04 0.0e+00  0  0  2  5  0   0  0100100  0     0
VecScatterEnd        262 1.0 5.6636e+00 8.7 0.00e+00 0.0 0.0e+00 0.0e+00 0.0e+00  3  0  0  0  0   7  0  0  0  0     0
MatMult              262 1.0 6.1951e+00 5.8 1.60e+08 1.1 7.5e+04 1.5e+04 0.0e+00  3  2  2  5  0   8 56100100  0  1618
KSPSetUp               1 1.0 7.4911e-04 1.5 0.00e+00 0.0 0.0e+00 0.0e+00 0.0e+00  0  0  0  0  0   0  0  0  0  0     0
KSPSolve              50 1.0 3.3124e+01 1.1 2.86e+08 1.1 7.5e+04 1.5e+04 7.4e+02 40  4  2  5  1 100100100100100   544
PCSetUp                1 1.0 1.1921e-06 0.0 0.00e+00 0.0 0.0e+00 0.0e+00 0.0e+00  0  0  0  0  0   0  0  0  0  0     0
PCApply              312 1.0 1.6037e-02 1.3 0.00e+00 0.0 0.0e+00 0.0e+00 0.0e+00  0  0  0  0  0   0  0  0  0  0     0

--- Event Stage 4: RHSPoisson

VecScale              50 1.0 6.4206e-04 1.3 7.81e+05 1.0 0.0e+00 0.0e+00 0.0e+00  0  0  0  0  0   1  8  0  0  0 77874
VecSet                50 1.0 2.5187e-03 2.9 0.00e+00 0.0 0.0e+00 0.0e+00 0.0e+00  0  0  0  0  0   4  0  0  0  0     0
VecScatterBegin       50 1.0 1.8849e-0310.1 0.00e+00 0.0 7.2e+03 5.0e+03 0.0e+00  0  0  0  0  0   3  0100100  0     0
VecScatterEnd         50 1.0 1.2739e-01705.8 0.00e+00 0.0 0.0e+00 0.0e+00 0.0e+00  0  0  0  0  0  36  0  0  0  0     0
MatMultAdd            50 1.0 1.6368e-0110.6 9.38e+06 1.0 7.2e+03 5.0e+03 0.0e+00  0  0  0  0  0  91 92100100  0  3629

--- Event Stage 5: solvePoisson

VecTDot            31086 1.0 2.1860e+01 4.6 9.71e+08 1.0 0.0e+00 0.0e+00 3.1e+04 13 15  0  0 40  31 16  0  0 50  2844
VecNorm            15643 1.0 1.8156e+00 1.2 4.89e+08 1.0 0.0e+00 0.0e+00 1.6e+04  2  8  0  0 20   5  8  0  0 25 17231
VecCopy            15693 1.0 1.4277e-01 1.1 0.00e+00 0.0 0.0e+00 0.0e+00 0.0e+00  0  0  0  0  0   0  0  0  0  0     0
VecAXPY            31086 1.0 5.8940e-01 1.3 9.71e+08 1.0 0.0e+00 0.0e+00 0.0e+00  1 15  0  0  0   1 16  0  0  0 105484
VecAYPX            15543 1.0 2.5799e-01 1.0 4.85e+08 1.0 0.0e+00 0.0e+00 0.0e+00  0  8  0  0  0   1  8  0  0  0 120298
VecScatterBegin    15593 1.0 6.1254e-01 2.5 0.00e+00 0.0 4.5e+06 5.0e+03 0.0e+00  1  0 95 94  0   1  0100100  0     0
VecScatterEnd      15593 1.0 2.0653e+01 6.1 0.00e+00 0.0 0.0e+00 0.0e+00 0.0e+00 19  0  0  0  0  45  0  0  0  0     0
MatMult            15593 1.0 2.3991e+01 3.8 3.17e+09 1.0 4.5e+06 5.0e+03 0.0e+00 23 49 95 94  0  54 52100100  0  8371
KSPSetUp               1 1.0 3.1686e-04 5.2 0.00e+00 0.0 0.0e+00 0.0e+00 0.0e+00  0  0  0  0  0   0  0  0  0  0     0
KSPSolve              50 1.0 3.3667e+01 1.0 6.08e+09 1.0 4.5e+06 5.0e+03 6.2e+04 42 95 95 94 80 100100100100100 11510
PCSetUp                1 1.0 1.1921e-06 0.0 0.00e+00 0.0 0.0e+00 0.0e+00 0.0e+00  0  0  0  0  0   0  0  0  0  0     0
PCApply            15643 1.0 1.4678e-01 1.1 0.00e+00 0.0 0.0e+00 0.0e+00 0.0e+00  0  0  0  0  0   0  0  0  0  0     0

--- Event Stage 6: projectionStep

VecWAXPY              50 1.0 1.2918e-02 3.0 2.34e+06 1.0 0.0e+00 0.0e+00 0.0e+00  0  0  0  0  0  20 25  0  0  0 11495
VecScatterBegin       50 1.0 1.5316e-0311.8 0.00e+00 0.0 7.2e+03 5.0e+03 0.0e+00  0  0  0  0  0   2  0100100  0     0
VecScatterEnd         50 1.0 2.1601e-0288.8 0.00e+00 0.0 0.0e+00 0.0e+00 0.0e+00  0  0  0  0  0  18  0  0  0  0     0
MatMult               50 1.0 5.3815e-02 3.0 7.03e+06 1.0 7.2e+03 5.0e+03 0.0e+00  0  0  0  0  0  80 75100100  0  8278
------------------------------------------------------------------------------------------------------------------------

Memory usage is given in bytes:

Object Type          Creations   Destructions     Memory  Descendants' Mem.
Reports information only for process 0.

--- Event Stage 0: Main Stage

              Vector     0             44      8750136     0
      Vector Scatter     0             12       512720     0
              Matrix     0             14     11716816     0
   Matrix Null Space     0              1          596     0
    Distributed Mesh     0              6        28464     0
Star Forest Bipartite Graph     0             12         9600     0
     Discrete System     0              6         4752     0
   IS L to G Mapping     0              4       317280     0
       Krylov Solver     0              2         2448     0
      Preconditioner     0              2         1648     0
              Viewer     2              1          744     0

--- Event Stage 1: initialize

              Vector    50             12        18560     0
      Vector Scatter    12              0            0     0
              Matrix    14              0            0     0
   Matrix Null Space     1              0            0     0
    Distributed Mesh     6              0            0     0
Star Forest Bipartite Graph    13              1          856     0
     Discrete System     6              0            0     0
           Index Set    16             16       330956     0
   IS L to G Mapping     4              0            0     0
       Krylov Solver     2              0            0     0
      Preconditioner     2              0            0     0

--- Event Stage 2: RHSVelocity


--- Event Stage 3: solveVelocity

              Vector    53             50     18828400     0

--- Event Stage 4: RHSPoisson


--- Event Stage 5: solvePoisson

              Vector    53             50      6328400     0

--- Event Stage 6: projectionStep

========================================================================================================================
Average time to get PetscTime(): 1.19209e-07
Average time for MPI_Barrier(): 7.71999e-05
Average time for zero size MPI_Send(): 2.95043e-06
#PETSc Option Table entries:
-caseFolder .
-log_summary
-sys1_pc_type none
-sys2_pc_type none
#End of PETSc Option Table entries
Compiled without FORTRAN kernels
Compiled with full precision matrices (default)
sizeof(short) 2 sizeof(int) 4 sizeof(long) 8 sizeof(void*) 8 sizeof(PetscScalar) 8 sizeof(PetscInt) 4
Configure options: COPTFLAGS=-O3 CXXOPTFLAGS=-O3 FOPTFLAGS=-O3 --PETSC_ARCH=linux-mpich2-gnu-opt --with-debugging=0 --with-mpi-dir=/cm/shared/apps/mpich2/ge/gcc/64/1.4.1p1/bin --with-blas-lib=/c1/apps/blas/gcc/1/lib64/libblas.a --with-lapack-lib=/c1/apps/lapack/gcc/3.4.1/lib/liblapack.a --with-shared-libraries=0
-----------------------------------------
Libraries compiled on Thu May 28 11:06:57 2015 on login3.colonialone.gwu.edu 
Machine characteristics: Linux-2.6.32-504.12.2.el6.x86_64-x86_64-with-redhat-6.6-Santiago
Using PETSc directory: /home/mesnardo/src/petsc/3.5.2
Using PETSc arch: linux-mpich2-gnu-opt
-----------------------------------------

Using C compiler: mpicc  -Wall -Wwrite-strings -Wno-strict-aliasing -Wno-unknown-pragmas -O3  ${COPTFLAGS} ${CFLAGS}
Using Fortran compiler: mpif90  -Wall -Wno-unused-variable -ffree-line-length-0 -Wno-unused-dummy-argument -O3   ${FOPTFLAGS} ${FFLAGS} 
-----------------------------------------

Using include paths: -I/home/mesnardo/src/petsc/3.5.2/linux-mpich2-gnu-opt/include -I/home/mesnardo/src/petsc/3.5.2/include -I/home/mesnardo/src/petsc/3.5.2/include -I/home/mesnardo/src/petsc/3.5.2/linux-mpich2-gnu-opt/include -I/cm/shared/apps/mpich2/ge/gcc/64/1.4.1p1/bin/include -I/cm/shared/apps/mpich2/ge/gcc/64/1.4.1p1/include
-----------------------------------------

Using C linker: mpicc
Using Fortran linker: mpif90
Using libraries: -Wl,-rpath,/home/mesnardo/src/petsc/3.5.2/linux-mpich2-gnu-opt/lib -L/home/mesnardo/src/petsc/3.5.2/linux-mpich2-gnu-opt/lib -lpetsc -Wl,-rpath,/c1/apps/lapack/gcc/3.4.1/lib -L/c1/apps/lapack/gcc/3.4.1/lib -llapack -Wl,-rpath,/c1/apps/blas/gcc/1/lib64 -L/c1/apps/blas/gcc/1/lib64 -lblas -lX11 -lpthread -lssl -lcrypto -lm -L/cm/shared/apps/mpich2/ge/gcc/64/1.4.1p1/lib -L/cm/shared/apps/gcc/4.7.0/lib/gcc/x86_64-unknown-linux-gnu/4.7.0 -L/cm/shared/apps/gcc/4.7.0/lib64 -L/cm/shared/apps/gcc/4.7.0/lib -lmpichf90 -lgfortran -lm -Wl,-rpath,/cm/shared/apps/mpich2/ge/gcc/64/1.4.1p1/lib -lgfortran -lm -lquadmath -lm -lmpichcxx -lstdc++ -L/cm/shared/apps/mpich2/ge/gcc/64/1.4.1p1/lib -L/cm/shared/apps/gcc/4.7.0/lib/gcc/x86_64-unknown-linux-gnu/4.7.0 -L/cm/shared/apps/gcc/4.7.0/lib64 -L/cm/shared/apps/gcc/4.7.0/lib -ldl -Wl,-rpath,/cm/shared/apps/mpich2/ge/gcc/64/1.4.1p1/lib -lmpich -lopa -lmpl -lrt -lpthread -lgcc_s -ldl  
-----------------------------------------

