
---------------------------------------
Flow
---------------------------------------
solver: Navier-Stokes
viscosity: 0.01

---------------------------------------
Mesh
---------------------------------------
size: 200 x 200 x 200

---------------------------------------
Time-stepping
---------------------------------------
convection: 2nd-order Adams-Bashforth
diffusion : Crank-Nicolson
time-increment      : 0.0025
starting time-step  : 0
number of time-steps: 20
saving-interval     : 100

---------------------------------------
Linear system for intermediate velocity
---------------------------------------
solver: cg
preconditioner: none
relative tolerance: 1e-06
absolute tolerance: 1e-50
maximum iterations: 10000

---------------------------------------
Linear system for pressure-force
---------------------------------------
solver: cg
preconditioner: none
relative tolerance: 1e-06
absolute tolerance: 1e-50
maximum iterations: 20000

---------------------------------------
************************************************************************************************************************
***             WIDEN YOUR WINDOW TO 120 CHARACTERS.  Use 'enscript -r -fCourier9' to print this document            ***
************************************************************************************************************************

---------------------------------------------- PETSc Performance Summary: ----------------------------------------------

/home/mesnardo/src/PetIBM/linux-openmpi-1.8-gcc-4.9.2-opt/PetIBM3d on a linux-openmpi-1.8-gcc-4.9.2-opt named node098 with 128 processors, by mesnardo Tue Jun 16 02:52:27 2015
Using Petsc Release Version 3.5.2, Sep, 08, 2014 

                         Max       Max/Min        Avg      Total 
Time (sec):           4.458e+02      1.00002   4.458e+02
Objects:              1.740e+02      1.00000   1.740e+02
Flops:                2.127e+10      1.00786   2.121e+10  2.715e+12
Flops/sec:            4.771e+07      1.00788   4.758e+07  6.091e+09
MPI Messages:         8.090e+04      2.02160   6.373e+04  8.158e+06
MPI Message Lengths:  1.097e+09      2.00217   1.398e+04  1.141e+11
MPI Reductions:       6.692e+04      1.00000

Flop counting convention: 1 flop = 1 real number operation of type (multiply/divide/add/subtract)
                            e.g., VecAXPY() for real vectors of length N --> 2N flops
                            and VecAXPY() for complex vectors of length N --> 8N flops

Summary of Stages:   ----- Time ------  ----- Flops -----  --- Messages ---  -- Message Lengths --  -- Reductions --
                        Avg     %Total     Avg     %Total   counts   %Total     Avg         %Total   counts   %Total 
 0:      Main Stage: 1.7901e-01   0.0%  0.0000e+00   0.0%  0.000e+00   0.0%  0.000e+00        0.0%  0.000e+00   0.0% 
 1:      initialize: 2.1391e+00   0.5%  9.0457e+08   0.0%  3.383e+04   0.4%  1.939e+01        0.1%  1.320e+02   0.2% 
 2:     RHSVelocity: 1.0255e+00   0.2%  9.5520e+08   0.0%  1.243e+05   1.5%  6.342e+01        0.5%  0.000e+00   0.0% 
 3:   solveVelocity: 2.1959e+01   4.9%  1.3745e+11   5.1%  1.447e+05   1.8%  7.258e+02        5.2%  6.940e+02   1.0% 
 4:      RHSPoisson: 7.6163e-02   0.0%  2.0704e+09   0.1%  6.080e+03   0.1%  1.020e+01        0.1%  0.000e+00   0.0% 
 5:    solvePoisson: 4.1156e+02  92.3%  2.5722e+12  94.7%  7.843e+06  96.1%  1.316e+04       94.1%  5.160e+04  77.1% 
 6:  projectionStep: 8.5112e-02   0.0%  1.9104e+09   0.1%  6.080e+03   0.1%  1.020e+01        0.1%  0.000e+00   0.0% 

------------------------------------------------------------------------------------------------------------------------
See the 'Profiling' chapter of the users' manual for details on interpreting output.
Phase summary info:
   Count: number of times phase was executed
   Time and Flops: Max - maximum over all processors
                   Ratio - ratio of maximum to minimum over all processors
   Mess: number of messages sent
   Avg. len: average message length (bytes)
   Reduct: number of global reductions
   Global: entire computation
   Stage: stages of a computation. Set stages with PetscLogStagePush() and PetscLogStagePop().
      %T - percent time in this phase         %F - percent flops in this phase
      %M - percent messages in this phase     %L - percent message lengths in this phase
      %R - percent reductions in this phase
   Total Mflop/s: 10e-6 * (sum of flops over all processors)/(max time over all processors)
------------------------------------------------------------------------------------------------------------------------
Event                Count      Time (sec)     Flops                             --- Global ---  --- Stage ---   Total
                   Max Ratio  Max     Ratio   Max  Ratio  Mess   Avg len Reduct  %T %F %M %L %R  %T %F %M %L %R Mflop/s
------------------------------------------------------------------------------------------------------------------------

--- Event Stage 0: Main Stage


--- Event Stage 1: initialize

VecSet                15 1.0 1.1288e-02 3.6 0.00e+00 0.0 0.0e+00 0.0e+00 0.0e+00  0  0  0  0  0   0  0  0  0  0     0
VecScatterBegin        8 1.0 2.5499e-03 2.1 0.00e+00 0.0 1.4e+04 6.2e+03 0.0e+00  0  0  0  0  0   0  0 40 54  0     0
VecScatterEnd          8 1.0 6.2574e-02 2.0 0.00e+00 0.0 0.0e+00 0.0e+00 0.0e+00  0  0  0  0  0   2  0  0  0  0     0
MatScale               4 1.0 3.9685e-02 3.2 5.62e+06 1.0 6.1e+02 4.1e+04 0.0e+00  0  0  0  0  0   1 79  2 16  0 17980
MatAssemblyBegin       8 1.0 2.3850e-01 1.5 0.00e+00 0.0 9.1e+02 9.1e+03 1.2e+01  0  0  0  0  0  10  0  3  5  9     0
MatAssemblyEnd         8 1.0 4.1473e-01 1.2 0.00e+00 0.0 3.6e+03 5.7e+03 3.2e+01  0  0  0  0  0  17  0 11 13 24     0
MatTranspose           1 1.0 3.2311e-01 1.2 0.00e+00 0.0 2.3e+03 6.4e+03 1.2e+01  0  0  0  0  0  15  0  7  9  9     0
MatMatMult             1 1.0 2.7265e-01 1.1 1.50e+06 1.0 2.4e+03 1.1e+04 1.6e+01  0  0  0  0  0  12 21  7 17 12   701
MatMatMultSym          1 1.0 2.4611e-01 1.1 0.00e+00 0.0 2.1e+03 8.8e+03 1.4e+01  0  0  0  0  0  11  0  6 12 11     0
MatMatMultNum          1 1.0 3.5569e-02 1.7 1.50e+06 1.0 3.0e+02 2.7e+04 2.0e+00  0  0  0  0  0   1 21  1  5  2  5371
MatGetLocalMat         2 1.0 3.2319e-02 2.7 0.00e+00 0.0 0.0e+00 0.0e+00 0.0e+00  0  0  0  0  0   1  0  0  0  0     0
MatGetBrAoCol          2 1.0 2.9062e-0222.3 0.00e+00 0.0 1.2e+03 1.9e+04 0.0e+00  0  0  0  0  0   1  0  4 14  0     0
SFSetGraph             1 1.0 1.4997e-0448.4 0.00e+00 0.0 0.0e+00 0.0e+00 0.0e+00  0  0  0  0  0   0  0  0  0  0     0
SFReduceBegin          1 1.0 1.3270e-01 3.1 0.00e+00 0.0 7.6e+02 5.5e+03 0.0e+00  0  0  0  0  0   5  0  2  3  0     0
SFReduceEnd            1 1.0 4.1935e-022625.2 0.00e+00 0.0 0.0e+00 0.0e+00 0.0e+00  0  0  0  0  0   1  0  0  0  0     0
generateQTBNQ          1 1.0 2.7265e-01 1.1 1.50e+06 1.0 2.4e+03 1.1e+04 1.6e+01  0  0  0  0  0  12 21  7 17 12   701

--- Event Stage 2: RHSVelocity

VecSet                20 1.0 1.7428e-02 3.0 0.00e+00 0.0 0.0e+00 0.0e+00 0.0e+00  0  0  0  0  0   1  0  0  0  0     0
VecWAXPY              20 1.0 2.6183e-02 3.2 3.75e+06 1.0 0.0e+00 0.0e+00 0.0e+00  0  0  0  0  0   2 50  0  0  0 18241
VecPointwiseMult      20 1.0 1.8466e-02 3.2 3.75e+06 1.0 0.0e+00 0.0e+00 0.0e+00  0  0  0  0  0   1 50  0  0  0 25864
VecScatterBegin       60 1.0 4.3348e-02 3.4 0.00e+00 0.0 1.2e+05 4.2e+03 0.0e+00  0  0  2  0  0   2  0100100  0     0
VecScatterEnd         60 1.0 3.9829e-01 3.0 0.00e+00 0.0 0.0e+00 0.0e+00 0.0e+00  0  0  0  0  0  27  0  0  0  0     0

--- Event Stage 3: solveVelocity

VecTDot              436 1.0 4.5059e+00 1.3 1.63e+08 1.0 0.0e+00 0.0e+00 4.4e+02  1  1  0  0  1  18 15  0  0 63  4621
VecNorm              258 1.0 1.6060e+01 5.2 9.68e+07 1.0 0.0e+00 0.0e+00 2.6e+02  3  0  0  0  0  71  9  0  0 37   767
VecCopy              278 1.0 1.4889e-01 1.6 0.00e+00 0.0 0.0e+00 0.0e+00 0.0e+00  0  0  0  0  0   1  0  0  0  0     0
VecAXPY              436 1.0 3.4510e-01 2.0 1.64e+08 1.0 0.0e+00 0.0e+00 0.0e+00  0  1  0  0  0   1 15  0  0  0 60339
VecAYPX              218 1.0 1.6999e-01 2.0 7.80e+07 1.0 0.0e+00 0.0e+00 0.0e+00  0  0  0  0  0   1  7  0  0  0 58438
VecScatterBegin      238 1.0 5.9183e-02 2.8 0.00e+00 0.0 1.4e+05 4.1e+04 0.0e+00  0  0  2  5  0   0  0100100  0     0
VecScatterEnd        238 1.0 1.4900e+00 5.0 0.00e+00 0.0 0.0e+00 0.0e+00 0.0e+00  0  0  0  0  0   3  0  0  0  0     0
MatMult              238 1.0 2.3963e+00 1.9 5.80e+08 1.0 1.4e+05 4.1e+04 0.0e+00  0  3  2  5  0   8 54100100  0 30690
KSPSetUp               1 1.0 1.2941e-02 4.5 0.00e+00 0.0 0.0e+00 0.0e+00 0.0e+00  0  0  0  0  0   0  0  0  0  0     0
KSPSolve              20 1.0 2.2146e+01 1.0 1.08e+09 1.0 1.4e+05 4.1e+04 6.9e+02  5  5  2  5  1 100100100100100  6206
PCSetUp                1 1.0 1.1921e-06 0.0 0.00e+00 0.0 0.0e+00 0.0e+00 0.0e+00  0  0  0  0  0   0  0  0  0  0     0
PCApply              258 1.0 1.3785e-01 1.6 0.00e+00 0.0 0.0e+00 0.0e+00 0.0e+00  0  0  0  0  0   0  0  0  0  0     0

--- Event Stage 4: RHSPoisson

VecScale              20 1.0 9.5487e-04 1.1 1.25e+06 1.0 0.0e+00 0.0e+00 0.0e+00  0  0  0  0  0   1  8  0  0  0 167563
VecSet                20 1.0 1.2946e-02 7.7 0.00e+00 0.0 0.0e+00 0.0e+00 0.0e+00  0  0  0  0  0   3  0  0  0  0     0
VecScatterBegin       20 1.0 2.0142e-0320.2 0.00e+00 0.0 6.1e+03 1.4e+04 0.0e+00  0  0  0  0  0   1  0100100  0     0
VecScatterEnd         20 1.0 9.2135e-02 6.5 0.00e+00 0.0 0.0e+00 0.0e+00 0.0e+00  0  0  0  0  0  55  0  0  0  0     0
MatMultAdd            20 1.0 1.2180e-01 3.0 1.50e+07 1.0 6.1e+03 1.4e+04 0.0e+00  0  0  0  0  0  95 92100100  0 15684

--- Event Stage 5: solvePoisson

VecTDot            25758 1.0 2.0078e+02 1.2 3.22e+09 1.0 0.0e+00 0.0e+00 2.6e+04 42 15  0  0 38  46 16  0  0 50  2053
VecNorm            12919 1.0 8.3993e+01 1.0 1.61e+09 1.0 0.0e+00 0.0e+00 1.3e+04 18  8  0  0 19  20  8  0  0 25  2461
VecCopy            12939 1.0 7.5171e-01 1.3 0.00e+00 0.0 0.0e+00 0.0e+00 0.0e+00  0  0  0  0  0   0  0  0  0  0     0
VecAXPY            25758 1.0 3.1721e+00 1.4 3.22e+09 1.0 0.0e+00 0.0e+00 0.0e+00  1 15  0  0  0   1 16  0  0  0 129922
VecAYPX            12879 1.0 1.3376e+00 1.5 1.61e+09 1.0 0.0e+00 0.0e+00 0.0e+00  0  8  0  0  0   0  8  0  0  0 153932
VecScatterBegin    12899 1.0 7.7392e-01 2.5 0.00e+00 0.0 7.8e+06 1.4e+04 0.0e+00  0  0 96 94  0   0  0100100  0     0
VecScatterEnd      12899 1.0 3.6480e+01 3.3 0.00e+00 0.0 0.0e+00 0.0e+00 0.0e+00  5  0  0  0  0   5  0  0  0  0     0
MatMult            12899 1.0 5.5794e+01 2.0 1.05e+10 1.0 7.8e+06 1.4e+04 0.0e+00  9 49 96 94  0  10 52100100  0 23933
KSPSetUp               1 1.0 1.0813e-0214.0 0.00e+00 0.0 0.0e+00 0.0e+00 0.0e+00  0  0  0  0  0   0  0  0  0  0     0
KSPSolve              20 1.0 4.1160e+02 1.0 2.01e+10 1.0 7.8e+06 1.4e+04 5.2e+04 92 95 96 94 77 100100100100100  6249
PCSetUp                1 1.0 1.1921e-06 0.0 0.00e+00 0.0 0.0e+00 0.0e+00 0.0e+00  0  0  0  0  0   0  0  0  0  0     0
PCApply            12919 1.0 7.5790e-01 1.3 0.00e+00 0.0 0.0e+00 0.0e+00 0.0e+00  0  0  0  0  0   0  0  0  0  0     0

--- Event Stage 6: projectionStep

VecWAXPY              20 1.0 4.0372e-02 4.1 3.75e+06 1.0 0.0e+00 0.0e+00 0.0e+00  0  0  0  0  0  19 25  0  0  0 11830
VecScatterBegin       20 1.0 1.0822e-02210.1 0.00e+00 0.0 6.1e+03 1.4e+04 0.0e+00  0  0  0  0  0   1  0100100  0     0
VecScatterEnd         20 1.0 8.3925e-0229.6 0.00e+00 0.0 0.0e+00 0.0e+00 0.0e+00  0  0  0  0  0  38  0  0  0  0     0
MatMult               20 1.0 1.2935e-01 4.0 1.12e+07 1.0 6.1e+03 1.4e+04 0.0e+00  0  0  0  0  0  81 75100100  0 11077
------------------------------------------------------------------------------------------------------------------------

Memory usage is given in bytes:

Object Type          Creations   Destructions     Memory  Descendants' Mem.
Reports information only for process 0.

--- Event Stage 0: Main Stage

              Vector     0             44     34193088     0
      Vector Scatter     0             12      2013008     0
              Matrix     0             14     46766928     0
   Matrix Null Space     0              1          604     0
    Distributed Mesh     0              6        28512     0
Star Forest Bipartite Graph     0             12         9792     0
     Discrete System     0              6         4800     0
   IS L to G Mapping     0              4      1170512     0
       Krylov Solver     0              2         2464     0
      Preconditioner     0              2         1664     0
              Viewer     2              1          752     0

--- Event Stage 1: initialize

              Vector    50             12        18656     0
      Vector Scatter    12              0            0     0
              Matrix    14              0            0     0
   Matrix Null Space     1              0            0     0
    Distributed Mesh     6              0            0     0
Star Forest Bipartite Graph    13              1          872     0
     Discrete System     6              0            0     0
           Index Set    16             16      1194184     0
   IS L to G Mapping     4              0            0     0
       Krylov Solver     2              0            0     0
      Preconditioner     2              0            0     0

--- Event Stage 2: RHSVelocity


--- Event Stage 3: solveVelocity

              Vector    23             20     30031520     0

--- Event Stage 4: RHSPoisson


--- Event Stage 5: solvePoisson

              Vector    23             20     10031520     0

--- Event Stage 6: projectionStep

========================================================================================================================
Average time to get PetscTime(): 9.53674e-08
Average time for MPI_Barrier(): 2.46048e-05
Average time for zero size MPI_Send(): 2.50712e-06
#PETSc Option Table entries:
-caseFolder .
-log_summary
-sys1_pc_type none
-sys2_pc_type none
#End of PETSc Option Table entries
Compiled without FORTRAN kernels
Compiled with full precision matrices (default)
sizeof(short) 2 sizeof(int) 4 sizeof(long) 8 sizeof(void*) 8 sizeof(PetscScalar) 8 sizeof(PetscInt) 4
Configure options: COPTFLAGS=-O3 CXXOPTFLAGS=-O3 FOPTFLAGS=-O3 --PETSC_ARCH=linux-openmpi-1.8-gcc-4.9.2-opt --with-debugging=0 --with-mpi-dir=/c1/apps/openmpi/1.8/gcc/4.9.2 --with-blas-lib=/c1/apps/blas/gcc/1/lib64/libblas.a --with-lapack-lib=/c1/apps/lapack/gcc/3.4.1/lib/liblapack.a --with-shared-libraries=0
-----------------------------------------
Libraries compiled on Thu Jun 11 19:17:23 2015 on login4.colonialone.gwu.edu 
Machine characteristics: Linux-2.6.32-504.12.2.el6.x86_64-x86_64-with-redhat-6.6-Santiago
Using PETSc directory: /home/mesnardo/src/petsc/3.5.2
Using PETSc arch: linux-openmpi-1.8-gcc-4.9.2-opt
-----------------------------------------

Using C compiler: /c1/apps/openmpi/1.8/gcc/4.9.2/bin/mpicc  -Wall -Wwrite-strings -Wno-strict-aliasing -Wno-unknown-pragmas -O3  ${COPTFLAGS} ${CFLAGS}
Using Fortran compiler: /c1/apps/openmpi/1.8/gcc/4.9.2/bin/mpif90  -Wall -Wno-unused-variable -ffree-line-length-0 -Wno-unused-dummy-argument -O3   ${FOPTFLAGS} ${FFLAGS} 
-----------------------------------------

Using include paths: -I/home/mesnardo/src/petsc/3.5.2/linux-openmpi-1.8-gcc-4.9.2-opt/include -I/home/mesnardo/src/petsc/3.5.2/include -I/home/mesnardo/src/petsc/3.5.2/include -I/home/mesnardo/src/petsc/3.5.2/linux-openmpi-1.8-gcc-4.9.2-opt/include -I/c1/apps/openmpi/1.8/gcc/4.9.2/include
-----------------------------------------

Using C linker: /c1/apps/openmpi/1.8/gcc/4.9.2/bin/mpicc
Using Fortran linker: /c1/apps/openmpi/1.8/gcc/4.9.2/bin/mpif90
Using libraries: -Wl,-rpath,/home/mesnardo/src/petsc/3.5.2/linux-openmpi-1.8-gcc-4.9.2-opt/lib -L/home/mesnardo/src/petsc/3.5.2/linux-openmpi-1.8-gcc-4.9.2-opt/lib -lpetsc -Wl,-rpath,/c1/apps/lapack/gcc/3.4.1/lib -L/c1/apps/lapack/gcc/3.4.1/lib -llapack -Wl,-rpath,/c1/apps/blas/gcc/1/lib64 -L/c1/apps/blas/gcc/1/lib64 -lblas -lX11 -lpthread -lssl -lcrypto -L/c1/apps/openmpi/1.8/gcc/4.9.2/lib -L/cm/shared/apps/gcc/4.7.0/lib/gcc/x86_64-unknown-linux-gnu/4.7.0 -L/cm/shared/apps/gcc/4.7.0/lib64 -L/cm/shared/apps/gcc/4.7.0/lib -lmpi_usempi -lmpi_mpifh -lgfortran -lm -Wl,-rpath,/c1/apps/openmpi/1.8/gcc/4.9.2/lib -lgfortran -lm -lquadmath -lm -lmpi_cxx -lstdc++ -L/c1/apps/openmpi/1.8/gcc/4.9.2/lib -L/cm/shared/apps/gcc/4.7.0/lib/gcc/x86_64-unknown-linux-gnu/4.7.0 -L/cm/shared/apps/gcc/4.7.0/lib64 -L/c1/apps/openmpi/1.8/gcc/4.9.2/lib -L/cm/shared/apps/gcc/4.7.0/lib -ldl -Wl,-rpath,/c1/apps/openmpi/1.8/gcc/4.9.2/lib -lmpi -lgcc_s -lpthread -ldl  
-----------------------------------------

