
---------------------------------------
Flow
---------------------------------------
solver: Navier-Stokes
viscosity: 0.01

---------------------------------------
Mesh
---------------------------------------
size: 100 x 100 x 100

---------------------------------------
Time-stepping
---------------------------------------
convection: 2nd-order Adams-Bashforth
diffusion : Crank-Nicolson
time-increment      : 0.0025
starting time-step  : 0
number of time-steps: 50
saving-interval     : 100

---------------------------------------
Linear system for intermediate velocity
---------------------------------------
solver: cg
preconditioner: none
relative tolerance: 1e-06
absolute tolerance: 1e-50
maximum iterations: 10000

---------------------------------------
Linear system for pressure-force
---------------------------------------
solver: cg
preconditioner: none
relative tolerance: 1e-06
absolute tolerance: 1e-50
maximum iterations: 20000

---------------------------------------
************************************************************************************************************************
***             WIDEN YOUR WINDOW TO 120 CHARACTERS.  Use 'enscript -r -fCourier9' to print this document            ***
************************************************************************************************************************

---------------------------------------------- PETSc Performance Summary: ----------------------------------------------

/home/mesnardo/src/PetIBM/bin/PetIBM3d on a linux-mpich-3.1-4-gnu-opt named node115 with 64 processors, by mesnardo Wed Jun 24 16:12:09 2015
Using Petsc Release Version 3.5.2, Sep, 08, 2014 

                         Max       Max/Min        Avg      Total 
Time (sec):           8.165e+01      1.00000   8.165e+01
Objects:              2.340e+02      1.00000   2.340e+02
Flops:                6.396e+09      1.01164   6.362e+09  4.072e+11
Flops/sec:            7.833e+07      1.01164   7.792e+07  4.987e+09
MPI Messages:         9.973e+04      2.03977   7.401e+04  4.737e+06
MPI Message Lengths:  4.983e+08      2.00385   5.047e+03  2.391e+10
MPI Reductions:       7.774e+04      1.00000

Flop counting convention: 1 flop = 1 real number operation of type (multiply/divide/add/subtract)
                            e.g., VecAXPY() for real vectors of length N --> 2N flops
                            and VecAXPY() for complex vectors of length N --> 8N flops

Summary of Stages:   ----- Time ------  ----- Flops -----  --- Messages ---  -- Message Lengths --  -- Reductions --
                        Avg     %Total     Avg     %Total   counts   %Total     Avg         %Total   counts   %Total 
 0:      Main Stage: 3.7834e-02   0.0%  0.0000e+00   0.0%  0.000e+00   0.0%  0.000e+00        0.0%  0.000e+00   0.0% 
 1:      initialize: 1.3988e+00   1.7%  1.1214e+08   0.0%  1.548e+04   0.3%  5.819e+00        0.1%  1.320e+02   0.2% 
 2:     RHSVelocity: 1.4626e+01  17.9%  2.9700e+08   0.1%  1.404e+05   3.0%  4.808e+01        1.0%  0.000e+00   0.0% 
 3:   solveVelocity: 2.9043e+01  35.6%  1.8023e+10   4.4%  7.546e+04   1.6%  2.374e+02        4.7%  7.360e+02   0.9% 
 4:      RHSPoisson: 4.4524e-02   0.1%  6.4400e+08   0.2%  7.200e+03   0.2%  7.600e+00        0.2%  0.000e+00   0.0% 
 5:    solvePoisson: 3.4969e+01  42.8%  3.8750e+11  95.2%  4.491e+06  94.8%  4.741e+03       93.9%  6.237e+04  80.2% 
 6:  projectionStep: 3.8305e-02   0.0%  5.9400e+08   0.1%  7.200e+03   0.2%  7.600e+00        0.2%  0.000e+00   0.0% 

------------------------------------------------------------------------------------------------------------------------
See the 'Profiling' chapter of the users' manual for details on interpreting output.
Phase summary info:
   Count: number of times phase was executed
   Time and Flops: Max - maximum over all processors
                   Ratio - ratio of maximum to minimum over all processors
   Mess: number of messages sent
   Avg. len: average message length (bytes)
   Reduct: number of global reductions
   Global: entire computation
   Stage: stages of a computation. Set stages with PetscLogStagePush() and PetscLogStagePop().
      %T - percent time in this phase         %F - percent flops in this phase
      %M - percent messages in this phase     %L - percent message lengths in this phase
      %R - percent reductions in this phase
   Total Mflop/s: 10e-6 * (sum of flops over all processors)/(max time over all processors)
------------------------------------------------------------------------------------------------------------------------
Event                Count      Time (sec)     Flops                             --- Global ---  --- Stage ---   Total
                   Max Ratio  Max     Ratio   Max  Ratio  Mess   Avg len Reduct  %T %F %M %L %R  %T %F %M %L %R Mflop/s
------------------------------------------------------------------------------------------------------------------------

--- Event Stage 0: Main Stage


--- Event Stage 1: initialize

VecSet                15 1.0 9.5582e-04 1.2 0.00e+00 0.0 0.0e+00 0.0e+00 0.0e+00  0  0  0  0  0   0  0  0  0  0     0
VecScatterBegin        8 1.0 1.4894e-03 2.4 0.00e+00 0.0 6.2e+03 2.4e+03 0.0e+00  0  0  0  0  0   0  0 40 54  0     0
VecScatterEnd          8 1.0 5.1231e-01 2.0 0.00e+00 0.0 0.0e+00 0.0e+00 0.0e+00  1  0  0  0  0  34  0  0  0  0     0
MatScale               4 1.0 6.7880e-03 1.6 1.41e+06 1.1 2.9e+02 1.5e+04 0.0e+00  0  0  0  0  0   0 79  2 16  0 13021
MatAssemblyBegin       8 1.0 4.2558e-03 2.1 0.00e+00 0.0 4.3e+02 3.3e+03 1.2e+01  0  0  0  0  0   0  0  3  5  9     0
MatAssemblyEnd         8 1.0 2.3988e-02 1.0 0.00e+00 0.0 1.7e+03 2.1e+03 3.2e+01  0  0  0  0  0   2  0 11 13 24     0
MatTranspose           1 1.0 1.4245e-02 1.0 0.00e+00 0.0 1.1e+03 2.3e+03 1.2e+01  0  0  0  0  0   1  0  7  9  9     0
MatMatMult             1 1.0 2.1190e-02 1.0 3.75e+05 1.0 1.2e+03 4.1e+03 1.6e+01  0  0  0  0  0   2 21  7 17 12  1121
MatMatMultSym          1 1.0 1.7173e-02 1.0 0.00e+00 0.0 1.0e+03 3.2e+03 1.4e+01  0  0  0  0  0   1  0  7 12 11     0
MatMatMultNum          1 1.0 4.0290e-03 1.0 3.75e+05 1.0 1.4e+02 1.0e+04 2.0e+00  0  0  0  0  0   0 21  1  5  2  5897
MatGetLocalMat         2 1.0 3.5481e-03 1.2 0.00e+00 0.0 0.0e+00 0.0e+00 0.0e+00  0  0  0  0  0   0  0  0  0  0     0
MatGetBrAoCol          2 1.0 4.2958e-03 8.6 0.00e+00 0.0 5.8e+02 6.9e+03 0.0e+00  0  0  0  0  0   0  0  4 14  0     0
SFSetGraph             1 1.0 5.7936e-0520.2 0.00e+00 0.0 0.0e+00 0.0e+00 0.0e+00  0  0  0  0  0   0  0  0  0  0     0
SFReduceBegin          1 1.0 3.1729e-03 2.2 0.00e+00 0.0 3.6e+02 2.0e+03 0.0e+00  0  0  0  0  0   0  0  2  3  0     0
SFReduceEnd            1 1.0 4.2915e-0460.0 0.00e+00 0.0 0.0e+00 0.0e+00 0.0e+00  0  0  0  0  0   0  0  0  0  0     0
generateQTBNQ          1 1.0 2.1197e-02 1.0 3.75e+05 1.0 1.2e+03 4.1e+03 1.6e+01  0  0  0  0  0   2 21  7 17 12  1121

--- Event Stage 2: RHSVelocity

VecSet                50 1.0 2.8949e-03 1.3 0.00e+00 0.0 0.0e+00 0.0e+00 0.0e+00  0  0  0  0  0   0  0  0  0  0     0
VecWAXPY              50 1.0 4.8594e-03 1.3 2.34e+06 1.0 0.0e+00 0.0e+00 0.0e+00  0  0  0  0  0   0 50  0  0  0 30559
VecPointwiseMult      50 1.0 4.8938e-03 1.4 2.34e+06 1.0 0.0e+00 0.0e+00 0.0e+00  0  0  0  0  0   0 50  0  0  0 30345
VecScatterBegin      150 1.0 2.5949e-02 2.4 0.00e+00 0.0 1.4e+05 1.6e+03 0.0e+00  0  0  3  1  0   0  0100100  0     0
VecScatterEnd        150 1.0 1.6124e+01 1.4 0.00e+00 0.0 0.0e+00 0.0e+00 0.0e+00 17  0  0  0  0  97  0  0  0  0     0

--- Event Stage 3: solveVelocity

VecTDot              424 1.0 2.5117e+01 1.3 3.97e+07 1.0 0.0e+00 0.0e+00 4.2e+02 30  1  0  0  1  83 14  0  0 58   100
VecNorm              312 1.0 3.5128e+0012.3 2.92e+07 1.0 0.0e+00 0.0e+00 3.1e+02  2  0  0  0  0   5 10  0  0 42   528
VecCopy              362 1.0 1.7233e-02 1.1 0.00e+00 0.0 0.0e+00 0.0e+00 0.0e+00  0  0  0  0  0   0  0  0  0  0     0
VecAXPY              424 1.0 3.3364e-02 1.2 3.98e+07 1.0 0.0e+00 0.0e+00 0.0e+00  0  1  0  0  0   0 14  0  0  0 75487
VecAYPX              212 1.0 1.6473e-02 1.1 1.75e+07 1.0 0.0e+00 0.0e+00 0.0e+00  0  0  0  0  0   0  6  0  0  0 67432
VecScatterBegin      262 1.0 2.8664e-02 2.2 0.00e+00 0.0 7.5e+04 1.5e+04 0.0e+00  0  0  2  5  0   0  0100100  0     0
VecScatterEnd        262 1.0 7.9479e+00 7.2 0.00e+00 0.0 0.0e+00 0.0e+00 0.0e+00  4  0  0  0  0  10  0  0  0  0     0
MatMult              262 1.0 8.2352e+00 5.9 1.60e+08 1.1 7.5e+04 1.5e+04 0.0e+00  4  2  2  5  0  11 56100100  0  1217
KSPSetUp               1 1.0 7.0405e-04 1.4 0.00e+00 0.0 0.0e+00 0.0e+00 0.0e+00  0  0  0  0  0   0  0  0  0  0     0
KSPSolve              50 1.0 3.1435e+01 1.2 2.86e+08 1.1 7.5e+04 1.5e+04 7.4e+02 36  4  2  5  1 100100100100100   573
PCSetUp                1 1.0 3.0994e-06 3.2 0.00e+00 0.0 0.0e+00 0.0e+00 0.0e+00  0  0  0  0  0   0  0  0  0  0     0
PCApply              312 1.0 1.3644e-02 1.1 0.00e+00 0.0 0.0e+00 0.0e+00 0.0e+00  0  0  0  0  0   0  0  0  0  0     0

--- Event Stage 4: RHSPoisson

VecScale              50 1.0 6.0105e-04 1.3 7.81e+05 1.0 0.0e+00 0.0e+00 0.0e+00  0  0  0  0  0   1  8  0  0  0 83187
VecSet                50 1.0 2.6014e-03 2.6 0.00e+00 0.0 0.0e+00 0.0e+00 0.0e+00  0  0  0  0  0   3  0  0  0  0     0
VecScatterBegin       50 1.0 1.7760e-0311.3 0.00e+00 0.0 7.2e+03 5.0e+03 0.0e+00  0  0  0  0  0   3  0100100  0     0
VecScatterEnd         50 1.0 1.2782e-011527.4 0.00e+00 0.0 0.0e+00 0.0e+00 0.0e+00  0  0  0  0  0  52  0  0  0  0     0
MatMultAdd            50 1.0 1.4659e-01 8.5 9.38e+06 1.0 7.2e+03 5.0e+03 0.0e+00  0  0  0  0  0  92 92100100  0  4052

--- Event Stage 5: solvePoisson

VecTDot            31086 1.0 2.0924e+01 4.4 9.71e+08 1.0 0.0e+00 0.0e+00 3.1e+04 13 15  0  0 40  30 16  0  0 50  2971
VecNorm            15643 1.0 1.9811e+00 1.2 4.89e+08 1.0 0.0e+00 0.0e+00 1.6e+04  2  8  0  0 20   5  8  0  0 25 15792
VecCopy            15693 1.0 1.5391e-01 1.2 0.00e+00 0.0 0.0e+00 0.0e+00 0.0e+00  0  0  0  0  0   0  0  0  0  0     0
VecAXPY            31086 1.0 5.1360e-01 1.1 9.71e+08 1.0 0.0e+00 0.0e+00 0.0e+00  1 15  0  0  0   1 16  0  0  0 121050
VecAYPX            15543 1.0 3.7859e-01 1.0 4.85e+08 1.0 0.0e+00 0.0e+00 0.0e+00  0  8  0  0  0   1  8  0  0  0 81977
VecScatterBegin    15593 1.0 5.5526e-01 2.0 0.00e+00 0.0 4.5e+06 5.0e+03 0.0e+00  1  0 95 94  0   1  0100100  0     0
VecScatterEnd      15593 1.0 2.0691e+01 4.2 0.00e+00 0.0 0.0e+00 0.0e+00 0.0e+00 19  0  0  0  0  44  0  0  0  0     0
MatMult            15593 1.0 2.4165e+01 3.1 3.17e+09 1.0 4.5e+06 5.0e+03 0.0e+00 23 49 95 94  0  53 52100100  0  8311
KSPSetUp               1 1.0 1.1802e-04 1.9 0.00e+00 0.0 0.0e+00 0.0e+00 0.0e+00  0  0  0  0  0   0  0  0  0  0     0
KSPSolve              50 1.0 3.4992e+01 1.0 6.08e+09 1.0 4.5e+06 5.0e+03 6.2e+04 43 95 95 94 80 100100100100100 11074
PCSetUp                1 1.0 1.1921e-06 0.0 0.00e+00 0.0 0.0e+00 0.0e+00 0.0e+00  0  0  0  0  0   0  0  0  0  0     0
PCApply            15643 1.0 1.5834e-01 1.2 0.00e+00 0.0 0.0e+00 0.0e+00 0.0e+00  0  0  0  0  0   0  0  0  0  0     0

--- Event Stage 6: projectionStep

VecWAXPY              50 1.0 7.5788e-03 1.7 2.34e+06 1.0 0.0e+00 0.0e+00 0.0e+00  0  0  0  0  0  15 25  0  0  0 19594
VecScatterBegin       50 1.0 1.3723e-0313.2 0.00e+00 0.0 7.2e+03 5.0e+03 0.0e+00  0  0  0  0  0   2  0100100  0     0
VecScatterEnd         50 1.0 3.0622e-02357.8 0.00e+00 0.0 0.0e+00 0.0e+00 0.0e+00  0  0  0  0  0  32  0  0  0  0     0
MatMult               50 1.0 5.0042e-02 2.6 7.03e+06 1.0 7.2e+03 5.0e+03 0.0e+00  0  0  0  0  0  85 75100100  0  8903
------------------------------------------------------------------------------------------------------------------------

Memory usage is given in bytes:

Object Type          Creations   Destructions     Memory  Descendants' Mem.
Reports information only for process 0.

--- Event Stage 0: Main Stage

              Vector     0             44      8750136     0
      Vector Scatter     0             12       512720     0
              Matrix     0             14     11716816     0
   Matrix Null Space     0              1          596     0
    Distributed Mesh     0              6        28464     0
Star Forest Bipartite Graph     0             12         9600     0
     Discrete System     0              6         4752     0
   IS L to G Mapping     0              4       317280     0
       Krylov Solver     0              2         2448     0
      Preconditioner     0              2         1648     0
              Viewer     2              1          744     0

--- Event Stage 1: initialize

              Vector    50             12        18560     0
      Vector Scatter    12              0            0     0
              Matrix    14              0            0     0
   Matrix Null Space     1              0            0     0
    Distributed Mesh     6              0            0     0
Star Forest Bipartite Graph    13              1          856     0
     Discrete System     6              0            0     0
           Index Set    16             16       330956     0
   IS L to G Mapping     4              0            0     0
       Krylov Solver     2              0            0     0
      Preconditioner     2              0            0     0

--- Event Stage 2: RHSVelocity


--- Event Stage 3: solveVelocity

              Vector    53             50     18828400     0

--- Event Stage 4: RHSPoisson


--- Event Stage 5: solvePoisson

              Vector    53             50      6328400     0

--- Event Stage 6: projectionStep

========================================================================================================================
Average time to get PetscTime(): 0
Average time for MPI_Barrier(): 8.17776e-05
Average time for zero size MPI_Send(): 3.43844e-06
#PETSc Option Table entries:
-caseFolder .
-log_summary
-sys1_pc_type none
-sys2_pc_type none
#End of PETSc Option Table entries
Compiled without FORTRAN kernels
Compiled with full precision matrices (default)
sizeof(short) 2 sizeof(int) 4 sizeof(long) 8 sizeof(void*) 8 sizeof(PetscScalar) 8 sizeof(PetscInt) 4
Configure options: --PETSC_ARCH=linux-mpich-3.1-4-gnu-opt ---with-mpi-dir=/c1/apps/mpich/3.1.4/bin --with-blas-lib=/c1/apps/blas/gcc/1/lib64/libblas.a --with-lapack-lib=/c1/apps/lapack/gcc/3.4.1/lib/liblapack.a --with-shared-libraries=0 --with-debugging=0
-----------------------------------------
Libraries compiled on Mon Jun 22 14:19:00 2015 on login4.colonialone.gwu.edu 
Machine characteristics: Linux-2.6.32-504.12.2.el6.x86_64-x86_64-with-redhat-6.6-Santiago
Using PETSc directory: /home/mesnardo/src/petsc/3.5.2
Using PETSc arch: linux-mpich-3.1-4-gnu-opt
-----------------------------------------

Using C compiler: mpicc  -Wall -Wwrite-strings -Wno-strict-aliasing -Wno-unknown-pragmas -O  ${COPTFLAGS} ${CFLAGS}
Using Fortran compiler: mpif90  -Wall -Wno-unused-variable -ffree-line-length-0 -Wno-unused-dummy-argument -O   ${FOPTFLAGS} ${FFLAGS} 
-----------------------------------------

Using include paths: -I/home/mesnardo/src/petsc/3.5.2/linux-mpich-3.1-4-gnu-opt/include -I/home/mesnardo/src/petsc/3.5.2/include -I/home/mesnardo/src/petsc/3.5.2/include -I/home/mesnardo/src/petsc/3.5.2/linux-mpich-3.1-4-gnu-opt/include -I/c1/apps/mpich/3.1.4/include
-----------------------------------------

Using C linker: mpicc
Using Fortran linker: mpif90
Using libraries: -Wl,-rpath,/home/mesnardo/src/petsc/3.5.2/linux-mpich-3.1-4-gnu-opt/lib -L/home/mesnardo/src/petsc/3.5.2/linux-mpich-3.1-4-gnu-opt/lib -lpetsc -Wl,-rpath,/c1/apps/lapack/gcc/3.4.1/lib -L/c1/apps/lapack/gcc/3.4.1/lib -llapack -Wl,-rpath,/c1/apps/blas/gcc/1/lib64 -L/c1/apps/blas/gcc/1/lib64 -lblas -lX11 -lpthread -lssl -lcrypto -L/c1/apps/mpich/3.1.4/lib -L/cm/shared/apps/gcc/4.7.0/lib/gcc/x86_64-unknown-linux-gnu/4.7.0 -L/cm/shared/apps/gcc/4.7.0/lib64 -L/cm/shared/apps/gcc/4.7.0/lib -lmpifort -lgfortran -lm -Wl,-rpath,/c1/apps/mpich/3.1.4/lib -lgfortran -lm -lquadmath -lm -lmpicxx -lstdc++ -L/c1/apps/mpich/3.1.4/lib -L/cm/shared/apps/gcc/4.7.0/lib/gcc/x86_64-unknown-linux-gnu/4.7.0 -L/cm/shared/apps/gcc/4.7.0/lib64 -L/cm/shared/apps/gcc/4.7.0/lib -ldl -Wl,-rpath,/c1/apps/mpich/3.1.4/lib -lmpi -lgcc_s -ldl  
-----------------------------------------

