
---------------------------------------
Flow
---------------------------------------
solver: Navier-Stokes
viscosity: 0.01

---------------------------------------
Mesh
---------------------------------------
size: 100 x 100 x 100

---------------------------------------
Time-stepping
---------------------------------------
convection: 2nd-order Adams-Bashforth
diffusion : Crank-Nicolson
time-increment      : 0.0025
starting time-step  : 0
number of time-steps: 50
saving-interval     : 100

---------------------------------------
Linear system for intermediate velocity
---------------------------------------
solver: cg
preconditioner: none
relative tolerance: 1e-06
absolute tolerance: 1e-50
maximum iterations: 10000

---------------------------------------
Linear system for pressure-force
---------------------------------------
solver: cg
preconditioner: none
relative tolerance: 1e-06
absolute tolerance: 1e-50
maximum iterations: 20000

---------------------------------------
************************************************************************************************************************
***             WIDEN YOUR WINDOW TO 120 CHARACTERS.  Use 'enscript -r -fCourier9' to print this document            ***
************************************************************************************************************************

---------------------------------------------- PETSc Performance Summary: ----------------------------------------------

/home/mesnardo/src/PetIBM/bin/PetIBM3d on a linux-openmpi-gnu-opt named node098 with 32 processors, by mesnardo Mon Jun  8 15:42:06 2015
Using Petsc Release Version 3.5.2, Sep, 08, 2014 

                         Max       Max/Min        Avg      Total 
Time (sec):           1.913e+01      1.00000   1.913e+01
Objects:              2.340e+02      1.00000   2.340e+02
Flops:                1.277e+10      1.00806   1.272e+10  4.072e+11
Flops/sec:            6.676e+08      1.00807   6.651e+08  2.128e+10
MPI Messages:         8.235e+04      1.68435   6.554e+04  2.097e+06
MPI Message Lengths:  7.473e+08      1.80257   8.863e+03  1.859e+10
MPI Reductions:       7.774e+04      1.00000

Flop counting convention: 1 flop = 1 real number operation of type (multiply/divide/add/subtract)
                            e.g., VecAXPY() for real vectors of length N --> 2N flops
                            and VecAXPY() for complex vectors of length N --> 8N flops

Summary of Stages:   ----- Time ------  ----- Flops -----  --- Messages ---  -- Message Lengths --  -- Reductions --
                        Avg     %Total     Avg     %Total   counts   %Total     Avg         %Total   counts   %Total 
 0:      Main Stage: 2.0500e-02   0.1%  0.0000e+00   0.0%  0.000e+00   0.0%  0.000e+00        0.0%  0.000e+00   0.0% 
 1:      initialize: 2.6801e-01   1.4%  1.1214e+08   0.0%  6.304e+03   0.3%  1.015e+01        0.1%  1.320e+02   0.2% 
 2:     RHSVelocity: 1.0799e+00   5.6%  2.9700e+08   0.1%  5.520e+04   2.6%  8.303e+01        0.9%  0.000e+00   0.0% 
 3:   solveVelocity: 1.2080e+00   6.3%  1.8023e+10   4.4%  3.354e+04   1.6%  4.169e+02        4.7%  7.360e+02   0.9% 
 4:      RHSPoisson: 5.8967e-02   0.3%  6.4400e+08   0.2%  3.200e+03   0.2%  1.335e+01        0.2%  0.000e+00   0.0% 
 5:    solvePoisson: 1.6337e+01  85.4%  3.8750e+11  95.2%  1.996e+06  95.2%  8.327e+03       93.9%  6.237e+04  80.2% 
 6:  projectionStep: 5.9914e-02   0.3%  5.9400e+08   0.1%  3.200e+03   0.2%  1.335e+01        0.2%  0.000e+00   0.0% 

------------------------------------------------------------------------------------------------------------------------
See the 'Profiling' chapter of the users' manual for details on interpreting output.
Phase summary info:
   Count: number of times phase was executed
   Time and Flops: Max - maximum over all processors
                   Ratio - ratio of maximum to minimum over all processors
   Mess: number of messages sent
   Avg. len: average message length (bytes)
   Reduct: number of global reductions
   Global: entire computation
   Stage: stages of a computation. Set stages with PetscLogStagePush() and PetscLogStagePop().
      %T - percent time in this phase         %F - percent flops in this phase
      %M - percent messages in this phase     %L - percent message lengths in this phase
      %R - percent reductions in this phase
   Total Mflop/s: 10e-6 * (sum of flops over all processors)/(max time over all processors)
------------------------------------------------------------------------------------------------------------------------
Event                Count      Time (sec)     Flops                             --- Global ---  --- Stage ---   Total
                   Max Ratio  Max     Ratio   Max  Ratio  Mess   Avg len Reduct  %T %F %M %L %R  %T %F %M %L %R Mflop/s
------------------------------------------------------------------------------------------------------------------------

--- Event Stage 0: Main Stage


--- Event Stage 1: initialize

VecSet                15 1.0 1.8966e-03 1.1 0.00e+00 0.0 0.0e+00 0.0e+00 0.0e+00  0  0  0  0  0   1  0  0  0  0     0
VecScatterBegin        8 1.0 1.8971e-03 2.2 0.00e+00 0.0 2.5e+03 4.6e+03 0.0e+00  0  0  0  0  0   1  0 39 54  0     0
VecScatterEnd          8 1.0 7.3571e-03 7.0 0.00e+00 0.0 0.0e+00 0.0e+00 0.0e+00  0  0  0  0  0   1  0  0  0  0     0
MatScale               4 1.0 1.7392e-02 1.8 2.80e+06 1.0 1.3e+02 2.6e+04 0.0e+00  0  0  0  0  0   6 79  2 16  0  5082
MatAssemblyBegin       8 1.0 5.7280e-03 4.0 0.00e+00 0.0 1.9e+02 5.8e+03 1.2e+01  0  0  0  0  0   1  0  3  5  9     0
MatAssemblyEnd         8 1.0 2.7260e-02 1.0 0.00e+00 0.0 7.7e+02 3.6e+03 3.2e+01  0  0  0  0  0  10  0 12 13 24     0
MatTranspose           1 1.0 7.3758e-02 1.0 0.00e+00 0.0 4.8e+02 4.1e+03 1.2e+01  0  0  0  0  0  28  0  8  9  9     0
MatMatMult             1 1.0 2.6229e-02 1.0 7.48e+05 1.0 5.1e+02 7.1e+03 1.6e+01  0  0  0  0  0  10 21  8 17 12   906
MatMatMultSym          1 1.0 2.1777e-02 1.0 0.00e+00 0.0 4.5e+02 5.6e+03 1.4e+01  0  0  0  0  0   8  0  7 12 11     0
MatMatMultNum          1 1.0 4.4570e-03 1.0 7.48e+05 1.0 6.4e+01 1.8e+04 2.0e+00  0  0  0  0  0   2 21  1  5  2  5331
MatGetLocalMat         2 1.0 7.3020e-03 1.1 0.00e+00 0.0 0.0e+00 0.0e+00 0.0e+00  0  0  0  0  0   3  0  0  0  0     0
MatGetBrAoCol          2 1.0 1.2600e-03 1.5 0.00e+00 0.0 2.6e+02 1.2e+04 0.0e+00  0  0  0  0  0   0  0  4 14  0     0
SFSetGraph             1 1.0 8.8930e-0546.6 0.00e+00 0.0 0.0e+00 0.0e+00 0.0e+00  0  0  0  0  0   0  0  0  0  0     0
SFReduceBegin          1 1.0 5.8651e-02 2.2 0.00e+00 0.0 1.6e+02 3.5e+03 0.0e+00  0  0  0  0  0  16  0  3  3  0     0
SFReduceEnd            1 1.0 1.7988e-021278.8 0.00e+00 0.0 0.0e+00 0.0e+00 0.0e+00  0  0  0  0  0   2  0  0  0  0     0
generateQTBNQ          1 1.0 2.6235e-02 1.0 7.48e+05 1.0 5.1e+02 7.1e+03 1.6e+01  0  0  0  0  0  10 21  8 17 12   906

--- Event Stage 2: RHSVelocity

VecSet                50 1.0 1.2297e-02 2.8 0.00e+00 0.0 0.0e+00 0.0e+00 0.0e+00  0  0  0  0  0   1  0  0  0  0     0
VecWAXPY              50 1.0 2.6393e-02 3.7 4.69e+06 1.0 0.0e+00 0.0e+00 0.0e+00  0  0  0  0  0   2 50  0  0  0  5627
VecPointwiseMult      50 1.0 1.9691e-02 3.1 4.69e+06 1.0 0.0e+00 0.0e+00 0.0e+00  0  0  0  0  0   1 50  0  0  0  7542
VecScatterBegin      150 1.0 2.4461e-02 1.5 0.00e+00 0.0 5.5e+04 3.2e+03 0.0e+00  0  0  3  1  0   2  0100100  0     0
VecScatterEnd        150 1.0 1.7231e-0125.6 0.00e+00 0.0 0.0e+00 0.0e+00 0.0e+00  1  0  0  0  0  15  0  0  0  0     0

--- Event Stage 3: solveVelocity

VecTDot              424 1.0 3.1026e-01 4.6 7.95e+07 1.0 0.0e+00 0.0e+00 4.2e+02  1  1  0  0  1  12 14  0  0 58  8117
VecNorm              312 1.0 1.0499e-01 2.4 5.85e+07 1.0 0.0e+00 0.0e+00 3.1e+02  0  0  0  0  0   6 10  0  0 42 17652
VecCopy              362 1.0 4.8540e-02 1.1 0.00e+00 0.0 0.0e+00 0.0e+00 0.0e+00  0  0  0  0  0   4  0  0  0  0     0
VecAXPY              424 1.0 9.6358e-02 1.1 7.95e+07 1.0 0.0e+00 0.0e+00 0.0e+00  0  1  0  0  0   8 14  0  0  0 26138
VecAYPX              212 1.0 3.1910e-02 1.1 3.51e+07 1.0 0.0e+00 0.0e+00 0.0e+00  0  0  0  0  0   3  6  0  0  0 34810
VecScatterBegin      262 1.0 4.0683e-02 2.3 0.00e+00 0.0 3.4e+04 2.6e+04 0.0e+00  0  0  2  5  0   2  0100100  0     0
VecScatterEnd        262 1.0 2.8106e-01 9.6 0.00e+00 0.0 0.0e+00 0.0e+00 0.0e+00  1  0  0  0  0   9  0  0  0  0     0
MatMult              262 1.0 8.8738e-01 1.5 3.18e+08 1.0 3.4e+04 2.6e+04 0.0e+00  4  2  2  5  0  66 56100100  0 11294
KSPSetUp               1 1.0 1.4319e-03 1.2 0.00e+00 0.0 0.0e+00 0.0e+00 0.0e+00  0  0  0  0  0   0  0  0  0  0     0
KSPSolve              50 1.0 1.2616e+00 1.1 5.71e+08 1.0 3.4e+04 2.6e+04 7.4e+02  6  4  2  5  1 100100100100100 14286
PCSetUp                1 1.0 1.1921e-06 0.0 0.00e+00 0.0 0.0e+00 0.0e+00 0.0e+00  0  0  0  0  0   0  0  0  0  0     0
PCApply              312 1.0 3.7840e-02 1.1 0.00e+00 0.0 0.0e+00 0.0e+00 0.0e+00  0  0  0  0  0   3  0  0  0  0     0

--- Event Stage 4: RHSPoisson

VecScale              50 1.0 1.3444e-03 1.3 1.56e+06 1.0 0.0e+00 0.0e+00 0.0e+00  0  0  0  0  0   2  8  0  0  0 37190
VecSet                50 1.0 3.3147e-03 1.1 0.00e+00 0.0 0.0e+00 0.0e+00 0.0e+00  0  0  0  0  0   5  0  0  0  0     0
VecScatterBegin       50 1.0 2.7332e-0316.0 0.00e+00 0.0 3.2e+03 8.8e+03 0.0e+00  0  0  0  0  0   3  0100100  0     0
VecScatterEnd         50 1.0 1.2330e-0211.9 0.00e+00 0.0 0.0e+00 0.0e+00 0.0e+00  0  0  0  0  0   7  0  0  0  0     0
MatMultAdd            50 1.0 5.5411e-02 1.2 1.87e+07 1.0 3.2e+03 8.8e+03 0.0e+00  0  0  0  0  0  88 92100100  0 10720

--- Event Stage 5: solvePoisson

VecTDot            31086 1.0 3.2579e+00 2.0 1.94e+09 1.0 0.0e+00 0.0e+00 3.1e+04 12 15  0  0 40  15 16  0  0 50 19083
VecNorm            15643 1.0 7.6199e-01 1.0 9.78e+08 1.0 0.0e+00 0.0e+00 1.6e+04  4  8  0  0 20   5  8  0  0 25 41058
VecCopy            15693 1.0 3.7084e-01 1.1 0.00e+00 0.0 0.0e+00 0.0e+00 0.0e+00  2  0  0  0  0   2  0  0  0  0     0
VecAXPY            31086 1.0 1.3325e+00 1.0 1.94e+09 1.0 0.0e+00 0.0e+00 0.0e+00  7 15  0  0  0   8 16  0  0  0 46658
VecAYPX            15543 1.0 5.2712e-01 1.0 9.70e+08 1.0 0.0e+00 0.0e+00 0.0e+00  3  8  0  0  0   3  8  0  0  0 58878
VecScatterBegin    15593 1.0 3.6651e-01 2.0 0.00e+00 0.0 2.0e+06 8.8e+03 0.0e+00  1  0 95 94  0   2  0100100  0     0
VecScatterEnd      15593 1.0 2.4583e+00 4.3 0.00e+00 0.0 0.0e+00 0.0e+00 0.0e+00  6  0  0  0  0   7  0  0  0  0     0
MatMult            15593 1.0 1.0646e+01 1.2 6.32e+09 1.0 2.0e+06 8.8e+03 0.0e+00 52 49 95 94  0  60 52100100  0 18865
KSPSetUp               1 1.0 4.6897e-04 1.2 0.00e+00 0.0 0.0e+00 0.0e+00 0.0e+00  0  0  0  0  0   0  0  0  0  0     0
KSPSolve              50 1.0 1.6340e+01 1.0 1.21e+10 1.0 2.0e+06 8.8e+03 6.2e+04 85 95 95 94 80 100100100100100 23715
PCSetUp                1 1.0 9.5367e-07 0.0 0.00e+00 0.0 0.0e+00 0.0e+00 0.0e+00  0  0  0  0  0   0  0  0  0  0     0
PCApply            15643 1.0 3.7983e-01 1.1 0.00e+00 0.0 0.0e+00 0.0e+00 0.0e+00  2  0  0  0  0   2  0  0  0  0     0

--- Event Stage 6: projectionStep

VecWAXPY              50 1.0 1.9242e-02 1.1 4.69e+06 1.0 0.0e+00 0.0e+00 0.0e+00  0  0  0  0  0  31 25  0  0  0  7717
VecScatterBegin       50 1.0 9.6774e-04 8.8 0.00e+00 0.0 3.2e+03 8.8e+03 0.0e+00  0  0  0  0  0   1  0100100  0     0
VecScatterEnd         50 1.0 7.1788e-03 4.1 0.00e+00 0.0 0.0e+00 0.0e+00 0.0e+00  0  0  0  0  0   5  0  0  0  0     0
MatMult               50 1.0 4.4644e-02 1.2 1.41e+07 1.0 3.2e+03 8.8e+03 0.0e+00  0  0  0  0  0  69 75100100  0  9979
------------------------------------------------------------------------------------------------------------------------

Memory usage is given in bytes:

Object Type          Creations   Destructions     Memory  Descendants' Mem.
Reports information only for process 0.

--- Event Stage 0: Main Stage

              Vector     0             44     17279288     0
      Vector Scatter     0             12      1013008     0
              Matrix     0             14     23399428     0
   Matrix Null Space     0              1          604     0
    Distributed Mesh     0              6        28512     0
Star Forest Bipartite Graph     0             12         9792     0
     Discrete System     0              6         4800     0
   IS L to G Mapping     0              4       608912     0
       Krylov Solver     0              2         2464     0
      Preconditioner     0              2         1664     0
              Viewer     2              1          752     0

--- Event Stage 1: initialize

              Vector    50             12        18656     0
      Vector Scatter    12              0            0     0
              Matrix    14              0            0     0
   Matrix Null Space     1              0            0     0
    Distributed Mesh     6              0            0     0
Star Forest Bipartite Graph    13              1          872     0
     Discrete System     6              0            0     0
           Index Set    16             16       626384     0
   IS L to G Mapping     4              0            0     0
       Krylov Solver     2              0            0     0
      Preconditioner     2              0            0     0

--- Event Stage 2: RHSVelocity


--- Event Stage 3: solveVelocity

              Vector    53             50     37578800     0

--- Event Stage 4: RHSPoisson


--- Event Stage 5: solvePoisson

              Vector    53             50     12578800     0

--- Event Stage 6: projectionStep

========================================================================================================================
Average time to get PetscTime(): 0
Average time for MPI_Barrier(): 6.19888e-06
Average time for zero size MPI_Send(): 1.15484e-06
#PETSc Option Table entries:
-caseFolder .
-log_summary
-sys1_pc_type none
-sys2_pc_type none
#End of PETSc Option Table entries
Compiled without FORTRAN kernels
Compiled with full precision matrices (default)
sizeof(short) 2 sizeof(int) 4 sizeof(long) 8 sizeof(void*) 8 sizeof(PetscScalar) 8 sizeof(PetscInt) 4
Configure options: COPTFLAGS=-O3 CXXOPTFLAGS=-O3 FOPTFLAGS=-O3 --PETSC_ARCH=linux-openmpi-gnu-opt --with-debugging=0 --with-mpi-dir=/c1/apps/openmpi/gcc/64/1.8/bin --with-blas-lib=/c1/apps/blas/gcc/1/lib64/libblas.a --with-lapack-lib=/c1/apps/lapack/gcc/3.4.1/lib/liblapack.a --with-shared-libraries=0
-----------------------------------------
Libraries compiled on Thu May 28 13:47:29 2015 on login3.colonialone.gwu.edu 
Machine characteristics: Linux-2.6.32-504.12.2.el6.x86_64-x86_64-with-redhat-6.6-Santiago
Using PETSc directory: /home/mesnardo/src/petsc/3.5.2
Using PETSc arch: linux-openmpi-gnu-opt
-----------------------------------------

Using C compiler: mpicc  -Wall -Wwrite-strings -Wno-strict-aliasing -Wno-unknown-pragmas -O3  ${COPTFLAGS} ${CFLAGS}
Using Fortran compiler: mpif90  -Wall -Wno-unused-variable -ffree-line-length-0 -Wno-unused-dummy-argument -O3   ${FOPTFLAGS} ${FFLAGS} 
-----------------------------------------

Using include paths: -I/home/mesnardo/src/petsc/3.5.2/linux-openmpi-gnu-opt/include -I/home/mesnardo/src/petsc/3.5.2/include -I/home/mesnardo/src/petsc/3.5.2/include -I/home/mesnardo/src/petsc/3.5.2/linux-openmpi-gnu-opt/include -I/c1/apps/openmpi/gcc/64/1.8/bin/include -I/c1/apps/openmpi/gcc/64/1.8/include
-----------------------------------------

Using C linker: mpicc
Using Fortran linker: mpif90
Using libraries: -Wl,-rpath,/home/mesnardo/src/petsc/3.5.2/linux-openmpi-gnu-opt/lib -L/home/mesnardo/src/petsc/3.5.2/linux-openmpi-gnu-opt/lib -lpetsc -Wl,-rpath,/c1/apps/lapack/gcc/3.4.1/lib -L/c1/apps/lapack/gcc/3.4.1/lib -llapack -Wl,-rpath,/c1/apps/blas/gcc/1/lib64 -L/c1/apps/blas/gcc/1/lib64 -lblas -lX11 -lpthread -lssl -lcrypto -L/c1/apps/openmpi/gcc/64/1.8/lib -L/cm/shared/apps/gcc/4.7.0/lib/gcc/x86_64-unknown-linux-gnu/4.7.0 -L/cm/shared/apps/gcc/4.7.0/lib64 -L/cm/shared/apps/gcc/4.7.0/lib -lmpi_usempi -lmpi_mpifh -lgfortran -lm -Wl,-rpath,/c1/apps/openmpi/gcc/64/1.8/lib -lgfortran -lm -lquadmath -lm -lmpi_cxx -lstdc++ -L/c1/apps/openmpi/gcc/64/1.8/lib -L/cm/shared/apps/gcc/4.7.0/lib/gcc/x86_64-unknown-linux-gnu/4.7.0 -L/cm/shared/apps/gcc/4.7.0/lib64 -L/c1/apps/openmpi/gcc/64/1.8/lib -L/cm/shared/apps/gcc/4.7.0/lib -ldl -Wl,-rpath,/c1/apps/openmpi/gcc/64/1.8/lib -lmpi -lgcc_s -lpthread -ldl  
-----------------------------------------

