
---------------------------------------
Flow
---------------------------------------
solver: Navier-Stokes
viscosity: 0.01

---------------------------------------
Mesh
---------------------------------------
size: 200 x 200 x 200

---------------------------------------
Time-stepping
---------------------------------------
convection: 2nd-order Adams-Bashforth
diffusion : Crank-Nicolson
time-increment      : 0.0025
starting time-step  : 0
number of time-steps: 20
saving-interval     : 100

---------------------------------------
Linear system for intermediate velocity
---------------------------------------
solver: cg
preconditioner: none
relative tolerance: 1e-06
absolute tolerance: 1e-50
maximum iterations: 10000

---------------------------------------
Linear system for pressure-force
---------------------------------------
solver: cg
preconditioner: none
relative tolerance: 1e-06
absolute tolerance: 1e-50
maximum iterations: 20000

---------------------------------------
************************************************************************************************************************
***             WIDEN YOUR WINDOW TO 120 CHARACTERS.  Use 'enscript -r -fCourier9' to print this document            ***
************************************************************************************************************************

---------------------------------------------- PETSc Performance Summary: ----------------------------------------------

/home/mesnardo/src/PetIBM/linux-openmpi-1.8-gcc-4.9.2-opt/PetIBM3d on a linux-openmpi-1.8-gcc-4.9.2-opt named node145 with 16 processors, by mesnardo Tue Jun 16 09:28:42 2015
Using Petsc Release Version 3.5.2, Sep, 08, 2014 

                         Max       Max/Min        Avg      Total 
Time (sec):           5.423e+02      1.00000   5.423e+02
Objects:              1.740e+02      1.00000   1.740e+02
Flops:                1.699e+11      1.00231   1.697e+11  2.715e+12
Flops/sec:            3.133e+08      1.00231   3.129e+08  5.007e+09
MPI Messages:         5.348e+04      1.33636   4.675e+04  7.480e+05
MPI Message Lengths:  3.291e+09      1.50074   5.865e+04  4.387e+10
MPI Reductions:       6.692e+04      1.00000

Flop counting convention: 1 flop = 1 real number operation of type (multiply/divide/add/subtract)
                            e.g., VecAXPY() for real vectors of length N --> 2N flops
                            and VecAXPY() for complex vectors of length N --> 8N flops

Summary of Stages:   ----- Time ------  ----- Flops -----  --- Messages ---  -- Message Lengths --  -- Reductions --
                        Avg     %Total     Avg     %Total   counts   %Total     Avg         %Total   counts   %Total 
 0:      Main Stage: 9.5975e-02   0.0%  0.0000e+00   0.0%  0.000e+00   0.0%  0.000e+00        0.0%  0.000e+00   0.0% 
 1:      initialize: 2.4997e+00   0.5%  9.0457e+08   0.0%  2.554e+03   0.3%  8.050e+01        0.1%  1.320e+02   0.2% 
 2:     RHSVelocity: 6.0935e+00   1.1%  9.5520e+08   0.0%  8.640e+03   1.2%  2.594e+02        0.4%  0.000e+00   0.0% 
 3:   solveVelocity: 2.7934e+01   5.2%  1.3745e+11   5.1%  1.333e+04   1.8%  3.044e+03        5.2%  6.940e+02   1.0% 
 4:      RHSPoisson: 4.2476e-01   0.1%  2.0704e+09   0.1%  5.600e+02   0.1%  4.278e+01        0.1%  0.000e+00   0.0% 
 5:    solvePoisson: 5.0458e+02  93.0%  2.5722e+12  94.7%  7.223e+05  96.6%  5.518e+04       94.1%  5.160e+04  77.1% 
 6:  projectionStep: 6.6710e-01   0.1%  1.9104e+09   0.1%  5.600e+02   0.1%  4.278e+01        0.1%  0.000e+00   0.0% 

------------------------------------------------------------------------------------------------------------------------
See the 'Profiling' chapter of the users' manual for details on interpreting output.
Phase summary info:
   Count: number of times phase was executed
   Time and Flops: Max - maximum over all processors
                   Ratio - ratio of maximum to minimum over all processors
   Mess: number of messages sent
   Avg. len: average message length (bytes)
   Reduct: number of global reductions
   Global: entire computation
   Stage: stages of a computation. Set stages with PetscLogStagePush() and PetscLogStagePop().
      %T - percent time in this phase         %F - percent flops in this phase
      %M - percent messages in this phase     %L - percent message lengths in this phase
      %R - percent reductions in this phase
   Total Mflop/s: 10e-6 * (sum of flops over all processors)/(max time over all processors)
------------------------------------------------------------------------------------------------------------------------
Event                Count      Time (sec)     Flops                             --- Global ---  --- Stage ---   Total
                   Max Ratio  Max     Ratio   Max  Ratio  Mess   Avg len Reduct  %T %F %M %L %R  %T %F %M %L %R Mflop/s
------------------------------------------------------------------------------------------------------------------------

--- Event Stage 0: Main Stage


--- Event Stage 1: initialize

VecSet                15 1.0 3.6056e-02 1.2 0.00e+00 0.0 0.0e+00 0.0e+00 0.0e+00  0  0  0  0  0   1  0  0  0  0     0
VecScatterBegin        8 1.0 1.9246e-02 1.2 0.00e+00 0.0 9.8e+02 3.3e+04 0.0e+00  0  0  0  0  0   1  0 38 53  0     0
VecScatterEnd          8 1.0 3.2179e-02 6.0 0.00e+00 0.0 0.0e+00 0.0e+00 0.0e+00  0  0  0  0  0   1  0  0  0  0     0
MatScale               4 1.0 2.9774e-01 1.1 4.49e+07 1.0 5.6e+01 1.7e+05 0.0e+00  0  0  0  0  0  12 79  2 16  0  2397
MatAssemblyBegin       8 1.0 9.7294e-02 8.5 0.00e+00 0.0 8.4e+01 3.8e+04 1.2e+01  0  0  0  0  0   2  0  3  5  9     0
MatAssemblyEnd         8 1.0 5.0761e-01 1.0 0.00e+00 0.0 3.4e+02 2.4e+04 3.2e+01  0  0  0  0  0  20  0 13 13 24     0
MatTranspose           1 1.0 2.5525e-01 1.0 0.00e+00 0.0 2.1e+02 2.7e+04 1.2e+01  0  0  0  0  0  10  0  8  9  9     0
MatMatMult             1 1.0 4.7867e-01 1.0 1.20e+07 1.0 2.2e+02 4.6e+04 1.6e+01  0  0  0  0  0  19 21  9 17 12   399
MatMatMultSym          1 1.0 3.7545e-01 1.0 0.00e+00 0.0 2.0e+02 3.7e+04 1.4e+01  0  0  0  0  0  15  0  8 12 11     0
MatMatMultNum          1 1.0 1.0327e-01 1.0 1.20e+07 1.0 2.8e+01 1.1e+05 2.0e+00  0  0  0  0  0   4 21  1  5  2  1850
MatGetLocalMat         2 1.0 1.7659e-01 1.1 0.00e+00 0.0 0.0e+00 0.0e+00 0.0e+00  0  0  0  0  0   7  0  0  0  0     0
MatGetBrAoCol          2 1.0 1.2132e-02 1.4 0.00e+00 0.0 1.1e+02 7.9e+04 0.0e+00  0  0  0  0  0   0  0  4 15  0     0
SFSetGraph             1 1.0 5.8293e-04271.7 0.00e+00 0.0 0.0e+00 0.0e+00 0.0e+00  0  0  0  0  0   0  0  0  0  0     0
SFReduceBegin          1 1.0 1.6341e-03 5.5 0.00e+00 0.0 7.0e+01 2.3e+04 0.0e+00  0  0  0  0  0   0  0  3  3  0     0
SFReduceEnd            1 1.0 3.0494e-04 3.9 0.00e+00 0.0 0.0e+00 0.0e+00 0.0e+00  0  0  0  0  0   0  0  0  0  0     0
generateQTBNQ          1 1.0 4.7868e-01 1.0 1.20e+07 1.0 2.2e+02 4.6e+04 1.6e+01  0  0  0  0  0  19 21  9 17 12   399

--- Event Stage 2: RHSVelocity

VecSet                20 1.0 6.1187e-02 1.3 0.00e+00 0.0 0.0e+00 0.0e+00 0.0e+00  0  0  0  0  0   1  0  0  0  0     0
VecWAXPY              20 1.0 1.8494e-01 2.0 3.00e+07 1.0 0.0e+00 0.0e+00 0.0e+00  0  0  0  0  0   3 50  0  0  0  2583
VecPointwiseMult      20 1.0 1.6965e-01 2.0 3.00e+07 1.0 0.0e+00 0.0e+00 0.0e+00  0  0  0  0  0   2 50  0  0  0  2815
VecScatterBegin       60 1.0 1.8011e-01 1.7 0.00e+00 0.0 8.6e+03 2.2e+04 0.0e+00  0  0  1  0  0   2  0100100  0     0
VecScatterEnd         60 1.0 2.4139e-0111.7 0.00e+00 0.0 0.0e+00 0.0e+00 0.0e+00  0  0  0  0  0   3  0  0  0  0     0

--- Event Stage 3: solveVelocity

VecTDot              436 1.0 5.3700e+00 1.8 1.31e+09 1.0 0.0e+00 0.0e+00 4.4e+02  1  1  0  0  1  13 15  0  0 63  3878
VecNorm              258 1.0 1.6135e+00 2.1 7.74e+08 1.0 0.0e+00 0.0e+00 2.6e+02  0  0  0  0  0   4  9  0  0 37  7637
VecCopy              278 1.0 3.3150e+00 1.4 0.00e+00 0.0 0.0e+00 0.0e+00 0.0e+00  1  0  0  0  0  10  0  0  0  0     0
VecAXPY              436 1.0 4.3333e+00 1.1 1.31e+09 1.0 0.0e+00 0.0e+00 0.0e+00  1  1  0  0  0  15 15  0  0  0  4805
VecAYPX              218 1.0 2.5482e+00 1.1 6.24e+08 1.0 0.0e+00 0.0e+00 0.0e+00  0  0  0  0  0   9  7  0  0  0  3898
VecScatterBegin      238 1.0 2.7336e-01 1.8 0.00e+00 0.0 1.3e+04 1.7e+05 0.0e+00  0  0  2  5  0   1  0100100  0     0
VecScatterEnd        238 1.0 2.5186e+0023.2 0.00e+00 0.0 0.0e+00 0.0e+00 0.0e+00  0  0  0  0  0   3  0  0  0  0     0
MatMult              238 1.0 1.4016e+01 1.2 4.63e+09 1.0 1.3e+04 1.7e+05 0.0e+00  2  3  2  5  0  48 54100100  0  5247
KSPSetUp               1 1.0 3.9748e-02 1.5 0.00e+00 0.0 0.0e+00 0.0e+00 0.0e+00  0  0  0  0  0   0  0  0  0  0     0
KSPSolve              20 1.0 2.8117e+01 1.0 8.64e+09 1.0 1.3e+04 1.7e+05 6.9e+02  5  5  2  5  1 100100100100100  4888
PCSetUp                1 1.0 9.5367e-07 0.0 0.00e+00 0.0 0.0e+00 0.0e+00 0.0e+00  0  0  0  0  0   0  0  0  0  0     0
PCApply              258 1.0 3.0987e+00 1.4 0.00e+00 0.0 0.0e+00 0.0e+00 0.0e+00  0  0  0  0  0   9  0  0  0  0     0

--- Event Stage 4: RHSPoisson

VecScale              20 1.0 4.7417e-02 2.0 1.00e+07 1.0 0.0e+00 0.0e+00 0.0e+00  0  0  0  0  0   7  8  0  0  0  3374
VecSet                20 1.0 4.1732e-02 1.4 0.00e+00 0.0 0.0e+00 0.0e+00 0.0e+00  0  0  0  0  0   8  0  0  0  0     0
VecScatterBegin       20 1.0 1.0150e-0251.0 0.00e+00 0.0 5.6e+02 5.7e+04 0.0e+00  0  0  0  0  0   1  0100100  0     0
VecScatterEnd         20 1.0 2.3902e-0215.8 0.00e+00 0.0 0.0e+00 0.0e+00 0.0e+00  0  0  0  0  0   2  0  0  0  0     0
MatMultAdd            20 1.0 3.6533e-01 1.1 1.20e+08 1.0 5.6e+02 5.7e+04 0.0e+00  0  0  0  0  0  84 92100100  0  5229

--- Event Stage 5: solvePoisson

VecTDot            25758 1.0 8.3494e+01 1.6 2.58e+10 1.0 0.0e+00 0.0e+00 2.6e+04 11 15  0  0 38  12 16  0  0 50  4936
VecNorm            12919 1.0 2.4504e+01 1.1 1.29e+10 1.0 0.0e+00 0.0e+00 1.3e+04  4  8  0  0 19   4  8  0  0 25  8435
VecCopy            12939 1.0 4.2915e+01 1.1 0.00e+00 0.0 0.0e+00 0.0e+00 0.0e+00  8  0  0  0  0   8  0  0  0  0     0
VecAXPY            25758 1.0 8.2290e+01 1.4 2.58e+10 1.0 0.0e+00 0.0e+00 0.0e+00 14 15  0  0  0  15 16  0  0  0  5008
VecAYPX            12879 1.0 3.9105e+01 1.1 1.29e+10 1.0 0.0e+00 0.0e+00 0.0e+00  7  8  0  0  0   7  8  0  0  0  5265
VecScatterBegin    12899 1.0 3.9957e+00 1.4 0.00e+00 0.0 7.2e+05 5.7e+04 0.0e+00  1  0 97 94  0   1  0100100  0     0
VecScatterEnd      12899 1.0 3.4448e+0114.9 0.00e+00 0.0 0.0e+00 0.0e+00 0.0e+00  2  0  0  0  0   2  0  0  0  0     0
MatMult            12899 1.0 2.4336e+02 1.1 8.36e+10 1.0 7.2e+05 5.7e+04 0.0e+00 43 49 97 94  0  46 52100100  0  5487
KSPSetUp               1 1.0 1.1698e-02 1.4 0.00e+00 0.0 0.0e+00 0.0e+00 0.0e+00  0  0  0  0  0   0  0  0  0  0     0
KSPSolve              20 1.0 5.0458e+02 1.0 1.61e+11 1.0 7.2e+05 5.7e+04 5.2e+04 93 95 97 94 77 100100100100100  5098
PCSetUp                1 1.0 9.5367e-07 0.0 0.00e+00 0.0 0.0e+00 0.0e+00 0.0e+00  0  0  0  0  0   0  0  0  0  0     0
PCApply            12919 1.0 4.2869e+01 1.1 0.00e+00 0.0 0.0e+00 0.0e+00 0.0e+00  8  0  0  0  0   8  0  0  0  0     0

--- Event Stage 6: projectionStep

VecWAXPY              20 1.0 2.0075e-01 1.4 3.00e+07 1.0 0.0e+00 0.0e+00 0.0e+00  0  0  0  0  0  26 25  0  0  0  2379
VecScatterBegin       20 1.0 4.3449e-0367.5 0.00e+00 0.0 5.6e+02 5.7e+04 0.0e+00  0  0  0  0  0   0  0100100  0     0
VecScatterEnd         20 1.0 4.5332e-0230.1 0.00e+00 0.0 0.0e+00 0.0e+00 0.0e+00  0  0  0  0  0   3  0  0  0  0     0
MatMult               20 1.0 5.1708e-01 1.1 9.00e+07 1.0 5.6e+02 5.7e+04 0.0e+00  0  0  0  0  0  74 75100100  0  2771
------------------------------------------------------------------------------------------------------------------------

Memory usage is given in bytes:

Object Type          Creations   Destructions     Memory  Descendants' Mem.
Reports information only for process 0.

--- Event Stage 0: Main Stage

              Vector     0             44    268477088     0
      Vector Scatter     0             12     16013008     0
              Matrix     0             14    373956928     0
   Matrix Null Space     0              1          604     0
    Distributed Mesh     0              6        28512     0
Star Forest Bipartite Graph     0             12         9792     0
     Discrete System     0              6         4800     0
   IS L to G Mapping     0              4      8658512     0
       Krylov Solver     0              2         2464     0
      Preconditioner     0              2         1664     0
              Viewer     2              1          752     0

--- Event Stage 1: initialize

              Vector    50             12        18656     0
      Vector Scatter    12              0            0     0
              Matrix    14              0            0     0
   Matrix Null Space     1              0            0     0
    Distributed Mesh     6              0            0     0
Star Forest Bipartite Graph    13              1          872     0
     Discrete System     6              0            0     0
           Index Set    16             16      8735684     0
   IS L to G Mapping     4              0            0     0
       Krylov Solver     2              0            0     0
      Preconditioner     2              0            0     0

--- Event Stage 2: RHSVelocity


--- Event Stage 3: solveVelocity

              Vector    23             20    240031520     0

--- Event Stage 4: RHSPoisson


--- Event Stage 5: solvePoisson

              Vector    23             20     80031520     0

--- Event Stage 6: projectionStep

========================================================================================================================
Average time to get PetscTime(): 9.53674e-08
Average time for MPI_Barrier(): 2.38419e-06
Average time for zero size MPI_Send(): 7.45058e-07
#PETSc Option Table entries:
-caseFolder .
-log_summary
-sys1_pc_type none
-sys2_pc_type none
#End of PETSc Option Table entries
Compiled without FORTRAN kernels
Compiled with full precision matrices (default)
sizeof(short) 2 sizeof(int) 4 sizeof(long) 8 sizeof(void*) 8 sizeof(PetscScalar) 8 sizeof(PetscInt) 4
Configure options: COPTFLAGS=-O3 CXXOPTFLAGS=-O3 FOPTFLAGS=-O3 --PETSC_ARCH=linux-openmpi-1.8-gcc-4.9.2-opt --with-debugging=0 --with-mpi-dir=/c1/apps/openmpi/1.8/gcc/4.9.2 --with-blas-lib=/c1/apps/blas/gcc/1/lib64/libblas.a --with-lapack-lib=/c1/apps/lapack/gcc/3.4.1/lib/liblapack.a --with-shared-libraries=0
-----------------------------------------
Libraries compiled on Thu Jun 11 19:17:23 2015 on login4.colonialone.gwu.edu 
Machine characteristics: Linux-2.6.32-504.12.2.el6.x86_64-x86_64-with-redhat-6.6-Santiago
Using PETSc directory: /home/mesnardo/src/petsc/3.5.2
Using PETSc arch: linux-openmpi-1.8-gcc-4.9.2-opt
-----------------------------------------

Using C compiler: /c1/apps/openmpi/1.8/gcc/4.9.2/bin/mpicc  -Wall -Wwrite-strings -Wno-strict-aliasing -Wno-unknown-pragmas -O3  ${COPTFLAGS} ${CFLAGS}
Using Fortran compiler: /c1/apps/openmpi/1.8/gcc/4.9.2/bin/mpif90  -Wall -Wno-unused-variable -ffree-line-length-0 -Wno-unused-dummy-argument -O3   ${FOPTFLAGS} ${FFLAGS} 
-----------------------------------------

Using include paths: -I/home/mesnardo/src/petsc/3.5.2/linux-openmpi-1.8-gcc-4.9.2-opt/include -I/home/mesnardo/src/petsc/3.5.2/include -I/home/mesnardo/src/petsc/3.5.2/include -I/home/mesnardo/src/petsc/3.5.2/linux-openmpi-1.8-gcc-4.9.2-opt/include -I/c1/apps/openmpi/1.8/gcc/4.9.2/include
-----------------------------------------

Using C linker: /c1/apps/openmpi/1.8/gcc/4.9.2/bin/mpicc
Using Fortran linker: /c1/apps/openmpi/1.8/gcc/4.9.2/bin/mpif90
Using libraries: -Wl,-rpath,/home/mesnardo/src/petsc/3.5.2/linux-openmpi-1.8-gcc-4.9.2-opt/lib -L/home/mesnardo/src/petsc/3.5.2/linux-openmpi-1.8-gcc-4.9.2-opt/lib -lpetsc -Wl,-rpath,/c1/apps/lapack/gcc/3.4.1/lib -L/c1/apps/lapack/gcc/3.4.1/lib -llapack -Wl,-rpath,/c1/apps/blas/gcc/1/lib64 -L/c1/apps/blas/gcc/1/lib64 -lblas -lX11 -lpthread -lssl -lcrypto -L/c1/apps/openmpi/1.8/gcc/4.9.2/lib -L/cm/shared/apps/gcc/4.7.0/lib/gcc/x86_64-unknown-linux-gnu/4.7.0 -L/cm/shared/apps/gcc/4.7.0/lib64 -L/cm/shared/apps/gcc/4.7.0/lib -lmpi_usempi -lmpi_mpifh -lgfortran -lm -Wl,-rpath,/c1/apps/openmpi/1.8/gcc/4.9.2/lib -lgfortran -lm -lquadmath -lm -lmpi_cxx -lstdc++ -L/c1/apps/openmpi/1.8/gcc/4.9.2/lib -L/cm/shared/apps/gcc/4.7.0/lib/gcc/x86_64-unknown-linux-gnu/4.7.0 -L/cm/shared/apps/gcc/4.7.0/lib64 -L/c1/apps/openmpi/1.8/gcc/4.9.2/lib -L/cm/shared/apps/gcc/4.7.0/lib -ldl -Wl,-rpath,/c1/apps/openmpi/1.8/gcc/4.9.2/lib -lmpi -lgcc_s -lpthread -ldl  
-----------------------------------------

