
---------------------------------------
Flow
---------------------------------------
solver: Navier-Stokes
viscosity: 0.01

---------------------------------------
Mesh
---------------------------------------
size: 200 x 200 x 200

---------------------------------------
Time-stepping
---------------------------------------
convection: 2nd-order Adams-Bashforth
diffusion : Crank-Nicolson
time-increment      : 0.0025
starting time-step  : 0
number of time-steps: 20
saving-interval     : 100

---------------------------------------
Linear system for intermediate velocity
---------------------------------------
solver: cg
preconditioner: none
relative tolerance: 1e-06
absolute tolerance: 1e-50
maximum iterations: 10000

---------------------------------------
Linear system for pressure-force
---------------------------------------
solver: cg
preconditioner: none
relative tolerance: 1e-06
absolute tolerance: 1e-50
maximum iterations: 20000

---------------------------------------
************************************************************************************************************************
***             WIDEN YOUR WINDOW TO 120 CHARACTERS.  Use 'enscript -r -fCourier9' to print this document            ***
************************************************************************************************************************

---------------------------------------------- PETSc Performance Summary: ----------------------------------------------

/home/mesnardo/src/PetIBM_maclach/bin/PetIBM3d on a arch-linux2-c-debug named node106 with 2 processors, by mesnardo Wed Jun 10 19:12:24 2015
Using Petsc Release Version 3.5.2, Sep, 08, 2014 

                         Max       Max/Min        Avg      Total 
Time (sec):           8.679e+03      1.00000   8.679e+03
Objects:              1.740e+02      1.00000   1.740e+02
Flops:                1.358e+12      1.00017   1.358e+12  2.715e+12
Flops/sec:            1.564e+08      1.00017   1.564e+08  3.129e+08
Memory:               6.095e+09      1.00242              1.218e+10
MPI Messages:         1.324e+04      1.00004   1.324e+04  2.649e+04
MPI Message Lengths:  4.387e+09      1.00000   3.312e+05  8.773e+09
MPI Reductions:       1.152e+05      1.00000

Flop counting convention: 1 flop = 1 real number operation of type (multiply/divide/add/subtract)
                            e.g., VecAXPY() for real vectors of length N --> 2N flops
                            and VecAXPY() for complex vectors of length N --> 8N flops

Summary of Stages:   ----- Time ------  ----- Flops -----  --- Messages ---  -- Message Lengths --  -- Reductions --
                        Avg     %Total     Avg     %Total   counts   %Total     Avg         %Total   counts   %Total 
 0:      Main Stage: 1.4712e+00   0.0%  0.0000e+00   0.0%  0.000e+00   0.0%  0.000e+00        0.0%  0.000e+00   0.0% 
 1:      initialize: 4.0898e+01   0.5%  9.0457e+08   0.0%  5.350e+01   0.2%  4.521e+02        0.1%  2.560e+02   0.2% 
 2:     solveIntVel: 4.8277e+02   5.6%  1.3840e+11   5.1%  5.960e+02   2.3%  1.864e+04        5.6%  1.388e+03   1.2% 
 3:   solvePoissSys: 8.1421e+03  93.8%  2.5740e+12  94.8%  2.582e+04  97.5%  3.119e+05       94.2%  1.032e+05  89.6% 
 4:  projectionStep: 1.1320e+01   0.1%  1.9104e+09   0.1%  2.000e+01   0.1%  2.416e+02        0.1%  2.000e+01   0.0% 

------------------------------------------------------------------------------------------------------------------------
See the 'Profiling' chapter of the users' manual for details on interpreting output.
Phase summary info:
   Count: number of times phase was executed
   Time and Flops: Max - maximum over all processors
                   Ratio - ratio of maximum to minimum over all processors
   Mess: number of messages sent
   Avg. len: average message length (bytes)
   Reduct: number of global reductions
   Global: entire computation
   Stage: stages of a computation. Set stages with PetscLogStagePush() and PetscLogStagePop().
      %T - percent time in this phase         %F - percent flops in this phase
      %M - percent messages in this phase     %L - percent message lengths in this phase
      %R - percent reductions in this phase
   Total Mflop/s: 10e-6 * (sum of flops over all processors)/(max time over all processors)
------------------------------------------------------------------------------------------------------------------------


      ##########################################################
      #                                                        #
      #                          WARNING!!!                    #
      #                                                        #
      #   This code was compiled with a debugging option,      #
      #   To get timing results run ./configure                #
      #   using --with-debugging=no, the performance will      #
      #   be generally two or three times faster.              #
      #                                                        #
      ##########################################################


Event                Count      Time (sec)     Flops                             --- Global ---  --- Stage ---   Total
                   Max Ratio  Max     Ratio   Max  Ratio  Mess   Avg len Reduct  %T %F %M %L %R  %T %F %M %L %R Mflop/s
------------------------------------------------------------------------------------------------------------------------

--- Event Stage 0: Main Stage


--- Event Stage 1: initialize

ThreadCommRunKer       1 1.0 5.0068e-06 1.2 0.00e+00 0.0 0.0e+00 0.0e+00 0.0e+00  0  0  0  0  0   0  0  0  0  0     0
ThreadCommBarrie       1 1.0 1.9073e-06 1.0 0.00e+00 0.0 0.0e+00 0.0e+00 0.0e+00  0  0  0  0  0   0  0  0  0  0     0
VecSet                15 1.0 1.4617e-01 1.0 0.00e+00 0.0 0.0e+00 0.0e+00 0.0e+00  0  0  0  0  0   0  0  0  0  0     0
VecScatterBegin        8 1.0 1.2040e-01 1.0 0.00e+00 0.0 1.6e+01 4.0e+05 0.0e+00  0  0  0  0  0   0  0 30 53  0     0
VecScatterEnd          8 1.0 1.2903e-02 1.9 0.00e+00 0.0 0.0e+00 0.0e+00 0.0e+00  0  0  0  0  0   0  0  0  0  0     0
MatScale               4 1.0 9.6229e-01 1.0 3.57e+08 1.0 2.0e+00 9.6e+05 0.0e+00  0  0  0  0  0   2 79  4 16  0   741
MatAssemblyBegin       8 1.0 6.5118e-02 8.7 0.00e+00 0.0 3.0e+00 2.1e+05 1.2e+01  0  0  0  0  0   0  0  6  5  5     0
MatAssemblyEnd         8 1.0 7.1189e+00 1.0 0.00e+00 0.0 1.2e+01 1.3e+05 5.6e+01  0  0  0  0  0  17  0 22 13 22     0
MatTranspose           1 1.0 5.9280e+00 1.0 0.00e+00 0.0 7.5e+00 1.5e+05 2.4e+01  0  0  0  0  0  14  0 14  9  9     0
MatMatMult             1 1.0 9.0462e+00 1.0 9.55e+07 1.0 8.0e+00 2.6e+05 2.2e+01  0  0  0  0  0  22 21 15 17  9    21
MatMatMultSym          1 1.0 6.5055e+00 1.0 0.00e+00 0.0 7.0e+00 2.1e+05 2.0e+01  0  0  0  0  0  16  0 13 12  8     0
MatMatMultNum          1 1.0 2.5406e+00 1.0 9.55e+07 1.0 1.0e+00 6.4e+05 2.0e+00  0  0  0  0  0   6 21  2  5  1    75
MatGetLocalMat         2 1.0 1.9379e+00 1.0 0.00e+00 0.0 0.0e+00 0.0e+00 0.0e+00  0  0  0  0  0   5  0  0  0  0     0
MatGetBrAoCol          2 1.0 1.4798e-01 1.0 0.00e+00 0.0 4.0e+00 4.4e+05 0.0e+00  0  0  0  0  0   0  0  7 15  0     0
SFSetGraph             1 1.0 5.7740e-03207.0 0.00e+00 0.0 0.0e+00 0.0e+00 0.0e+00  0  0  0  0  0   0  0  0  0  0     0
SFReduceBegin          1 1.0 8.1940e-0310.4 0.00e+00 0.0 2.5e+00 1.3e+05 0.0e+00  0  0  0  0  0   0  0  5  3  0     0
SFReduceEnd            1 1.0 8.5902e-04 7.7 0.00e+00 0.0 0.0e+00 0.0e+00 0.0e+00  0  0  0  0  0   0  0  0  0  0     0
generateQTBNQ          1 1.0 9.0462e+00 1.0 9.55e+07 1.0 8.0e+00 2.6e+05 2.2e+01  0  0  0  0  0  22 21 15 17  9    21

--- Event Stage 2: solveIntVel

VecTDot              436 1.0 7.6791e+00 1.0 1.04e+10 1.0 0.0e+00 0.0e+00 4.4e+02  0  1  0  0  0   2 15  0  0 31  2712
VecNorm              258 1.0 4.4244e+00 1.1 6.17e+09 1.0 0.0e+00 0.0e+00 2.6e+02  0  0  0  0  0   1  9  0  0 19  2785
VecCopy              278 1.0 9.7020e+00 1.0 0.00e+00 0.0 0.0e+00 0.0e+00 0.0e+00  0  0  0  0  0   2  0  0  0  0     0
VecSet                20 1.0 4.2345e-01 1.0 0.00e+00 0.0 0.0e+00 0.0e+00 0.0e+00  0  0  0  0  0   0  0  0  0  0     0
VecAXPY              436 1.0 8.2898e+00 1.0 1.04e+10 1.0 0.0e+00 0.0e+00 0.0e+00  0  1  0  0  0   2 15  0  0  0  2512
VecAYPX              218 1.0 9.9991e+00 1.0 4.98e+09 1.0 0.0e+00 0.0e+00 0.0e+00  0  0  0  0  0   2  7  0  0  0   993
VecWAXPY              20 1.0 9.2148e-01 1.0 2.39e+08 1.0 0.0e+00 0.0e+00 0.0e+00  0  0  0  0  0   0  0  0  0  0   518
VecPointwiseMult      20 1.0 8.7011e-01 1.0 2.39e+08 1.0 0.0e+00 0.0e+00 0.0e+00  0  0  0  0  0   0  0  0  0  0   549
VecScatterBegin      298 1.0 1.2109e+00 1.1 0.00e+00 0.0 6.0e+02 8.3e+05 0.0e+00  0  0  2  6  0   0  0100100  0     0
VecScatterEnd        298 1.0 1.0056e+00 5.1 0.00e+00 0.0 0.0e+00 0.0e+00 0.0e+00  0  0  0  0  0   0  0  0  0  0     0
MatMult              238 1.0 1.1197e+02 1.0 3.68e+10 1.0 4.8e+02 9.6e+05 0.0e+00  1  3  2  5  0  23 53 80 92  0   657
KSPSetUp               1 1.0 1.1134e-01 1.0 0.00e+00 0.0 0.0e+00 0.0e+00 0.0e+00  0  0  0  0  0   0  0  0  0  0     0
KSPSolve              20 1.0 3.9460e+02 1.0 6.88e+10 1.0 4.8e+02 9.6e+05 1.3e+03  5  5  2  5  1  82 99 80 92 97   348
PCSetUp                1 1.0 2.1458e-06 1.8 0.00e+00 0.0 0.0e+00 0.0e+00 0.0e+00  0  0  0  0  0   0  0  0  0  0     0
PCApply              258 1.0 9.0235e+00 1.0 0.00e+00 0.0 0.0e+00 0.0e+00 0.0e+00  0  0  0  0  0   2  0  0  0  0     0

--- Event Stage 3: solvePoissSys

VecTDot            25756 1.0 1.5450e+02 1.0 2.06e+11 1.0 0.0e+00 0.0e+00 2.6e+04  2 15  0  0 22   2 16  0  0 25  2667
VecNorm            12918 1.0 6.8258e+01 1.0 1.03e+11 1.0 0.0e+00 0.0e+00 1.3e+04  1  8  0  0 11   1  8  0  0 13  3028
VecScale              20 1.0 8.8057e-02 1.0 8.00e+07 1.0 0.0e+00 0.0e+00 0.0e+00  0  0  0  0  0   0  0  0  0  0  1817
VecCopy            12938 1.0 1.4801e+02 1.0 0.00e+00 0.0 0.0e+00 0.0e+00 0.0e+00  2  0  0  0  0   2  0  0  0  0     0
VecSet                20 1.0 1.4192e-01 1.0 0.00e+00 0.0 0.0e+00 0.0e+00 0.0e+00  0  0  0  0  0   0  0  0  0  0     0
VecAXPY            25756 1.0 1.6541e+02 1.0 2.06e+11 1.0 0.0e+00 0.0e+00 0.0e+00  2 15  0  0  0   2 16  0  0  0  2491
VecAYPX            12878 1.0 1.9859e+02 1.0 1.03e+11 1.0 0.0e+00 0.0e+00 0.0e+00  2  8  0  0  0   2  8  0  0  0  1037
VecScatterBegin    12918 1.0 2.2489e+00 1.0 0.00e+00 0.0 2.6e+04 3.2e+05 0.0e+00  0  0 97 94  0   0  0100100  0     0
VecScatterEnd      12918 1.0 4.4631e+00 1.0 0.00e+00 0.0 0.0e+00 0.0e+00 0.0e+00  0  0  0  0  0   0  0  0  0  0     0
MatMult            12898 1.0 2.0271e+03 1.0 6.68e+11 1.0 2.6e+04 3.2e+05 0.0e+00 23 49 97 94  0  25 52100100  0   659
MatMultAdd            20 1.0 2.8782e+00 1.0 9.55e+08 1.0 2.0e+01 3.2e+05 0.0e+00  0  0  0  0  0   0  0  0  0  0   664
KSPSetUp               1 1.0 3.9042e-02 1.0 0.00e+00 0.0 0.0e+00 0.0e+00 0.0e+00  0  0  0  0  0   0  0  0  0  0     0
KSPSolve              20 1.0 8.1390e+03 1.0 1.29e+12 1.0 2.6e+04 3.2e+05 1.0e+05 94 95 97 94 90 100100100100100   316
PCSetUp                1 1.0 2.1458e-06 1.0 0.00e+00 0.0 0.0e+00 0.0e+00 0.0e+00  0  0  0  0  0   0  0  0  0  0     0
PCApply            12918 1.0 1.4786e+02 1.0 0.00e+00 0.0 0.0e+00 0.0e+00 0.0e+00  2  0  0  0  0   2  0  0  0  0     0

--- Event Stage 4: projectionStep

VecWAXPY              20 1.0 9.3532e-01 1.0 2.39e+08 1.0 0.0e+00 0.0e+00 0.0e+00  0  0  0  0  0   8 25  0  0  0   511
VecScatterBegin       20 1.0 3.7267e-0320.0 0.00e+00 0.0 2.0e+01 3.2e+05 0.0e+00  0  0  0  0  0   0  0100100  0     0
VecScatterEnd         20 1.0 1.9000e-02 3.9 0.00e+00 0.0 0.0e+00 0.0e+00 0.0e+00  0  0  0  0  0   0  0  0  0  0     0
MatMult               20 1.0 4.0809e+00 1.0 7.18e+08 1.0 2.0e+01 3.2e+05 0.0e+00  0  0  0  0  0  36 75100100  0   351
------------------------------------------------------------------------------------------------------------------------

Memory usage is given in bytes:

Object Type          Creations   Destructions     Memory  Descendants' Mem.
Reports information only for process 0.

--- Event Stage 0: Main Stage

              Vector     0             44   2121812896     0
      Vector Scatter     0             12    127693008     0
              Matrix     0             14   2982915328     0
   Matrix Null Space     0              1          604     0
    Distributed Mesh     0              6        28512     0
Star Forest Bipartite Graph     0             12         9792     0
     Discrete System     0              6         4800     0
   IS L to G Mapping     0              4     66429680     0
       Krylov Solver     0              2         2464     0
      Preconditioner     0              2         1664     0
              Viewer     2              1          752     0

--- Event Stage 1: initialize

              Vector    50             12        18656     0
      Vector Scatter    12              0            0     0
              Matrix    14              0            0     0
   Matrix Null Space     1              0            0     0
    Distributed Mesh     6              0            0     0
Star Forest Bipartite Graph    13              1          872     0
     Discrete System     6              0            0     0
           Index Set    16             16     65289472     0
   IS L to G Mapping     4              0            0     0
       Krylov Solver     2              0            0     0
      Preconditioner     2              0            0     0

--- Event Stage 2: solveIntVel

              Vector    23             20   1913631520     0

--- Event Stage 3: solvePoissSys

              Vector    23             20    640031520     0

--- Event Stage 4: projectionStep

========================================================================================================================
Average time to get PetscTime(): 0
Average time for MPI_Barrier(): 4.29153e-07
Average time for zero size MPI_Send(): 1.07288e-06
#PETSc Option Table entries:
-caseFolder .
-log_summary
-sys1_pc_type none
-sys2_pc_type none
#End of PETSc Option Table entries
Compiled without FORTRAN kernels
Compiled with full precision matrices (default)
sizeof(short) 2 sizeof(int) 4 sizeof(long) 8 sizeof(void*) 8 sizeof(PetscScalar) 8 sizeof(PetscInt) 4
Configure options: --with-mpi-dir=/c1/apps/openmpi/1.8/gcc/4.9.2 --with-blas-lib=/c1/apps/blas/gcc/1/lib64/libfblas.a --with-lapack-lib=/c1/apps/lapack/gcc/3.4.1/lib/libflapack.a --prefix=/c1/apps/petsc/3.5.2
-----------------------------------------
Libraries compiled on Thu May 14 01:37:42 2015 on login3.colonialone.gwu.edu 
Machine characteristics: Linux-2.6.32-504.12.2.el6.x86_64-x86_64-with-redhat-6.6-Santiago
Using PETSc directory: /home/maclach/source/petsc-3.5.2
Using PETSc arch: arch-linux2-c-debug
-----------------------------------------

Using C compiler: /c1/apps/openmpi/1.8/gcc/4.9.2/bin/mpicc  -fPIC -Wall -Wwrite-strings -Wno-strict-aliasing -Wno-unknown-pragmas -g3 -O0  ${COPTFLAGS} ${CFLAGS}
Using Fortran compiler: /c1/apps/openmpi/1.8/gcc/4.9.2/bin/mpif90  -fPIC -Wall -Wno-unused-variable -ffree-line-length-0 -Wno-unused-dummy-argument -g -O0   ${FOPTFLAGS} ${FFLAGS} 
-----------------------------------------

Using include paths: -I/home/maclach/source/petsc-3.5.2/arch-linux2-c-debug/include -I/home/maclach/source/petsc-3.5.2/include -I/home/maclach/source/petsc-3.5.2/include -I/home/maclach/source/petsc-3.5.2/arch-linux2-c-debug/include -I/c1/apps/openmpi/1.8/gcc/4.9.2/include
-----------------------------------------

Using C linker: /c1/apps/openmpi/1.8/gcc/4.9.2/bin/mpicc
Using Fortran linker: /c1/apps/openmpi/1.8/gcc/4.9.2/bin/mpif90
Using libraries: -Wl,-rpath,/home/maclach/source/petsc-3.5.2/arch-linux2-c-debug/lib -L/home/maclach/source/petsc-3.5.2/arch-linux2-c-debug/lib -lpetsc -Wl,-rpath,/c1/apps/lapack/gcc/3.4.1/lib -L/c1/apps/lapack/gcc/3.4.1/lib -lflapack -Wl,-rpath,/c1/apps/blas/gcc/1/lib64 -L/c1/apps/blas/gcc/1/lib64 -lfblas -lX11 -lpthread -lssl -lcrypto -Wl,-rpath,/c1/apps/openmpi/1.8/gcc/4.9.2/lib -L/c1/apps/openmpi/1.8/gcc/4.9.2/lib -Wl,-rpath,/c1/apps/gcc/4.9.2/lib/gcc/x86_64-unknown-linux-gnu/4.9.2 -L/c1/apps/gcc/4.9.2/lib/gcc/x86_64-unknown-linux-gnu/4.9.2 -Wl,-rpath,/c1/apps/gcc/4.9.2/lib64 -L/c1/apps/gcc/4.9.2/lib64 -Wl,-rpath,/c1/apps/gcc/4.9.2/lib -L/c1/apps/gcc/4.9.2/lib -lmpi_usempi -lmpi_mpifh -lgfortran -lm -lgfortran -lm -lquadmath -lm -lmpi_cxx -lstdc++ -Wl,-rpath,/c1/apps/openmpi/1.8/gcc/4.9.2/lib -L/c1/apps/openmpi/1.8/gcc/4.9.2/lib -Wl,-rpath,/c1/apps/blas/gcc/1/lib64 -L/c1/apps/blas/gcc/1/lib64 -Wl,-rpath,/c1/apps/gcc/4.9.2/lib/gcc/x86_64-unknown-linux-gnu/4.9.2 -L/c1/apps/gcc/4.9.2/lib/gcc/x86_64-unknown-linux-gnu/4.9.2 -Wl,-rpath,/c1/apps/gcc/4.9.2/lib64 -L/c1/apps/gcc/4.9.2/lib64 -Wl,-rpath,/c1/apps/openmpi/1.8/gcc/4.9.2/lib -L/c1/apps/openmpi/1.8/gcc/4.9.2/lib -Wl,-rpath,/c1/apps/blas/gcc/1/lib64 -L/c1/apps/blas/gcc/1/lib64 -Wl,-rpath,/c1/apps/lapack/gcc/3.4.1/lib -L/c1/apps/lapack/gcc/3.4.1/lib -Wl,-rpath,/c1/apps/gcc/4.9.2/lib -L/c1/apps/gcc/4.9.2/lib -ldl -Wl,-rpath,/c1/apps/openmpi/1.8/gcc/4.9.2/lib -lmpi -lgcc_s -lpthread -ldl  
-----------------------------------------

