
---------------------------------------
Flow
---------------------------------------
solver: Navier-Stokes
viscosity: 0.01

---------------------------------------
Mesh
---------------------------------------
size: 100 x 100 x 100

---------------------------------------
Time-stepping
---------------------------------------
convection: 2nd-order Adams-Bashforth
diffusion : Crank-Nicolson
time-increment      : 0.0025
starting time-step  : 0
number of time-steps: 50
saving-interval     : 100

---------------------------------------
Linear system for intermediate velocity
---------------------------------------
solver: cg
preconditioner: none
relative tolerance: 1e-06
absolute tolerance: 1e-50
maximum iterations: 10000

---------------------------------------
Linear system for pressure-force
---------------------------------------
solver: cg
preconditioner: none
relative tolerance: 1e-06
absolute tolerance: 1e-50
maximum iterations: 20000

---------------------------------------
************************************************************************************************************************
***             WIDEN YOUR WINDOW TO 120 CHARACTERS.  Use 'enscript -r -fCourier9' to print this document            ***
************************************************************************************************************************

---------------------------------------------- PETSc Performance Summary: ----------------------------------------------

/home/mesnardo/src/PetIBM_maclach/bin/PetIBM3d on a arch-linux2-c-debug named node145 with 64 processors, by mesnardo Tue Jun  9 14:22:00 2015
Using Petsc Release Version 3.5.2, Sep, 08, 2014 

                         Max       Max/Min        Avg      Total 
Time (sec):           5.244e+01      1.00000   5.244e+01
Objects:              2.340e+02      1.00000   2.340e+02
Flops:                6.396e+09      1.01164   6.362e+09  4.072e+11
Flops/sec:            1.220e+08      1.01164   1.213e+08  7.765e+09
Memory:               2.624e+07      1.06716              1.638e+09
MPI Messages:         9.973e+04      2.03977   7.401e+04  4.737e+06
MPI Message Lengths:  4.983e+08      2.00385   5.047e+03  2.391e+10
MPI Reductions:       1.368e+05      1.00000

Flop counting convention: 1 flop = 1 real number operation of type (multiply/divide/add/subtract)
                            e.g., VecAXPY() for real vectors of length N --> 2N flops
                            and VecAXPY() for complex vectors of length N --> 8N flops

Summary of Stages:   ----- Time ------  ----- Flops -----  --- Messages ---  -- Message Lengths --  -- Reductions --
                        Avg     %Total     Avg     %Total   counts   %Total     Avg         %Total   counts   %Total 
 0:      Main Stage: 3.4174e-02   0.1%  0.0000e+00   0.0%  0.000e+00   0.0%  0.000e+00        0.0%  0.000e+00   0.0% 
 1:      initialize: 4.9592e-01   0.9%  1.1214e+08   0.0%  1.548e+04   0.3%  5.819e+00        0.1%  2.560e+02   0.2% 
 2:     solveIntVel: 3.1345e+00   6.0%  1.8320e+10   4.5%  2.159e+05   4.6%  2.854e+02        5.7%  1.472e+03   1.1% 
 3:   solvePoissSys: 4.8517e+01  92.5%  3.8815e+11  95.3%  4.498e+06  95.0%  4.748e+03       94.1%  1.247e+05  91.1% 
 4:  projectionStep: 1.1933e-01   0.2%  5.9400e+08   0.1%  7.200e+03   0.2%  7.600e+00        0.2%  5.000e+01   0.0% 

------------------------------------------------------------------------------------------------------------------------
See the 'Profiling' chapter of the users' manual for details on interpreting output.
Phase summary info:
   Count: number of times phase was executed
   Time and Flops: Max - maximum over all processors
                   Ratio - ratio of maximum to minimum over all processors
   Mess: number of messages sent
   Avg. len: average message length (bytes)
   Reduct: number of global reductions
   Global: entire computation
   Stage: stages of a computation. Set stages with PetscLogStagePush() and PetscLogStagePop().
      %T - percent time in this phase         %F - percent flops in this phase
      %M - percent messages in this phase     %L - percent message lengths in this phase
      %R - percent reductions in this phase
   Total Mflop/s: 10e-6 * (sum of flops over all processors)/(max time over all processors)
------------------------------------------------------------------------------------------------------------------------


      ##########################################################
      #                                                        #
      #                          WARNING!!!                    #
      #                                                        #
      #   This code was compiled with a debugging option,      #
      #   To get timing results run ./configure                #
      #   using --with-debugging=no, the performance will      #
      #   be generally two or three times faster.              #
      #                                                        #
      ##########################################################


Event                Count      Time (sec)     Flops                             --- Global ---  --- Stage ---   Total
                   Max Ratio  Max     Ratio   Max  Ratio  Mess   Avg len Reduct  %T %F %M %L %R  %T %F %M %L %R Mflop/s
------------------------------------------------------------------------------------------------------------------------

--- Event Stage 0: Main Stage


--- Event Stage 1: initialize

ThreadCommRunKer       1 1.0 9.0599e-06 2.4 0.00e+00 0.0 0.0e+00 0.0e+00 0.0e+00  0  0  0  0  0   0  0  0  0  0     0
ThreadCommBarrie       1 1.0 2.8610e-06 2.4 0.00e+00 0.0 0.0e+00 0.0e+00 0.0e+00  0  0  0  0  0   0  0  0  0  0     0
VecSet                15 1.0 1.0557e-03 1.1 0.00e+00 0.0 0.0e+00 0.0e+00 0.0e+00  0  0  0  0  0   0  0  0  0  0     0
VecScatterBegin        8 1.0 1.4660e-03 1.7 0.00e+00 0.0 6.2e+03 2.4e+03 0.0e+00  0  0  0  0  0   0  0 40 54  0     0
VecScatterEnd          8 1.0 2.2190e-03 1.8 0.00e+00 0.0 0.0e+00 0.0e+00 0.0e+00  0  0  0  0  0   0  0  0  0  0     0
MatScale               4 1.0 5.8911e-03 1.1 1.41e+06 1.1 2.9e+02 1.5e+04 0.0e+00  0  0  0  0  0   1 79  2 16  0 15003
MatAssemblyBegin       8 1.0 6.3660e-03 4.2 0.00e+00 0.0 4.3e+02 3.3e+03 1.2e+01  0  0  0  0  0   1  0  3  5  5     0
MatAssemblyEnd         8 1.0 4.4885e-02 1.0 0.00e+00 0.0 1.7e+03 2.1e+03 5.6e+01  0  0  0  0  0   9  0 11 13 22     0
MatTranspose           1 1.0 1.1300e-01 1.0 0.00e+00 0.0 1.1e+03 2.3e+03 2.4e+01  0  0  0  0  0  23  0  7  9  9     0
MatMatMult             1 1.0 4.5362e-02 1.0 3.75e+05 1.0 1.2e+03 4.1e+03 2.2e+01  0  0  0  0  0   9 21  7 17  9   524
MatMatMultSym          1 1.0 3.4234e-02 1.0 0.00e+00 0.0 1.0e+03 3.2e+03 2.0e+01  0  0  0  0  0   7  0  7 12  8     0
MatMatMultNum          1 1.0 1.1093e-02 1.0 3.75e+05 1.0 1.4e+02 1.0e+04 2.0e+00  0  0  0  0  0   2 21  1  5  1  2142
MatGetLocalMat         2 1.0 8.4040e-03 1.1 0.00e+00 0.0 0.0e+00 0.0e+00 0.0e+00  0  0  0  0  0   2  0  0  0  0     0
MatGetBrAoCol          2 1.0 4.1001e-03 1.6 0.00e+00 0.0 5.8e+02 6.9e+03 0.0e+00  0  0  0  0  0   1  0  4 14  0     0
SFSetGraph             1 1.0 3.0994e-0412.4 0.00e+00 0.0 0.0e+00 0.0e+00 0.0e+00  0  0  0  0  0   0  0  0  0  0     0
SFReduceBegin          1 1.0 8.5425e-02 1.7 0.00e+00 0.0 3.6e+02 2.0e+03 0.0e+00  0  0  0  0  0  14  0  2  3  0     0
SFReduceEnd            1 1.0 5.9450e-03498.7 0.00e+00 0.0 0.0e+00 0.0e+00 0.0e+00  0  0  0  0  0   0  0  0  0  0     0
generateQTBNQ          1 1.0 4.5379e-02 1.0 3.75e+05 1.0 1.2e+03 4.1e+03 2.2e+01  0  0  0  0  0   9 21  7 17  9   524

--- Event Stage 2: solveIntVel

VecTDot              424 1.0 1.6662e-01 1.6 3.97e+07 1.0 0.0e+00 0.0e+00 4.2e+02  0  1  0  0  0   4 14  0  0 29 15115
VecNorm              312 1.0 7.6279e-02 2.1 2.92e+07 1.0 0.0e+00 0.0e+00 3.1e+02  0  0  0  0  0   2 10  0  0 21 24296
VecCopy              362 1.0 1.7862e-02 1.1 0.00e+00 0.0 0.0e+00 0.0e+00 0.0e+00  0  0  0  0  0   1  0  0  0  0     0
VecSet                50 1.0 5.0185e-03 1.1 0.00e+00 0.0 0.0e+00 0.0e+00 0.0e+00  0  0  0  0  0   0  0  0  0  0     0
VecAXPY              424 1.0 5.8711e-02 1.1 3.98e+07 1.0 0.0e+00 0.0e+00 0.0e+00  0  1  0  0  0   2 14  0  0  0 42898
VecAYPX              212 1.0 3.8066e-02 1.0 1.75e+07 1.0 0.0e+00 0.0e+00 0.0e+00  0  0  0  0  0   1  6  0  0  0 29181
VecWAXPY              50 1.0 9.8174e-03 1.1 2.34e+06 1.0 0.0e+00 0.0e+00 0.0e+00  0  0  0  0  0   0  1  0  0  0 15126
VecPointwiseMult      50 1.0 9.3210e-03 1.1 2.34e+06 1.0 0.0e+00 0.0e+00 0.0e+00  0  0  0  0  0   0  1  0  0  0 15932
VecScatterBegin      412 1.0 4.8072e-02 1.8 0.00e+00 0.0 2.2e+05 6.3e+03 0.0e+00  0  0  5  6  0   1  0100100  0     0
VecScatterEnd        412 1.0 2.3170e-01 6.1 0.00e+00 0.0 0.0e+00 0.0e+00 0.0e+00  0  0  0  0  0   7  0  0  0  0     0
MatMult              262 1.0 6.1211e-01 1.1 1.60e+08 1.1 7.5e+04 1.5e+04 0.0e+00  1  2  2  5  0  19 55 35 83  0 16373
KSPSetUp               1 1.0 1.0400e-03 1.1 0.00e+00 0.0 0.0e+00 0.0e+00 0.0e+00  0  0  0  0  0   0  0  0  0  0     0
KSPSolve              50 1.0 2.0211e+00 1.0 2.86e+08 1.1 7.5e+04 1.5e+04 1.4e+03  4  4  2  5  1  64 98 35 83 93  8917
PCSetUp                1 1.0 4.0531e-06 4.2 0.00e+00 0.0 0.0e+00 0.0e+00 0.0e+00  0  0  0  0  0   0  0  0  0  0     0
PCApply              312 1.0 1.4534e-02 1.1 0.00e+00 0.0 0.0e+00 0.0e+00 0.0e+00  0  0  0  0  0   0  0  0  0  0     0

--- Event Stage 3: solvePoissSys

VecTDot            31086 1.0 5.1223e+00 1.5 9.71e+08 1.0 0.0e+00 0.0e+00 3.1e+04  8 15  0  0 23   9 16  0  0 25 12137
VecNorm            15643 1.0 6.4446e-01 1.1 4.89e+08 1.0 0.0e+00 0.0e+00 1.6e+04  1  8  0  0 11   1  8  0  0 13 48546
VecScale              50 1.0 3.3808e-03 1.1 7.81e+05 1.0 0.0e+00 0.0e+00 0.0e+00  0  0  0  0  0   0  0  0  0  0 14790
VecCopy            15693 1.0 2.0878e-01 1.1 0.00e+00 0.0 0.0e+00 0.0e+00 0.0e+00  0  0  0  0  0   0  0  0  0  0     0
VecSet                50 1.0 1.5185e-03 1.1 0.00e+00 0.0 0.0e+00 0.0e+00 0.0e+00  0  0  0  0  0   0  0  0  0  0     0
VecAXPY            31086 1.0 2.1947e+00 1.1 9.71e+08 1.0 0.0e+00 0.0e+00 0.0e+00  4 15  0  0  0   4 16  0  0  0 28329
VecAYPX            15543 1.0 9.7015e-01 1.0 4.85e+08 1.0 0.0e+00 0.0e+00 0.0e+00  2  8  0  0  0   2  8  0  0  0 31991
VecScatterBegin    15643 1.0 4.4728e-01 1.8 0.00e+00 0.0 4.5e+06 5.0e+03 0.0e+00  1  0 95 94  0   1  0100100  0     0
VecScatterEnd      15643 1.0 1.1075e+00 2.0 0.00e+00 0.0 0.0e+00 0.0e+00 0.0e+00  2  0  0  0  0   2  0  0  0  0     0
MatMult            15593 1.0 1.1856e+01 1.1 3.17e+09 1.0 4.5e+06 5.0e+03 0.0e+00 22 49 95 94  0  24 52100100  0 16939
MatMultAdd            50 1.0 3.4506e-02 1.1 9.38e+06 1.0 7.2e+03 5.0e+03 0.0e+00  0  0  0  0  0   0  0  0  0  0 17214
KSPSetUp               1 1.0 5.9795e-04 1.1 0.00e+00 0.0 0.0e+00 0.0e+00 0.0e+00  0  0  0  0  0   0  0  0  0  0     0
KSPSolve              50 1.0 4.8471e+01 1.0 6.08e+09 1.0 4.5e+06 5.0e+03 1.2e+05 92 95 95 94 91 100100100100100  7995
PCSetUp                1 1.0 2.1458e-06 2.2 0.00e+00 0.0 0.0e+00 0.0e+00 0.0e+00  0  0  0  0  0   0  0  0  0  0     0
PCApply            15643 1.0 2.7551e-01 1.1 0.00e+00 0.0 0.0e+00 0.0e+00 0.0e+00  1  0  0  0  0   1  0  0  0  0     0

--- Event Stage 4: projectionStep

VecWAXPY              50 1.0 1.0327e-02 1.1 2.34e+06 1.0 0.0e+00 0.0e+00 0.0e+00  0  0  0  0  0   8 25  0  0  0 14380
VecScatterBegin       50 1.0 1.1654e-03 4.6 0.00e+00 0.0 7.2e+03 5.0e+03 0.0e+00  0  0  0  0  0   1  0100100  0     0
VecScatterEnd         50 1.0 2.0599e-03 1.8 0.00e+00 0.0 0.0e+00 0.0e+00 0.0e+00  0  0  0  0  0   1  0  0  0  0     0
MatMult               50 1.0 4.5632e-02 1.1 7.03e+06 1.0 7.2e+03 5.0e+03 0.0e+00  0  0  0  0  0  37 75100100  0  9763
------------------------------------------------------------------------------------------------------------------------

Memory usage is given in bytes:

Object Type          Creations   Destructions     Memory  Descendants' Mem.
Reports information only for process 0.

--- Event Stage 0: Main Stage

              Vector     0             44      8750488     0
      Vector Scatter     0             12       513008     0
              Matrix     0             14     11716928     0
   Matrix Null Space     0              1          604     0
    Distributed Mesh     0              6        28512     0
Star Forest Bipartite Graph     0             12         9792     0
     Discrete System     0              6         4800     0
   IS L to G Mapping     0              4       317312     0
       Krylov Solver     0              2         2464     0
      Preconditioner     0              2         1664     0
              Viewer     2              1          752     0

--- Event Stage 1: initialize

              Vector    50             12        18656     0
      Vector Scatter    12              0            0     0
              Matrix    14              0            0     0
   Matrix Null Space     1              0            0     0
    Distributed Mesh     6              0            0     0
Star Forest Bipartite Graph    13              1          872     0
     Discrete System     6              0            0     0
           Index Set    16             16       331084     0
   IS L to G Mapping     4              0            0     0
       Krylov Solver     2              0            0     0
      Preconditioner     2              0            0     0

--- Event Stage 2: solveIntVel

              Vector    53             50     18828800     0

--- Event Stage 3: solvePoissSys

              Vector    53             50      6328800     0

--- Event Stage 4: projectionStep

========================================================================================================================
Average time to get PetscTime(): 0
Average time for MPI_Barrier(): 8.39233e-06
Average time for zero size MPI_Send(): 1.2368e-06
#PETSc Option Table entries:
-caseFolder .
-log_summary
-sys1_pc_type none
-sys2_pc_type none
#End of PETSc Option Table entries
Compiled without FORTRAN kernels
Compiled with full precision matrices (default)
sizeof(short) 2 sizeof(int) 4 sizeof(long) 8 sizeof(void*) 8 sizeof(PetscScalar) 8 sizeof(PetscInt) 4
Configure options: --with-mpi-dir=/c1/apps/openmpi/1.8/gcc/4.9.2 --with-blas-lib=/c1/apps/blas/gcc/1/lib64/libfblas.a --with-lapack-lib=/c1/apps/lapack/gcc/3.4.1/lib/libflapack.a --prefix=/c1/apps/petsc/3.5.2
-----------------------------------------
Libraries compiled on Thu May 14 01:37:42 2015 on login3.colonialone.gwu.edu 
Machine characteristics: Linux-2.6.32-504.12.2.el6.x86_64-x86_64-with-redhat-6.6-Santiago
Using PETSc directory: /home/maclach/source/petsc-3.5.2
Using PETSc arch: arch-linux2-c-debug
-----------------------------------------

Using C compiler: /c1/apps/openmpi/1.8/gcc/4.9.2/bin/mpicc  -fPIC -Wall -Wwrite-strings -Wno-strict-aliasing -Wno-unknown-pragmas -g3 -O0  ${COPTFLAGS} ${CFLAGS}
Using Fortran compiler: /c1/apps/openmpi/1.8/gcc/4.9.2/bin/mpif90  -fPIC -Wall -Wno-unused-variable -ffree-line-length-0 -Wno-unused-dummy-argument -g -O0   ${FOPTFLAGS} ${FFLAGS} 
-----------------------------------------

Using include paths: -I/home/maclach/source/petsc-3.5.2/arch-linux2-c-debug/include -I/home/maclach/source/petsc-3.5.2/include -I/home/maclach/source/petsc-3.5.2/include -I/home/maclach/source/petsc-3.5.2/arch-linux2-c-debug/include -I/c1/apps/openmpi/1.8/gcc/4.9.2/include
-----------------------------------------

Using C linker: /c1/apps/openmpi/1.8/gcc/4.9.2/bin/mpicc
Using Fortran linker: /c1/apps/openmpi/1.8/gcc/4.9.2/bin/mpif90
Using libraries: -Wl,-rpath,/home/maclach/source/petsc-3.5.2/arch-linux2-c-debug/lib -L/home/maclach/source/petsc-3.5.2/arch-linux2-c-debug/lib -lpetsc -Wl,-rpath,/c1/apps/lapack/gcc/3.4.1/lib -L/c1/apps/lapack/gcc/3.4.1/lib -lflapack -Wl,-rpath,/c1/apps/blas/gcc/1/lib64 -L/c1/apps/blas/gcc/1/lib64 -lfblas -lX11 -lpthread -lssl -lcrypto -Wl,-rpath,/c1/apps/openmpi/1.8/gcc/4.9.2/lib -L/c1/apps/openmpi/1.8/gcc/4.9.2/lib -Wl,-rpath,/c1/apps/gcc/4.9.2/lib/gcc/x86_64-unknown-linux-gnu/4.9.2 -L/c1/apps/gcc/4.9.2/lib/gcc/x86_64-unknown-linux-gnu/4.9.2 -Wl,-rpath,/c1/apps/gcc/4.9.2/lib64 -L/c1/apps/gcc/4.9.2/lib64 -Wl,-rpath,/c1/apps/gcc/4.9.2/lib -L/c1/apps/gcc/4.9.2/lib -lmpi_usempi -lmpi_mpifh -lgfortran -lm -lgfortran -lm -lquadmath -lm -lmpi_cxx -lstdc++ -Wl,-rpath,/c1/apps/openmpi/1.8/gcc/4.9.2/lib -L/c1/apps/openmpi/1.8/gcc/4.9.2/lib -Wl,-rpath,/c1/apps/blas/gcc/1/lib64 -L/c1/apps/blas/gcc/1/lib64 -Wl,-rpath,/c1/apps/gcc/4.9.2/lib/gcc/x86_64-unknown-linux-gnu/4.9.2 -L/c1/apps/gcc/4.9.2/lib/gcc/x86_64-unknown-linux-gnu/4.9.2 -Wl,-rpath,/c1/apps/gcc/4.9.2/lib64 -L/c1/apps/gcc/4.9.2/lib64 -Wl,-rpath,/c1/apps/openmpi/1.8/gcc/4.9.2/lib -L/c1/apps/openmpi/1.8/gcc/4.9.2/lib -Wl,-rpath,/c1/apps/blas/gcc/1/lib64 -L/c1/apps/blas/gcc/1/lib64 -Wl,-rpath,/c1/apps/lapack/gcc/3.4.1/lib -L/c1/apps/lapack/gcc/3.4.1/lib -Wl,-rpath,/c1/apps/gcc/4.9.2/lib -L/c1/apps/gcc/4.9.2/lib -ldl -Wl,-rpath,/c1/apps/openmpi/1.8/gcc/4.9.2/lib -lmpi -lgcc_s -lpthread -ldl  
-----------------------------------------

