
---------------------------------------
Flow
---------------------------------------
solver: Navier-Stokes
viscosity: 0.01

---------------------------------------
Mesh
---------------------------------------
size: 200 x 200 x 200

---------------------------------------
Time-stepping
---------------------------------------
convection: 2nd-order Adams-Bashforth
diffusion : Crank-Nicolson
time-increment      : 0.0025
starting time-step  : 0
number of time-steps: 20
saving-interval     : 100

---------------------------------------
Linear system for intermediate velocity
---------------------------------------
solver: cg
preconditioner: none
relative tolerance: 1e-06
absolute tolerance: 1e-50
maximum iterations: 10000

---------------------------------------
Linear system for pressure-force
---------------------------------------
solver: cg
preconditioner: none
relative tolerance: 1e-06
absolute tolerance: 1e-50
maximum iterations: 20000

---------------------------------------
************************************************************************************************************************
***             WIDEN YOUR WINDOW TO 120 CHARACTERS.  Use 'enscript -r -fCourier9' to print this document            ***
************************************************************************************************************************

---------------------------------------------- PETSc Performance Summary: ----------------------------------------------

/home/mesnardo/src/PetIBM/bin/PetIBM3d on a linux-mpich-3.1-4-gnu-opt named node101 with 64 processors, by mesnardo Fri Jun 26 21:36:00 2015
Using Petsc Release Version 3.5.2, Sep, 08, 2014 

                         Max       Max/Min        Avg      Total 
Time (sec):           3.520e+02      1.00000   3.520e+02
Objects:              1.740e+02      1.00000   1.740e+02
Flops:                4.254e+10      1.00588   4.243e+10  2.715e+12
Flops/sec:            1.209e+08      1.00588   1.205e+08  7.715e+09
MPI Messages:         8.090e+04      2.02160   6.033e+04  3.861e+06
MPI Message Lengths:  1.646e+09      2.00173   2.046e+04  7.898e+10
MPI Reductions:       6.692e+04      1.00000

Flop counting convention: 1 flop = 1 real number operation of type (multiply/divide/add/subtract)
                            e.g., VecAXPY() for real vectors of length N --> 2N flops
                            and VecAXPY() for complex vectors of length N --> 8N flops

Summary of Stages:   ----- Time ------  ----- Flops -----  --- Messages ---  -- Message Lengths --  -- Reductions --
                        Avg     %Total     Avg     %Total   counts   %Total     Avg         %Total   counts   %Total 
 0:      Main Stage: 5.8321e-02   0.0%  0.0000e+00   0.0%  0.000e+00   0.0%  0.000e+00        0.0%  0.000e+00   0.0% 
 1:      initialize: 2.8718e+00   0.8%  9.0457e+08   0.0%  1.548e+04   0.4%  2.826e+01        0.1%  1.320e+02   0.2% 
 2:     RHSVelocity: 6.7539e+00   1.9%  9.5520e+08   0.0%  5.616e+04   1.5%  9.192e+01        0.4%  0.000e+00   0.0% 
 3:   solveVelocity: 4.4511e+01  12.6%  1.3745e+11   5.1%  6.854e+04   1.8%  1.062e+03        5.2%  6.940e+02   1.0% 
 4:      RHSPoisson: 8.8782e-02   0.0%  2.0704e+09   0.1%  2.880e+03   0.1%  1.492e+01        0.1%  0.000e+00   0.0% 
 5:    solvePoisson: 2.9632e+02  84.2%  2.5722e+12  94.7%  3.715e+06  96.2%  1.924e+04       94.1%  5.160e+04  77.1% 
 6:  projectionStep: 1.2870e-01   0.0%  1.9104e+09   0.1%  2.880e+03   0.1%  1.492e+01        0.1%  0.000e+00   0.0% 

------------------------------------------------------------------------------------------------------------------------
See the 'Profiling' chapter of the users' manual for details on interpreting output.
Phase summary info:
   Count: number of times phase was executed
   Time and Flops: Max - maximum over all processors
                   Ratio - ratio of maximum to minimum over all processors
   Mess: number of messages sent
   Avg. len: average message length (bytes)
   Reduct: number of global reductions
   Global: entire computation
   Stage: stages of a computation. Set stages with PetscLogStagePush() and PetscLogStagePop().
      %T - percent time in this phase         %F - percent flops in this phase
      %M - percent messages in this phase     %L - percent message lengths in this phase
      %R - percent reductions in this phase
   Total Mflop/s: 10e-6 * (sum of flops over all processors)/(max time over all processors)
------------------------------------------------------------------------------------------------------------------------
Event                Count      Time (sec)     Flops                             --- Global ---  --- Stage ---   Total
                   Max Ratio  Max     Ratio   Max  Ratio  Mess   Avg len Reduct  %T %F %M %L %R  %T %F %M %L %R Mflop/s
------------------------------------------------------------------------------------------------------------------------

--- Event Stage 0: Main Stage


--- Event Stage 1: initialize

VecSet                15 1.0 6.8119e-03 1.1 0.00e+00 0.0 0.0e+00 0.0e+00 0.0e+00  0  0  0  0  0   0  0  0  0  0     0
VecScatterBegin        8 1.0 6.0091e-03 1.8 0.00e+00 0.0 6.2e+03 9.4e+03 0.0e+00  0  0  0  0  0   0  0 40 54  0     0
VecScatterEnd          8 1.0 7.3065e-01 1.5 0.00e+00 0.0 0.0e+00 0.0e+00 0.0e+00  0  0  0  0  0  17  0  0  0  0     0
MatScale               4 1.0 2.8911e-01 7.8 1.12e+07 1.0 2.9e+02 6.0e+04 0.0e+00  0  0  0  0  0   2 79  2 16  0  2468
MatAssemblyBegin       8 1.0 6.8151e-02 2.7 0.00e+00 0.0 4.3e+02 1.3e+04 1.2e+01  0  0  0  0  0   2  0  3  5  9     0
MatAssemblyEnd         8 1.0 3.4399e-01 1.0 0.00e+00 0.0 1.7e+03 8.3e+03 3.2e+01  0  0  0  0  0  12  0 11 13 24     0
MatTranspose           1 1.0 7.3092e-02 1.0 0.00e+00 0.0 1.1e+03 9.3e+03 1.2e+01  0  0  0  0  0   3  0  7  9  9     0
MatMatMult             1 1.0 3.6224e-01 1.0 3.00e+06 1.0 1.2e+03 1.6e+04 1.6e+01  0  0  0  0  0  13 21  7 17 12   527
MatMatMultSym          1 1.0 3.0801e-01 1.0 0.00e+00 0.0 1.0e+03 1.3e+04 1.4e+01  0  0  0  0  0  11  0  7 12 11     0
MatMatMultNum          1 1.0 5.4684e-02 1.0 3.00e+06 1.0 1.4e+02 4.0e+04 2.0e+00  0  0  0  0  0   2 21  1  5  2  3494
MatGetLocalMat         2 1.0 3.4978e-02 1.5 0.00e+00 0.0 0.0e+00 0.0e+00 0.0e+00  0  0  0  0  0   1  0  0  0  0     0
MatGetBrAoCol          2 1.0 4.9692e-0218.7 0.00e+00 0.0 5.8e+02 2.8e+04 0.0e+00  0  0  0  0  0   0  0  4 15  0     0
SFSetGraph             1 1.0 2.2697e-0445.3 0.00e+00 0.0 0.0e+00 0.0e+00 0.0e+00  0  0  0  0  0   0  0  0  0  0     0
SFReduceBegin          1 1.0 4.6089e-03 3.4 0.00e+00 0.0 3.6e+02 8.0e+03 0.0e+00  0  0  0  0  0   0  0  2  3  0     0
SFReduceEnd            1 1.0 1.0390e-0379.2 0.00e+00 0.0 0.0e+00 0.0e+00 0.0e+00  0  0  0  0  0   0  0  0  0  0     0
generateQTBNQ          1 1.0 3.6224e-01 1.0 3.00e+06 1.0 1.2e+03 1.6e+04 1.6e+01  0  0  0  0  0  13 21  7 17 12   527

--- Event Stage 2: RHSVelocity

VecSet                20 1.0 2.5467e-02 2.1 0.00e+00 0.0 0.0e+00 0.0e+00 0.0e+00  0  0  0  0  0   0  0  0  0  0     0
VecWAXPY              20 1.0 3.3122e-02 2.1 7.50e+06 1.0 0.0e+00 0.0e+00 0.0e+00  0  0  0  0  0   0 50  0  0  0 14419
VecPointwiseMult      20 1.0 2.6767e-02 2.1 7.50e+06 1.0 0.0e+00 0.0e+00 0.0e+00  0  0  0  0  0   0 50  0  0  0 17843
VecScatterBegin       60 1.0 4.3777e-02 1.8 0.00e+00 0.0 5.6e+04 6.3e+03 0.0e+00  0  0  1  0  0   1  0100100  0     0
VecScatterEnd         60 1.0 6.1320e+00 1.3 0.00e+00 0.0 0.0e+00 0.0e+00 0.0e+00  2  0  0  0  0  78  0  0  0  0     0

--- Event Stage 3: solveVelocity

VecTDot              436 1.0 3.8404e+01 1.3 3.27e+08 1.0 0.0e+00 0.0e+00 4.4e+02 10  1  0  0  1  79 15  0  0 63   542
VecNorm              258 1.0 2.6023e+00 2.7 1.94e+08 1.0 0.0e+00 0.0e+00 2.6e+02  1  0  0  0  0   4  9  0  0 37  4735
VecCopy              278 1.0 6.4602e-01 2.1 0.00e+00 0.0 0.0e+00 0.0e+00 0.0e+00  0  0  0  0  0   1  0  0  0  0     0
VecAXPY              436 1.0 9.3134e-01 1.6 3.27e+08 1.0 0.0e+00 0.0e+00 0.0e+00  0  1  0  0  0   2 15  0  0  0 22359
VecAYPX              218 1.0 4.3316e-01 1.7 1.56e+08 1.0 0.0e+00 0.0e+00 0.0e+00  0  0  0  0  0   1  7  0  0  0 22934
VecScatterBegin      238 1.0 1.9408e-01 2.8 0.00e+00 0.0 6.9e+04 6.0e+04 0.0e+00  0  0  2  5  0   0  0100100  0     0
VecScatterEnd        238 1.0 9.1783e+0013.0 0.00e+00 0.0 0.0e+00 0.0e+00 0.0e+00  1  0  0  0  0   9  0  0  0  0     0
MatMult              238 1.0 1.2123e+01 4.9 1.16e+09 1.0 6.9e+04 6.0e+04 0.0e+00  2  3  2  5  0  14 54100100  0  6066
KSPSetUp               1 1.0 6.3829e-03 1.3 0.00e+00 0.0 0.0e+00 0.0e+00 0.0e+00  0  0  0  0  0   0  0  0  0  0     0
KSPSolve              20 1.0 4.5077e+01 1.0 2.16e+09 1.0 6.9e+04 6.0e+04 6.9e+02 13  5  2  5  1 100100100100100  3049
PCSetUp                1 1.0 5.0068e-06 5.2 0.00e+00 0.0 0.0e+00 0.0e+00 0.0e+00  0  0  0  0  0   0  0  0  0  0     0
PCApply              258 1.0 6.0061e-01 2.3 0.00e+00 0.0 0.0e+00 0.0e+00 0.0e+00  0  0  0  0  0   1  0  0  0  0     0

--- Event Stage 4: RHSPoisson

VecScale              20 1.0 1.9646e-03 1.1 2.50e+06 1.0 0.0e+00 0.0e+00 0.0e+00  0  0  0  0  0   2  8  0  0  0 81443
VecSet                20 1.0 4.6630e-03 1.4 0.00e+00 0.0 0.0e+00 0.0e+00 0.0e+00  0  0  0  0  0   4  0  0  0  0     0
VecScatterBegin       20 1.0 3.7324e-0348.6 0.00e+00 0.0 2.9e+03 2.0e+04 0.0e+00  0  0  0  0  0   2  0100100  0     0
VecScatterEnd         20 1.0 6.3780e-02657.3 0.00e+00 0.0 0.0e+00 0.0e+00 0.0e+00  0  0  0  0  0  19  0  0  0  0     0
MatMultAdd            20 1.0 1.5078e-01 2.7 3.00e+07 1.0 2.9e+03 2.0e+04 0.0e+00  0  0  0  0  0  92 92100100  0 12670

--- Event Stage 5: solvePoisson

VecTDot            25758 1.0 2.2306e+02 1.4 6.44e+09 1.0 0.0e+00 0.0e+00 2.6e+04 57 15  0  0 38  68 16  0  0 50  1848
VecNorm            12919 1.0 4.6573e+00 1.9 3.23e+09 1.0 0.0e+00 0.0e+00 1.3e+04  1  8  0  0 19   1  8  0  0 25 44383
VecCopy            12939 1.0 3.2336e+00 1.5 0.00e+00 0.0 0.0e+00 0.0e+00 0.0e+00  1  0  0  0  0   1  0  0  0  0     0
VecAXPY            25758 1.0 1.1872e+01 1.7 6.44e+09 1.0 0.0e+00 0.0e+00 0.0e+00  3 15  0  0  0   3 16  0  0  0 34713
VecAYPX            12879 1.0 5.4542e+00 1.7 3.22e+09 1.0 0.0e+00 0.0e+00 0.0e+00  1  8  0  0  0   1  8  0  0  0 37752
VecScatterBegin    12899 1.0 3.0683e+00 2.7 0.00e+00 0.0 3.7e+06 2.0e+04 0.0e+00  1  0 96 94  0   1  0100100  0     0
VecScatterEnd      12899 1.0 7.1600e+0123.4 0.00e+00 0.0 0.0e+00 0.0e+00 0.0e+00  6  0  0  0  0   7  0  0  0  0     0
MatMult            12899 1.0 1.0923e+02 2.7 2.10e+10 1.0 3.7e+06 2.0e+04 0.0e+00 18 49 96 94  0  21 52100100  0 12224
KSPSetUp               1 1.0 1.0381e-03 2.8 0.00e+00 0.0 0.0e+00 0.0e+00 0.0e+00  0  0  0  0  0   0  0  0  0  0     0
KSPSolve              20 1.0 2.9635e+02 1.0 4.03e+10 1.0 3.7e+06 2.0e+04 5.2e+04 84 95 96 94 77 100100100100100  8680
PCSetUp                1 1.0 2.1458e-06 0.0 0.00e+00 0.0 0.0e+00 0.0e+00 0.0e+00  0  0  0  0  0   0  0  0  0  0     0
PCApply            12919 1.0 3.2482e+00 1.5 0.00e+00 0.0 0.0e+00 0.0e+00 0.0e+00  1  0  0  0  0   1  0  0  0  0     0

--- Event Stage 6: projectionStep

VecWAXPY              20 1.0 5.3480e-02 1.6 7.50e+06 1.0 0.0e+00 0.0e+00 0.0e+00  0  0  0  0  0  31 25  0  0  0  8930
VecScatterBegin       20 1.0 4.0627e-0351.3 0.00e+00 0.0 2.9e+03 2.0e+04 0.0e+00  0  0  0  0  0   2  0100100  0     0
VecScatterEnd         20 1.0 1.0705e-02128.3 0.00e+00 0.0 0.0e+00 0.0e+00 0.0e+00  0  0  0  0  0   3  0  0  0  0     0
MatMult               20 1.0 1.2923e-01 1.7 2.25e+07 1.0 2.9e+03 2.0e+04 0.0e+00  0  0  0  0  0  69 75100100  0 11088
------------------------------------------------------------------------------------------------------------------------

Memory usage is given in bytes:

Object Type          Creations   Destructions     Memory  Descendants' Mem.
Reports information only for process 0.

--- Event Stage 0: Main Stage

              Vector     0             44     67741536     0
      Vector Scatter     0             12      4012720     0
              Matrix     0             14     93506816     0
   Matrix Null Space     0              1          596     0
    Distributed Mesh     0              6        28464     0
Star Forest Bipartite Graph     0             12         9600     0
     Discrete System     0              6         4752     0
   IS L to G Mapping     0              4      2252080     0
       Krylov Solver     0              2         2448     0
      Preconditioner     0              2         1648     0
              Viewer     2              1          744     0

--- Event Stage 1: initialize

              Vector    50             12        18560     0
      Vector Scatter    12              0            0     0
              Matrix    14              0            0     0
   Matrix Null Space     1              0            0     0
    Distributed Mesh     6              0            0     0
Star Forest Bipartite Graph    13              1          856     0
     Discrete System     6              0            0     0
           Index Set    16             16      2284356     0
   IS L to G Mapping     4              0            0     0
       Krylov Solver     2              0            0     0
      Preconditioner     2              0            0     0

--- Event Stage 2: RHSVelocity


--- Event Stage 3: solveVelocity

              Vector    23             20     60031360     0

--- Event Stage 4: RHSPoisson


--- Event Stage 5: solvePoisson

              Vector    23             20     20031360     0

--- Event Stage 6: projectionStep

========================================================================================================================
Average time to get PetscTime(): 9.53674e-08
Average time for MPI_Barrier(): 0.000100613
Average time for zero size MPI_Send(): 3.06219e-06
#PETSc Option Table entries:
-caseFolder .
-log_summary
-sys1_pc_type none
-sys2_pc_type none
#End of PETSc Option Table entries
Compiled without FORTRAN kernels
Compiled with full precision matrices (default)
sizeof(short) 2 sizeof(int) 4 sizeof(long) 8 sizeof(void*) 8 sizeof(PetscScalar) 8 sizeof(PetscInt) 4
Configure options: --PETSC_ARCH=linux-mpich-3.1-4-gnu-opt ---with-mpi-dir=/c1/apps/mpich/3.1.4/bin --with-blas-lib=/c1/apps/blas/gcc/1/lib64/libblas.a --with-lapack-lib=/c1/apps/lapack/gcc/3.4.1/lib/liblapack.a --with-shared-libraries=0 --with-debugging=0
-----------------------------------------
Libraries compiled on Mon Jun 22 14:19:00 2015 on login4.colonialone.gwu.edu 
Machine characteristics: Linux-2.6.32-504.12.2.el6.x86_64-x86_64-with-redhat-6.6-Santiago
Using PETSc directory: /home/mesnardo/src/petsc/3.5.2
Using PETSc arch: linux-mpich-3.1-4-gnu-opt
-----------------------------------------

Using C compiler: mpicc  -Wall -Wwrite-strings -Wno-strict-aliasing -Wno-unknown-pragmas -O  ${COPTFLAGS} ${CFLAGS}
Using Fortran compiler: mpif90  -Wall -Wno-unused-variable -ffree-line-length-0 -Wno-unused-dummy-argument -O   ${FOPTFLAGS} ${FFLAGS} 
-----------------------------------------

Using include paths: -I/home/mesnardo/src/petsc/3.5.2/linux-mpich-3.1-4-gnu-opt/include -I/home/mesnardo/src/petsc/3.5.2/include -I/home/mesnardo/src/petsc/3.5.2/include -I/home/mesnardo/src/petsc/3.5.2/linux-mpich-3.1-4-gnu-opt/include -I/c1/apps/mpich/3.1.4/include
-----------------------------------------

Using C linker: mpicc
Using Fortran linker: mpif90
Using libraries: -Wl,-rpath,/home/mesnardo/src/petsc/3.5.2/linux-mpich-3.1-4-gnu-opt/lib -L/home/mesnardo/src/petsc/3.5.2/linux-mpich-3.1-4-gnu-opt/lib -lpetsc -Wl,-rpath,/c1/apps/lapack/gcc/3.4.1/lib -L/c1/apps/lapack/gcc/3.4.1/lib -llapack -Wl,-rpath,/c1/apps/blas/gcc/1/lib64 -L/c1/apps/blas/gcc/1/lib64 -lblas -lX11 -lpthread -lssl -lcrypto -L/c1/apps/mpich/3.1.4/lib -L/cm/shared/apps/gcc/4.7.0/lib/gcc/x86_64-unknown-linux-gnu/4.7.0 -L/cm/shared/apps/gcc/4.7.0/lib64 -L/cm/shared/apps/gcc/4.7.0/lib -lmpifort -lgfortran -lm -Wl,-rpath,/c1/apps/mpich/3.1.4/lib -lgfortran -lm -lquadmath -lm -lmpicxx -lstdc++ -L/c1/apps/mpich/3.1.4/lib -L/cm/shared/apps/gcc/4.7.0/lib/gcc/x86_64-unknown-linux-gnu/4.7.0 -L/cm/shared/apps/gcc/4.7.0/lib64 -L/cm/shared/apps/gcc/4.7.0/lib -ldl -Wl,-rpath,/c1/apps/mpich/3.1.4/lib -lmpi -lgcc_s -ldl  
-----------------------------------------

