
---------------------------------------
Flow
---------------------------------------
solver: Navier-Stokes
viscosity: 0.01

---------------------------------------
Mesh
---------------------------------------
size: 200 x 200 x 200

---------------------------------------
Time-stepping
---------------------------------------
convection: 2nd-order Adams-Bashforth
diffusion : Crank-Nicolson
time-increment      : 0.0025
starting time-step  : 0
number of time-steps: 20
saving-interval     : 100

---------------------------------------
Linear system for intermediate velocity
---------------------------------------
solver: cg
preconditioner: none
relative tolerance: 1e-06
absolute tolerance: 1e-50
maximum iterations: 10000

---------------------------------------
Linear system for pressure-force
---------------------------------------
solver: cg
preconditioner: none
relative tolerance: 1e-06
absolute tolerance: 1e-50
maximum iterations: 20000

---------------------------------------
************************************************************************************************************************
***             WIDEN YOUR WINDOW TO 120 CHARACTERS.  Use 'enscript -r -fCourier9' to print this document            ***
************************************************************************************************************************

---------------------------------------------- PETSc Performance Summary: ----------------------------------------------

/home/mesnardo/src/PetIBM/linux-mpich-3.1.4-gnu-libf-opt/PetIBM3d on a linux-mpich-3.1.4-gnu-libf-opt named node173 with 16 processors, by mesnardo Wed Jul  1 18:15:59 2015
Using Petsc Release Version 3.5.2, Sep, 08, 2014 

                         Max       Max/Min        Avg      Total 
Time (sec):           3.380e+02      1.00000   3.380e+02
Objects:              1.740e+02      1.00000   1.740e+02
Flops:                1.699e+11      1.00231   1.697e+11  2.715e+12
Flops/sec:            5.027e+08      1.00231   5.022e+08  8.035e+09
MPI Messages:         5.348e+04      1.33636   4.675e+04  7.480e+05
MPI Message Lengths:  3.291e+09      1.50074   5.865e+04  4.387e+10
MPI Reductions:       6.692e+04      1.00000

Flop counting convention: 1 flop = 1 real number operation of type (multiply/divide/add/subtract)
                            e.g., VecAXPY() for real vectors of length N --> 2N flops
                            and VecAXPY() for complex vectors of length N --> 8N flops

Summary of Stages:   ----- Time ------  ----- Flops -----  --- Messages ---  -- Message Lengths --  -- Reductions --
                        Avg     %Total     Avg     %Total   counts   %Total     Avg         %Total   counts   %Total 
 0:      Main Stage: 1.3211e-01   0.0%  0.0000e+00   0.0%  0.000e+00   0.0%  0.000e+00        0.0%  0.000e+00   0.0% 
 1:      initialize: 2.2029e+00   0.7%  9.0457e+08   0.0%  2.554e+03   0.3%  8.050e+01        0.1%  1.320e+02   0.2% 
 2:     RHSVelocity: 5.9982e+00   1.8%  9.5520e+08   0.0%  8.640e+03   1.2%  2.594e+02        0.4%  0.000e+00   0.0% 
 3:   solveVelocity: 1.5687e+01   4.6%  1.3745e+11   5.1%  1.333e+04   1.8%  3.044e+03        5.2%  6.940e+02   1.0% 
 4:      RHSPoisson: 2.8603e-01   0.1%  2.0704e+09   0.1%  5.600e+02   0.1%  4.278e+01        0.1%  0.000e+00   0.0% 
 5:    solvePoisson: 3.1309e+02  92.6%  2.5722e+12  94.7%  7.223e+05  96.6%  5.518e+04       94.1%  5.160e+04  77.1% 
 6:  projectionStep: 4.8022e-01   0.1%  1.9104e+09   0.1%  5.600e+02   0.1%  4.278e+01        0.1%  0.000e+00   0.0% 

------------------------------------------------------------------------------------------------------------------------
See the 'Profiling' chapter of the users' manual for details on interpreting output.
Phase summary info:
   Count: number of times phase was executed
   Time and Flops: Max - maximum over all processors
                   Ratio - ratio of maximum to minimum over all processors
   Mess: number of messages sent
   Avg. len: average message length (bytes)
   Reduct: number of global reductions
   Global: entire computation
   Stage: stages of a computation. Set stages with PetscLogStagePush() and PetscLogStagePop().
      %T - percent time in this phase         %F - percent flops in this phase
      %M - percent messages in this phase     %L - percent message lengths in this phase
      %R - percent reductions in this phase
   Total Mflop/s: 10e-6 * (sum of flops over all processors)/(max time over all processors)
------------------------------------------------------------------------------------------------------------------------
Event                Count      Time (sec)     Flops                             --- Global ---  --- Stage ---   Total
                   Max Ratio  Max     Ratio   Max  Ratio  Mess   Avg len Reduct  %T %F %M %L %R  %T %F %M %L %R Mflop/s
------------------------------------------------------------------------------------------------------------------------

--- Event Stage 0: Main Stage


--- Event Stage 1: initialize

VecSet                15 1.0 3.1336e-02 1.0 0.00e+00 0.0 0.0e+00 0.0e+00 0.0e+00  0  0  0  0  0   1  0  0  0  0     0
VecScatterBegin        8 1.0 2.0459e-02 1.3 0.00e+00 0.0 9.8e+02 3.3e+04 0.0e+00  0  0  0  0  0   1  0 38 53  0     0
VecScatterEnd          8 1.0 1.0746e-02 2.6 0.00e+00 0.0 0.0e+00 0.0e+00 0.0e+00  0  0  0  0  0   0  0  0  0  0     0
MatScale               4 1.0 1.4995e-01 1.0 4.49e+07 1.0 5.6e+01 1.7e+05 0.0e+00  0  0  0  0  0   7 79  2 16  0  4758
MatAssemblyBegin       8 1.0 4.1100e-02 8.1 0.00e+00 0.0 8.4e+01 3.8e+04 1.2e+01  0  0  0  0  0   1  0  3  5  9     0
MatAssemblyEnd         8 1.0 3.9798e-01 1.0 0.00e+00 0.0 3.4e+02 2.4e+04 3.2e+01  0  0  0  0  0  18  0 13 13 24     0
MatTranspose           1 1.0 2.3783e-01 1.0 0.00e+00 0.0 2.1e+02 2.7e+04 1.2e+01  0  0  0  0  0  11  0  8  9  9     0
MatMatMult             1 1.0 4.1658e-01 1.0 1.20e+07 1.0 2.2e+02 4.6e+04 1.6e+01  0  0  0  0  0  19 21  9 17 12   459
MatMatMultSym          1 1.0 3.4561e-01 1.0 0.00e+00 0.0 2.0e+02 3.7e+04 1.4e+01  0  0  0  0  0  16  0  8 12 11     0
MatMatMultNum          1 1.0 7.1062e-02 1.0 1.20e+07 1.0 2.8e+01 1.1e+05 2.0e+00  0  0  0  0  0   3 21  1  5  2  2688
MatGetLocalMat         2 1.0 1.1011e-01 1.1 0.00e+00 0.0 0.0e+00 0.0e+00 0.0e+00  0  0  0  0  0   5  0  0  0  0     0
MatGetBrAoCol          2 1.0 9.6800e-03 1.2 0.00e+00 0.0 1.1e+02 7.9e+04 0.0e+00  0  0  0  0  0   0  0  4 15  0     0
SFSetGraph             1 1.0 5.1308e-0436.5 0.00e+00 0.0 0.0e+00 0.0e+00 0.0e+00  0  0  0  0  0   0  0  0  0  0     0
SFReduceBegin          1 1.0 1.4100e-03 6.5 0.00e+00 0.0 7.0e+01 2.3e+04 0.0e+00  0  0  0  0  0   0  0  3  3  0     0
SFReduceEnd            1 1.0 2.1791e-0436.6 0.00e+00 0.0 0.0e+00 0.0e+00 0.0e+00  0  0  0  0  0   0  0  0  0  0     0
generateQTBNQ          1 1.0 4.1658e-01 1.0 1.20e+07 1.0 2.2e+02 4.6e+04 1.6e+01  0  0  0  0  0  19 21  9 17 12   459

--- Event Stage 2: RHSVelocity

VecSet                20 1.0 5.9404e-02 1.3 0.00e+00 0.0 0.0e+00 0.0e+00 0.0e+00  0  0  0  0  0   1  0  0  0  0     0
VecWAXPY              20 1.0 1.6810e-01 2.0 3.00e+07 1.0 0.0e+00 0.0e+00 0.0e+00  0  0  0  0  0   2 50  0  0  0  2841
VecPointwiseMult      20 1.0 1.2587e-01 1.2 3.00e+07 1.0 0.0e+00 0.0e+00 0.0e+00  0  0  0  0  0   2 50  0  0  0  3794
VecScatterBegin       60 1.0 1.9304e-01 1.8 0.00e+00 0.0 8.6e+03 2.2e+04 0.0e+00  0  0  1  0  0   3  0100100  0     0
VecScatterEnd         60 1.0 1.2807e-01 2.7 0.00e+00 0.0 0.0e+00 0.0e+00 0.0e+00  0  0  0  0  0   1  0  0  0  0     0

--- Event Stage 3: solveVelocity

VecTDot              436 1.0 1.8223e+00 1.2 1.31e+09 1.0 0.0e+00 0.0e+00 4.4e+02  1  1  0  0  1  11 15  0  0 63 11427
VecNorm              258 1.0 1.1838e+00 2.0 7.74e+08 1.0 0.0e+00 0.0e+00 2.6e+02  0  0  0  0  0   5  9  0  0 37 10409
VecCopy              278 1.0 1.4453e+00 1.0 0.00e+00 0.0 0.0e+00 0.0e+00 0.0e+00  0  0  0  0  0   9  0  0  0  0     0
VecAXPY              436 1.0 3.4468e+00 1.1 1.31e+09 1.0 0.0e+00 0.0e+00 0.0e+00  1  1  0  0  0  21 15  0  0  0  6041
VecAYPX              218 1.0 1.3030e+00 1.1 6.24e+08 1.0 0.0e+00 0.0e+00 0.0e+00  0  0  0  0  0   8  7  0  0  0  7624
VecScatterBegin      238 1.0 1.7057e-01 1.2 0.00e+00 0.0 1.3e+04 1.7e+05 0.0e+00  0  0  2  5  0   1  0100100  0     0
VecScatterEnd        238 1.0 3.9568e-01 2.9 0.00e+00 0.0 0.0e+00 0.0e+00 0.0e+00  0  0  0  0  0   1  0  0  0  0     0
MatMult              238 1.0 7.2866e+00 1.0 4.63e+09 1.0 1.3e+04 1.7e+05 0.0e+00  2  3  2  5  0  45 54100100  0 10093
KSPSetUp               1 1.0 2.6411e-02 1.1 0.00e+00 0.0 0.0e+00 0.0e+00 0.0e+00  0  0  0  0  0   0  0  0  0  0     0
KSPSolve              20 1.0 1.5857e+01 1.0 8.64e+09 1.0 1.3e+04 1.7e+05 6.9e+02  5  5  2  5  1 100100100100100  8668
PCSetUp                1 1.0 1.1921e-06 0.0 0.00e+00 0.0 0.0e+00 0.0e+00 0.0e+00  0  0  0  0  0   0  0  0  0  0     0
PCApply              258 1.0 1.3485e+00 1.0 0.00e+00 0.0 0.0e+00 0.0e+00 0.0e+00  0  0  0  0  0   8  0  0  0  0     0

--- Event Stage 4: RHSPoisson

VecScale              20 1.0 2.0457e-02 1.1 1.00e+07 1.0 0.0e+00 0.0e+00 0.0e+00  0  0  0  0  0   7  8  0  0  0  7821
VecSet                20 1.0 1.8605e-02 1.0 0.00e+00 0.0 0.0e+00 0.0e+00 0.0e+00  0  0  0  0  0   6  0  0  0  0     0
VecScatterBegin       20 1.0 8.0833e-0337.3 0.00e+00 0.0 5.6e+02 5.7e+04 0.0e+00  0  0  0  0  0   1  0100100  0     0
VecScatterEnd         20 1.0 4.0849e-0272.4 0.00e+00 0.0 0.0e+00 0.0e+00 0.0e+00  0  0  0  0  0   5  0  0  0  0     0
MatMultAdd            20 1.0 2.5238e-01 1.2 1.20e+08 1.0 5.6e+02 5.7e+04 0.0e+00  0  0  0  0  0  85 92100100  0  7570

--- Event Stage 5: solvePoisson

VecTDot            25758 1.0 3.7993e+01 1.1 2.58e+10 1.0 0.0e+00 0.0e+00 2.6e+04 11 15  0  0 38  12 16  0  0 50 10847
VecNorm            12919 1.0 1.4004e+01 1.0 1.29e+10 1.0 0.0e+00 0.0e+00 1.3e+04  4  8  0  0 19   4  8  0  0 25 14761
VecCopy            12939 1.0 2.4689e+01 1.0 0.00e+00 0.0 0.0e+00 0.0e+00 0.0e+00  7  0  0  0  0   8  0  0  0  0     0
VecAXPY            25758 1.0 5.0045e+01 1.0 2.58e+10 1.0 0.0e+00 0.0e+00 0.0e+00 15 15  0  0  0  16 16  0  0  0  8235
VecAYPX            12879 1.0 2.3293e+01 1.0 1.29e+10 1.0 0.0e+00 0.0e+00 0.0e+00  7  8  0  0  0   7  8  0  0  0  8840
VecScatterBegin    12899 1.0 2.9330e+00 1.3 0.00e+00 0.0 7.2e+05 5.7e+04 0.0e+00  1  0 97 94  0   1  0100100  0     0
VecScatterEnd      12899 1.0 3.0118e+00 1.6 0.00e+00 0.0 0.0e+00 0.0e+00 0.0e+00  1  0  0  0  0   1  0  0  0  0     0
MatMult            12899 1.0 1.2975e+02 1.0 8.36e+10 1.0 7.2e+05 5.7e+04 0.0e+00 38 49 97 94  0  41 52100100  0 10291
KSPSetUp               1 1.0 6.8140e-03 1.2 0.00e+00 0.0 0.0e+00 0.0e+00 0.0e+00  0  0  0  0  0   0  0  0  0  0     0
KSPSolve              20 1.0 3.1312e+02 1.0 1.61e+11 1.0 7.2e+05 5.7e+04 5.2e+04 93 95 97 94 77 100100100100100  8215
PCSetUp                1 1.0 1.1921e-06 0.0 0.00e+00 0.0 0.0e+00 0.0e+00 0.0e+00  0  0  0  0  0   0  0  0  0  0     0
PCApply            12919 1.0 2.4686e+01 1.0 0.00e+00 0.0 0.0e+00 0.0e+00 0.0e+00  7  0  0  0  0   8  0  0  0  0     0

--- Event Stage 6: projectionStep

VecWAXPY              20 1.0 2.3250e-01 1.3 3.00e+07 1.0 0.0e+00 0.0e+00 0.0e+00  0  0  0  0  0  44 25  0  0  0  2054
VecScatterBegin       20 1.0 3.5024e-0337.4 0.00e+00 0.0 5.6e+02 5.7e+04 0.0e+00  0  0  0  0  0   0  0100100  0     0
VecScatterEnd         20 1.0 4.6310e-03 3.4 0.00e+00 0.0 0.0e+00 0.0e+00 0.0e+00  0  0  0  0  0   1  0  0  0  0     0
MatMult               20 1.0 2.7219e-01 1.0 9.00e+07 1.0 5.6e+02 5.7e+04 0.0e+00  0  0  0  0  0  56 75100100  0  5264
------------------------------------------------------------------------------------------------------------------------

Memory usage is given in bytes:

Object Type          Creations   Destructions     Memory  Descendants' Mem.
Reports information only for process 0.

--- Event Stage 0: Main Stage

              Vector     0             44    268476736     0
      Vector Scatter     0             12     16012720     0
              Matrix     0             14    373956816     0
   Matrix Null Space     0              1          596     0
    Distributed Mesh     0              6        28464     0
Star Forest Bipartite Graph     0             12         9600     0
     Discrete System     0              6         4752     0
   IS L to G Mapping     0              4      8658480     0
       Krylov Solver     0              2         2448     0
      Preconditioner     0              2         1648     0
              Viewer     2              1          744     0

--- Event Stage 1: initialize

              Vector    50             12        18560     0
      Vector Scatter    12              0            0     0
              Matrix    14              0            0     0
   Matrix Null Space     1              0            0     0
    Distributed Mesh     6              0            0     0
Star Forest Bipartite Graph    13              1          856     0
     Discrete System     6              0            0     0
           Index Set    16             16      8735556     0
   IS L to G Mapping     4              0            0     0
       Krylov Solver     2              0            0     0
      Preconditioner     2              0            0     0

--- Event Stage 2: RHSVelocity


--- Event Stage 3: solveVelocity

              Vector    23             20    240031360     0

--- Event Stage 4: RHSPoisson


--- Event Stage 5: solvePoisson

              Vector    23             20     80031360     0

--- Event Stage 6: projectionStep

========================================================================================================================
Average time to get PetscTime(): 9.53674e-08
Average time for MPI_Barrier(): 4.81606e-06
Average time for zero size MPI_Send(): 9.38773e-07
#PETSc Option Table entries:
-caseFolder .
-log_summary
-sys1_pc_type none
-sys2_pc_type none
#End of PETSc Option Table entries
Compiled without FORTRAN kernels
Compiled with full precision matrices (default)
sizeof(short) 2 sizeof(int) 4 sizeof(long) 8 sizeof(void*) 8 sizeof(PetscScalar) 8 sizeof(PetscInt) 4
Configure options: COPTFLAG=-O3 CXXOPTFLAGS=-O3 FOPTFLAGS=-O3 --PETSC_ARCH=linux-mpich-3.1.4-gnu-libf-opt --with-debugging=0 --with-mpi-dir=/c1/apps/mpich/3.1.4 --with-blas-lib=/c1/apps/blas/gcc/1/lib64/libfblas.a --with-lapack-lib=/c1/apps/lapack/gcc/3.4.1/lib/libflapack.a --with-shared-libraries=0
-----------------------------------------
Libraries compiled on Mon Jun 29 18:08:20 2015 on login3.colonialone.gwu.edu 
Machine characteristics: Linux-2.6.32-504.12.2.el6.x86_64-x86_64-with-redhat-6.6-Santiago
Using PETSc directory: /home/mesnardo/src/petsc/3.5.2
Using PETSc arch: linux-mpich-3.1.4-gnu-libf-opt
-----------------------------------------

Using C compiler: /c1/apps/mpich/3.1.4/bin/mpicc  -Wall -Wwrite-strings -Wno-strict-aliasing -Wno-unknown-pragmas -O  ${COPTFLAGS} ${CFLAGS}
Using Fortran compiler: /c1/apps/mpich/3.1.4/bin/mpif90  -Wall -Wno-unused-variable -ffree-line-length-0 -Wno-unused-dummy-argument -O3   ${FOPTFLAGS} ${FFLAGS} 
-----------------------------------------

Using include paths: -I/home/mesnardo/src/petsc/3.5.2/linux-mpich-3.1.4-gnu-libf-opt/include -I/home/mesnardo/src/petsc/3.5.2/include -I/home/mesnardo/src/petsc/3.5.2/include -I/home/mesnardo/src/petsc/3.5.2/linux-mpich-3.1.4-gnu-libf-opt/include -I/c1/apps/mpich/3.1.4/include
-----------------------------------------

Using C linker: /c1/apps/mpich/3.1.4/bin/mpicc
Using Fortran linker: /c1/apps/mpich/3.1.4/bin/mpif90
Using libraries: -Wl,-rpath,/home/mesnardo/src/petsc/3.5.2/linux-mpich-3.1.4-gnu-libf-opt/lib -L/home/mesnardo/src/petsc/3.5.2/linux-mpich-3.1.4-gnu-libf-opt/lib -lpetsc -Wl,-rpath,/c1/apps/lapack/gcc/3.4.1/lib -L/c1/apps/lapack/gcc/3.4.1/lib -lflapack -Wl,-rpath,/c1/apps/blas/gcc/1/lib64 -L/c1/apps/blas/gcc/1/lib64 -lfblas -lX11 -lpthread -lssl -lcrypto -L/c1/apps/mpich/3.1.4/lib -L/cm/shared/apps/gcc/4.7.0/lib/gcc/x86_64-unknown-linux-gnu/4.7.0 -L/cm/shared/apps/gcc/4.7.0/lib64 -L/cm/shared/apps/gcc/4.7.0/lib -lmpifort -lgfortran -lm -Wl,-rpath,/c1/apps/mpich/3.1.4/lib -lgfortran -lm -lquadmath -lm -lmpicxx -lstdc++ -L/c1/apps/mpich/3.1.4/lib -L/cm/shared/apps/gcc/4.7.0/lib/gcc/x86_64-unknown-linux-gnu/4.7.0 -L/cm/shared/apps/gcc/4.7.0/lib64 -L/cm/shared/apps/gcc/4.7.0/lib -ldl -Wl,-rpath,/c1/apps/mpich/3.1.4/lib -lmpi -lgcc_s -ldl  
-----------------------------------------

