
---------------------------------------
Flow
---------------------------------------
solver: Navier-Stokes
viscosity: 0.01

---------------------------------------
Mesh
---------------------------------------
size: 100 x 100 x 100

---------------------------------------
Time-stepping
---------------------------------------
convection: 2nd-order Adams-Bashforth
diffusion : Crank-Nicolson
time-increment      : 0.0025
starting time-step  : 0
number of time-steps: 50
saving-interval     : 100

---------------------------------------
Linear system for intermediate velocity
---------------------------------------
solver: cg
preconditioner: none
relative tolerance: 1e-06
absolute tolerance: 1e-50
maximum iterations: 10000

---------------------------------------
Linear system for pressure-force
---------------------------------------
solver: cg
preconditioner: none
relative tolerance: 1e-06
absolute tolerance: 1e-50
maximum iterations: 20000

---------------------------------------
************************************************************************************************************************
***             WIDEN YOUR WINDOW TO 120 CHARACTERS.  Use 'enscript -r -fCourier9' to print this document            ***
************************************************************************************************************************

---------------------------------------------- PETSc Performance Summary: ----------------------------------------------

/home/mesnardo/src/PetIBM/linux-mpich-3.1.4-gnu-libf-opt/PetIBM3d on a linux-mpich-3.1.4-gnu-libf-opt named node108 with 64 processors, by mesnardo Mon Jun 29 18:50:02 2015
Using Petsc Release Version 3.5.2, Sep, 08, 2014 

                         Max       Max/Min        Avg      Total 
Time (sec):           8.191e+01      1.00024   8.191e+01
Objects:              2.340e+02      1.00000   2.340e+02
Flops:                6.396e+09      1.01164   6.362e+09  4.072e+11
Flops/sec:            7.808e+07      1.01164   7.767e+07  4.971e+09
MPI Messages:         9.973e+04      2.03977   7.401e+04  4.737e+06
MPI Message Lengths:  4.983e+08      2.00385   5.047e+03  2.391e+10
MPI Reductions:       7.774e+04      1.00000

Flop counting convention: 1 flop = 1 real number operation of type (multiply/divide/add/subtract)
                            e.g., VecAXPY() for real vectors of length N --> 2N flops
                            and VecAXPY() for complex vectors of length N --> 8N flops

Summary of Stages:   ----- Time ------  ----- Flops -----  --- Messages ---  -- Message Lengths --  -- Reductions --
                        Avg     %Total     Avg     %Total   counts   %Total     Avg         %Total   counts   %Total 
 0:      Main Stage: 1.1315e-01   0.1%  0.0000e+00   0.0%  0.000e+00   0.0%  0.000e+00        0.0%  0.000e+00   0.0% 
 1:      initialize: 1.8857e+00   2.3%  1.1214e+08   0.0%  1.548e+04   0.3%  5.819e+00        0.1%  1.320e+02   0.2% 
 2:     RHSVelocity: 1.3709e+01  16.7%  2.9700e+08   0.1%  1.404e+05   3.0%  4.808e+01        1.0%  0.000e+00   0.0% 
 3:   solveVelocity: 2.9619e+01  36.2%  1.8023e+10   4.4%  7.546e+04   1.6%  2.374e+02        4.7%  7.360e+02   0.9% 
 4:      RHSPoisson: 3.9753e-02   0.0%  6.4400e+08   0.2%  7.200e+03   0.2%  7.600e+00        0.2%  0.000e+00   0.0% 
 5:    solvePoisson: 3.5067e+01  42.8%  3.8750e+11  95.2%  4.491e+06  94.8%  4.741e+03       93.9%  6.237e+04  80.2% 
 6:  projectionStep: 3.8905e-02   0.0%  5.9400e+08   0.1%  7.200e+03   0.2%  7.600e+00        0.2%  0.000e+00   0.0% 

------------------------------------------------------------------------------------------------------------------------
See the 'Profiling' chapter of the users' manual for details on interpreting output.
Phase summary info:
   Count: number of times phase was executed
   Time and Flops: Max - maximum over all processors
                   Ratio - ratio of maximum to minimum over all processors
   Mess: number of messages sent
   Avg. len: average message length (bytes)
   Reduct: number of global reductions
   Global: entire computation
   Stage: stages of a computation. Set stages with PetscLogStagePush() and PetscLogStagePop().
      %T - percent time in this phase         %F - percent flops in this phase
      %M - percent messages in this phase     %L - percent message lengths in this phase
      %R - percent reductions in this phase
   Total Mflop/s: 10e-6 * (sum of flops over all processors)/(max time over all processors)
------------------------------------------------------------------------------------------------------------------------
Event                Count      Time (sec)     Flops                             --- Global ---  --- Stage ---   Total
                   Max Ratio  Max     Ratio   Max  Ratio  Mess   Avg len Reduct  %T %F %M %L %R  %T %F %M %L %R Mflop/s
------------------------------------------------------------------------------------------------------------------------

--- Event Stage 0: Main Stage


--- Event Stage 1: initialize

VecSet                15 1.0 9.6774e-04 1.1 0.00e+00 0.0 0.0e+00 0.0e+00 0.0e+00  0  0  0  0  0   0  0  0  0  0     0
VecScatterBegin        8 1.0 1.5006e-03 2.3 0.00e+00 0.0 6.2e+03 2.4e+03 0.0e+00  0  0  0  0  0   0  0 40 54  0     0
VecScatterEnd          8 1.0 9.3501e-01 1.3 0.00e+00 0.0 0.0e+00 0.0e+00 0.0e+00  1  0  0  0  0  38  0  0  0  0     0
MatScale               4 1.0 2.4542e-0154.6 1.41e+06 1.1 2.9e+02 1.5e+04 0.0e+00  0  0  0  0  0   1 79  2 16  0   360
MatAssemblyBegin       8 1.0 4.4839e-03 2.6 0.00e+00 0.0 4.3e+02 3.3e+03 1.2e+01  0  0  0  0  0   0  0  3  5  9     0
MatAssemblyEnd         8 1.0 2.3062e-02 1.0 0.00e+00 0.0 1.7e+03 2.1e+03 3.2e+01  0  0  0  0  0   1  0 11 13 24     0
MatTranspose           1 1.0 1.4382e-02 1.0 0.00e+00 0.0 1.1e+03 2.3e+03 1.2e+01  0  0  0  0  0   1  0  7  9  9     0
MatMatMult             1 1.0 2.0260e-02 1.0 3.75e+05 1.0 1.2e+03 4.1e+03 1.6e+01  0  0  0  0  0   1 21  7 17 12  1173
MatMatMultSym          1 1.0 1.6180e-02 1.0 0.00e+00 0.0 1.0e+03 3.2e+03 1.4e+01  0  0  0  0  0   1  0  7 12 11     0
MatMatMultNum          1 1.0 4.1490e-03 1.0 3.75e+05 1.0 1.4e+02 1.0e+04 2.0e+00  0  0  0  0  0   0 21  1  5  2  5727
MatGetLocalMat         2 1.0 3.5660e-03 1.2 0.00e+00 0.0 0.0e+00 0.0e+00 0.0e+00  0  0  0  0  0   0  0  0  0  0     0
MatGetBrAoCol          2 1.0 4.3077e-03 9.8 0.00e+00 0.0 5.8e+02 6.9e+03 0.0e+00  0  0  0  0  0   0  0  4 14  0     0
SFSetGraph             1 1.0 5.6028e-0519.6 0.00e+00 0.0 0.0e+00 0.0e+00 0.0e+00  0  0  0  0  0   0  0  0  0  0     0
SFReduceBegin          1 1.0 3.1579e-03 2.3 0.00e+00 0.0 3.6e+02 2.0e+03 0.0e+00  0  0  0  0  0   0  0  2  3  0     0
SFReduceEnd            1 1.0 5.0902e-0462.8 0.00e+00 0.0 0.0e+00 0.0e+00 0.0e+00  0  0  0  0  0   0  0  0  0  0     0
generateQTBNQ          1 1.0 2.0263e-02 1.0 3.75e+05 1.0 1.2e+03 4.1e+03 1.6e+01  0  0  0  0  0   1 21  7 17 12  1173

--- Event Stage 2: RHSVelocity

VecSet                50 1.0 3.3185e-03 1.5 0.00e+00 0.0 0.0e+00 0.0e+00 0.0e+00  0  0  0  0  0   0  0  0  0  0     0
VecWAXPY              50 1.0 5.0678e-03 1.4 2.34e+06 1.0 0.0e+00 0.0e+00 0.0e+00  0  0  0  0  0   0 50  0  0  0 29303
VecPointwiseMult      50 1.0 5.3136e-03 1.5 2.34e+06 1.0 0.0e+00 0.0e+00 0.0e+00  0  0  0  0  0   0 50  0  0  0 27947
VecScatterBegin      150 1.0 2.5624e-02 2.4 0.00e+00 0.0 1.4e+05 1.6e+03 0.0e+00  0  0  3  1  0   0  0100100  0     0
VecScatterEnd        150 1.0 1.4888e+01 1.2 0.00e+00 0.0 0.0e+00 0.0e+00 0.0e+00 16  0  0  0  0  97  0  0  0  0     0

--- Event Stage 3: solveVelocity

VecTDot              424 1.0 2.6341e+01 1.3 3.97e+07 1.0 0.0e+00 0.0e+00 4.2e+02 31  1  0  0  1  85 14  0  0 58    96
VecNorm              312 1.0 3.1602e+0025.1 2.92e+07 1.0 0.0e+00 0.0e+00 3.1e+02  2  0  0  0  0   5 10  0  0 42   586
VecCopy              362 1.0 2.1870e-02 1.4 0.00e+00 0.0 0.0e+00 0.0e+00 0.0e+00  0  0  0  0  0   0  0  0  0  0     0
VecAXPY              424 1.0 4.1339e-02 1.4 3.98e+07 1.0 0.0e+00 0.0e+00 0.0e+00  0  1  0  0  0   0 14  0  0  0 60924
VecAYPX              212 1.0 1.9177e-02 1.3 1.75e+07 1.0 0.0e+00 0.0e+00 0.0e+00  0  0  0  0  0   0  6  0  0  0 57923
VecScatterBegin      262 1.0 2.8152e-02 2.2 0.00e+00 0.0 7.5e+04 1.5e+04 0.0e+00  0  0  2  5  0   0  0100100  0     0
VecScatterEnd        262 1.0 7.5630e+00 7.6 0.00e+00 0.0 0.0e+00 0.0e+00 0.0e+00  3  0  0  0  0   8  0  0  0  0     0
MatMult              262 1.0 7.8495e+00 6.2 1.60e+08 1.1 7.5e+04 1.5e+04 0.0e+00  3  2  2  5  0   9 56100100  0  1277
KSPSetUp               1 1.0 8.7905e-04 1.6 0.00e+00 0.0 0.0e+00 0.0e+00 0.0e+00  0  0  0  0  0   0  0  0  0  0     0
KSPSolve              50 1.0 3.0933e+01 1.1 2.86e+08 1.1 7.5e+04 1.5e+04 7.4e+02 36  4  2  5  1 100100100100100   583
PCSetUp                1 1.0 9.5367e-07 0.0 0.00e+00 0.0 0.0e+00 0.0e+00 0.0e+00  0  0  0  0  0   0  0  0  0  0     0
PCApply              312 1.0 1.7139e-02 1.4 0.00e+00 0.0 0.0e+00 0.0e+00 0.0e+00  0  0  0  0  0   0  0  0  0  0     0

--- Event Stage 4: RHSPoisson

VecScale              50 1.0 5.6148e-04 1.2 7.81e+05 1.0 0.0e+00 0.0e+00 0.0e+00  0  0  0  0  0   1  8  0  0  0 89051
VecSet                50 1.0 1.4458e-03 1.4 0.00e+00 0.0 0.0e+00 0.0e+00 0.0e+00  0  0  0  0  0   3  0  0  0  0     0
VecScatterBegin       50 1.0 1.7452e-0312.1 0.00e+00 0.0 7.2e+03 5.0e+03 0.0e+00  0  0  0  0  0   3  0100100  0     0
VecScatterEnd         50 1.0 1.1133e-011182.2 0.00e+00 0.0 0.0e+00 0.0e+00 0.0e+00  0  0  0  0  0  47  0  0  0  0     0
MatMultAdd            50 1.0 1.2953e-01 8.1 9.38e+06 1.0 7.2e+03 5.0e+03 0.0e+00  0  0  0  0  0  92 92100100  0  4586

--- Event Stage 5: solvePoisson

VecTDot            31086 1.0 2.0952e+01 4.5 9.71e+08 1.0 0.0e+00 0.0e+00 3.1e+04 13 15  0  0 40  29 16  0  0 50  2967
VecNorm            15643 1.0 2.1113e+00 1.3 4.89e+08 1.0 0.0e+00 0.0e+00 1.6e+04  2  8  0  0 20   5  8  0  0 25 14818
VecCopy            15693 1.0 1.5653e-01 1.2 0.00e+00 0.0 0.0e+00 0.0e+00 0.0e+00  0  0  0  0  0   0  0  0  0  0     0
VecAXPY            31086 1.0 5.6447e-01 1.2 9.71e+08 1.0 0.0e+00 0.0e+00 0.0e+00  1 15  0  0  0   1 16  0  0  0 110142
VecAYPX            15543 1.0 3.8089e-01 1.0 4.85e+08 1.0 0.0e+00 0.0e+00 0.0e+00  0  8  0  0  0   1  8  0  0  0 81483
VecScatterBegin    15593 1.0 5.6333e-01 2.3 0.00e+00 0.0 4.5e+06 5.0e+03 0.0e+00  1  0 95 94  0   1  0100100  0     0
VecScatterEnd      15593 1.0 2.0705e+01 3.9 0.00e+00 0.0 0.0e+00 0.0e+00 0.0e+00 19  0  0  0  0  44  0  0  0  0     0
MatMult            15593 1.0 2.3970e+01 2.9 3.17e+09 1.0 4.5e+06 5.0e+03 0.0e+00 23 49 95 94  0  53 52100100  0  8379
KSPSetUp               1 1.0 1.1897e-04 2.0 0.00e+00 0.0 0.0e+00 0.0e+00 0.0e+00  0  0  0  0  0   0  0  0  0  0     0
KSPSolve              50 1.0 3.5089e+01 1.0 6.08e+09 1.0 4.5e+06 5.0e+03 6.2e+04 43 95 95 94 80 100100100100100 11043
PCSetUp                1 1.0 1.1921e-06 0.0 0.00e+00 0.0 0.0e+00 0.0e+00 0.0e+00  0  0  0  0  0   0  0  0  0  0     0
PCApply            15643 1.0 1.6199e-01 1.2 0.00e+00 0.0 0.0e+00 0.0e+00 0.0e+00  0  0  0  0  0   0  0  0  0  0     0

--- Event Stage 6: projectionStep

VecWAXPY              50 1.0 7.8576e-03 1.7 2.34e+06 1.0 0.0e+00 0.0e+00 0.0e+00  0  0  0  0  0  15 25  0  0  0 18899
VecScatterBegin       50 1.0 1.4191e-0315.1 0.00e+00 0.0 7.2e+03 5.0e+03 0.0e+00  0  0  0  0  0   2  0100100  0     0
VecScatterEnd         50 1.0 2.3801e-02215.6 0.00e+00 0.0 0.0e+00 0.0e+00 0.0e+00  0  0  0  0  0  33  0  0  0  0     0
MatMult               50 1.0 4.5643e-02 2.4 7.03e+06 1.0 7.2e+03 5.0e+03 0.0e+00  0  0  0  0  0  85 75100100  0  9760
------------------------------------------------------------------------------------------------------------------------

Memory usage is given in bytes:

Object Type          Creations   Destructions     Memory  Descendants' Mem.
Reports information only for process 0.

--- Event Stage 0: Main Stage

              Vector     0             44      8750136     0
      Vector Scatter     0             12       512720     0
              Matrix     0             14     11716816     0
   Matrix Null Space     0              1          596     0
    Distributed Mesh     0              6        28464     0
Star Forest Bipartite Graph     0             12         9600     0
     Discrete System     0              6         4752     0
   IS L to G Mapping     0              4       317280     0
       Krylov Solver     0              2         2448     0
      Preconditioner     0              2         1648     0
              Viewer     2              1          744     0

--- Event Stage 1: initialize

              Vector    50             12        18560     0
      Vector Scatter    12              0            0     0
              Matrix    14              0            0     0
   Matrix Null Space     1              0            0     0
    Distributed Mesh     6              0            0     0
Star Forest Bipartite Graph    13              1          856     0
     Discrete System     6              0            0     0
           Index Set    16             16       330956     0
   IS L to G Mapping     4              0            0     0
       Krylov Solver     2              0            0     0
      Preconditioner     2              0            0     0

--- Event Stage 2: RHSVelocity


--- Event Stage 3: solveVelocity

              Vector    53             50     18828400     0

--- Event Stage 4: RHSPoisson


--- Event Stage 5: solvePoisson

              Vector    53             50      6328400     0

--- Event Stage 6: projectionStep

========================================================================================================================
Average time to get PetscTime(): 0
Average time for MPI_Barrier(): 0.00010581
Average time for zero size MPI_Send(): 3.18885e-06
#PETSc Option Table entries:
-caseFolder .
-log_summary
-sys1_pc_type none
-sys2_pc_type none
#End of PETSc Option Table entries
Compiled without FORTRAN kernels
Compiled with full precision matrices (default)
sizeof(short) 2 sizeof(int) 4 sizeof(long) 8 sizeof(void*) 8 sizeof(PetscScalar) 8 sizeof(PetscInt) 4
Configure options: COPTFLAG=-O3 CXXOPTFLAGS=-O3 FOPTFLAGS=-O3 --PETSC_ARCH=linux-mpich-3.1.4-gnu-libf-opt --with-debugging=0 --with-mpi-dir=/c1/apps/mpich/3.1.4 --with-blas-lib=/c1/apps/blas/gcc/1/lib64/libfblas.a --with-lapack-lib=/c1/apps/lapack/gcc/3.4.1/lib/libflapack.a --with-shared-libraries=0
-----------------------------------------
Libraries compiled on Mon Jun 29 18:08:20 2015 on login3.colonialone.gwu.edu 
Machine characteristics: Linux-2.6.32-504.12.2.el6.x86_64-x86_64-with-redhat-6.6-Santiago
Using PETSc directory: /home/mesnardo/src/petsc/3.5.2
Using PETSc arch: linux-mpich-3.1.4-gnu-libf-opt
-----------------------------------------

Using C compiler: /c1/apps/mpich/3.1.4/bin/mpicc  -Wall -Wwrite-strings -Wno-strict-aliasing -Wno-unknown-pragmas -O  ${COPTFLAGS} ${CFLAGS}
Using Fortran compiler: /c1/apps/mpich/3.1.4/bin/mpif90  -Wall -Wno-unused-variable -ffree-line-length-0 -Wno-unused-dummy-argument -O3   ${FOPTFLAGS} ${FFLAGS} 
-----------------------------------------

Using include paths: -I/home/mesnardo/src/petsc/3.5.2/linux-mpich-3.1.4-gnu-libf-opt/include -I/home/mesnardo/src/petsc/3.5.2/include -I/home/mesnardo/src/petsc/3.5.2/include -I/home/mesnardo/src/petsc/3.5.2/linux-mpich-3.1.4-gnu-libf-opt/include -I/c1/apps/mpich/3.1.4/include
-----------------------------------------

Using C linker: /c1/apps/mpich/3.1.4/bin/mpicc
Using Fortran linker: /c1/apps/mpich/3.1.4/bin/mpif90
Using libraries: -Wl,-rpath,/home/mesnardo/src/petsc/3.5.2/linux-mpich-3.1.4-gnu-libf-opt/lib -L/home/mesnardo/src/petsc/3.5.2/linux-mpich-3.1.4-gnu-libf-opt/lib -lpetsc -Wl,-rpath,/c1/apps/lapack/gcc/3.4.1/lib -L/c1/apps/lapack/gcc/3.4.1/lib -lflapack -Wl,-rpath,/c1/apps/blas/gcc/1/lib64 -L/c1/apps/blas/gcc/1/lib64 -lfblas -lX11 -lpthread -lssl -lcrypto -L/c1/apps/mpich/3.1.4/lib -L/cm/shared/apps/gcc/4.7.0/lib/gcc/x86_64-unknown-linux-gnu/4.7.0 -L/cm/shared/apps/gcc/4.7.0/lib64 -L/cm/shared/apps/gcc/4.7.0/lib -lmpifort -lgfortran -lm -Wl,-rpath,/c1/apps/mpich/3.1.4/lib -lgfortran -lm -lquadmath -lm -lmpicxx -lstdc++ -L/c1/apps/mpich/3.1.4/lib -L/cm/shared/apps/gcc/4.7.0/lib/gcc/x86_64-unknown-linux-gnu/4.7.0 -L/cm/shared/apps/gcc/4.7.0/lib64 -L/cm/shared/apps/gcc/4.7.0/lib -ldl -Wl,-rpath,/c1/apps/mpich/3.1.4/lib -lmpi -lgcc_s -ldl  
-----------------------------------------

