
---------------------------------------
Flow
---------------------------------------
solver: Navier-Stokes
viscosity: 0.01

---------------------------------------
Mesh
---------------------------------------
size: 100 x 100 x 100

---------------------------------------
Time-stepping
---------------------------------------
convection: 2nd-order Adams-Bashforth
diffusion : Crank-Nicolson
time-increment      : 0.0025
starting time-step  : 0
number of time-steps: 50
saving-interval     : 100

---------------------------------------
Linear system for intermediate velocity
---------------------------------------
solver: cg
preconditioner: none
relative tolerance: 1e-06
absolute tolerance: 1e-50
maximum iterations: 10000

---------------------------------------
Linear system for pressure-force
---------------------------------------
solver: cg
preconditioner: none
relative tolerance: 1e-06
absolute tolerance: 1e-50
maximum iterations: 20000

---------------------------------------
************************************************************************************************************************
***             WIDEN YOUR WINDOW TO 120 CHARACTERS.  Use 'enscript -r -fCourier9' to print this document            ***
************************************************************************************************************************

---------------------------------------------- PETSc Performance Summary: ----------------------------------------------

/home/mesnardo/src/PetIBM/bin/PetIBM3d on a linux-mpich-3.1-4-gnu-opt named node180 with 32 processors, by mesnardo Thu Jun 25 10:00:41 2015
Using Petsc Release Version 3.5.2, Sep, 08, 2014 

                         Max       Max/Min        Avg      Total 
Time (sec):           3.079e+01      1.00065   3.078e+01
Objects:              2.340e+02      1.00000   2.340e+02
Flops:                1.277e+10      1.00806   1.272e+10  4.072e+11
Flops/sec:            4.150e+08      1.00839   4.134e+08  1.323e+10
MPI Messages:         8.235e+04      1.68435   6.554e+04  2.097e+06
MPI Message Lengths:  7.473e+08      1.80257   8.863e+03  1.859e+10
MPI Reductions:       7.774e+04      1.00000

Flop counting convention: 1 flop = 1 real number operation of type (multiply/divide/add/subtract)
                            e.g., VecAXPY() for real vectors of length N --> 2N flops
                            and VecAXPY() for complex vectors of length N --> 8N flops

Summary of Stages:   ----- Time ------  ----- Flops -----  --- Messages ---  -- Message Lengths --  -- Reductions --
                        Avg     %Total     Avg     %Total   counts   %Total     Avg         %Total   counts   %Total 
 0:      Main Stage: 9.8322e-02   0.3%  0.0000e+00   0.0%  0.000e+00   0.0%  0.000e+00        0.0%  0.000e+00   0.0% 
 1:      initialize: 6.3559e-01   2.1%  1.1214e+08   0.0%  6.304e+03   0.3%  1.015e+01        0.1%  1.320e+02   0.2% 
 2:     RHSVelocity: 1.1186e+00   3.6%  2.9700e+08   0.1%  5.520e+04   2.6%  8.303e+01        0.9%  0.000e+00   0.0% 
 3:   solveVelocity: 1.0390e+00   3.4%  1.8023e+10   4.4%  3.354e+04   1.6%  4.169e+02        4.7%  7.360e+02   0.9% 
 4:      RHSPoisson: 5.6151e-02   0.2%  6.4400e+08   0.2%  3.200e+03   0.2%  1.335e+01        0.2%  0.000e+00   0.0% 
 5:    solvePoisson: 2.7064e+01  87.9%  3.8750e+11  95.2%  1.996e+06  95.2%  8.327e+03       93.9%  6.237e+04  80.2% 
 6:  projectionStep: 5.8499e-02   0.2%  5.9400e+08   0.1%  3.200e+03   0.2%  1.335e+01        0.2%  0.000e+00   0.0% 

------------------------------------------------------------------------------------------------------------------------
See the 'Profiling' chapter of the users' manual for details on interpreting output.
Phase summary info:
   Count: number of times phase was executed
   Time and Flops: Max - maximum over all processors
                   Ratio - ratio of maximum to minimum over all processors
   Mess: number of messages sent
   Avg. len: average message length (bytes)
   Reduct: number of global reductions
   Global: entire computation
   Stage: stages of a computation. Set stages with PetscLogStagePush() and PetscLogStagePop().
      %T - percent time in this phase         %F - percent flops in this phase
      %M - percent messages in this phase     %L - percent message lengths in this phase
      %R - percent reductions in this phase
   Total Mflop/s: 10e-6 * (sum of flops over all processors)/(max time over all processors)
------------------------------------------------------------------------------------------------------------------------
Event                Count      Time (sec)     Flops                             --- Global ---  --- Stage ---   Total
                   Max Ratio  Max     Ratio   Max  Ratio  Mess   Avg len Reduct  %T %F %M %L %R  %T %F %M %L %R Mflop/s
------------------------------------------------------------------------------------------------------------------------

--- Event Stage 0: Main Stage


--- Event Stage 1: initialize

VecSet                15 1.0 1.9476e-03 1.1 0.00e+00 0.0 0.0e+00 0.0e+00 0.0e+00  0  0  0  0  0   0  0  0  0  0     0
VecScatterBegin        8 1.0 1.6153e-03 1.9 0.00e+00 0.0 2.5e+03 4.6e+03 0.0e+00  0  0  0  0  0   0  0 39 54  0     0
VecScatterEnd          8 1.0 3.9432e-03 1.3 0.00e+00 0.0 0.0e+00 0.0e+00 0.0e+00  0  0  0  0  0   1  0  0  0  0     0
MatScale               4 1.0 1.0419e-02 1.1 2.80e+06 1.0 1.3e+02 2.6e+04 0.0e+00  0  0  0  0  0   2 79  2 16  0  8483
MatAssemblyBegin       8 1.0 6.8848e-03 2.1 0.00e+00 0.0 1.9e+02 5.8e+03 1.2e+01  0  0  0  0  0   1  0  3  5  9     0
MatAssemblyEnd         8 1.0 3.1646e-02 1.0 0.00e+00 0.0 7.7e+02 3.6e+03 3.2e+01  0  0  0  0  0   5  0 12 13 24     0
MatTranspose           1 1.0 2.0101e-02 1.0 0.00e+00 0.0 4.8e+02 4.1e+03 1.2e+01  0  0  0  0  0   3  0  8  9  9     0
MatMatMult             1 1.0 3.0678e-02 1.0 7.48e+05 1.0 5.1e+02 7.1e+03 1.6e+01  0  0  0  0  0   5 21  8 17 12   774
MatMatMultSym          1 1.0 2.5091e-02 1.0 0.00e+00 0.0 4.5e+02 5.6e+03 1.4e+01  0  0  0  0  0   4  0  7 12 11     0
MatMatMultNum          1 1.0 5.6410e-03 1.0 7.48e+05 1.0 6.4e+01 1.8e+04 2.0e+00  0  0  0  0  0   1 21  1  5  2  4212
MatGetLocalMat         2 1.0 6.8212e-03 1.1 0.00e+00 0.0 0.0e+00 0.0e+00 0.0e+00  0  0  0  0  0   1  0  0  0  0     0
MatGetBrAoCol          2 1.0 4.2479e-03 5.0 0.00e+00 0.0 2.6e+02 1.2e+04 0.0e+00  0  0  0  0  0   0  0  4 14  0     0
SFSetGraph             1 1.0 9.7990e-0519.6 0.00e+00 0.0 0.0e+00 0.0e+00 0.0e+00  0  0  0  0  0   0  0  0  0  0     0
SFReduceBegin          1 1.0 2.2111e-03 2.5 0.00e+00 0.0 1.6e+02 3.5e+03 0.0e+00  0  0  0  0  0   0  0  3  3  0     0
SFReduceEnd            1 1.0 2.1887e-0435.3 0.00e+00 0.0 0.0e+00 0.0e+00 0.0e+00  0  0  0  0  0   0  0  0  0  0     0
generateQTBNQ          1 1.0 3.0686e-02 1.0 7.48e+05 1.0 5.1e+02 7.1e+03 1.6e+01  0  0  0  0  0   5 21  8 17 12   774

--- Event Stage 2: RHSVelocity

VecSet                50 1.0 1.0020e-02 2.3 0.00e+00 0.0 0.0e+00 0.0e+00 0.0e+00  0  0  0  0  0   1  0  0  0  0     0
VecWAXPY              50 1.0 1.9308e-02 2.6 4.69e+06 1.0 0.0e+00 0.0e+00 0.0e+00  0  0  0  0  0   1 50  0  0  0  7691
VecPointwiseMult      50 1.0 1.3764e-02 2.0 4.69e+06 1.0 0.0e+00 0.0e+00 0.0e+00  0  0  0  0  0   1 50  0  0  0 10789
VecScatterBegin      150 1.0 2.7952e-02 1.6 0.00e+00 0.0 5.5e+04 3.2e+03 0.0e+00  0  0  3  1  0   2  0100100  0     0
VecScatterEnd        150 1.0 2.3053e-0144.5 0.00e+00 0.0 0.0e+00 0.0e+00 0.0e+00  1  0  0  0  0  18  0  0  0  0     0

--- Event Stage 3: solveVelocity

VecTDot              424 1.0 1.7873e-01 2.0 7.95e+07 1.0 0.0e+00 0.0e+00 4.2e+02  0  1  0  0  1  13 14  0  0 58 14091
VecNorm              312 1.0 1.4356e-01 2.3 5.85e+07 1.0 0.0e+00 0.0e+00 3.1e+02  0  0  0  0  0   9 10  0  0 42 12909
VecCopy              362 1.0 4.9495e-02 1.1 0.00e+00 0.0 0.0e+00 0.0e+00 0.0e+00  0  0  0  0  0   4  0  0  0  0     0
VecAXPY              424 1.0 9.5541e-02 1.1 7.95e+07 1.0 0.0e+00 0.0e+00 0.0e+00  0  1  0  0  0   9 14  0  0  0 26361
VecAYPX              212 1.0 4.2375e-02 1.2 3.51e+07 1.0 0.0e+00 0.0e+00 0.0e+00  0  0  0  0  0   4  6  0  0  0 26213
VecScatterBegin      262 1.0 5.2540e-02 3.0 0.00e+00 0.0 3.4e+04 2.6e+04 0.0e+00  0  0  2  5  0   3  0100100  0     0
VecScatterEnd        262 1.0 6.4016e-02 4.5 0.00e+00 0.0 0.0e+00 0.0e+00 0.0e+00  0  0  0  0  0   3  0  0  0  0     0
MatMult              262 1.0 6.6884e-01 1.2 3.18e+08 1.0 3.4e+04 2.6e+04 0.0e+00  2  2  2  5  0  60 56100100  0 14984
KSPSetUp               1 1.0 1.3831e-03 1.2 0.00e+00 0.0 0.0e+00 0.0e+00 0.0e+00  0  0  0  0  0   0  0  0  0  0     0
KSPSolve              50 1.0 1.0853e+00 1.1 5.71e+08 1.0 3.4e+04 2.6e+04 7.4e+02  3  4  2  5  1 100100100100100 16607
PCSetUp                1 1.0 5.9605e-06 3.1 0.00e+00 0.0 0.0e+00 0.0e+00 0.0e+00  0  0  0  0  0   0  0  0  0  0     0
PCApply              312 1.0 3.9165e-02 1.2 0.00e+00 0.0 0.0e+00 0.0e+00 0.0e+00  0  0  0  0  0   3  0  0  0  0     0

--- Event Stage 4: RHSPoisson

VecScale              50 1.0 1.3654e-03 1.3 1.56e+06 1.0 0.0e+00 0.0e+00 0.0e+00  0  0  0  0  0   2  8  0  0  0 36619
VecSet                50 1.0 3.2876e-03 1.1 0.00e+00 0.0 0.0e+00 0.0e+00 0.0e+00  0  0  0  0  0   6  0  0  0  0     0
VecScatterBegin       50 1.0 3.6204e-0316.4 0.00e+00 0.0 3.2e+03 8.8e+03 0.0e+00  0  0  0  0  0   4  0100100  0     0
VecScatterEnd         50 1.0 3.8633e-0336.0 0.00e+00 0.0 0.0e+00 0.0e+00 0.0e+00  0  0  0  0  0   3  0  0  0  0     0
MatMultAdd            50 1.0 5.1706e-02 1.2 1.87e+07 1.0 3.2e+03 8.8e+03 0.0e+00  0  0  0  0  0  87 92100100  0 11488

--- Event Stage 5: solvePoisson

VecTDot            31086 1.0 1.1177e+01 2.5 1.94e+09 1.0 0.0e+00 0.0e+00 3.1e+04 29 15  0  0 40  33 16  0  0 50  5562
VecNorm            15643 1.0 1.7161e+00 1.6 9.78e+08 1.0 0.0e+00 0.0e+00 1.6e+04  4  8  0  0 20   5  8  0  0 25 18231
VecCopy            15693 1.0 3.7056e-01 1.1 0.00e+00 0.0 0.0e+00 0.0e+00 0.0e+00  1  0  0  0  0   1  0  0  0  0     0
VecAXPY            31086 1.0 1.3633e+00 1.1 1.94e+09 1.0 0.0e+00 0.0e+00 0.0e+00  4 15  0  0  0   5 16  0  0  0 45605
VecAYPX            15543 1.0 7.7673e-01 1.0 9.70e+08 1.0 0.0e+00 0.0e+00 0.0e+00  2  8  0  0  0   3  8  0  0  0 39957
VecScatterBegin    15593 1.0 7.3677e-01 3.3 0.00e+00 0.0 2.0e+06 8.8e+03 0.0e+00  1  0 95 94  0   2  0100100  0     0
VecScatterEnd      15593 1.0 5.7784e+0018.0 0.00e+00 0.0 0.0e+00 0.0e+00 0.0e+00  6  0  0  0  0   7  0  0  0  0     0
MatMult            15593 1.0 1.4774e+01 1.8 6.32e+09 1.0 2.0e+06 8.8e+03 0.0e+00 35 49 95 94  0  40 52100100  0 13594
KSPSetUp               1 1.0 1.9288e-04 1.3 0.00e+00 0.0 0.0e+00 0.0e+00 0.0e+00  0  0  0  0  0   0  0  0  0  0     0
KSPSolve              50 1.0 2.7068e+01 1.0 1.21e+10 1.0 2.0e+06 8.8e+03 6.2e+04 88 95 95 94 80 100100100100100 14316
PCSetUp                1 1.0 9.5367e-07 0.0 0.00e+00 0.0 0.0e+00 0.0e+00 0.0e+00  0  0  0  0  0   0  0  0  0  0     0
PCApply            15643 1.0 3.7647e-01 1.1 0.00e+00 0.0 0.0e+00 0.0e+00 0.0e+00  1  0  0  0  0   1  0  0  0  0     0

--- Event Stage 6: projectionStep

VecWAXPY              50 1.0 1.9114e-02 1.2 4.69e+06 1.0 0.0e+00 0.0e+00 0.0e+00  0  0  0  0  0  31 25  0  0  0  7769
VecScatterBegin       50 1.0 1.8709e-0310.5 0.00e+00 0.0 3.2e+03 8.8e+03 0.0e+00  0  0  0  0  0   2  0100100  0     0
VecScatterEnd         50 1.0 4.2300e-0317.0 0.00e+00 0.0 0.0e+00 0.0e+00 0.0e+00  0  0  0  0  0   3  0  0  0  0     0
MatMult               50 1.0 4.5073e-02 1.3 1.41e+07 1.0 3.2e+03 8.8e+03 0.0e+00  0  0  0  0  0  69 75100100  0  9884
------------------------------------------------------------------------------------------------------------------------

Memory usage is given in bytes:

Object Type          Creations   Destructions     Memory  Descendants' Mem.
Reports information only for process 0.

--- Event Stage 0: Main Stage

              Vector     0             44     17278936     0
      Vector Scatter     0             12      1012720     0
              Matrix     0             14     23399316     0
   Matrix Null Space     0              1          596     0
    Distributed Mesh     0              6        28464     0
Star Forest Bipartite Graph     0             12         9600     0
     Discrete System     0              6         4752     0
   IS L to G Mapping     0              4       608880     0
       Krylov Solver     0              2         2448     0
      Preconditioner     0              2         1648     0
              Viewer     2              1          744     0

--- Event Stage 1: initialize

              Vector    50             12        18560     0
      Vector Scatter    12              0            0     0
              Matrix    14              0            0     0
   Matrix Null Space     1              0            0     0
    Distributed Mesh     6              0            0     0
Star Forest Bipartite Graph    13              1          856     0
     Discrete System     6              0            0     0
           Index Set    16             16       626256     0
   IS L to G Mapping     4              0            0     0
       Krylov Solver     2              0            0     0
      Preconditioner     2              0            0     0

--- Event Stage 2: RHSVelocity


--- Event Stage 3: solveVelocity

              Vector    53             50     37578400     0

--- Event Stage 4: RHSPoisson


--- Event Stage 5: solvePoisson

              Vector    53             50     12578400     0

--- Event Stage 6: projectionStep

========================================================================================================================
Average time to get PetscTime(): 0
Average time for MPI_Barrier(): 4.58241e-05
Average time for zero size MPI_Send(): 2.43634e-06
#PETSc Option Table entries:
-caseFolder .
-log_summary
-sys1_pc_type none
-sys2_pc_type none
#End of PETSc Option Table entries
Compiled without FORTRAN kernels
Compiled with full precision matrices (default)
sizeof(short) 2 sizeof(int) 4 sizeof(long) 8 sizeof(void*) 8 sizeof(PetscScalar) 8 sizeof(PetscInt) 4
Configure options: --PETSC_ARCH=linux-mpich-3.1-4-gnu-opt ---with-mpi-dir=/c1/apps/mpich/3.1.4/bin --with-blas-lib=/c1/apps/blas/gcc/1/lib64/libblas.a --with-lapack-lib=/c1/apps/lapack/gcc/3.4.1/lib/liblapack.a --with-shared-libraries=0 --with-debugging=0
-----------------------------------------
Libraries compiled on Mon Jun 22 14:19:00 2015 on login4.colonialone.gwu.edu 
Machine characteristics: Linux-2.6.32-504.12.2.el6.x86_64-x86_64-with-redhat-6.6-Santiago
Using PETSc directory: /home/mesnardo/src/petsc/3.5.2
Using PETSc arch: linux-mpich-3.1-4-gnu-opt
-----------------------------------------

Using C compiler: mpicc  -Wall -Wwrite-strings -Wno-strict-aliasing -Wno-unknown-pragmas -O  ${COPTFLAGS} ${CFLAGS}
Using Fortran compiler: mpif90  -Wall -Wno-unused-variable -ffree-line-length-0 -Wno-unused-dummy-argument -O   ${FOPTFLAGS} ${FFLAGS} 
-----------------------------------------

Using include paths: -I/home/mesnardo/src/petsc/3.5.2/linux-mpich-3.1-4-gnu-opt/include -I/home/mesnardo/src/petsc/3.5.2/include -I/home/mesnardo/src/petsc/3.5.2/include -I/home/mesnardo/src/petsc/3.5.2/linux-mpich-3.1-4-gnu-opt/include -I/c1/apps/mpich/3.1.4/include
-----------------------------------------

Using C linker: mpicc
Using Fortran linker: mpif90
Using libraries: -Wl,-rpath,/home/mesnardo/src/petsc/3.5.2/linux-mpich-3.1-4-gnu-opt/lib -L/home/mesnardo/src/petsc/3.5.2/linux-mpich-3.1-4-gnu-opt/lib -lpetsc -Wl,-rpath,/c1/apps/lapack/gcc/3.4.1/lib -L/c1/apps/lapack/gcc/3.4.1/lib -llapack -Wl,-rpath,/c1/apps/blas/gcc/1/lib64 -L/c1/apps/blas/gcc/1/lib64 -lblas -lX11 -lpthread -lssl -lcrypto -L/c1/apps/mpich/3.1.4/lib -L/cm/shared/apps/gcc/4.7.0/lib/gcc/x86_64-unknown-linux-gnu/4.7.0 -L/cm/shared/apps/gcc/4.7.0/lib64 -L/cm/shared/apps/gcc/4.7.0/lib -lmpifort -lgfortran -lm -Wl,-rpath,/c1/apps/mpich/3.1.4/lib -lgfortran -lm -lquadmath -lm -lmpicxx -lstdc++ -L/c1/apps/mpich/3.1.4/lib -L/cm/shared/apps/gcc/4.7.0/lib/gcc/x86_64-unknown-linux-gnu/4.7.0 -L/cm/shared/apps/gcc/4.7.0/lib64 -L/cm/shared/apps/gcc/4.7.0/lib -ldl -Wl,-rpath,/c1/apps/mpich/3.1.4/lib -lmpi -lgcc_s -ldl  
-----------------------------------------

