
---------------------------------------
Flow
---------------------------------------
solver: Navier-Stokes
viscosity: 0.01

---------------------------------------
Mesh
---------------------------------------
size: 100 x 100 x 100

---------------------------------------
Time-stepping
---------------------------------------
convection: 2nd-order Adams-Bashforth
diffusion : Crank-Nicolson
time-increment      : 0.0025
starting time-step  : 0
number of time-steps: 50
saving-interval     : 100

---------------------------------------
Linear system for intermediate velocity
---------------------------------------
solver: cg
preconditioner: none
relative tolerance: 1e-06
absolute tolerance: 1e-50
maximum iterations: 10000

---------------------------------------
Linear system for pressure-force
---------------------------------------
solver: cg
preconditioner: none
relative tolerance: 1e-06
absolute tolerance: 1e-50
maximum iterations: 20000

---------------------------------------
************************************************************************************************************************
***             WIDEN YOUR WINDOW TO 120 CHARACTERS.  Use 'enscript -r -fCourier9' to print this document            ***
************************************************************************************************************************

---------------------------------------------- PETSc Performance Summary: ----------------------------------------------

/home/mesnardo/src/PetIBM/bin/PetIBM3d on a linux-mpich-3.1-4-gnu-opt named node180 with 2 processors, by mesnardo Thu Jun 25 10:09:55 2015
Using Petsc Release Version 3.5.2, Sep, 08, 2014 

                         Max       Max/Min        Avg      Total 
Time (sec):           4.600e+02      1.00000   4.600e+02
Objects:              2.340e+02      1.00000   2.340e+02
Flops:                2.036e+11      1.00031   2.036e+11  4.072e+11
Flops/sec:            4.427e+08      1.00031   4.426e+08  8.852e+08
MPI Messages:         1.608e+04      1.00003   1.608e+04  3.217e+04
MPI Message Lengths:  1.327e+09      1.00000   8.253e+04  2.655e+09
MPI Reductions:       7.774e+04      1.00000

Flop counting convention: 1 flop = 1 real number operation of type (multiply/divide/add/subtract)
                            e.g., VecAXPY() for real vectors of length N --> 2N flops
                            and VecAXPY() for complex vectors of length N --> 8N flops

Summary of Stages:   ----- Time ------  ----- Flops -----  --- Messages ---  -- Message Lengths --  -- Reductions --
                        Avg     %Total     Avg     %Total   counts   %Total     Avg         %Total   counts   %Total 
 0:      Main Stage: 3.9001e-01   0.1%  0.0000e+00   0.0%  0.000e+00   0.0%  0.000e+00        0.0%  0.000e+00   0.0% 
 1:      initialize: 3.6470e+00   0.8%  1.1214e+08   0.0%  5.350e+01   0.2%  9.287e+01        0.1%  1.320e+02   0.2% 
 2:     RHSVelocity: 3.0744e+01   6.7%  2.9700e+08   0.1%  3.000e+02   0.9%  7.412e+02        0.9%  0.000e+00   0.0% 
 3:   solveVelocity: 1.8067e+01   3.9%  1.8023e+10   4.4%  5.240e+02   1.6%  3.884e+03        4.7%  7.360e+02   0.9% 
 4:      RHSPoisson: 6.8939e-01   0.1%  6.4400e+08   0.2%  5.000e+01   0.2%  1.244e+02        0.2%  0.000e+00   0.0% 
 5:    solvePoisson: 4.0543e+02  88.1%  3.8750e+11  95.2%  3.119e+04  97.0%  7.756e+04       94.0%  6.237e+04  80.2% 
 6:  projectionStep: 9.8813e-01   0.2%  5.9400e+08   0.1%  5.000e+01   0.2%  1.244e+02        0.2%  0.000e+00   0.0% 

------------------------------------------------------------------------------------------------------------------------
See the 'Profiling' chapter of the users' manual for details on interpreting output.
Phase summary info:
   Count: number of times phase was executed
   Time and Flops: Max - maximum over all processors
                   Ratio - ratio of maximum to minimum over all processors
   Mess: number of messages sent
   Avg. len: average message length (bytes)
   Reduct: number of global reductions
   Global: entire computation
   Stage: stages of a computation. Set stages with PetscLogStagePush() and PetscLogStagePop().
      %T - percent time in this phase         %F - percent flops in this phase
      %M - percent messages in this phase     %L - percent message lengths in this phase
      %R - percent reductions in this phase
   Total Mflop/s: 10e-6 * (sum of flops over all processors)/(max time over all processors)
------------------------------------------------------------------------------------------------------------------------
Event                Count      Time (sec)     Flops                             --- Global ---  --- Stage ---   Total
                   Max Ratio  Max     Ratio   Max  Ratio  Mess   Avg len Reduct  %T %F %M %L %R  %T %F %M %L %R Mflop/s
------------------------------------------------------------------------------------------------------------------------

--- Event Stage 0: Main Stage


--- Event Stage 1: initialize

VecSet                15 1.0 4.7344e-02 1.0 0.00e+00 0.0 0.0e+00 0.0e+00 0.0e+00  0  0  0  0  0   1  0  0  0  0     0
VecScatterBegin        8 1.0 1.0789e-02 1.0 0.00e+00 0.0 1.6e+01 9.9e+04 0.0e+00  0  0  0  0  0   0  0 30 53  0     0
VecScatterEnd          8 1.0 6.2737e-03 2.4 0.00e+00 0.0 0.0e+00 0.0e+00 0.0e+00  0  0  0  0  0   0  0  0  0  0     0
MatScale               4 1.0 1.1848e-01 1.0 4.43e+07 1.0 2.0e+00 2.4e+05 0.0e+00  0  0  0  0  0   3 79  4 16  0   746
MatAssemblyBegin       8 1.0 2.1009e-02 4.9 0.00e+00 0.0 3.0e+00 5.3e+04 1.2e+01  0  0  0  0  0   0  0  6  5  9     0
MatAssemblyEnd         8 1.0 6.1697e-01 1.0 0.00e+00 0.0 1.2e+01 3.3e+04 3.2e+01  0  0  0  0  0  17  0 22 13 24     0
MatTranspose           1 1.0 4.3947e-01 1.0 0.00e+00 0.0 7.5e+00 3.7e+04 1.2e+01  0  0  0  0  0  12  0 14  9  9     0
MatMatMult             1 1.0 6.7409e-01 1.0 1.19e+07 1.0 8.0e+00 6.5e+04 1.6e+01  0  0  0  0  0  18 21 15 17 12    35
MatMatMultSym          1 1.0 5.6067e-01 1.0 0.00e+00 0.0 7.0e+00 5.1e+04 1.4e+01  0  0  0  0  0  15  0 13 12 11     0
MatMatMultNum          1 1.0 1.1339e-01 1.0 1.19e+07 1.0 1.0e+00 1.6e+05 2.0e+00  0  0  0  0  0   3 21  2  5  2   210
MatGetLocalMat         2 1.0 1.6691e-01 1.0 0.00e+00 0.0 0.0e+00 0.0e+00 0.0e+00  0  0  0  0  0   4  0  0  0  0     0
MatGetBrAoCol          2 1.0 9.7809e-03 1.1 0.00e+00 0.0 4.0e+00 1.1e+05 0.0e+00  0  0  0  0  0   0  0  7 15  0     0
SFSetGraph             1 1.0 5.2786e-0467.1 0.00e+00 0.0 0.0e+00 0.0e+00 0.0e+00  0  0  0  0  0   0  0  0  0  0     0
SFReduceBegin          1 1.0 1.4811e-03 4.5 0.00e+00 0.0 2.5e+00 3.2e+04 0.0e+00  0  0  0  0  0   0  0  5  3  0     0
SFReduceEnd            1 1.0 1.6093e-0410.1 0.00e+00 0.0 0.0e+00 0.0e+00 0.0e+00  0  0  0  0  0   0  0  0  0  0     0
generateQTBNQ          1 1.0 6.7410e-01 1.0 1.19e+07 1.0 8.0e+00 6.5e+04 1.6e+01  0  0  0  0  0  18 21 15 17 12    35

--- Event Stage 2: RHSVelocity

VecSet                50 1.0 2.1932e-01 1.0 0.00e+00 0.0 0.0e+00 0.0e+00 0.0e+00  0  0  0  0  0   1  0  0  0  0     0
VecWAXPY              50 1.0 2.8932e-01 1.0 7.45e+07 1.0 0.0e+00 0.0e+00 0.0e+00  0  0  0  0  0   1 50  0  0  0   513
VecPointwiseMult      50 1.0 2.3162e-01 1.0 7.45e+07 1.0 0.0e+00 0.0e+00 0.0e+00  0  0  0  0  0   1 50  0  0  0   641
VecScatterBegin      150 1.0 2.7688e-01 1.0 0.00e+00 0.0 3.0e+02 7.9e+04 0.0e+00  0  0  1  1  0   1  0100100  0     0
VecScatterEnd        150 1.0 7.4363e-0131.1 0.00e+00 0.0 0.0e+00 0.0e+00 0.0e+00  0  0  0  0  0   1  0  0  0  0     0

--- Event Stage 3: solveVelocity

VecTDot              424 1.0 1.7468e+00 1.0 1.26e+09 1.0 0.0e+00 0.0e+00 4.2e+02  0  1  0  0  1  10 14  0  0 58  1442
VecNorm              312 1.0 1.3084e+00 1.1 9.30e+08 1.0 0.0e+00 0.0e+00 3.1e+02  0  0  0  0  0   7 10  0  0 42  1416
VecCopy              362 1.0 2.2744e+00 1.0 0.00e+00 0.0 0.0e+00 0.0e+00 0.0e+00  0  0  0  0  0  12  0  0  0  0     0
VecAXPY              424 1.0 1.6837e+00 1.0 1.26e+09 1.0 0.0e+00 0.0e+00 0.0e+00  0  1  0  0  0   9 14  0  0  0  1496
VecAYPX              212 1.0 1.0880e+00 1.0 5.57e+08 1.0 0.0e+00 0.0e+00 0.0e+00  0  0  0  0  0   6  6  0  0  0  1021
VecScatterBegin      262 1.0 2.6727e-02 1.1 0.00e+00 0.0 5.2e+02 2.4e+05 0.0e+00  0  0  2  5  0   0  0100100  0     0
VecScatterEnd        262 1.0 6.7434e-01 6.3 0.00e+00 0.0 0.0e+00 0.0e+00 0.0e+00  0  0  0  0  0   2  0  0  0  0     0
MatMult              262 1.0 1.0020e+01 1.0 5.03e+09 1.0 5.2e+02 2.4e+05 0.0e+00  2  2  2  5  0  54 56100100  0  1000
KSPSetUp               1 1.0 2.8777e-02 1.0 0.00e+00 0.0 0.0e+00 0.0e+00 0.0e+00  0  0  0  0  0   0  0  0  0  0     0
KSPSolve              50 1.0 1.8298e+01 1.0 9.04e+09 1.0 5.2e+02 2.4e+05 7.4e+02  4  4  2  5  1 100100100100100   985
PCSetUp                1 1.0 5.0068e-06 1.0 0.00e+00 0.0 0.0e+00 0.0e+00 0.0e+00  0  0  0  0  0   0  0  0  0  0     0
PCApply              312 1.0 1.9398e+00 1.0 0.00e+00 0.0 0.0e+00 0.0e+00 0.0e+00  0  0  0  0  0  11  0  0  0  0     0

--- Event Stage 4: RHSPoisson

VecScale              50 1.0 4.4821e-02 1.0 2.50e+07 1.0 0.0e+00 0.0e+00 0.0e+00  0  0  0  0  0   6  8  0  0  0  1116
VecSet                50 1.0 7.4072e-02 1.0 0.00e+00 0.0 0.0e+00 0.0e+00 0.0e+00  0  0  0  0  0  11  0  0  0  0     0
VecScatterBegin       50 1.0 2.2182e-03 5.8 0.00e+00 0.0 5.0e+01 8.0e+04 0.0e+00  0  0  0  0  0   0  0100100  0     0
VecScatterEnd         50 1.0 1.0585e-02 2.6 0.00e+00 0.0 0.0e+00 0.0e+00 0.0e+00  0  0  0  0  0   1  0  0  0  0     0
MatMultAdd            50 1.0 5.4883e-01 1.0 2.97e+08 1.0 5.0e+01 8.0e+04 0.0e+00  0  0  0  0  0  79 92100100  0  1082

--- Event Stage 5: solvePoisson

VecTDot            31086 1.0 4.1511e+01 1.0 3.11e+10 1.0 0.0e+00 0.0e+00 3.1e+04  9 15  0  0 40  10 16  0  0 50  1498
VecNorm            15643 1.0 2.0166e+01 1.0 1.56e+10 1.0 0.0e+00 0.0e+00 1.6e+04  4  8  0  0 20   5  8  0  0 25  1551
VecCopy            15693 1.0 2.8122e+01 1.0 0.00e+00 0.0 0.0e+00 0.0e+00 0.0e+00  6  0  0  0  0   7  0  0  0  0     0
VecAXPY            31086 1.0 3.7051e+01 1.0 3.11e+10 1.0 0.0e+00 0.0e+00 0.0e+00  8 15  0  0  0   9 16  0  0  0  1678
VecAYPX            15543 1.0 2.5215e+01 1.0 1.55e+10 1.0 0.0e+00 0.0e+00 0.0e+00  5  8  0  0  0   6  8  0  0  0  1231
VecScatterBegin    15593 1.0 5.8315e-01 1.2 0.00e+00 0.0 3.1e+04 8.0e+04 0.0e+00  0  0 97 94  0   0  0100100  0     0
VecScatterEnd      15593 1.0 4.7005e+00 1.4 0.00e+00 0.0 0.0e+00 0.0e+00 0.0e+00  1  0  0  0  0   1  0  0  0  0     0
MatMult            15593 1.0 1.7532e+02 1.0 1.00e+11 1.0 3.1e+04 8.0e+04 0.0e+00 38 49 97 94  0  43 52100100  0  1146
KSPSetUp               1 1.0 9.0668e-03 1.0 0.00e+00 0.0 0.0e+00 0.0e+00 0.0e+00  0  0  0  0  0   0  0  0  0  0     0
KSPSolve              50 1.0 4.0543e+02 1.0 1.94e+11 1.0 3.1e+04 8.0e+04 6.2e+04 88 95 97 94 80 100100100100100   956
PCSetUp                1 1.0 9.5367e-07 1.0 0.00e+00 0.0 0.0e+00 0.0e+00 0.0e+00  0  0  0  0  0   0  0  0  0  0     0
PCApply            15643 1.0 2.8042e+01 1.0 0.00e+00 0.0 0.0e+00 0.0e+00 0.0e+00  6  0  0  0  0   7  0  0  0  0     0

--- Event Stage 6: projectionStep

VecWAXPY              50 1.0 2.9204e-01 1.0 7.45e+07 1.0 0.0e+00 0.0e+00 0.0e+00  0  0  0  0  0  29 25  0  0  0   509
VecScatterBegin       50 1.0 1.8110e-03 5.4 0.00e+00 0.0 5.0e+01 8.0e+04 0.0e+00  0  0  0  0  0   0  0100100  0     0
VecScatterEnd         50 1.0 1.6227e-02 3.0 0.00e+00 0.0 0.0e+00 0.0e+00 0.0e+00  0  0  0  0  0   1  0  0  0  0     0
MatMult               50 1.0 7.0046e-01 1.0 2.24e+08 1.0 5.0e+01 8.0e+04 0.0e+00  0  0  0  0  0  71 75100100  0   636
------------------------------------------------------------------------------------------------------------------------

Memory usage is given in bytes:

Object Type          Creations   Destructions     Memory  Descendants' Mem.
Reports information only for process 0.

--- Event Stage 0: Main Stage

              Vector     0             44    266540544     0
      Vector Scatter     0             12     15932720     0
              Matrix     0             14    371756016     0
   Matrix Null Space     0              1          596     0
    Distributed Mesh     0              6        28464     0
Star Forest Bipartite Graph     0             12         9600     0
     Discrete System     0              6         4752     0
   IS L to G Mapping     0              4      8616048     0
       Krylov Solver     0              2         2448     0
      Preconditioner     0              2         1648     0
              Viewer     2              1          744     0

--- Event Stage 1: initialize

              Vector    50             12        18560     0
      Vector Scatter    12              0            0     0
              Matrix    14              0            0     0
   Matrix Null Space     1              0            0     0
    Distributed Mesh     6              0            0     0
Star Forest Bipartite Graph    13              1          856     0
     Discrete System     6              0            0     0
           Index Set    16             16      8330944     0
   IS L to G Mapping     4              0            0     0
       Krylov Solver     2              0            0     0
      Preconditioner     2              0            0     0

--- Event Stage 2: RHSVelocity


--- Event Stage 3: solveVelocity

              Vector    53             50    596078400     0

--- Event Stage 4: RHSPoisson


--- Event Stage 5: solvePoisson

              Vector    53             50    200078400     0

--- Event Stage 6: projectionStep

========================================================================================================================
Average time to get PetscTime(): 9.53674e-08
Average time for MPI_Barrier(): 2.19345e-06
Average time for zero size MPI_Send(): 1.54972e-06
#PETSc Option Table entries:
-caseFolder .
-log_summary
-sys1_pc_type none
-sys2_pc_type none
#End of PETSc Option Table entries
Compiled without FORTRAN kernels
Compiled with full precision matrices (default)
sizeof(short) 2 sizeof(int) 4 sizeof(long) 8 sizeof(void*) 8 sizeof(PetscScalar) 8 sizeof(PetscInt) 4
Configure options: --PETSC_ARCH=linux-mpich-3.1-4-gnu-opt ---with-mpi-dir=/c1/apps/mpich/3.1.4/bin --with-blas-lib=/c1/apps/blas/gcc/1/lib64/libblas.a --with-lapack-lib=/c1/apps/lapack/gcc/3.4.1/lib/liblapack.a --with-shared-libraries=0 --with-debugging=0
-----------------------------------------
Libraries compiled on Mon Jun 22 14:19:00 2015 on login4.colonialone.gwu.edu 
Machine characteristics: Linux-2.6.32-504.12.2.el6.x86_64-x86_64-with-redhat-6.6-Santiago
Using PETSc directory: /home/mesnardo/src/petsc/3.5.2
Using PETSc arch: linux-mpich-3.1-4-gnu-opt
-----------------------------------------

Using C compiler: mpicc  -Wall -Wwrite-strings -Wno-strict-aliasing -Wno-unknown-pragmas -O  ${COPTFLAGS} ${CFLAGS}
Using Fortran compiler: mpif90  -Wall -Wno-unused-variable -ffree-line-length-0 -Wno-unused-dummy-argument -O   ${FOPTFLAGS} ${FFLAGS} 
-----------------------------------------

Using include paths: -I/home/mesnardo/src/petsc/3.5.2/linux-mpich-3.1-4-gnu-opt/include -I/home/mesnardo/src/petsc/3.5.2/include -I/home/mesnardo/src/petsc/3.5.2/include -I/home/mesnardo/src/petsc/3.5.2/linux-mpich-3.1-4-gnu-opt/include -I/c1/apps/mpich/3.1.4/include
-----------------------------------------

Using C linker: mpicc
Using Fortran linker: mpif90
Using libraries: -Wl,-rpath,/home/mesnardo/src/petsc/3.5.2/linux-mpich-3.1-4-gnu-opt/lib -L/home/mesnardo/src/petsc/3.5.2/linux-mpich-3.1-4-gnu-opt/lib -lpetsc -Wl,-rpath,/c1/apps/lapack/gcc/3.4.1/lib -L/c1/apps/lapack/gcc/3.4.1/lib -llapack -Wl,-rpath,/c1/apps/blas/gcc/1/lib64 -L/c1/apps/blas/gcc/1/lib64 -lblas -lX11 -lpthread -lssl -lcrypto -L/c1/apps/mpich/3.1.4/lib -L/cm/shared/apps/gcc/4.7.0/lib/gcc/x86_64-unknown-linux-gnu/4.7.0 -L/cm/shared/apps/gcc/4.7.0/lib64 -L/cm/shared/apps/gcc/4.7.0/lib -lmpifort -lgfortran -lm -Wl,-rpath,/c1/apps/mpich/3.1.4/lib -lgfortran -lm -lquadmath -lm -lmpicxx -lstdc++ -L/c1/apps/mpich/3.1.4/lib -L/cm/shared/apps/gcc/4.7.0/lib/gcc/x86_64-unknown-linux-gnu/4.7.0 -L/cm/shared/apps/gcc/4.7.0/lib64 -L/cm/shared/apps/gcc/4.7.0/lib -ldl -Wl,-rpath,/c1/apps/mpich/3.1.4/lib -lmpi -lgcc_s -ldl  
-----------------------------------------

