
---------------------------------------
Flow
---------------------------------------
solver: Navier-Stokes
viscosity: 0.01

---------------------------------------
Mesh
---------------------------------------
size: 200 x 200 x 200

---------------------------------------
Time-stepping
---------------------------------------
convection: 2nd-order Adams-Bashforth
diffusion : Crank-Nicolson
time-increment      : 0.0025
starting time-step  : 0
number of time-steps: 20
saving-interval     : 100

---------------------------------------
Linear system for intermediate velocity
---------------------------------------
solver: cg
preconditioner: none
relative tolerance: 1e-06
absolute tolerance: 1e-50
maximum iterations: 10000

---------------------------------------
Linear system for pressure-force
---------------------------------------
solver: cg
preconditioner: none
relative tolerance: 1e-06
absolute tolerance: 1e-50
maximum iterations: 20000

---------------------------------------
************************************************************************************************************************
***             WIDEN YOUR WINDOW TO 120 CHARACTERS.  Use 'enscript -r -fCourier9' to print this document            ***
************************************************************************************************************************

---------------------------------------------- PETSc Performance Summary: ----------------------------------------------

/home/mesnardo/src/PetIBM/linux-mpich-3.1.4-gnu-libf-opt/PetIBM3d on a linux-mpich-3.1.4-gnu-libf-opt named node101 with 64 processors, by mesnardo Tue Jun 30 21:06:19 2015
Using Petsc Release Version 3.5.2, Sep, 08, 2014 

                         Max       Max/Min        Avg      Total 
Time (sec):           6.352e+02      1.00005   6.352e+02
Objects:              1.740e+02      1.00000   1.740e+02
Flops:                4.254e+10      1.00588   4.243e+10  2.715e+12
Flops/sec:            6.697e+07      1.00588   6.679e+07  4.275e+09
MPI Messages:         8.090e+04      2.02160   6.033e+04  3.861e+06
MPI Message Lengths:  1.646e+09      2.00173   2.046e+04  7.898e+10
MPI Reductions:       6.692e+04      1.00000

Flop counting convention: 1 flop = 1 real number operation of type (multiply/divide/add/subtract)
                            e.g., VecAXPY() for real vectors of length N --> 2N flops
                            and VecAXPY() for complex vectors of length N --> 8N flops

Summary of Stages:   ----- Time ------  ----- Flops -----  --- Messages ---  -- Message Lengths --  -- Reductions --
                        Avg     %Total     Avg     %Total   counts   %Total     Avg         %Total   counts   %Total 
 0:      Main Stage: 1.9093e-01   0.0%  0.0000e+00   0.0%  0.000e+00   0.0%  0.000e+00        0.0%  0.000e+00   0.0% 
 1:      initialize: 2.7977e+00   0.4%  9.0457e+08   0.0%  1.548e+04   0.4%  2.826e+01        0.1%  1.320e+02   0.2% 
 2:     RHSVelocity: 6.7579e+00   1.1%  9.5520e+08   0.0%  5.616e+04   1.5%  9.192e+01        0.4%  0.000e+00   0.0% 
 3:   solveVelocity: 4.6731e+01   7.4%  1.3745e+11   5.1%  6.854e+04   1.8%  1.062e+03        5.2%  6.940e+02   1.0% 
 4:      RHSPoisson: 9.3443e-02   0.0%  2.0704e+09   0.1%  2.880e+03   0.1%  1.492e+01        0.1%  0.000e+00   0.0% 
 5:    solvePoisson: 5.7727e+02  90.9%  2.5722e+12  94.7%  3.715e+06  96.2%  1.924e+04       94.1%  5.160e+04  77.1% 
 6:  projectionStep: 1.2479e-01   0.0%  1.9104e+09   0.1%  2.880e+03   0.1%  1.492e+01        0.1%  0.000e+00   0.0% 

------------------------------------------------------------------------------------------------------------------------
See the 'Profiling' chapter of the users' manual for details on interpreting output.
Phase summary info:
   Count: number of times phase was executed
   Time and Flops: Max - maximum over all processors
                   Ratio - ratio of maximum to minimum over all processors
   Mess: number of messages sent
   Avg. len: average message length (bytes)
   Reduct: number of global reductions
   Global: entire computation
   Stage: stages of a computation. Set stages with PetscLogStagePush() and PetscLogStagePop().
      %T - percent time in this phase         %F - percent flops in this phase
      %M - percent messages in this phase     %L - percent message lengths in this phase
      %R - percent reductions in this phase
   Total Mflop/s: 10e-6 * (sum of flops over all processors)/(max time over all processors)
------------------------------------------------------------------------------------------------------------------------
Event                Count      Time (sec)     Flops                             --- Global ---  --- Stage ---   Total
                   Max Ratio  Max     Ratio   Max  Ratio  Mess   Avg len Reduct  %T %F %M %L %R  %T %F %M %L %R Mflop/s
------------------------------------------------------------------------------------------------------------------------

--- Event Stage 0: Main Stage


--- Event Stage 1: initialize

VecSet                15 1.0 2.2756e-02 3.6 0.00e+00 0.0 0.0e+00 0.0e+00 0.0e+00  0  0  0  0  0   0  0  0  0  0     0
VecScatterBegin        8 1.0 5.3937e-03 1.7 0.00e+00 0.0 6.2e+03 9.4e+03 0.0e+00  0  0  0  0  0   0  0 40 54  0     0
VecScatterEnd          8 1.0 7.2207e-01 2.7 0.00e+00 0.0 0.0e+00 0.0e+00 0.0e+00  0  0  0  0  0  13  0  0  0  0     0
MatScale               4 1.0 2.9108e-01 7.7 1.12e+07 1.0 2.9e+02 6.0e+04 0.0e+00  0  0  0  0  0   2 79  2 16  0  2451
MatAssemblyBegin       8 1.0 5.7442e-02 2.9 0.00e+00 0.0 4.3e+02 1.3e+04 1.2e+01  0  0  0  0  0   2  0  3  5  9     0
MatAssemblyEnd         8 1.0 3.3423e-01 1.0 0.00e+00 0.0 1.7e+03 8.3e+03 3.2e+01  0  0  0  0  0  12  0 11 13 24     0
MatTranspose           1 1.0 7.1050e-02 1.0 0.00e+00 0.0 1.1e+03 9.3e+03 1.2e+01  0  0  0  0  0   3  0  7  9  9     0
MatMatMult             1 1.0 3.6197e-01 1.0 3.00e+06 1.0 1.2e+03 1.6e+04 1.6e+01  0  0  0  0  0  13 21  7 17 12   528
MatMatMultSym          1 1.0 3.0767e-01 1.0 0.00e+00 0.0 1.0e+03 1.3e+04 1.4e+01  0  0  0  0  0  11  0  7 12 11     0
MatMatMultNum          1 1.0 5.4716e-02 1.0 3.00e+06 1.0 1.4e+02 4.0e+04 2.0e+00  0  0  0  0  0   2 21  1  5  2  3491
MatGetLocalMat         2 1.0 3.3565e-02 1.5 0.00e+00 0.0 0.0e+00 0.0e+00 0.0e+00  0  0  0  0  0   1  0  0  0  0     0
MatGetBrAoCol          2 1.0 5.0039e-0219.2 0.00e+00 0.0 5.8e+02 2.8e+04 0.0e+00  0  0  0  0  0   0  0  4 15  0     0
SFSetGraph             1 1.0 2.3985e-0440.2 0.00e+00 0.0 0.0e+00 0.0e+00 0.0e+00  0  0  0  0  0   0  0  0  0  0     0
SFReduceBegin          1 1.0 4.5290e-03 3.2 0.00e+00 0.0 3.6e+02 8.0e+03 0.0e+00  0  0  0  0  0   0  0  2  3  0     0
SFReduceEnd            1 1.0 1.4119e-03109.7 0.00e+00 0.0 0.0e+00 0.0e+00 0.0e+00  0  0  0  0  0   0  0  0  0  0     0
generateQTBNQ          1 1.0 3.6198e-01 1.0 3.00e+06 1.0 1.2e+03 1.6e+04 1.6e+01  0  0  0  0  0  13 21  7 17 12   528

--- Event Stage 2: RHSVelocity

VecSet                20 1.0 2.2423e-02 1.9 0.00e+00 0.0 0.0e+00 0.0e+00 0.0e+00  0  0  0  0  0   0  0  0  0  0     0
VecWAXPY              20 1.0 3.3300e-02 1.7 7.50e+06 1.0 0.0e+00 0.0e+00 0.0e+00  0  0  0  0  0   0 50  0  0  0 14342
VecPointwiseMult      20 1.0 2.5809e-02 1.6 7.50e+06 1.0 0.0e+00 0.0e+00 0.0e+00  0  0  0  0  0   0 50  0  0  0 18505
VecScatterBegin       60 1.0 4.1973e-02 1.8 0.00e+00 0.0 5.6e+04 6.3e+03 0.0e+00  0  0  1  0  0   1  0100100  0     0
VecScatterEnd         60 1.0 5.4982e+00 1.1 0.00e+00 0.0 0.0e+00 0.0e+00 0.0e+00  1  0  0  0  0  78  0  0  0  0     0

--- Event Stage 3: solveVelocity

VecTDot              436 1.0 4.0964e+01 1.3 3.27e+08 1.0 0.0e+00 0.0e+00 4.4e+02  6  1  0  0  1  81 15  0  0 63   508
VecNorm              258 1.0 2.3940e+00 1.6 1.94e+08 1.0 0.0e+00 0.0e+00 2.6e+02  0  0  0  0  0   4  9  0  0 37  5147
VecCopy              278 1.0 6.1763e-01 1.9 0.00e+00 0.0 0.0e+00 0.0e+00 0.0e+00  0  0  0  0  0   1  0  0  0  0     0
VecAXPY              436 1.0 8.4135e-01 1.6 3.27e+08 1.0 0.0e+00 0.0e+00 0.0e+00  0  1  0  0  0   1 15  0  0  0 24750
VecAYPX              218 1.0 4.1199e-01 1.6 1.56e+08 1.0 0.0e+00 0.0e+00 0.0e+00  0  0  0  0  0   1  7  0  0  0 24112
VecScatterBegin      238 1.0 1.4419e-01 2.1 0.00e+00 0.0 6.9e+04 6.0e+04 0.0e+00  0  0  2  5  0   0  0100100  0     0
VecScatterEnd        238 1.0 1.0032e+0118.2 0.00e+00 0.0 0.0e+00 0.0e+00 0.0e+00  1  0  0  0  0   8  0  0  0  0     0
MatMult              238 1.0 1.1833e+01 5.0 1.16e+09 1.0 6.9e+04 6.0e+04 0.0e+00  1  3  2  5  0  12 54100100  0  6215
KSPSetUp               1 1.0 6.8688e-03 1.5 0.00e+00 0.0 0.0e+00 0.0e+00 0.0e+00  0  0  0  0  0   0  0  0  0  0     0
KSPSolve              20 1.0 4.7093e+01 1.0 2.16e+09 1.0 6.9e+04 6.0e+04 6.9e+02  7  5  2  5  1 100100100100100  2919
PCSetUp                1 1.0 1.1921e-06 0.0 0.00e+00 0.0 0.0e+00 0.0e+00 0.0e+00  0  0  0  0  0   0  0  0  0  0     0
PCApply              258 1.0 5.9653e-01 2.1 0.00e+00 0.0 0.0e+00 0.0e+00 0.0e+00  0  0  0  0  0   1  0  0  0  0     0

--- Event Stage 4: RHSPoisson

VecScale              20 1.0 1.9443e-03 1.1 2.50e+06 1.0 0.0e+00 0.0e+00 0.0e+00  0  0  0  0  0   2  8  0  0  0 82292
VecSet                20 1.0 4.6003e-03 1.4 0.00e+00 0.0 0.0e+00 0.0e+00 0.0e+00  0  0  0  0  0   4  0  0  0  0     0
VecScatterBegin       20 1.0 2.4140e-0325.2 0.00e+00 0.0 2.9e+03 2.0e+04 0.0e+00  0  0  0  0  0   2  0100100  0     0
VecScatterEnd         20 1.0 2.7131e-012917.8 0.00e+00 0.0 0.0e+00 0.0e+00 0.0e+00  0  0  0  0  0  24  0  0  0  0     0
MatMultAdd            20 1.0 3.2901e-01 5.9 3.00e+07 1.0 2.9e+03 2.0e+04 0.0e+00  0  0  0  0  0  93 92100100  0  5807

--- Event Stage 5: solvePoisson

VecTDot            25758 1.0 5.0245e+02 1.4 6.44e+09 1.0 0.0e+00 0.0e+00 2.6e+04 74 15  0  0 38  81 16  0  0 50   820
VecNorm            12919 1.0 4.6920e+00 1.9 3.23e+09 1.0 0.0e+00 0.0e+00 1.3e+04  1  8  0  0 19   1  8  0  0 25 44055
VecCopy            12939 1.0 3.3653e+00 1.6 0.00e+00 0.0 0.0e+00 0.0e+00 0.0e+00  0  0  0  0  0   0  0  0  0  0     0
VecAXPY            25758 1.0 1.2429e+01 1.8 6.44e+09 1.0 0.0e+00 0.0e+00 0.0e+00  2 15  0  0  0   2 16  0  0  0 33157
VecAYPX            12879 1.0 7.2109e+00 2.2 3.22e+09 1.0 0.0e+00 0.0e+00 0.0e+00  1  8  0  0  0   1  8  0  0  0 28555
VecScatterBegin    12899 1.0 3.3891e+00 2.7 0.00e+00 0.0 3.7e+06 2.0e+04 0.0e+00  0  0 96 94  0   0  0100100  0     0
VecScatterEnd      12899 1.0 1.3700e+02111.6 0.00e+00 0.0 0.0e+00 0.0e+00 0.0e+00  5  0  0  0  0   5  0  0  0  0     0
MatMult            12899 1.0 1.7661e+02 4.2 2.10e+10 1.0 3.7e+06 2.0e+04 0.0e+00 12 49 96 94  0  13 52100100  0  7561
KSPSetUp               1 1.0 1.3001e-03 3.5 0.00e+00 0.0 0.0e+00 0.0e+00 0.0e+00  0  0  0  0  0   0  0  0  0  0     0
KSPSolve              20 1.0 5.7730e+02 1.0 4.03e+10 1.0 3.7e+06 2.0e+04 5.2e+04 91 95 96 94 77 100100100100100  4456
PCSetUp                1 1.0 1.1921e-06 0.0 0.00e+00 0.0 0.0e+00 0.0e+00 0.0e+00  0  0  0  0  0   0  0  0  0  0     0
PCApply            12919 1.0 3.3776e+00 1.6 0.00e+00 0.0 0.0e+00 0.0e+00 0.0e+00  0  0  0  0  0   0  0  0  0  0     0

--- Event Stage 6: projectionStep

VecWAXPY              20 1.0 4.7072e-02 1.6 7.50e+06 1.0 0.0e+00 0.0e+00 0.0e+00  0  0  0  0  0  29 25  0  0  0 10146
VecScatterBegin       20 1.0 3.8302e-0343.0 0.00e+00 0.0 2.9e+03 2.0e+04 0.0e+00  0  0  0  0  0   2  0100100  0     0
VecScatterEnd         20 1.0 4.1902e-02356.5 0.00e+00 0.0 0.0e+00 0.0e+00 0.0e+00  0  0  0  0  0   6  0  0  0  0     0
MatMult               20 1.0 1.1609e-01 1.5 2.25e+07 1.0 2.9e+03 2.0e+04 0.0e+00  0  0  0  0  0  70 75100100  0 12342
------------------------------------------------------------------------------------------------------------------------

Memory usage is given in bytes:

Object Type          Creations   Destructions     Memory  Descendants' Mem.
Reports information only for process 0.

--- Event Stage 0: Main Stage

              Vector     0             44     67741536     0
      Vector Scatter     0             12      4012720     0
              Matrix     0             14     93506816     0
   Matrix Null Space     0              1          596     0
    Distributed Mesh     0              6        28464     0
Star Forest Bipartite Graph     0             12         9600     0
     Discrete System     0              6         4752     0
   IS L to G Mapping     0              4      2252080     0
       Krylov Solver     0              2         2448     0
      Preconditioner     0              2         1648     0
              Viewer     2              1          744     0

--- Event Stage 1: initialize

              Vector    50             12        18560     0
      Vector Scatter    12              0            0     0
              Matrix    14              0            0     0
   Matrix Null Space     1              0            0     0
    Distributed Mesh     6              0            0     0
Star Forest Bipartite Graph    13              1          856     0
     Discrete System     6              0            0     0
           Index Set    16             16      2284356     0
   IS L to G Mapping     4              0            0     0
       Krylov Solver     2              0            0     0
      Preconditioner     2              0            0     0

--- Event Stage 2: RHSVelocity


--- Event Stage 3: solveVelocity

              Vector    23             20     60031360     0

--- Event Stage 4: RHSPoisson


--- Event Stage 5: solvePoisson

              Vector    23             20     20031360     0

--- Event Stage 6: projectionStep

========================================================================================================================
Average time to get PetscTime(): 0
Average time for MPI_Barrier(): 9.29832e-05
Average time for zero size MPI_Send(): 3.35649e-06
#PETSc Option Table entries:
-caseFolder .
-log_summary
-sys1_pc_type none
-sys2_pc_type none
#End of PETSc Option Table entries
Compiled without FORTRAN kernels
Compiled with full precision matrices (default)
sizeof(short) 2 sizeof(int) 4 sizeof(long) 8 sizeof(void*) 8 sizeof(PetscScalar) 8 sizeof(PetscInt) 4
Configure options: COPTFLAG=-O3 CXXOPTFLAGS=-O3 FOPTFLAGS=-O3 --PETSC_ARCH=linux-mpich-3.1.4-gnu-libf-opt --with-debugging=0 --with-mpi-dir=/c1/apps/mpich/3.1.4 --with-blas-lib=/c1/apps/blas/gcc/1/lib64/libfblas.a --with-lapack-lib=/c1/apps/lapack/gcc/3.4.1/lib/libflapack.a --with-shared-libraries=0
-----------------------------------------
Libraries compiled on Mon Jun 29 18:08:20 2015 on login3.colonialone.gwu.edu 
Machine characteristics: Linux-2.6.32-504.12.2.el6.x86_64-x86_64-with-redhat-6.6-Santiago
Using PETSc directory: /home/mesnardo/src/petsc/3.5.2
Using PETSc arch: linux-mpich-3.1.4-gnu-libf-opt
-----------------------------------------

Using C compiler: /c1/apps/mpich/3.1.4/bin/mpicc  -Wall -Wwrite-strings -Wno-strict-aliasing -Wno-unknown-pragmas -O  ${COPTFLAGS} ${CFLAGS}
Using Fortran compiler: /c1/apps/mpich/3.1.4/bin/mpif90  -Wall -Wno-unused-variable -ffree-line-length-0 -Wno-unused-dummy-argument -O3   ${FOPTFLAGS} ${FFLAGS} 
-----------------------------------------

Using include paths: -I/home/mesnardo/src/petsc/3.5.2/linux-mpich-3.1.4-gnu-libf-opt/include -I/home/mesnardo/src/petsc/3.5.2/include -I/home/mesnardo/src/petsc/3.5.2/include -I/home/mesnardo/src/petsc/3.5.2/linux-mpich-3.1.4-gnu-libf-opt/include -I/c1/apps/mpich/3.1.4/include
-----------------------------------------

Using C linker: /c1/apps/mpich/3.1.4/bin/mpicc
Using Fortran linker: /c1/apps/mpich/3.1.4/bin/mpif90
Using libraries: -Wl,-rpath,/home/mesnardo/src/petsc/3.5.2/linux-mpich-3.1.4-gnu-libf-opt/lib -L/home/mesnardo/src/petsc/3.5.2/linux-mpich-3.1.4-gnu-libf-opt/lib -lpetsc -Wl,-rpath,/c1/apps/lapack/gcc/3.4.1/lib -L/c1/apps/lapack/gcc/3.4.1/lib -lflapack -Wl,-rpath,/c1/apps/blas/gcc/1/lib64 -L/c1/apps/blas/gcc/1/lib64 -lfblas -lX11 -lpthread -lssl -lcrypto -L/c1/apps/mpich/3.1.4/lib -L/cm/shared/apps/gcc/4.7.0/lib/gcc/x86_64-unknown-linux-gnu/4.7.0 -L/cm/shared/apps/gcc/4.7.0/lib64 -L/cm/shared/apps/gcc/4.7.0/lib -lmpifort -lgfortran -lm -Wl,-rpath,/c1/apps/mpich/3.1.4/lib -lgfortran -lm -lquadmath -lm -lmpicxx -lstdc++ -L/c1/apps/mpich/3.1.4/lib -L/cm/shared/apps/gcc/4.7.0/lib/gcc/x86_64-unknown-linux-gnu/4.7.0 -L/cm/shared/apps/gcc/4.7.0/lib64 -L/cm/shared/apps/gcc/4.7.0/lib -ldl -Wl,-rpath,/c1/apps/mpich/3.1.4/lib -lmpi -lgcc_s -ldl  
-----------------------------------------

