
---------------------------------------
Flow
---------------------------------------
solver: Navier-Stokes
viscosity: 0.01

---------------------------------------
Mesh
---------------------------------------
size: 200 x 200 x 200

---------------------------------------
Time-stepping
---------------------------------------
convection: 2nd-order Adams-Bashforth
diffusion : Crank-Nicolson
time-increment      : 0.0025
starting time-step  : 0
number of time-steps: 20
saving-interval     : 100

---------------------------------------
Linear system for intermediate velocity
---------------------------------------
solver: cg
preconditioner: none
relative tolerance: 1e-06
absolute tolerance: 1e-50
maximum iterations: 10000

---------------------------------------
Linear system for pressure-force
---------------------------------------
solver: cg
preconditioner: none
relative tolerance: 1e-06
absolute tolerance: 1e-50
maximum iterations: 20000

---------------------------------------
************************************************************************************************************************
***             WIDEN YOUR WINDOW TO 120 CHARACTERS.  Use 'enscript -r -fCourier9' to print this document            ***
************************************************************************************************************************

---------------------------------------------- PETSc Performance Summary: ----------------------------------------------

/home/mesnardo/src/PetIBM/bin/PetIBM3d on a linux-mpich2-gnu-opt named node103 with 128 processors, by mesnardo Fri Jun  5 18:29:32 2015
Using Petsc Release Version 3.5.2, Sep, 08, 2014 

                         Max       Max/Min        Avg      Total 
Time (sec):           1.038e+03      1.00000   1.038e+03
Objects:              1.740e+02      1.00000   1.740e+02
Flops:                2.127e+10      1.00786   2.121e+10  2.715e+12
Flops/sec:            2.049e+07      1.00786   2.044e+07  2.616e+09
MPI Messages:         8.090e+04      2.02156   6.373e+04  8.158e+06
MPI Message Lengths:  1.097e+09      2.00217   1.398e+04  1.141e+11
MPI Reductions:       6.692e+04      1.00000

Flop counting convention: 1 flop = 1 real number operation of type (multiply/divide/add/subtract)
                            e.g., VecAXPY() for real vectors of length N --> 2N flops
                            and VecAXPY() for complex vectors of length N --> 8N flops

Summary of Stages:   ----- Time ------  ----- Flops -----  --- Messages ---  -- Message Lengths --  -- Reductions --
                        Avg     %Total     Avg     %Total   counts   %Total     Avg         %Total   counts   %Total 
 0:      Main Stage: 1.1709e-01   0.0%  0.0000e+00   0.0%  0.000e+00   0.0%  0.000e+00        0.0%  0.000e+00   0.0% 
 1:      initialize: 2.2638e+00   0.2%  9.0457e+08   0.0%  3.398e+04   0.4%  1.939e+01        0.1%  1.330e+02   0.2% 
 2:     RHSVelocity: 5.0637e+00   0.5%  9.5520e+08   0.0%  1.243e+05   1.5%  6.341e+01        0.5%  0.000e+00   0.0% 
 3:   solveVelocity: 5.8330e+01   5.6%  1.3745e+11   5.1%  1.447e+05   1.8%  7.258e+02        5.2%  6.940e+02   1.0% 
 4:      RHSPoisson: 8.3668e-02   0.0%  2.0704e+09   0.1%  6.080e+03   0.1%  1.020e+01        0.1%  0.000e+00   0.0% 
 5:    solvePoisson: 9.7007e+02  93.5%  2.5722e+12  94.7%  7.843e+06  96.1%  1.316e+04       94.1%  5.160e+04  77.1% 
 6:  projectionStep: 9.5172e-02   0.0%  1.9104e+09   0.1%  6.080e+03   0.1%  1.020e+01        0.1%  0.000e+00   0.0% 

------------------------------------------------------------------------------------------------------------------------
See the 'Profiling' chapter of the users' manual for details on interpreting output.
Phase summary info:
   Count: number of times phase was executed
   Time and Flops: Max - maximum over all processors
                   Ratio - ratio of maximum to minimum over all processors
   Mess: number of messages sent
   Avg. len: average message length (bytes)
   Reduct: number of global reductions
   Global: entire computation
   Stage: stages of a computation. Set stages with PetscLogStagePush() and PetscLogStagePop().
      %T - percent time in this phase         %F - percent flops in this phase
      %M - percent messages in this phase     %L - percent message lengths in this phase
      %R - percent reductions in this phase
   Total Mflop/s: 10e-6 * (sum of flops over all processors)/(max time over all processors)
------------------------------------------------------------------------------------------------------------------------
Event                Count      Time (sec)     Flops                             --- Global ---  --- Stage ---   Total
                   Max Ratio  Max     Ratio   Max  Ratio  Mess   Avg len Reduct  %T %F %M %L %R  %T %F %M %L %R Mflop/s
------------------------------------------------------------------------------------------------------------------------

--- Event Stage 0: Main Stage


--- Event Stage 1: initialize

VecSet                15 1.0 6.7706e-03 2.1 0.00e+00 0.0 0.0e+00 0.0e+00 0.0e+00  0  0  0  0  0   0  0  0  0  0     0
VecScatterBegin        8 1.0 4.5810e-03 2.7 0.00e+00 0.0 1.4e+04 6.2e+03 0.0e+00  0  0  0  0  0   0  0 40 54  0     0
VecScatterEnd          8 1.0 6.7610e-01 2.5 0.00e+00 0.0 0.0e+00 0.0e+00 0.0e+00  0  0  0  0  0  18  0  0  0  0     0
MatScale               4 1.0 2.7299e-0115.8 5.62e+06 1.0 6.1e+02 4.1e+04 0.0e+00  0  0  0  0  0   2 79  2 16  0  2614
MatAssemblyBegin       8 1.0 1.9105e-01 4.8 0.00e+00 0.0 9.1e+02 9.1e+03 1.2e+01  0  0  0  0  0   7  0  3  5  9     0
MatAssemblyEnd         8 1.0 5.3160e-01 1.0 0.00e+00 0.0 3.6e+03 5.7e+03 3.2e+01  0  0  0  0  0  23  0 11 13 24     0
MatTranspose           1 1.0 8.1585e-02 1.0 0.00e+00 0.0 2.4e+03 6.0e+03 1.3e+01  0  0  0  0  0   4  0  7  9 10     0
MatMatMult             1 1.0 3.1989e-01 1.0 1.50e+06 1.0 2.4e+03 1.1e+04 1.6e+01  0  0  0  0  0  14 21  7 17 12   597
MatMatMultSym          1 1.0 2.9994e-01 1.0 0.00e+00 0.0 2.1e+03 8.8e+03 1.4e+01  0  0  0  0  0  13  0  6 12 11     0
MatMatMultNum          1 1.0 2.0827e-02 1.1 1.50e+06 1.0 3.0e+02 2.7e+04 2.0e+00  0  0  0  0  0   1 21  1  5  2  9173
MatGetLocalMat         2 1.0 2.5906e-02 2.2 0.00e+00 0.0 0.0e+00 0.0e+00 0.0e+00  0  0  0  0  0   1  0  0  0  0     0
MatGetBrAoCol          2 1.0 2.5789e-0217.8 0.00e+00 0.0 1.2e+03 1.9e+04 0.0e+00  0  0  0  0  0   1  0  4 14  0     0
SFSetGraph             1 1.0 2.6703e-0493.3 0.00e+00 0.0 0.0e+00 0.0e+00 0.0e+00  0  0  0  0  0   0  0  0  0  0     0
SFReduceBegin          1 1.0 4.1871e-03 8.0 0.00e+00 0.0 9.1e+02 4.6e+03 1.0e+00  0  0  0  0  0   0  0  3  3  1     0
SFReduceEnd            1 1.0 2.6178e-03422.3 0.00e+00 0.0 0.0e+00 0.0e+00 0.0e+00  0  0  0  0  0   0  0  0  0  0     0
generateQTBNQ          1 1.0 3.1990e-01 1.0 1.50e+06 1.0 2.4e+03 1.1e+04 1.6e+01  0  0  0  0  0  14 21  7 17 12   597

--- Event Stage 2: RHSVelocity

VecSet                20 1.0 1.9656e-02 3.2 0.00e+00 0.0 0.0e+00 0.0e+00 0.0e+00  0  0  0  0  0   0  0  0  0  0     0
VecWAXPY              20 1.0 3.0893e-02 3.5 3.75e+06 1.0 0.0e+00 0.0e+00 0.0e+00  0  0  0  0  0   0 50  0  0  0 15460
VecPointwiseMult      20 1.0 2.0224e-02 3.6 3.75e+06 1.0 0.0e+00 0.0e+00 0.0e+00  0  0  0  0  0   0 50  0  0  0 23616
VecScatterBegin       60 1.0 3.7298e-02 2.9 0.00e+00 0.0 1.2e+05 4.2e+03 0.0e+00  0  0  2  0  0   0  0100100  0     0
VecScatterEnd         60 1.0 5.3943e+00 1.6 0.00e+00 0.0 0.0e+00 0.0e+00 0.0e+00  0  0  0  0  0  85  0  0  0  0     0

--- Event Stage 3: solveVelocity

VecTDot              436 1.0 4.9494e+01 1.2 1.63e+08 1.0 0.0e+00 0.0e+00 4.4e+02  5  1  0  0  1  80 15  0  0 63   421
VecNorm              258 1.0 6.3627e+00 1.5 9.68e+07 1.0 0.0e+00 0.0e+00 2.6e+02  0  0  0  0  0   9  9  0  0 37  1937
VecCopy              278 1.0 2.4810e-01 2.1 0.00e+00 0.0 0.0e+00 0.0e+00 0.0e+00  0  0  0  0  0   0  0  0  0  0     0
VecAXPY              436 1.0 6.4948e-01 2.8 1.64e+08 1.0 0.0e+00 0.0e+00 0.0e+00  0  1  0  0  0   1 15  0  0  0 32062
VecAYPX              218 1.0 2.6693e-01 2.4 7.80e+07 1.0 0.0e+00 0.0e+00 0.0e+00  0  0  0  0  0   0  7  0  0  0 37216
VecScatterBegin      238 1.0 1.2814e-01 2.5 0.00e+00 0.0 1.4e+05 4.1e+04 0.0e+00  0  0  2  5  0   0  0100100  0     0
VecScatterEnd        238 1.0 8.4953e+00 8.0 0.00e+00 0.0 0.0e+00 0.0e+00 0.0e+00  0  0  0  0  0   7  0  0  0  0     0
MatMult              238 1.0 9.4728e+00 3.8 5.80e+08 1.0 1.4e+05 4.1e+04 0.0e+00  1  3  2  5  0  10 54100100  0  7764
KSPSetUp               1 1.0 6.3310e-03 2.3 0.00e+00 0.0 0.0e+00 0.0e+00 0.0e+00  0  0  0  0  0   0  0  0  0  0     0
KSPSolve              20 1.0 5.9302e+01 1.0 1.08e+09 1.0 1.4e+05 4.1e+04 6.9e+02  6  5  2  5  1 100100100100100  2318
PCSetUp                1 1.0 1.1921e-06 0.0 0.00e+00 0.0 0.0e+00 0.0e+00 0.0e+00  0  0  0  0  0   0  0  0  0  0     0
PCApply              258 1.0 2.3278e-01 2.2 0.00e+00 0.0 0.0e+00 0.0e+00 0.0e+00  0  0  0  0  0   0  0  0  0  0     0

--- Event Stage 4: RHSPoisson

VecScale              20 1.0 1.1005e-03 1.3 1.25e+06 1.0 0.0e+00 0.0e+00 0.0e+00  0  0  0  0  0   1  8  0  0  0 145383
VecSet                20 1.0 5.5540e-03 3.3 0.00e+00 0.0 0.0e+00 0.0e+00 0.0e+00  0  0  0  0  0   4  0  0  0  0     0
VecScatterBegin       20 1.0 3.1078e-0322.8 0.00e+00 0.0 6.1e+03 1.4e+04 0.0e+00  0  0  0  0  0   2  0100100  0     0
VecScatterEnd         20 1.0 9.1481e-021017.8 0.00e+00 0.0 0.0e+00 0.0e+00 0.0e+00  0  0  0  0  0  32  0  0  0  0     0
MatMultAdd            20 1.0 1.4849e-01 3.3 1.50e+07 1.0 6.1e+03 1.4e+04 0.0e+00  0  0  0  0  0  93 92100100  0 12865

--- Event Stage 5: solvePoisson

VecTDot            25758 1.0 9.0584e+02 1.2 3.22e+09 1.0 0.0e+00 0.0e+00 2.6e+04 84 15  0  0 38  90 16  0  0 50   455
VecNorm            12919 1.0 3.5920e+00 1.5 1.61e+09 1.0 0.0e+00 0.0e+00 1.3e+04  0  8  0  0 19   0  8  0  0 25 57545
VecCopy            12939 1.0 7.4582e-01 1.2 0.00e+00 0.0 0.0e+00 0.0e+00 0.0e+00  0  0  0  0  0   0  0  0  0  0     0
VecAXPY            25758 1.0 5.1494e+00 2.1 3.22e+09 1.0 0.0e+00 0.0e+00 0.0e+00  0 15  0  0  0   0 16  0  0  0 80034
VecAYPX            12879 1.0 1.0368e+00 1.2 1.61e+09 1.0 0.0e+00 0.0e+00 0.0e+00  0  8  0  0  0   0  8  0  0  0 198591
VecScatterBegin    12899 1.0 1.6524e+00 2.4 0.00e+00 0.0 7.8e+06 1.4e+04 0.0e+00  0  0 96 94  0   0  0100100  0     0
VecScatterEnd      12899 1.0 1.9770e+0216.7 0.00e+00 0.0 0.0e+00 0.0e+00 0.0e+00  5  0  0  0  0   5  0  0  0  0     0
MatMult            12899 1.0 2.2395e+02 4.8 1.05e+10 1.0 7.8e+06 1.4e+04 0.0e+00  7 49 96 94  0   8 52100100  0  5963
KSPSetUp               1 1.0 9.0289e-04 4.9 0.00e+00 0.0 0.0e+00 0.0e+00 0.0e+00  0  0  0  0  0   0  0  0  0  0     0
KSPSolve              20 1.0 9.7010e+02 1.0 2.01e+10 1.0 7.8e+06 1.4e+04 5.2e+04 93 95 96 94 77 100100100100100  2651
PCSetUp                1 1.0 1.1921e-06 0.0 0.00e+00 0.0 0.0e+00 0.0e+00 0.0e+00  0  0  0  0  0   0  0  0  0  0     0
PCApply            12919 1.0 7.5866e-01 1.2 0.00e+00 0.0 0.0e+00 0.0e+00 0.0e+00  0  0  0  0  0   0  0  0  0  0     0

--- Event Stage 6: projectionStep

VecWAXPY              20 1.0 3.8302e-02 4.3 3.75e+06 1.0 0.0e+00 0.0e+00 0.0e+00  0  0  0  0  0  22 25  0  0  0 12469
VecScatterBegin       20 1.0 1.9166e-0323.4 0.00e+00 0.0 6.1e+03 1.4e+04 0.0e+00  0  0  0  0  0   1  0100100  0     0
VecScatterEnd         20 1.0 1.0494e-01387.8 0.00e+00 0.0 0.0e+00 0.0e+00 0.0e+00  0  0  0  0  0  18  0  0  0  0     0
MatMult               20 1.0 1.8117e-01 4.1 1.12e+07 1.0 6.1e+03 1.4e+04 0.0e+00  0  0  0  0  0  78 75100100  0  7909
------------------------------------------------------------------------------------------------------------------------

Memory usage is given in bytes:

Object Type          Creations   Destructions     Memory  Descendants' Mem.
Reports information only for process 0.

--- Event Stage 0: Main Stage

              Vector     0             44     34192736     0
      Vector Scatter     0             12      2012720     0
              Matrix     0             14     46766816     0
   Matrix Null Space     0              1          596     0
    Distributed Mesh     0              6        28464     0
Star Forest Bipartite Graph     0             12         9600     0
     Discrete System     0              6         4752     0
   IS L to G Mapping     0              4      1170480     0
       Krylov Solver     0              2         2448     0
      Preconditioner     0              2         1648     0
              Viewer     2              1          744     0

--- Event Stage 1: initialize

              Vector    50             12        18560     0
      Vector Scatter    12              0            0     0
              Matrix    14              0            0     0
   Matrix Null Space     1              0            0     0
    Distributed Mesh     6              0            0     0
Star Forest Bipartite Graph    13              1          856     0
     Discrete System     6              0            0     0
           Index Set    16             16      1194056     0
   IS L to G Mapping     4              0            0     0
       Krylov Solver     2              0            0     0
      Preconditioner     2              0            0     0

--- Event Stage 2: RHSVelocity


--- Event Stage 3: solveVelocity

              Vector    23             20     30031360     0

--- Event Stage 4: RHSPoisson


--- Event Stage 5: solvePoisson

              Vector    23             20     10031360     0

--- Event Stage 6: projectionStep

========================================================================================================================
Average time to get PetscTime(): 0
Average time for MPI_Barrier(): 0.000129604
Average time for zero size MPI_Send(): 2.96161e-06
#PETSc Option Table entries:
-caseFolder .
-log_summary
-sys1_pc_type none
-sys2_pc_type none
#End of PETSc Option Table entries
Compiled without FORTRAN kernels
Compiled with full precision matrices (default)
sizeof(short) 2 sizeof(int) 4 sizeof(long) 8 sizeof(void*) 8 sizeof(PetscScalar) 8 sizeof(PetscInt) 4
Configure options: COPTFLAGS=-O3 CXXOPTFLAGS=-O3 FOPTFLAGS=-O3 --PETSC_ARCH=linux-mpich2-gnu-opt --with-debugging=0 --with-mpi-dir=/cm/shared/apps/mpich2/ge/gcc/64/1.4.1p1/bin --with-blas-lib=/c1/apps/blas/gcc/1/lib64/libblas.a --with-lapack-lib=/c1/apps/lapack/gcc/3.4.1/lib/liblapack.a --with-shared-libraries=0
-----------------------------------------
Libraries compiled on Thu May 28 11:06:57 2015 on login3.colonialone.gwu.edu 
Machine characteristics: Linux-2.6.32-504.12.2.el6.x86_64-x86_64-with-redhat-6.6-Santiago
Using PETSc directory: /home/mesnardo/src/petsc/3.5.2
Using PETSc arch: linux-mpich2-gnu-opt
-----------------------------------------

Using C compiler: mpicc  -Wall -Wwrite-strings -Wno-strict-aliasing -Wno-unknown-pragmas -O3  ${COPTFLAGS} ${CFLAGS}
Using Fortran compiler: mpif90  -Wall -Wno-unused-variable -ffree-line-length-0 -Wno-unused-dummy-argument -O3   ${FOPTFLAGS} ${FFLAGS} 
-----------------------------------------

Using include paths: -I/home/mesnardo/src/petsc/3.5.2/linux-mpich2-gnu-opt/include -I/home/mesnardo/src/petsc/3.5.2/include -I/home/mesnardo/src/petsc/3.5.2/include -I/home/mesnardo/src/petsc/3.5.2/linux-mpich2-gnu-opt/include -I/cm/shared/apps/mpich2/ge/gcc/64/1.4.1p1/bin/include -I/cm/shared/apps/mpich2/ge/gcc/64/1.4.1p1/include
-----------------------------------------

Using C linker: mpicc
Using Fortran linker: mpif90
Using libraries: -Wl,-rpath,/home/mesnardo/src/petsc/3.5.2/linux-mpich2-gnu-opt/lib -L/home/mesnardo/src/petsc/3.5.2/linux-mpich2-gnu-opt/lib -lpetsc -Wl,-rpath,/c1/apps/lapack/gcc/3.4.1/lib -L/c1/apps/lapack/gcc/3.4.1/lib -llapack -Wl,-rpath,/c1/apps/blas/gcc/1/lib64 -L/c1/apps/blas/gcc/1/lib64 -lblas -lX11 -lpthread -lssl -lcrypto -lm -L/cm/shared/apps/mpich2/ge/gcc/64/1.4.1p1/lib -L/cm/shared/apps/gcc/4.7.0/lib/gcc/x86_64-unknown-linux-gnu/4.7.0 -L/cm/shared/apps/gcc/4.7.0/lib64 -L/cm/shared/apps/gcc/4.7.0/lib -lmpichf90 -lgfortran -lm -Wl,-rpath,/cm/shared/apps/mpich2/ge/gcc/64/1.4.1p1/lib -lgfortran -lm -lquadmath -lm -lmpichcxx -lstdc++ -L/cm/shared/apps/mpich2/ge/gcc/64/1.4.1p1/lib -L/cm/shared/apps/gcc/4.7.0/lib/gcc/x86_64-unknown-linux-gnu/4.7.0 -L/cm/shared/apps/gcc/4.7.0/lib64 -L/cm/shared/apps/gcc/4.7.0/lib -ldl -Wl,-rpath,/cm/shared/apps/mpich2/ge/gcc/64/1.4.1p1/lib -lmpich -lopa -lmpl -lrt -lpthread -lgcc_s -ldl  
-----------------------------------------

