
---------------------------------------
Flow
---------------------------------------
solver: Navier-Stokes
viscosity: 0.01

---------------------------------------
Mesh
---------------------------------------
size: 100 x 100 x 100

---------------------------------------
Time-stepping
---------------------------------------
convection: 2nd-order Adams-Bashforth
diffusion : Crank-Nicolson
time-increment      : 0.0025
starting time-step  : 0
number of time-steps: 50
saving-interval     : 100

---------------------------------------
Linear system for intermediate velocity
---------------------------------------
solver: cg
preconditioner: none
relative tolerance: 1e-06
absolute tolerance: 1e-50
maximum iterations: 10000

---------------------------------------
Linear system for pressure-force
---------------------------------------
solver: cg
preconditioner: none
relative tolerance: 1e-06
absolute tolerance: 1e-50
maximum iterations: 20000

---------------------------------------
************************************************************************************************************************
***             WIDEN YOUR WINDOW TO 120 CHARACTERS.  Use 'enscript -r -fCourier9' to print this document            ***
************************************************************************************************************************

---------------------------------------------- PETSc Performance Summary: ----------------------------------------------

/home/mesnardo/src/PetIBM/linux-mpich-3.1.4-gnu-libf-opt/PetIBM3d on a linux-mpich-3.1.4-gnu-libf-opt named node133 with 4 processors, by mesnardo Tue Jun 30 20:23:31 2015
Using Petsc Release Version 3.5.2, Sep, 08, 2014 

                         Max       Max/Min        Avg      Total 
Time (sec):           2.096e+02      1.00000   2.096e+02
Objects:              2.340e+02      1.00000   2.340e+02
Flops:                1.018e+11      1.00063   1.018e+11  4.072e+11
Flops/sec:            4.857e+08      1.00063   4.855e+08  1.942e+09
MPI Messages:         3.233e+04      1.00003   3.233e+04  1.293e+05
MPI Message Lengths:  1.328e+09      1.00038   4.106e+04  5.310e+09
MPI Reductions:       7.774e+04      1.00000

Flop counting convention: 1 flop = 1 real number operation of type (multiply/divide/add/subtract)
                            e.g., VecAXPY() for real vectors of length N --> 2N flops
                            and VecAXPY() for complex vectors of length N --> 8N flops

Summary of Stages:   ----- Time ------  ----- Flops -----  --- Messages ---  -- Message Lengths --  -- Reductions --
                        Avg     %Total     Avg     %Total   counts   %Total     Avg         %Total   counts   %Total 
 0:      Main Stage: 9.3807e-02   0.0%  0.0000e+00   0.0%  0.000e+00   0.0%  0.000e+00        0.0%  0.000e+00   0.0% 
 1:      initialize: 1.7347e+00   0.8%  1.1214e+08   0.0%  2.620e+02   0.2%  4.639e+01        0.1%  1.320e+02   0.2% 
 2:     RHSVelocity: 1.1332e+01   5.4%  2.9700e+08   0.1%  1.800e+03   1.4%  3.724e+02        0.9%  0.000e+00   0.0% 
 3:   solveVelocity: 1.2240e+01   5.8%  1.8023e+10   4.4%  2.096e+03   1.6%  1.932e+03        4.7%  7.360e+02   0.9% 
 4:      RHSPoisson: 2.6101e-01   0.1%  6.4400e+08   0.2%  2.000e+02   0.2%  6.187e+01        0.2%  0.000e+00   0.0% 
 5:    solvePoisson: 1.8356e+02  87.6%  3.8750e+11  95.2%  1.247e+05  96.5%  3.859e+04       94.0%  6.237e+04  80.2% 
 6:  projectionStep: 3.6132e-01   0.2%  5.9400e+08   0.1%  2.000e+02   0.2%  6.187e+01        0.2%  0.000e+00   0.0% 

------------------------------------------------------------------------------------------------------------------------
See the 'Profiling' chapter of the users' manual for details on interpreting output.
Phase summary info:
   Count: number of times phase was executed
   Time and Flops: Max - maximum over all processors
                   Ratio - ratio of maximum to minimum over all processors
   Mess: number of messages sent
   Avg. len: average message length (bytes)
   Reduct: number of global reductions
   Global: entire computation
   Stage: stages of a computation. Set stages with PetscLogStagePush() and PetscLogStagePop().
      %T - percent time in this phase         %F - percent flops in this phase
      %M - percent messages in this phase     %L - percent message lengths in this phase
      %R - percent reductions in this phase
   Total Mflop/s: 10e-6 * (sum of flops over all processors)/(max time over all processors)
------------------------------------------------------------------------------------------------------------------------
Event                Count      Time (sec)     Flops                             --- Global ---  --- Stage ---   Total
                   Max Ratio  Max     Ratio   Max  Ratio  Mess   Avg len Reduct  %T %F %M %L %R  %T %F %M %L %R Mflop/s
------------------------------------------------------------------------------------------------------------------------

--- Event Stage 0: Main Stage


--- Event Stage 1: initialize

VecSet                15 1.0 3.0700e-02 1.9 0.00e+00 0.0 0.0e+00 0.0e+00 0.0e+00  0  0  0  0  0   1  0  0  0  0     0
VecScatterBegin        8 1.0 6.1383e-03 1.8 0.00e+00 0.0 8.8e+01 3.6e+04 0.0e+00  0  0  0  0  0   0  0 34 53  0     0
VecScatterEnd          8 1.0 6.5138e-0240.4 0.00e+00 0.0 0.0e+00 0.0e+00 0.0e+00  0  0  0  0  0   2  0  0  0  0     0
MatScale               4 1.0 6.2488e-02 1.1 2.22e+07 1.0 8.0e+00 1.2e+05 0.0e+00  0  0  0  0  0   3 79  3 16  0  1414
MatAssemblyBegin       8 1.0 4.6860e-01494.6 0.00e+00 0.0 1.2e+01 2.7e+04 1.2e+01  0  0  0  0  0  14  0  5  5  9     0
MatAssemblyEnd         8 1.0 3.0074e-01 1.2 0.00e+00 0.0 4.8e+01 1.7e+04 3.2e+01  0  0  0  0  0  16  0 18 13 24     0
MatTranspose           1 1.0 2.1952e-01 1.0 0.00e+00 0.0 3.0e+01 1.9e+04 1.2e+01  0  0  0  0  0  13  0 11  9  9     0
MatMatMult             1 1.0 3.4378e-01 1.0 5.94e+06 1.0 3.2e+01 3.3e+04 1.6e+01  0  0  0  0  0  20 21 12 17 12    69
MatMatMultSym          1 1.0 2.8976e-01 1.0 0.00e+00 0.0 2.8e+01 2.6e+04 1.4e+01  0  0  0  0  0  17  0 11 12 11     0
MatMatMultNum          1 1.0 5.7582e-02 1.1 5.94e+06 1.0 4.0e+00 8.0e+04 2.0e+00  0  0  0  0  0   3 21  2  5  2   413
MatGetLocalMat         2 1.0 8.3251e-02 2.0 0.00e+00 0.0 0.0e+00 0.0e+00 0.0e+00  0  0  0  0  0   4  0  0  0  0     0
MatGetBrAoCol          2 1.0 8.2650e-03 1.6 0.00e+00 0.0 1.6e+01 5.5e+04 0.0e+00  0  0  0  0  0   0  0  6 15  0     0
SFSetGraph             1 1.0 2.7394e-0439.6 0.00e+00 0.0 0.0e+00 0.0e+00 0.0e+00  0  0  0  0  0   0  0  0  0  0     0
SFReduceBegin          1 1.0 4.0090e-0316.5 0.00e+00 0.0 1.0e+01 1.6e+04 0.0e+00  0  0  0  0  0   0  0  4  3  0     0
SFReduceEnd            1 1.0 9.6083e-0519.2 0.00e+00 0.0 0.0e+00 0.0e+00 0.0e+00  0  0  0  0  0   0  0  0  0  0     0
generateQTBNQ          1 1.0 3.4378e-01 1.0 5.94e+06 1.0 3.2e+01 3.3e+04 1.6e+01  0  0  0  0  0  20 21 12 17 12    69

--- Event Stage 2: RHSVelocity

VecSet                50 1.0 1.1365e-01 1.3 0.00e+00 0.0 0.0e+00 0.0e+00 0.0e+00  0  0  0  0  0   1  0  0  0  0     0
VecWAXPY              50 1.0 1.4774e-01 1.5 3.74e+07 1.0 0.0e+00 0.0e+00 0.0e+00  0  0  0  0  0   1 50  0  0  0  1005
VecPointwiseMult      50 1.0 1.1832e-01 1.7 3.74e+07 1.0 0.0e+00 0.0e+00 0.0e+00  0  0  0  0  0   1 50  0  0  0  1255
VecScatterBegin      150 1.0 1.4463e-01 1.5 0.00e+00 0.0 1.8e+03 2.7e+04 0.0e+00  0  0  1  1  0   1  0100100  0     0
VecScatterEnd        150 1.0 3.3018e-01 4.6 0.00e+00 0.0 0.0e+00 0.0e+00 0.0e+00  0  0  0  0  0   2  0  0  0  0     0

--- Event Stage 3: solveVelocity

VecTDot              424 1.0 9.8481e-01 1.2 6.34e+08 1.0 0.0e+00 0.0e+00 4.2e+02  0  1  0  0  1   7 14  0  0 58  2557
VecNorm              312 1.0 1.1755e+00 1.7 4.66e+08 1.0 0.0e+00 0.0e+00 3.1e+02  0  0  0  0  0   7 10  0  0 42  1577
VecCopy              362 1.0 1.0926e+00 1.3 0.00e+00 0.0 0.0e+00 0.0e+00 0.0e+00  0  0  0  0  0   8  0  0  0  0     0
VecAXPY              424 1.0 8.1202e-01 1.4 6.34e+08 1.0 0.0e+00 0.0e+00 0.0e+00  0  1  0  0  0   6 14  0  0  0  3102
VecAYPX              212 1.0 5.4452e-01 1.6 2.80e+08 1.0 0.0e+00 0.0e+00 0.0e+00  0  0  0  0  0   4  6  0  0  0  2040
VecScatterBegin      262 1.0 2.8817e-02 1.4 0.00e+00 0.0 2.1e+03 1.2e+05 0.0e+00  0  0  2  5  0   0  0100100  0     0
VecScatterEnd        262 1.0 9.8204e+0085.4 0.00e+00 0.0 0.0e+00 0.0e+00 0.0e+00  2  0  0  0  0  41  0  0  0  0     0
MatMult              262 1.0 1.2256e+01 2.9 2.52e+09 1.0 2.1e+03 1.2e+05 0.0e+00  4  2  2  5  0  67 56100100  0   818
KSPSetUp               1 1.0 1.4869e-02 1.2 0.00e+00 0.0 0.0e+00 0.0e+00 0.0e+00  0  0  0  0  0   0  0  0  0  0     0
KSPSolve              50 1.0 1.6177e+01 1.9 4.54e+09 1.0 2.1e+03 1.2e+05 7.4e+02  6  4  2  5  1 100100100100100  1114
PCSetUp                1 1.0 9.5367e-07 0.0 0.00e+00 0.0 0.0e+00 0.0e+00 0.0e+00  0  0  0  0  0   0  0  0  0  0     0
PCApply              312 1.0 9.2649e-01 1.3 0.00e+00 0.0 0.0e+00 0.0e+00 0.0e+00  0  0  0  0  0   7  0  0  0  0     0

--- Event Stage 4: RHSPoisson

VecScale              50 1.0 2.5282e-02 1.7 1.25e+07 1.0 0.0e+00 0.0e+00 0.0e+00  0  0  0  0  0   7  8  0  0  0  1978
VecSet                50 1.0 4.0143e-02 1.3 0.00e+00 0.0 0.0e+00 0.0e+00 0.0e+00  0  0  0  0  0  13  0  0  0  0     0
VecScatterBegin       50 1.0 3.0158e-0313.0 0.00e+00 0.0 2.0e+02 4.0e+04 0.0e+00  0  0  0  0  0   1  0100100  0     0
VecScatterEnd         50 1.0 2.6367e-0316.2 0.00e+00 0.0 0.0e+00 0.0e+00 0.0e+00  0  0  0  0  0   1  0  0  0  0     0
MatMultAdd            50 1.0 2.4777e-01 1.5 1.48e+08 1.0 2.0e+02 4.0e+04 0.0e+00  0  0  0  0  0  76 92100100  0  2397

--- Event Stage 5: solvePoisson

VecTDot            31086 1.0 4.2969e+01 2.3 1.55e+10 1.0 0.0e+00 0.0e+00 3.1e+04 15 15  0  0 40  17 16  0  0 50  1447
VecNorm            15643 1.0 1.4800e+01 1.5 7.82e+09 1.0 0.0e+00 0.0e+00 1.6e+04  6  8  0  0 20   7  8  0  0 25  2114
VecCopy            15693 1.0 1.3119e+01 1.4 0.00e+00 0.0 0.0e+00 0.0e+00 0.0e+00  5  0  0  0  0   6  0  0  0  0     0
VecAXPY            31086 1.0 1.7754e+01 1.6 1.55e+10 1.0 0.0e+00 0.0e+00 0.0e+00  7 15  0  0  0   8 16  0  0  0  3502
VecAYPX            15543 1.0 1.2557e+01 2.1 7.76e+09 1.0 0.0e+00 0.0e+00 0.0e+00  4  8  0  0  0   5  8  0  0  0  2472
VecScatterBegin    15593 1.0 9.6996e-01 1.5 0.00e+00 0.0 1.2e+05 4.0e+04 0.0e+00  0  0 96 94  0   0  0100100  0     0
VecScatterEnd      15593 1.0 8.2875e-01 1.3 0.00e+00 0.0 0.0e+00 0.0e+00 0.0e+00  0  0  0  0  0   0  0  0  0  0     0
MatMult            15593 1.0 7.3160e+01 1.3 5.02e+10 1.0 1.2e+05 4.0e+04 0.0e+00 30 49 96 94  0  35 52100100  0  2745
KSPSetUp               1 1.0 2.5980e-03 1.1 0.00e+00 0.0 0.0e+00 0.0e+00 0.0e+00  0  0  0  0  0   0  0  0  0  0     0
KSPSolve              50 1.0 1.8360e+02 1.0 9.69e+10 1.0 1.2e+05 4.0e+04 6.2e+04 88 95 96 94 80 100100100100100  2111
PCSetUp                1 1.0 9.5367e-07 0.0 0.00e+00 0.0 0.0e+00 0.0e+00 0.0e+00  0  0  0  0  0   0  0  0  0  0     0
PCApply            15643 1.0 1.3092e+01 1.4 0.00e+00 0.0 0.0e+00 0.0e+00 0.0e+00  5  0  0  0  0   6  0  0  0  0     0

--- Event Stage 6: projectionStep

VecWAXPY              50 1.0 1.3368e-01 1.4 3.74e+07 1.0 0.0e+00 0.0e+00 0.0e+00  0  0  0  0  0  31 25  0  0  0  1111
VecScatterBegin       50 1.0 3.0940e-0314.3 0.00e+00 0.0 2.0e+02 4.0e+04 0.0e+00  0  0  0  0  0   0  0100100  0     0
VecScatterEnd         50 1.0 2.1927e-0310.0 0.00e+00 0.0 0.0e+00 0.0e+00 0.0e+00  0  0  0  0  0   0  0  0  0  0     0
MatMult               50 1.0 3.1388e-01 1.6 1.12e+08 1.0 2.0e+02 4.0e+04 0.0e+00  0  0  0  0  0  69 75100100  0  1419
------------------------------------------------------------------------------------------------------------------------

Memory usage is given in bytes:

Object Type          Creations   Destructions     Memory  Descendants' Mem.
Reports information only for process 0.

--- Event Stage 0: Main Stage

              Vector     0             44    134353440     0
      Vector Scatter     0             12      7992720     0
              Matrix     0             14    186436416     0
   Matrix Null Space     0              1          596     0
    Distributed Mesh     0              6        28464     0
Star Forest Bipartite Graph     0             12         9600     0
     Discrete System     0              6         4752     0
   IS L to G Mapping     0              4      4404464     0
       Krylov Solver     0              2         2448     0
      Preconditioner     0              2         1648     0
              Viewer     2              1          744     0

--- Event Stage 1: initialize

              Vector    50             12        18560     0
      Vector Scatter    12              0            0     0
              Matrix    14              0            0     0
   Matrix Null Space     1              0            0     0
    Distributed Mesh     6              0            0     0
Star Forest Bipartite Graph    13              1          856     0
     Discrete System     6              0            0     0
           Index Set    16             16      4362940     0
   IS L to G Mapping     4              0            0     0
       Krylov Solver     2              0            0     0
      Preconditioner     2              0            0     0

--- Event Stage 2: RHSVelocity


--- Event Stage 3: solveVelocity

              Vector    53             50    299078400     0

--- Event Stage 4: RHSPoisson


--- Event Stage 5: solvePoisson

              Vector    53             50    100078400     0

--- Event Stage 6: projectionStep

========================================================================================================================
Average time to get PetscTime(): 0
Average time for MPI_Barrier(): 2.6226e-06
Average time for zero size MPI_Send(): 7.15256e-07
#PETSc Option Table entries:
-caseFolder .
-log_summary
-sys1_pc_type none
-sys2_pc_type none
#End of PETSc Option Table entries
Compiled without FORTRAN kernels
Compiled with full precision matrices (default)
sizeof(short) 2 sizeof(int) 4 sizeof(long) 8 sizeof(void*) 8 sizeof(PetscScalar) 8 sizeof(PetscInt) 4
Configure options: COPTFLAG=-O3 CXXOPTFLAGS=-O3 FOPTFLAGS=-O3 --PETSC_ARCH=linux-mpich-3.1.4-gnu-libf-opt --with-debugging=0 --with-mpi-dir=/c1/apps/mpich/3.1.4 --with-blas-lib=/c1/apps/blas/gcc/1/lib64/libfblas.a --with-lapack-lib=/c1/apps/lapack/gcc/3.4.1/lib/libflapack.a --with-shared-libraries=0
-----------------------------------------
Libraries compiled on Mon Jun 29 18:08:20 2015 on login3.colonialone.gwu.edu 
Machine characteristics: Linux-2.6.32-504.12.2.el6.x86_64-x86_64-with-redhat-6.6-Santiago
Using PETSc directory: /home/mesnardo/src/petsc/3.5.2
Using PETSc arch: linux-mpich-3.1.4-gnu-libf-opt
-----------------------------------------

Using C compiler: /c1/apps/mpich/3.1.4/bin/mpicc  -Wall -Wwrite-strings -Wno-strict-aliasing -Wno-unknown-pragmas -O  ${COPTFLAGS} ${CFLAGS}
Using Fortran compiler: /c1/apps/mpich/3.1.4/bin/mpif90  -Wall -Wno-unused-variable -ffree-line-length-0 -Wno-unused-dummy-argument -O3   ${FOPTFLAGS} ${FFLAGS} 
-----------------------------------------

Using include paths: -I/home/mesnardo/src/petsc/3.5.2/linux-mpich-3.1.4-gnu-libf-opt/include -I/home/mesnardo/src/petsc/3.5.2/include -I/home/mesnardo/src/petsc/3.5.2/include -I/home/mesnardo/src/petsc/3.5.2/linux-mpich-3.1.4-gnu-libf-opt/include -I/c1/apps/mpich/3.1.4/include
-----------------------------------------

Using C linker: /c1/apps/mpich/3.1.4/bin/mpicc
Using Fortran linker: /c1/apps/mpich/3.1.4/bin/mpif90
Using libraries: -Wl,-rpath,/home/mesnardo/src/petsc/3.5.2/linux-mpich-3.1.4-gnu-libf-opt/lib -L/home/mesnardo/src/petsc/3.5.2/linux-mpich-3.1.4-gnu-libf-opt/lib -lpetsc -Wl,-rpath,/c1/apps/lapack/gcc/3.4.1/lib -L/c1/apps/lapack/gcc/3.4.1/lib -lflapack -Wl,-rpath,/c1/apps/blas/gcc/1/lib64 -L/c1/apps/blas/gcc/1/lib64 -lfblas -lX11 -lpthread -lssl -lcrypto -L/c1/apps/mpich/3.1.4/lib -L/cm/shared/apps/gcc/4.7.0/lib/gcc/x86_64-unknown-linux-gnu/4.7.0 -L/cm/shared/apps/gcc/4.7.0/lib64 -L/cm/shared/apps/gcc/4.7.0/lib -lmpifort -lgfortran -lm -Wl,-rpath,/c1/apps/mpich/3.1.4/lib -lgfortran -lm -lquadmath -lm -lmpicxx -lstdc++ -L/c1/apps/mpich/3.1.4/lib -L/cm/shared/apps/gcc/4.7.0/lib/gcc/x86_64-unknown-linux-gnu/4.7.0 -L/cm/shared/apps/gcc/4.7.0/lib64 -L/cm/shared/apps/gcc/4.7.0/lib -ldl -Wl,-rpath,/c1/apps/mpich/3.1.4/lib -lmpi -lgcc_s -ldl  
-----------------------------------------

