
---------------------------------------
Flow
---------------------------------------
solver: Navier-Stokes
viscosity: 0.01

---------------------------------------
Mesh
---------------------------------------
size: 200 x 200 x 200

---------------------------------------
Time-stepping
---------------------------------------
convection: 2nd-order Adams-Bashforth
diffusion : Crank-Nicolson
time-increment      : 0.0025
starting time-step  : 0
number of time-steps: 20
saving-interval     : 100

---------------------------------------
Linear system for intermediate velocity
---------------------------------------
solver: cg
preconditioner: none
relative tolerance: 1e-06
absolute tolerance: 1e-50
maximum iterations: 10000

---------------------------------------
Linear system for pressure-force
---------------------------------------
solver: cg
preconditioner: none
relative tolerance: 1e-06
absolute tolerance: 1e-50
maximum iterations: 20000

---------------------------------------
************************************************************************************************************************
***             WIDEN YOUR WINDOW TO 120 CHARACTERS.  Use 'enscript -r -fCourier9' to print this document            ***
************************************************************************************************************************

---------------------------------------------- PETSc Performance Summary: ----------------------------------------------

/home/mesnardo/src/PetIBM_maclach/bin/PetIBM3d on a arch-linux2-c-debug named node103 with 64 processors, by mesnardo Wed Jun 10 16:47:36 2015
Using Petsc Release Version 3.5.2, Sep, 08, 2014 

                         Max       Max/Min        Avg      Total 
Time (sec):           3.133e+02      1.00000   3.133e+02
Objects:              1.740e+02      1.00000   1.740e+02
Flops:                4.254e+10      1.00588   4.243e+10  2.715e+12
Flops/sec:            1.358e+08      1.00588   1.354e+08  8.667e+09
Memory:               1.987e+08      1.03365              1.255e+10
MPI Messages:         8.090e+04      2.02160   6.033e+04  3.861e+06
MPI Message Lengths:  1.646e+09      2.00173   2.046e+04  7.898e+10
MPI Reductions:       1.152e+05      1.00000

Flop counting convention: 1 flop = 1 real number operation of type (multiply/divide/add/subtract)
                            e.g., VecAXPY() for real vectors of length N --> 2N flops
                            and VecAXPY() for complex vectors of length N --> 8N flops

Summary of Stages:   ----- Time ------  ----- Flops -----  --- Messages ---  -- Message Lengths --  -- Reductions --
                        Avg     %Total     Avg     %Total   counts   %Total     Avg         %Total   counts   %Total 
 0:      Main Stage: 1.0004e-01   0.0%  0.0000e+00   0.0%  0.000e+00   0.0%  0.000e+00        0.0%  0.000e+00   0.0% 
 1:      initialize: 1.8333e+00   0.6%  9.0457e+08   0.0%  1.548e+04   0.4%  2.826e+01        0.1%  2.560e+02   0.2% 
 2:     solveIntVel: 1.7440e+01   5.6%  1.3840e+11   5.1%  1.247e+05   3.2%  1.154e+03        5.6%  1.388e+03   1.2% 
 3:   solvePoissSys: 2.9345e+02  93.7%  2.5742e+12  94.8%  3.718e+06  96.3%  1.926e+04       94.1%  1.032e+05  89.6% 
 4:  projectionStep: 3.8246e-01   0.1%  1.9104e+09   0.1%  2.880e+03   0.1%  1.492e+01        0.1%  2.000e+01   0.0% 

------------------------------------------------------------------------------------------------------------------------
See the 'Profiling' chapter of the users' manual for details on interpreting output.
Phase summary info:
   Count: number of times phase was executed
   Time and Flops: Max - maximum over all processors
                   Ratio - ratio of maximum to minimum over all processors
   Mess: number of messages sent
   Avg. len: average message length (bytes)
   Reduct: number of global reductions
   Global: entire computation
   Stage: stages of a computation. Set stages with PetscLogStagePush() and PetscLogStagePop().
      %T - percent time in this phase         %F - percent flops in this phase
      %M - percent messages in this phase     %L - percent message lengths in this phase
      %R - percent reductions in this phase
   Total Mflop/s: 10e-6 * (sum of flops over all processors)/(max time over all processors)
------------------------------------------------------------------------------------------------------------------------


      ##########################################################
      #                                                        #
      #                          WARNING!!!                    #
      #                                                        #
      #   This code was compiled with a debugging option,      #
      #   To get timing results run ./configure                #
      #   using --with-debugging=no, the performance will      #
      #   be generally two or three times faster.              #
      #                                                        #
      ##########################################################


Event                Count      Time (sec)     Flops                             --- Global ---  --- Stage ---   Total
                   Max Ratio  Max     Ratio   Max  Ratio  Mess   Avg len Reduct  %T %F %M %L %R  %T %F %M %L %R Mflop/s
------------------------------------------------------------------------------------------------------------------------

--- Event Stage 0: Main Stage


--- Event Stage 1: initialize

ThreadCommRunKer       1 1.0 1.3113e-05 3.4 0.00e+00 0.0 0.0e+00 0.0e+00 0.0e+00  0  0  0  0  0   0  0  0  0  0     0
ThreadCommBarrie       1 1.0 3.0994e-06 3.2 0.00e+00 0.0 0.0e+00 0.0e+00 0.0e+00  0  0  0  0  0   0  0  0  0  0     0
VecSet                15 1.0 7.0541e-03 1.1 0.00e+00 0.0 0.0e+00 0.0e+00 0.0e+00  0  0  0  0  0   0  0  0  0  0     0
VecScatterBegin        8 1.0 7.3309e-03 1.4 0.00e+00 0.0 6.2e+03 9.4e+03 0.0e+00  0  0  0  0  0   0  0 40 54  0     0
VecScatterEnd          8 1.0 2.6637e-0210.4 0.00e+00 0.0 0.0e+00 0.0e+00 0.0e+00  0  0  0  0  0   1  0  0  0  0     0
MatScale               4 1.0 7.4547e-02 1.2 1.12e+07 1.0 2.9e+02 6.0e+04 0.0e+00  0  0  0  0  0   4 79  2 16  0  9572
MatAssemblyBegin       8 1.0 4.5925e-02 3.7 0.00e+00 0.0 4.3e+02 1.3e+04 1.2e+01  0  0  0  0  0   2  0  3  5  5     0
MatAssemblyEnd         8 1.0 3.0944e-01 1.0 0.00e+00 0.0 1.7e+03 8.3e+03 5.6e+01  0  0  0  0  0  17  0 11 13 22     0
MatTranspose           1 1.0 2.9760e-01 1.0 0.00e+00 0.0 1.1e+03 9.3e+03 2.4e+01  0  0  0  0  0  16  0  7  9  9     0
MatMatMult             1 1.0 3.3281e-01 1.0 3.00e+06 1.0 1.2e+03 1.6e+04 2.2e+01  0  0  0  0  0  18 21  7 17  9   574
MatMatMultSym          1 1.0 2.4612e-01 1.0 0.00e+00 0.0 1.0e+03 1.3e+04 2.0e+01  0  0  0  0  0  13  0  7 12  8     0
MatMatMultNum          1 1.0 8.6681e-02 1.0 3.00e+06 1.0 1.4e+02 4.0e+04 2.0e+00  0  0  0  0  0   5 21  1  5  1  2204
MatGetLocalMat         2 1.0 6.8874e-02 1.1 0.00e+00 0.0 0.0e+00 0.0e+00 0.0e+00  0  0  0  0  0   4  0  0  0  0     0
MatGetBrAoCol          2 1.0 1.7869e-02 1.5 0.00e+00 0.0 5.8e+02 2.8e+04 0.0e+00  0  0  0  0  0   1  0  4 15  0     0
SFSetGraph             1 1.0 1.1809e-0334.9 0.00e+00 0.0 0.0e+00 0.0e+00 0.0e+00  0  0  0  0  0   0  0  0  0  0     0
SFReduceBegin          1 1.0 9.6763e-02 1.5 0.00e+00 0.0 3.6e+02 8.0e+03 0.0e+00  0  0  0  0  0   4  0  2  3  0     0
SFReduceEnd            1 1.0 2.1297e-02482.8 0.00e+00 0.0 0.0e+00 0.0e+00 0.0e+00  0  0  0  0  0   0  0  0  0  0     0
generateQTBNQ          1 1.0 3.3283e-01 1.0 3.00e+06 1.0 1.2e+03 1.6e+04 2.2e+01  0  0  0  0  0  18 21  7 17  9   574

--- Event Stage 2: solveIntVel

VecTDot              436 1.0 9.0397e-01 1.5 3.27e+08 1.0 0.0e+00 0.0e+00 4.4e+02  0  1  0  0  0   4 15  0  0 31 23035
VecNorm              258 1.0 6.2435e-01 3.0 1.94e+08 1.0 0.0e+00 0.0e+00 2.6e+02  0  0  0  0  0   2  9  0  0 19 19736
VecCopy              278 1.0 4.4382e-01 1.6 0.00e+00 0.0 0.0e+00 0.0e+00 0.0e+00  0  0  0  0  0   2  0  0  0  0     0
VecSet                20 1.0 2.2423e-02 1.7 0.00e+00 0.0 0.0e+00 0.0e+00 0.0e+00  0  0  0  0  0   0  0  0  0  0     0
VecAXPY              436 1.0 1.0037e+00 1.4 3.27e+08 1.0 0.0e+00 0.0e+00 0.0e+00  0  1  0  0  0   5 15  0  0  0 20747
VecAYPX              218 1.0 4.0517e-01 1.2 1.56e+08 1.0 0.0e+00 0.0e+00 0.0e+00  0  0  0  0  0   2  7  0  0  0 24518
VecWAXPY              20 1.0 5.6473e-02 1.4 7.50e+06 1.0 0.0e+00 0.0e+00 0.0e+00  0  0  0  0  0   0  0  0  0  0  8457
VecPointwiseMult      20 1.0 3.5946e-02 1.2 7.50e+06 1.0 0.0e+00 0.0e+00 0.0e+00  0  0  0  0  0   0  0  0  0  0 13286
VecScatterBegin      298 1.0 1.4738e-01 1.7 0.00e+00 0.0 1.2e+05 3.6e+04 0.0e+00  0  0  3  6  0   1  0100100  0     0
VecScatterEnd        298 1.0 3.4701e-01 4.5 0.00e+00 0.0 0.0e+00 0.0e+00 0.0e+00  0  0  0  0  0   1  0  0  0  0     0
MatMult              238 1.0 4.2448e+00 1.1 1.16e+09 1.0 6.9e+04 6.0e+04 0.0e+00  1  3  2  5  0  23 53 55 92  0 17326
KSPSetUp               1 1.0 8.6870e-03 1.1 0.00e+00 0.0 0.0e+00 0.0e+00 0.0e+00  0  0  0  0  0   0  0  0  0  0     0
KSPSolve              20 1.0 1.4498e+01 1.0 2.16e+09 1.0 6.9e+04 6.0e+04 1.3e+03  5  5  2  5  1  83 99 55 92 97  9481
PCSetUp                1 1.0 2.1458e-06 2.2 0.00e+00 0.0 0.0e+00 0.0e+00 0.0e+00  0  0  0  0  0   0  0  0  0  0     0
PCApply              258 1.0 4.2235e-01 1.7 0.00e+00 0.0 0.0e+00 0.0e+00 0.0e+00  0  0  0  0  0   2  0  0  0  0     0

--- Event Stage 3: solvePoissSys

VecTDot            25758 1.0 2.1135e+01 1.6 6.44e+09 1.0 0.0e+00 0.0e+00 2.6e+04  5 15  0  0 22   6 16  0  0 25 19500
VecNorm            12919 1.0 2.3393e+00 1.0 3.23e+09 1.0 0.0e+00 0.0e+00 1.3e+04  1  8  0  0 11   1  8  0  0 13 88361
VecScale              20 1.0 6.2354e-03 1.1 2.50e+06 1.0 0.0e+00 0.0e+00 0.0e+00  0  0  0  0  0   0  0  0  0  0 25660
VecCopy            12939 1.0 2.2803e+00 1.1 0.00e+00 0.0 0.0e+00 0.0e+00 0.0e+00  1  0  0  0  0   1  0  0  0  0     0
VecSet                20 1.0 3.4039e-03 1.0 0.00e+00 0.0 0.0e+00 0.0e+00 0.0e+00  0  0  0  0  0   0  0  0  0  0     0
VecAXPY            25758 1.0 1.4457e+01 1.1 6.44e+09 1.0 0.0e+00 0.0e+00 0.0e+00  4 15  0  0  0   5 16  0  0  0 28506
VecAYPX            12879 1.0 6.6036e+00 1.0 3.22e+09 1.0 0.0e+00 0.0e+00 0.0e+00  2  8  0  0  0   2  8  0  0  0 31181
VecScatterBegin    12919 1.0 1.5465e+00 2.1 0.00e+00 0.0 3.7e+06 2.0e+04 0.0e+00  0  0 96 94  0   0  0100100  0     0
VecScatterEnd      12919 1.0 5.5673e+00 2.4 0.00e+00 0.0 0.0e+00 0.0e+00 0.0e+00  1  0  0  0  0   1  0  0  0  0     0
MatMult            12899 1.0 7.6009e+01 1.1 2.10e+10 1.0 3.7e+06 2.0e+04 0.0e+00 24 49 96 94  0  25 52100100  0 17568
MatMultAdd            20 1.0 1.0455e-01 1.1 3.00e+07 1.0 2.9e+03 2.0e+04 0.0e+00  0  0  0  0  0   0  0  0  0  0 18272
KSPSetUp               1 1.0 2.2688e-03 1.1 0.00e+00 0.0 0.0e+00 0.0e+00 0.0e+00  0  0  0  0  0   0  0  0  0  0     0
KSPSolve              20 1.0 2.9333e+02 1.0 4.03e+10 1.0 3.7e+06 2.0e+04 1.0e+05 94 95 96 94 90 100100100100100  8769
PCSetUp                1 1.0 2.1458e-06 1.8 0.00e+00 0.0 0.0e+00 0.0e+00 0.0e+00  0  0  0  0  0   0  0  0  0  0     0
PCApply            12919 1.0 2.3359e+00 1.1 0.00e+00 0.0 0.0e+00 0.0e+00 0.0e+00  1  0  0  0  0   1  0  0  0  0     0

--- Event Stage 4: projectionStep

VecWAXPY              20 1.0 4.7037e-02 1.2 7.50e+06 1.0 0.0e+00 0.0e+00 0.0e+00  0  0  0  0  0  11 25  0  0  0 10154
VecScatterBegin       20 1.0 1.6706e-0313.7 0.00e+00 0.0 2.9e+03 2.0e+04 0.0e+00  0  0  0  0  0   0  0100100  0     0
VecScatterEnd         20 1.0 6.4273e-03 4.5 0.00e+00 0.0 0.0e+00 0.0e+00 0.0e+00  0  0  0  0  0   1  0  0  0  0     0
MatMult               20 1.0 1.4092e-01 1.1 2.25e+07 1.0 2.9e+03 2.0e+04 0.0e+00  0  0  0  0  0  36 75100100  0 10168
------------------------------------------------------------------------------------------------------------------------

Memory usage is given in bytes:

Object Type          Creations   Destructions     Memory  Descendants' Mem.
Reports information only for process 0.

--- Event Stage 0: Main Stage

              Vector     0             44     67741888     0
      Vector Scatter     0             12      4013008     0
              Matrix     0             14     93506928     0
   Matrix Null Space     0              1          604     0
    Distributed Mesh     0              6        28512     0
Star Forest Bipartite Graph     0             12         9792     0
     Discrete System     0              6         4800     0
   IS L to G Mapping     0              4      2252112     0
       Krylov Solver     0              2         2464     0
      Preconditioner     0              2         1664     0
              Viewer     2              1          752     0

--- Event Stage 1: initialize

              Vector    50             12        18656     0
      Vector Scatter    12              0            0     0
              Matrix    14              0            0     0
   Matrix Null Space     1              0            0     0
    Distributed Mesh     6              0            0     0
Star Forest Bipartite Graph    13              1          872     0
     Discrete System     6              0            0     0
           Index Set    16             16      2284484     0
   IS L to G Mapping     4              0            0     0
       Krylov Solver     2              0            0     0
      Preconditioner     2              0            0     0

--- Event Stage 2: solveIntVel

              Vector    23             20     60031520     0

--- Event Stage 3: solvePoissSys

              Vector    23             20     20031520     0

--- Event Stage 4: projectionStep

========================================================================================================================
Average time to get PetscTime(): 1.19209e-07
Average time for MPI_Barrier(): 8.63075e-06
Average time for zero size MPI_Send(): 1.16974e-06
#PETSc Option Table entries:
-caseFolder .
-log_summary
-sys1_pc_type none
-sys2_pc_type none
#End of PETSc Option Table entries
Compiled without FORTRAN kernels
Compiled with full precision matrices (default)
sizeof(short) 2 sizeof(int) 4 sizeof(long) 8 sizeof(void*) 8 sizeof(PetscScalar) 8 sizeof(PetscInt) 4
Configure options: --with-mpi-dir=/c1/apps/openmpi/1.8/gcc/4.9.2 --with-blas-lib=/c1/apps/blas/gcc/1/lib64/libfblas.a --with-lapack-lib=/c1/apps/lapack/gcc/3.4.1/lib/libflapack.a --prefix=/c1/apps/petsc/3.5.2
-----------------------------------------
Libraries compiled on Thu May 14 01:37:42 2015 on login3.colonialone.gwu.edu 
Machine characteristics: Linux-2.6.32-504.12.2.el6.x86_64-x86_64-with-redhat-6.6-Santiago
Using PETSc directory: /home/maclach/source/petsc-3.5.2
Using PETSc arch: arch-linux2-c-debug
-----------------------------------------

Using C compiler: /c1/apps/openmpi/1.8/gcc/4.9.2/bin/mpicc  -fPIC -Wall -Wwrite-strings -Wno-strict-aliasing -Wno-unknown-pragmas -g3 -O0  ${COPTFLAGS} ${CFLAGS}
Using Fortran compiler: /c1/apps/openmpi/1.8/gcc/4.9.2/bin/mpif90  -fPIC -Wall -Wno-unused-variable -ffree-line-length-0 -Wno-unused-dummy-argument -g -O0   ${FOPTFLAGS} ${FFLAGS} 
-----------------------------------------

Using include paths: -I/home/maclach/source/petsc-3.5.2/arch-linux2-c-debug/include -I/home/maclach/source/petsc-3.5.2/include -I/home/maclach/source/petsc-3.5.2/include -I/home/maclach/source/petsc-3.5.2/arch-linux2-c-debug/include -I/c1/apps/openmpi/1.8/gcc/4.9.2/include
-----------------------------------------

Using C linker: /c1/apps/openmpi/1.8/gcc/4.9.2/bin/mpicc
Using Fortran linker: /c1/apps/openmpi/1.8/gcc/4.9.2/bin/mpif90
Using libraries: -Wl,-rpath,/home/maclach/source/petsc-3.5.2/arch-linux2-c-debug/lib -L/home/maclach/source/petsc-3.5.2/arch-linux2-c-debug/lib -lpetsc -Wl,-rpath,/c1/apps/lapack/gcc/3.4.1/lib -L/c1/apps/lapack/gcc/3.4.1/lib -lflapack -Wl,-rpath,/c1/apps/blas/gcc/1/lib64 -L/c1/apps/blas/gcc/1/lib64 -lfblas -lX11 -lpthread -lssl -lcrypto -Wl,-rpath,/c1/apps/openmpi/1.8/gcc/4.9.2/lib -L/c1/apps/openmpi/1.8/gcc/4.9.2/lib -Wl,-rpath,/c1/apps/gcc/4.9.2/lib/gcc/x86_64-unknown-linux-gnu/4.9.2 -L/c1/apps/gcc/4.9.2/lib/gcc/x86_64-unknown-linux-gnu/4.9.2 -Wl,-rpath,/c1/apps/gcc/4.9.2/lib64 -L/c1/apps/gcc/4.9.2/lib64 -Wl,-rpath,/c1/apps/gcc/4.9.2/lib -L/c1/apps/gcc/4.9.2/lib -lmpi_usempi -lmpi_mpifh -lgfortran -lm -lgfortran -lm -lquadmath -lm -lmpi_cxx -lstdc++ -Wl,-rpath,/c1/apps/openmpi/1.8/gcc/4.9.2/lib -L/c1/apps/openmpi/1.8/gcc/4.9.2/lib -Wl,-rpath,/c1/apps/blas/gcc/1/lib64 -L/c1/apps/blas/gcc/1/lib64 -Wl,-rpath,/c1/apps/gcc/4.9.2/lib/gcc/x86_64-unknown-linux-gnu/4.9.2 -L/c1/apps/gcc/4.9.2/lib/gcc/x86_64-unknown-linux-gnu/4.9.2 -Wl,-rpath,/c1/apps/gcc/4.9.2/lib64 -L/c1/apps/gcc/4.9.2/lib64 -Wl,-rpath,/c1/apps/openmpi/1.8/gcc/4.9.2/lib -L/c1/apps/openmpi/1.8/gcc/4.9.2/lib -Wl,-rpath,/c1/apps/blas/gcc/1/lib64 -L/c1/apps/blas/gcc/1/lib64 -Wl,-rpath,/c1/apps/lapack/gcc/3.4.1/lib -L/c1/apps/lapack/gcc/3.4.1/lib -Wl,-rpath,/c1/apps/gcc/4.9.2/lib -L/c1/apps/gcc/4.9.2/lib -ldl -Wl,-rpath,/c1/apps/openmpi/1.8/gcc/4.9.2/lib -lmpi -lgcc_s -lpthread -ldl  
-----------------------------------------

