
---------------------------------------
Flow
---------------------------------------
solver: Navier-Stokes
viscosity: 0.01

---------------------------------------
Mesh
---------------------------------------
size: 100 x 100 x 100

---------------------------------------
Time-stepping
---------------------------------------
convection: 2nd-order Adams-Bashforth
diffusion : Crank-Nicolson
time-increment      : 0.0025
starting time-step  : 0
number of time-steps: 50
saving-interval     : 100

---------------------------------------
Linear system for intermediate velocity
---------------------------------------
solver: cg
preconditioner: none
relative tolerance: 1e-06
absolute tolerance: 1e-50
maximum iterations: 10000

---------------------------------------
Linear system for pressure-force
---------------------------------------
solver: cg
preconditioner: none
relative tolerance: 1e-06
absolute tolerance: 1e-50
maximum iterations: 20000

---------------------------------------
************************************************************************************************************************
***             WIDEN YOUR WINDOW TO 120 CHARACTERS.  Use 'enscript -r -fCourier9' to print this document            ***
************************************************************************************************************************

---------------------------------------------- PETSc Performance Summary: ----------------------------------------------

/home/mesnardo/src/PetIBM/bin/PetIBM3d on a linux-mpich2-gnu-opt named node171 with 8 processors, by mesnardo Fri May 29 19:18:15 2015
Using Petsc Release Version 3.5.2, Sep, 08, 2014 

                         Max       Max/Min        Avg      Total 
Time (sec):           9.495e+01      1.00000   9.495e+01
Objects:              2.340e+02      1.00000   2.340e+02
Flops:                5.092e+10      1.00094   5.090e+10  4.072e+11
Flops/sec:            5.363e+08      1.00094   5.361e+08  4.289e+09
MPI Messages:         4.890e+04      1.00000   4.890e+04  3.912e+05
MPI Message Lengths:  9.961e+08      1.00076   2.036e+04  7.966e+09
MPI Reductions:       7.775e+04      1.00000

Flop counting convention: 1 flop = 1 real number operation of type (multiply/divide/add/subtract)
                            e.g., VecAXPY() for real vectors of length N --> 2N flops
                            and VecAXPY() for complex vectors of length N --> 8N flops

Summary of Stages:   ----- Time ------  ----- Flops -----  --- Messages ---  -- Message Lengths --  -- Reductions --
                        Avg     %Total     Avg     %Total   counts   %Total     Avg         %Total   counts   %Total 
 0:      Main Stage: 1.8251e+00   1.9%  0.0000e+00   0.0%  0.000e+00   0.0%  0.000e+00        0.0%  0.000e+00   0.0% 
 1:      initialize: 8.7785e-01   0.9%  1.1214e+08   0.0%  1.032e+03   0.3%  2.310e+01        0.1%  1.330e+02   0.2% 
 2:     RHSVelocity: 1.1287e+01  11.9%  2.9700e+08   0.1%  8.400e+03   2.1%  1.865e+02        0.9%  0.000e+00   0.0% 
 3:   solveVelocity: 5.7393e+00   6.0%  1.8023e+10   4.4%  6.288e+03   1.6%  9.580e+02        4.7%  7.360e+02   0.9% 
 4:      RHSPoisson: 1.3554e-01   0.1%  6.4400e+08   0.2%  6.000e+02   0.2%  3.068e+01        0.2%  0.000e+00   0.0% 
 5:    solvePoisson: 7.4804e+01  78.8%  3.8753e+11  95.2%  3.743e+05  95.7%  1.913e+04       94.0%  6.238e+04  80.2% 
 6:  projectionStep: 2.0492e-01   0.2%  5.9400e+08   0.1%  6.000e+02   0.2%  3.068e+01        0.2%  0.000e+00   0.0% 

------------------------------------------------------------------------------------------------------------------------
See the 'Profiling' chapter of the users' manual for details on interpreting output.
Phase summary info:
   Count: number of times phase was executed
   Time and Flops: Max - maximum over all processors
                   Ratio - ratio of maximum to minimum over all processors
   Mess: number of messages sent
   Avg. len: average message length (bytes)
   Reduct: number of global reductions
   Global: entire computation
   Stage: stages of a computation. Set stages with PetscLogStagePush() and PetscLogStagePop().
      %T - percent time in this phase         %F - percent flops in this phase
      %M - percent messages in this phase     %L - percent message lengths in this phase
      %R - percent reductions in this phase
   Total Mflop/s: 10e-6 * (sum of flops over all processors)/(max time over all processors)
------------------------------------------------------------------------------------------------------------------------
Event                Count      Time (sec)     Flops                             --- Global ---  --- Stage ---   Total
                   Max Ratio  Max     Ratio   Max  Ratio  Mess   Avg len Reduct  %T %F %M %L %R  %T %F %M %L %R Mflop/s
------------------------------------------------------------------------------------------------------------------------

--- Event Stage 0: Main Stage


--- Event Stage 1: initialize

VecSet                15 1.0 7.1676e-03 1.1 0.00e+00 0.0 0.0e+00 0.0e+00 0.0e+00  0  0  0  0  0   1  0  0  0  0     0
VecScatterBegin        8 1.0 4.6353e-03 2.5 0.00e+00 0.0 3.8e+02 1.3e+04 0.0e+00  0  0  0  0  0   0  0 37 53  0     0
VecScatterEnd          8 1.0 8.9421e-0311.1 0.00e+00 0.0 0.0e+00 0.0e+00 0.0e+00  0  0  0  0  0   0  0  0  0  0     0
MatScale               4 1.0 3.4460e-02 1.7 1.12e+07 1.0 2.4e+01 6.0e+04 0.0e+00  0  0  0  0  0   3 79  2 16  0  2565
MatAssemblyBegin       8 1.0 2.7363e-01150.4 0.00e+00 0.0 3.6e+01 1.3e+04 1.2e+01  0  0  0  0  0  15  0  3  5  9     0
MatAssemblyEnd         8 1.0 1.6677e-01 1.1 0.00e+00 0.0 1.4e+02 8.3e+03 3.2e+01  0  0  0  0  0  18  0 14 13 24     0
MatTranspose           1 1.0 1.0994e-01 1.0 0.00e+00 0.0 9.6e+01 8.8e+03 1.3e+01  0  0  0  0  0  13  0  9  9 10     0
MatMatMult             1 1.0 1.6542e-01 1.0 2.97e+06 1.0 9.6e+01 1.6e+04 1.6e+01  0  0  0  0  0  19 21  9 17 12   144
MatMatMultSym          1 1.0 1.4148e-01 1.0 0.00e+00 0.0 8.4e+01 1.3e+04 1.4e+01  0  0  0  0  0  16  0  8 12 11     0
MatMatMultNum          1 1.0 2.6259e-02 1.1 2.97e+06 1.0 1.2e+01 4.0e+04 2.0e+00  0  0  0  0  0   3 21  1  5  2   905
MatGetLocalMat         2 1.0 4.7648e-02 2.1 0.00e+00 0.0 0.0e+00 0.0e+00 0.0e+00  0  0  0  0  0   4  0  0  0  0     0
MatGetBrAoCol          2 1.0 5.1427e-03 3.0 0.00e+00 0.0 4.8e+01 2.8e+04 0.0e+00  0  0  0  0  0   0  0  5 15  0     0
SFSetGraph             1 1.0 2.3198e-0437.4 0.00e+00 0.0 0.0e+00 0.0e+00 0.0e+00  0  0  0  0  0   0  0  0  0  0     0
SFReduceBegin          1 1.0 2.1510e-0315.4 0.00e+00 0.0 3.6e+01 6.7e+03 1.0e+00  0  0  0  0  0   0  0  3  3  1     0
SFReduceEnd            1 1.0 6.5804e-0510.6 0.00e+00 0.0 0.0e+00 0.0e+00 0.0e+00  0  0  0  0  0   0  0  0  0  0     0
generateQTBNQ          1 1.0 1.6543e-01 1.0 2.97e+06 1.0 9.6e+01 1.6e+04 1.6e+01  0  0  0  0  0  19 21  9 17 12   144

--- Event Stage 2: RHSVelocity

VecSet                50 1.0 6.9162e-02 1.7 0.00e+00 0.0 0.0e+00 0.0e+00 0.0e+00  0  0  0  0  0   0  0  0  0  0     0
VecWAXPY              50 1.0 7.3177e-02 1.7 1.88e+07 1.0 0.0e+00 0.0e+00 0.0e+00  0  0  0  0  0   1 50  0  0  0  2029
VecPointwiseMult      50 1.0 5.3080e-02 1.9 1.88e+07 1.0 0.0e+00 0.0e+00 0.0e+00  0  0  0  0  0   0 50  0  0  0  2798
VecScatterBegin      150 1.0 1.0897e-01 1.9 0.00e+00 0.0 8.4e+03 8.7e+03 0.0e+00  0  0  2  1  0   1  0100100  0     0
VecScatterEnd        150 1.0 6.8776e+00562.9 0.00e+00 0.0 0.0e+00 0.0e+00 0.0e+00  6  0  0  0  0  53  0  0  0  0     0

--- Event Stage 3: solveVelocity

VecTDot              424 1.0 8.2129e-01 1.8 3.18e+08 1.0 0.0e+00 0.0e+00 4.2e+02  1  1  0  0  1  11 14  0  0 58  3067
VecNorm              312 1.0 3.2692e+00 8.8 2.34e+08 1.0 0.0e+00 0.0e+00 3.1e+02  1  0  0  0  0  20 10  0  0 42   567
VecCopy              362 1.0 5.0986e-01 1.6 0.00e+00 0.0 0.0e+00 0.0e+00 0.0e+00  0  0  0  0  0   7  0  0  0  0     0
VecAXPY              424 1.0 4.4337e-01 1.6 3.18e+08 1.0 0.0e+00 0.0e+00 0.0e+00  0  1  0  0  0   7 14  0  0  0  5681
VecAYPX              212 1.0 2.2135e-01 1.6 1.40e+08 1.0 0.0e+00 0.0e+00 0.0e+00  0  0  0  0  0   3  6  0  0  0  5018
VecScatterBegin      262 1.0 5.9803e-02 1.5 0.00e+00 0.0 6.3e+03 6.0e+04 0.0e+00  0  0  2  5  0   1  0100100  0     0
VecScatterEnd        262 1.0 3.3815e+00136.8 0.00e+00 0.0 0.0e+00 0.0e+00 0.0e+00  1  0  0  0  0  24  0  0  0  0     0
MatMult              262 1.0 4.7823e+00 3.0 1.27e+09 1.0 6.3e+03 6.0e+04 0.0e+00  3  2  2  5  0  51 56100100  0  2096
KSPSetUp               1 1.0 9.6891e-03 2.0 0.00e+00 0.0 0.0e+00 0.0e+00 0.0e+00  0  0  0  0  0   0  0  0  0  0     0
KSPSolve              50 1.0 7.4971e+00 1.6 2.28e+09 1.0 6.3e+03 6.0e+04 7.4e+02  6  4  2  5  1 100100100100100  2404
PCSetUp                1 1.0 9.5367e-07 0.0 0.00e+00 0.0 0.0e+00 0.0e+00 0.0e+00  0  0  0  0  0   0  0  0  0  0     0
PCApply              312 1.0 4.2980e-01 1.6 0.00e+00 0.0 0.0e+00 0.0e+00 0.0e+00  0  0  0  0  0   6  0  0  0  0     0

--- Event Stage 4: RHSPoisson

VecScale              50 1.0 8.4326e-03 1.9 6.25e+06 1.0 0.0e+00 0.0e+00 0.0e+00  0  0  0  0  0   5  8  0  0  0  5929
VecSet                50 1.0 1.3632e-02 2.0 0.00e+00 0.0 0.0e+00 0.0e+00 0.0e+00  0  0  0  0  0   9  0  0  0  0     0
VecScatterBegin       50 1.0 6.1159e-0318.5 0.00e+00 0.0 6.0e+02 2.0e+04 0.0e+00  0  0  0  0  0   2  0100100  0     0
VecScatterEnd         50 1.0 2.4824e-0313.1 0.00e+00 0.0 0.0e+00 0.0e+00 0.0e+00  0  0  0  0  0   1  0  0  0  0     0
MatMultAdd            50 1.0 1.2189e-01 1.3 7.42e+07 1.0 6.0e+02 2.0e+04 0.0e+00  0  0  0  0  0  81 92100100  0  4873

--- Event Stage 5: solvePoisson

VecTDot            31088 1.0 2.1877e+01 2.3 7.77e+09 1.0 0.0e+00 0.0e+00 3.1e+04 16 15  0  0 40  20 16  0  0 50  2842
VecNorm            15644 1.0 5.4924e+00 1.2 3.91e+09 1.0 0.0e+00 0.0e+00 1.6e+04  5  8  0  0 20   7  8  0  0 25  5697
VecCopy            15694 1.0 4.4192e+00 1.9 0.00e+00 0.0 0.0e+00 0.0e+00 0.0e+00  4  0  0  0  0   5  0  0  0  0     0
VecAXPY            31088 1.0 8.0478e+00 1.5 7.77e+09 1.0 0.0e+00 0.0e+00 0.0e+00  7 15  0  0  0   9 16  0  0  0  7726
VecAYPX            15544 1.0 4.0547e+00 1.9 3.88e+09 1.0 0.0e+00 0.0e+00 0.0e+00  3  8  0  0  0   4  8  0  0  0  7655
VecScatterBegin    15594 1.0 1.0048e+00 1.5 0.00e+00 0.0 3.7e+05 2.0e+04 0.0e+00  1  0 96 94  0   1  0100100  0     0
VecScatterEnd      15594 1.0 7.1947e-01 1.3 0.00e+00 0.0 0.0e+00 0.0e+00 0.0e+00  1  0  0  0  0   1  0  0  0  0     0
MatMult            15594 1.0 3.7127e+01 1.4 2.51e+10 1.0 3.7e+05 2.0e+04 0.0e+00 34 49 96 94  0  44 52100100  0  5410
KSPSetUp               1 1.0 7.6604e-04 1.9 0.00e+00 0.0 0.0e+00 0.0e+00 0.0e+00  0  0  0  0  0   0  0  0  0  0     0
KSPSolve              50 1.0 7.4831e+01 1.0 4.84e+10 1.0 3.7e+05 2.0e+04 6.2e+04 79 95 96 94 80 100100100100100  5179
PCSetUp                1 1.0 9.5367e-07 0.0 0.00e+00 0.0 0.0e+00 0.0e+00 0.0e+00  0  0  0  0  0   0  0  0  0  0     0
PCApply            15644 1.0 4.4126e+00 1.9 0.00e+00 0.0 0.0e+00 0.0e+00 0.0e+00  4  0  0  0  0   5  0  0  0  0     0

--- Event Stage 6: projectionStep

VecWAXPY              50 1.0 8.0824e-02 1.7 1.88e+07 1.0 0.0e+00 0.0e+00 0.0e+00  0  0  0  0  0  36 25  0  0  0  1837
VecScatterBegin       50 1.0 2.6381e-03 9.8 0.00e+00 0.0 6.0e+02 2.0e+04 0.0e+00  0  0  0  0  0   1  0100100  0     0
VecScatterEnd         50 1.0 2.9454e-03 6.5 0.00e+00 0.0 0.0e+00 0.0e+00 0.0e+00  0  0  0  0  0   1  0  0  0  0     0
MatMult               50 1.0 1.5298e-01 1.5 5.62e+07 1.0 6.0e+02 2.0e+04 0.0e+00  0  0  0  0  0  64 75100100  0  2912
------------------------------------------------------------------------------------------------------------------------

Memory usage is given in bytes:

Object Type          Creations   Destructions     Memory  Descendants' Mem.
Reports information only for process 0.

--- Event Stage 0: Main Stage

              Vector     0             44     67741536     0
      Vector Scatter     0             12      4012720     0
              Matrix     0             14     93506816     0
   Matrix Null Space     0              1          596     0
    Distributed Mesh     0              6        28464     0
Star Forest Bipartite Graph     0             12         9600     0
     Discrete System     0              6         4752     0
   IS L to G Mapping     0              4      2252080     0
       Krylov Solver     0              2         2448     0
      Preconditioner     0              2         1648     0
              Viewer     2              1          744     0

--- Event Stage 1: initialize

              Vector    50             12        18560     0
      Vector Scatter    12              0            0     0
              Matrix    14              0            0     0
   Matrix Null Space     1              0            0     0
    Distributed Mesh     6              0            0     0
Star Forest Bipartite Graph    13              1          856     0
     Discrete System     6              0            0     0
           Index Set    16             16      2284356     0
   IS L to G Mapping     4              0            0     0
       Krylov Solver     2              0            0     0
      Preconditioner     2              0            0     0

--- Event Stage 2: RHSVelocity


--- Event Stage 3: solveVelocity

              Vector    53             50    150078400     0

--- Event Stage 4: RHSPoisson


--- Event Stage 5: solvePoisson

              Vector    53             50     50078400     0

--- Event Stage 6: projectionStep

========================================================================================================================
Average time to get PetscTime(): 0
Average time for MPI_Barrier(): 6.96182e-06
Average time for zero size MPI_Send(): 1.2517e-06
#PETSc Option Table entries:
-caseFolder .
-log_summary
-sys1_pc_type none
-sys2_pc_type none
#End of PETSc Option Table entries
Compiled without FORTRAN kernels
Compiled with full precision matrices (default)
sizeof(short) 2 sizeof(int) 4 sizeof(long) 8 sizeof(void*) 8 sizeof(PetscScalar) 8 sizeof(PetscInt) 4
Configure options: COPTFLAGS=-O3 CXXOPTFLAGS=-O3 FOPTFLAGS=-O3 --PETSC_ARCH=linux-mpich2-gnu-opt --with-debugging=0 --with-mpi-dir=/cm/shared/apps/mpich2/ge/gcc/64/1.4.1p1/bin --with-blas-lib=/c1/apps/blas/gcc/1/lib64/libblas.a --with-lapack-lib=/c1/apps/lapack/gcc/3.4.1/lib/liblapack.a --with-shared-libraries=0
-----------------------------------------
Libraries compiled on Thu May 28 11:06:57 2015 on login3.colonialone.gwu.edu 
Machine characteristics: Linux-2.6.32-504.12.2.el6.x86_64-x86_64-with-redhat-6.6-Santiago
Using PETSc directory: /home/mesnardo/src/petsc/3.5.2
Using PETSc arch: linux-mpich2-gnu-opt
-----------------------------------------

Using C compiler: mpicc  -Wall -Wwrite-strings -Wno-strict-aliasing -Wno-unknown-pragmas -O3  ${COPTFLAGS} ${CFLAGS}
Using Fortran compiler: mpif90  -Wall -Wno-unused-variable -ffree-line-length-0 -Wno-unused-dummy-argument -O3   ${FOPTFLAGS} ${FFLAGS} 
-----------------------------------------

Using include paths: -I/home/mesnardo/src/petsc/3.5.2/linux-mpich2-gnu-opt/include -I/home/mesnardo/src/petsc/3.5.2/include -I/home/mesnardo/src/petsc/3.5.2/include -I/home/mesnardo/src/petsc/3.5.2/linux-mpich2-gnu-opt/include -I/cm/shared/apps/mpich2/ge/gcc/64/1.4.1p1/bin/include -I/cm/shared/apps/mpich2/ge/gcc/64/1.4.1p1/include
-----------------------------------------

Using C linker: mpicc
Using Fortran linker: mpif90
Using libraries: -Wl,-rpath,/home/mesnardo/src/petsc/3.5.2/linux-mpich2-gnu-opt/lib -L/home/mesnardo/src/petsc/3.5.2/linux-mpich2-gnu-opt/lib -lpetsc -Wl,-rpath,/c1/apps/lapack/gcc/3.4.1/lib -L/c1/apps/lapack/gcc/3.4.1/lib -llapack -Wl,-rpath,/c1/apps/blas/gcc/1/lib64 -L/c1/apps/blas/gcc/1/lib64 -lblas -lX11 -lpthread -lssl -lcrypto -lm -L/cm/shared/apps/mpich2/ge/gcc/64/1.4.1p1/lib -L/cm/shared/apps/gcc/4.7.0/lib/gcc/x86_64-unknown-linux-gnu/4.7.0 -L/cm/shared/apps/gcc/4.7.0/lib64 -L/cm/shared/apps/gcc/4.7.0/lib -lmpichf90 -lgfortran -lm -Wl,-rpath,/cm/shared/apps/mpich2/ge/gcc/64/1.4.1p1/lib -lgfortran -lm -lquadmath -lm -lmpichcxx -lstdc++ -L/cm/shared/apps/mpich2/ge/gcc/64/1.4.1p1/lib -L/cm/shared/apps/gcc/4.7.0/lib/gcc/x86_64-unknown-linux-gnu/4.7.0 -L/cm/shared/apps/gcc/4.7.0/lib64 -L/cm/shared/apps/gcc/4.7.0/lib -ldl -Wl,-rpath,/cm/shared/apps/mpich2/ge/gcc/64/1.4.1p1/lib -lmpich -lopa -lmpl -lrt -lpthread -lgcc_s -ldl  
-----------------------------------------

