
---------------------------------------
Flow
---------------------------------------
solver: Navier-Stokes
viscosity: 0.01

---------------------------------------
Mesh
---------------------------------------
size: 200 x 200 x 200

---------------------------------------
Time-stepping
---------------------------------------
convection: 2nd-order Adams-Bashforth
diffusion : Crank-Nicolson
time-increment      : 0.0025
starting time-step  : 0
number of time-steps: 20
saving-interval     : 100

---------------------------------------
Linear system for intermediate velocity
---------------------------------------
solver: cg
preconditioner: none
relative tolerance: 1e-06
absolute tolerance: 1e-50
maximum iterations: 10000

---------------------------------------
Linear system for pressure-force
---------------------------------------
solver: cg
preconditioner: none
relative tolerance: 1e-06
absolute tolerance: 1e-50
maximum iterations: 20000

---------------------------------------
************************************************************************************************************************
***             WIDEN YOUR WINDOW TO 120 CHARACTERS.  Use 'enscript -r -fCourier9' to print this document            ***
************************************************************************************************************************

---------------------------------------------- PETSc Performance Summary: ----------------------------------------------

/home/mesnardo/src/PetIBM/linux-openmpi-1.8-gcc-4.9.2-opt/PetIBM3d on a linux-openmpi-1.8-gcc-4.9.2-opt named node145 with 8 processors, by mesnardo Tue Jun 16 09:42:49 2015
Using Petsc Release Version 3.5.2, Sep, 08, 2014 

                         Max       Max/Min        Avg      Total 
Time (sec):           7.352e+02      1.00000   7.352e+02
Objects:              1.740e+02      1.00000   1.740e+02
Flops:                3.395e+11      1.00052   3.394e+11  2.715e+12
Flops/sec:            4.618e+08      1.00052   4.617e+08  3.693e+09
MPI Messages:         4.002e+04      1.00004   4.002e+04  3.202e+05
MPI Message Lengths:  3.291e+09      1.00038   8.222e+04  2.632e+10
MPI Reductions:       6.692e+04      1.00000

Flop counting convention: 1 flop = 1 real number operation of type (multiply/divide/add/subtract)
                            e.g., VecAXPY() for real vectors of length N --> 2N flops
                            and VecAXPY() for complex vectors of length N --> 8N flops

Summary of Stages:   ----- Time ------  ----- Flops -----  --- Messages ---  -- Message Lengths --  -- Reductions --
                        Avg     %Total     Avg     %Total   counts   %Total     Avg         %Total   counts   %Total 
 0:      Main Stage: 1.3065e-01   0.0%  0.0000e+00   0.0%  0.000e+00   0.0%  0.000e+00        0.0%  0.000e+00   0.0% 
 1:      initialize: 3.9353e+00   0.5%  9.0457e+08   0.0%  1.026e+03   0.3%  1.127e+02        0.1%  1.320e+02   0.2% 
 2:     RHSVelocity: 1.2095e+01   1.6%  9.5520e+08   0.0%  3.360e+03   1.0%  3.622e+02        0.4%  0.000e+00   0.0% 
 3:   solveVelocity: 2.9905e+01   4.1%  1.3745e+11   5.1%  5.712e+03   1.8%  4.268e+03        5.2%  6.940e+02   1.0% 
 4:      RHSPoisson: 5.3461e-01   0.1%  2.0704e+09   0.1%  2.400e+02   0.1%  5.997e+01        0.1%  0.000e+00   0.0% 
 5:    solvePoisson: 6.8774e+02  93.5%  2.5722e+12  94.7%  3.096e+05  96.7%  7.735e+04       94.1%  5.160e+04  77.1% 
 6:  projectionStep: 8.6838e-01   0.1%  1.9104e+09   0.1%  2.400e+02   0.1%  5.997e+01        0.1%  0.000e+00   0.0% 

------------------------------------------------------------------------------------------------------------------------
See the 'Profiling' chapter of the users' manual for details on interpreting output.
Phase summary info:
   Count: number of times phase was executed
   Time and Flops: Max - maximum over all processors
                   Ratio - ratio of maximum to minimum over all processors
   Mess: number of messages sent
   Avg. len: average message length (bytes)
   Reduct: number of global reductions
   Global: entire computation
   Stage: stages of a computation. Set stages with PetscLogStagePush() and PetscLogStagePop().
      %T - percent time in this phase         %F - percent flops in this phase
      %M - percent messages in this phase     %L - percent message lengths in this phase
      %R - percent reductions in this phase
   Total Mflop/s: 10e-6 * (sum of flops over all processors)/(max time over all processors)
------------------------------------------------------------------------------------------------------------------------
Event                Count      Time (sec)     Flops                             --- Global ---  --- Stage ---   Total
                   Max Ratio  Max     Ratio   Max  Ratio  Mess   Avg len Reduct  %T %F %M %L %R  %T %F %M %L %R Mflop/s
------------------------------------------------------------------------------------------------------------------------

--- Event Stage 0: Main Stage


--- Event Stage 1: initialize

VecSet                15 1.0 5.4371e-02 1.0 0.00e+00 0.0 0.0e+00 0.0e+00 0.0e+00  0  0  0  0  0   1  0  0  0  0     0
VecScatterBegin        8 1.0 3.3167e-02 1.0 0.00e+00 0.0 3.8e+02 5.0e+04 0.0e+00  0  0  0  0  0   1  0 37 53  0     0
VecScatterEnd          8 1.0 1.5110e-02 1.7 0.00e+00 0.0 0.0e+00 0.0e+00 0.0e+00  0  0  0  0  0   0  0  0  0  0     0
MatScale               4 1.0 3.0108e-01 1.0 8.96e+07 1.0 2.4e+01 2.4e+05 0.0e+00  0  0  0  0  0   8 79  2 16  0  2370
MatAssemblyBegin       8 1.0 2.2620e-02 3.3 0.00e+00 0.0 3.6e+01 5.3e+04 1.2e+01  0  0  0  0  0   0  0  4  5  9     0
MatAssemblyEnd         8 1.0 7.2405e-01 1.0 0.00e+00 0.0 1.4e+02 3.3e+04 3.2e+01  0  0  0  0  0  18  0 14 13 24     0
MatTranspose           1 1.0 4.4306e-01 1.0 0.00e+00 0.0 9.0e+01 3.7e+04 1.2e+01  0  0  0  0  0  11  0  9  9  9     0
MatMatMult             1 1.0 7.6395e-01 1.0 2.39e+07 1.0 9.6e+01 6.5e+04 1.6e+01  0  0  0  0  0  19 21  9 17 12   250
MatMatMultSym          1 1.0 6.3458e-01 1.0 0.00e+00 0.0 8.4e+01 5.1e+04 1.4e+01  0  0  0  0  0  16  0  8 12 11     0
MatMatMultNum          1 1.0 1.2958e-01 1.0 2.39e+07 1.0 1.2e+01 1.6e+05 2.0e+00  0  0  0  0  0   3 21  1  5  2  1474
MatGetLocalMat         2 1.0 2.1860e-01 1.0 0.00e+00 0.0 0.0e+00 0.0e+00 0.0e+00  0  0  0  0  0   6  0  0  0  0     0
MatGetBrAoCol          2 1.0 1.3196e-02 1.1 0.00e+00 0.0 4.8e+01 1.1e+05 0.0e+00  0  0  0  0  0   0  0  5 15  0     0
SFSetGraph             1 1.0 8.3089e-04290.4 0.00e+00 0.0 0.0e+00 0.0e+00 0.0e+00  0  0  0  0  0   0  0  0  0  0     0
SFReduceBegin          1 1.0 1.4641e-03 7.5 0.00e+00 0.0 3.0e+01 3.2e+04 0.0e+00  0  0  0  0  0   0  0  3  3  0     0
SFReduceEnd            1 1.0 3.1996e-04 4.6 0.00e+00 0.0 0.0e+00 0.0e+00 0.0e+00  0  0  0  0  0   0  0  0  0  0     0
generateQTBNQ          1 1.0 7.6396e-01 1.0 2.39e+07 1.0 9.6e+01 6.5e+04 1.6e+01  0  0  0  0  0  19 21  9 17 12   250

--- Event Stage 2: RHSVelocity

VecSet                20 1.0 1.2441e-01 1.1 0.00e+00 0.0 0.0e+00 0.0e+00 0.0e+00  0  0  0  0  0   1  0  0  0  0     0
VecWAXPY              20 1.0 3.3275e-01 1.3 6.00e+07 1.0 0.0e+00 0.0e+00 0.0e+00  0  0  0  0  0   3 50  0  0  0  1435
VecPointwiseMult      20 1.0 2.4909e-01 1.1 6.00e+07 1.0 0.0e+00 0.0e+00 0.0e+00  0  0  0  0  0   2 50  0  0  0  1917
VecScatterBegin       60 1.0 3.2697e-01 1.1 0.00e+00 0.0 3.4e+03 3.5e+04 0.0e+00  0  0  1  0  0   3  0100100  0     0
VecScatterEnd         60 1.0 2.9736e-01 9.8 0.00e+00 0.0 0.0e+00 0.0e+00 0.0e+00  0  0  0  0  0   2  0  0  0  0     0

--- Event Stage 3: solveVelocity

VecTDot              436 1.0 3.6321e+00 1.2 2.62e+09 1.0 0.0e+00 0.0e+00 4.4e+02  0  1  0  0  1  11 15  0  0 63  5733
VecNorm              258 1.0 1.4358e+00 1.3 1.55e+09 1.0 0.0e+00 0.0e+00 2.6e+02  0  0  0  0  0   4  9  0  0 37  8582
VecCopy              278 1.0 2.9581e+00 1.0 0.00e+00 0.0 0.0e+00 0.0e+00 0.0e+00  0  0  0  0  0  10  0  0  0  0     0
VecAXPY              436 1.0 5.5163e+00 1.0 2.62e+09 1.0 0.0e+00 0.0e+00 0.0e+00  1  1  0  0  0  18 15  0  0  0  3775
VecAYPX              218 1.0 2.6631e+00 1.1 1.25e+09 1.0 0.0e+00 0.0e+00 0.0e+00  0  0  0  0  0   9  7  0  0  0  3730
VecScatterBegin      238 1.0 2.4784e-01 1.1 0.00e+00 0.0 5.7e+03 2.4e+05 0.0e+00  0  0  2  5  0   1  0100100  0     0
VecScatterEnd        238 1.0 3.7473e-01 2.6 0.00e+00 0.0 0.0e+00 0.0e+00 0.0e+00  0  0  0  0  0   1  0  0  0  0     0
MatMult              238 1.0 1.4022e+01 1.0 9.24e+09 1.0 5.7e+03 2.4e+05 0.0e+00  2  3  2  5  0  46 54100100  0  5245
KSPSetUp               1 1.0 5.3377e-02 1.0 0.00e+00 0.0 0.0e+00 0.0e+00 0.0e+00  0  0  0  0  0   0  0  0  0  0     0
KSPSolve              20 1.0 3.0041e+01 1.0 1.73e+10 1.0 5.7e+03 2.4e+05 6.9e+02  4  5  2  5  1 100100100100100  4575
PCSetUp                1 1.0 1.1921e-06 0.0 0.00e+00 0.0 0.0e+00 0.0e+00 0.0e+00  0  0  0  0  0   0  0  0  0  0     0
PCApply              258 1.0 2.7547e+00 1.0 0.00e+00 0.0 0.0e+00 0.0e+00 0.0e+00  0  0  0  0  0   9  0  0  0  0     0

--- Event Stage 4: RHSPoisson

VecScale              20 1.0 5.2890e-02 1.1 2.00e+07 1.0 0.0e+00 0.0e+00 0.0e+00  0  0  0  0  0  10  8  0  0  0  3025
VecSet                20 1.0 3.9588e-02 1.0 0.00e+00 0.0 0.0e+00 0.0e+00 0.0e+00  0  0  0  0  0   7  0  0  0  0     0
VecScatterBegin       20 1.0 1.1190e-0246.7 0.00e+00 0.0 2.4e+02 8.0e+04 0.0e+00  0  0  0  0  0   1  0100100  0     0
VecScatterEnd         20 1.0 1.3344e-02 8.3 0.00e+00 0.0 0.0e+00 0.0e+00 0.0e+00  0  0  0  0  0   1  0  0  0  0     0
MatMultAdd            20 1.0 4.3822e-01 1.0 2.39e+08 1.0 2.4e+02 8.0e+04 0.0e+00  0  0  0  0  0  81 92100100  0  4359

--- Event Stage 5: solvePoisson

VecTDot            25758 1.0 6.9807e+01 1.0 5.15e+10 1.0 0.0e+00 0.0e+00 2.6e+04  9 15  0  0 38  10 16  0  0 50  5904
VecNorm            12919 1.0 2.4899e+01 1.0 2.58e+10 1.0 0.0e+00 0.0e+00 1.3e+04  3  8  0  0 19   4  8  0  0 25  8302
VecCopy            12939 1.0 4.7750e+01 1.0 0.00e+00 0.0 0.0e+00 0.0e+00 0.0e+00  6  0  0  0  0   7  0  0  0  0     0
VecAXPY            25758 1.0 1.0703e+02 1.0 5.15e+10 1.0 0.0e+00 0.0e+00 0.0e+00 14 15  0  0  0  15 16  0  0  0  3851
VecAYPX            12879 1.0 5.0336e+01 1.0 2.57e+10 1.0 0.0e+00 0.0e+00 0.0e+00  7  8  0  0  0   7  8  0  0  0  4091
VecScatterBegin    12899 1.0 4.3389e+00 1.1 0.00e+00 0.0 3.1e+05 8.0e+04 0.0e+00  1  0 97 94  0   1  0100100  0     0
VecScatterEnd      12899 1.0 5.3426e+00 2.1 0.00e+00 0.0 0.0e+00 0.0e+00 0.0e+00  0  0  0  0  0   0  0  0  0  0     0
MatMult            12899 1.0 3.4060e+02 1.0 1.67e+11 1.0 3.1e+05 8.0e+04 0.0e+00 46 49 97 94  0  49 52100100  0  3920
KSPSetUp               1 1.0 1.7586e-02 1.0 0.00e+00 0.0 0.0e+00 0.0e+00 0.0e+00  0  0  0  0  0   0  0  0  0  0     0
KSPSolve              20 1.0 6.8774e+02 1.0 3.22e+11 1.0 3.1e+05 8.0e+04 5.2e+04 94 95 97 94 77 100100100100100  3740
PCSetUp                1 1.0 1.1921e-06 0.0 0.00e+00 0.0 0.0e+00 0.0e+00 0.0e+00  0  0  0  0  0   0  0  0  0  0     0
PCApply            12919 1.0 4.7710e+01 1.0 0.00e+00 0.0 0.0e+00 0.0e+00 0.0e+00  6  0  0  0  0   7  0  0  0  0     0

--- Event Stage 6: projectionStep

VecWAXPY              20 1.0 3.4382e-01 1.0 6.00e+07 1.0 0.0e+00 0.0e+00 0.0e+00  0  0  0  0  0  39 25  0  0  0  1389
VecScatterBegin       20 1.0 5.2094e-0368.1 0.00e+00 0.0 2.4e+02 8.0e+04 0.0e+00  0  0  0  0  0   0  0100100  0     0
VecScatterEnd         20 1.0 7.4570e-03 2.5 0.00e+00 0.0 0.0e+00 0.0e+00 0.0e+00  0  0  0  0  0   1  0  0  0  0     0
MatMult               20 1.0 5.3954e-01 1.0 1.80e+08 1.0 2.4e+02 8.0e+04 0.0e+00  0  0  0  0  0  61 75100100  0  2656
------------------------------------------------------------------------------------------------------------------------

Memory usage is given in bytes:

Object Type          Creations   Destructions     Memory  Descendants' Mem.
Reports information only for process 0.

--- Event Stage 0: Main Stage

              Vector     0             44    534654688     0
      Vector Scatter     0             12     32013008     0
              Matrix     0             14    747916928     0
   Matrix Null Space     0              1          604     0
    Distributed Mesh     0              6        28512     0
Star Forest Bipartite Graph     0             12         9792     0
     Discrete System     0              6         4800     0
   IS L to G Mapping     0              4     16981712     0
       Krylov Solver     0              2         2464     0
      Preconditioner     0              2         1664     0
              Viewer     2              1          752     0

--- Event Stage 1: initialize

              Vector    50             12        18656     0
      Vector Scatter    12              0            0     0
              Matrix    14              0            0     0
   Matrix Null Space     1              0            0     0
    Distributed Mesh     6              0            0     0
Star Forest Bipartite Graph    13              1          872     0
     Discrete System     6              0            0     0
           Index Set    16             16     17096284     0
   IS L to G Mapping     4              0            0     0
       Krylov Solver     2              0            0     0
      Preconditioner     2              0            0     0

--- Event Stage 2: RHSVelocity


--- Event Stage 3: solveVelocity

              Vector    23             20    480031520     0

--- Event Stage 4: RHSPoisson


--- Event Stage 5: solvePoisson

              Vector    23             20    160031520     0

--- Event Stage 6: projectionStep

========================================================================================================================
Average time to get PetscTime(): 9.53674e-08
Average time for MPI_Barrier(): 1.62125e-06
Average time for zero size MPI_Send(): 7.7486e-07
#PETSc Option Table entries:
-caseFolder .
-log_summary
-sys1_pc_type none
-sys2_pc_type none
#End of PETSc Option Table entries
Compiled without FORTRAN kernels
Compiled with full precision matrices (default)
sizeof(short) 2 sizeof(int) 4 sizeof(long) 8 sizeof(void*) 8 sizeof(PetscScalar) 8 sizeof(PetscInt) 4
Configure options: COPTFLAGS=-O3 CXXOPTFLAGS=-O3 FOPTFLAGS=-O3 --PETSC_ARCH=linux-openmpi-1.8-gcc-4.9.2-opt --with-debugging=0 --with-mpi-dir=/c1/apps/openmpi/1.8/gcc/4.9.2 --with-blas-lib=/c1/apps/blas/gcc/1/lib64/libblas.a --with-lapack-lib=/c1/apps/lapack/gcc/3.4.1/lib/liblapack.a --with-shared-libraries=0
-----------------------------------------
Libraries compiled on Thu Jun 11 19:17:23 2015 on login4.colonialone.gwu.edu 
Machine characteristics: Linux-2.6.32-504.12.2.el6.x86_64-x86_64-with-redhat-6.6-Santiago
Using PETSc directory: /home/mesnardo/src/petsc/3.5.2
Using PETSc arch: linux-openmpi-1.8-gcc-4.9.2-opt
-----------------------------------------

Using C compiler: /c1/apps/openmpi/1.8/gcc/4.9.2/bin/mpicc  -Wall -Wwrite-strings -Wno-strict-aliasing -Wno-unknown-pragmas -O3  ${COPTFLAGS} ${CFLAGS}
Using Fortran compiler: /c1/apps/openmpi/1.8/gcc/4.9.2/bin/mpif90  -Wall -Wno-unused-variable -ffree-line-length-0 -Wno-unused-dummy-argument -O3   ${FOPTFLAGS} ${FFLAGS} 
-----------------------------------------

Using include paths: -I/home/mesnardo/src/petsc/3.5.2/linux-openmpi-1.8-gcc-4.9.2-opt/include -I/home/mesnardo/src/petsc/3.5.2/include -I/home/mesnardo/src/petsc/3.5.2/include -I/home/mesnardo/src/petsc/3.5.2/linux-openmpi-1.8-gcc-4.9.2-opt/include -I/c1/apps/openmpi/1.8/gcc/4.9.2/include
-----------------------------------------

Using C linker: /c1/apps/openmpi/1.8/gcc/4.9.2/bin/mpicc
Using Fortran linker: /c1/apps/openmpi/1.8/gcc/4.9.2/bin/mpif90
Using libraries: -Wl,-rpath,/home/mesnardo/src/petsc/3.5.2/linux-openmpi-1.8-gcc-4.9.2-opt/lib -L/home/mesnardo/src/petsc/3.5.2/linux-openmpi-1.8-gcc-4.9.2-opt/lib -lpetsc -Wl,-rpath,/c1/apps/lapack/gcc/3.4.1/lib -L/c1/apps/lapack/gcc/3.4.1/lib -llapack -Wl,-rpath,/c1/apps/blas/gcc/1/lib64 -L/c1/apps/blas/gcc/1/lib64 -lblas -lX11 -lpthread -lssl -lcrypto -L/c1/apps/openmpi/1.8/gcc/4.9.2/lib -L/cm/shared/apps/gcc/4.7.0/lib/gcc/x86_64-unknown-linux-gnu/4.7.0 -L/cm/shared/apps/gcc/4.7.0/lib64 -L/cm/shared/apps/gcc/4.7.0/lib -lmpi_usempi -lmpi_mpifh -lgfortran -lm -Wl,-rpath,/c1/apps/openmpi/1.8/gcc/4.9.2/lib -lgfortran -lm -lquadmath -lm -lmpi_cxx -lstdc++ -L/c1/apps/openmpi/1.8/gcc/4.9.2/lib -L/cm/shared/apps/gcc/4.7.0/lib/gcc/x86_64-unknown-linux-gnu/4.7.0 -L/cm/shared/apps/gcc/4.7.0/lib64 -L/c1/apps/openmpi/1.8/gcc/4.9.2/lib -L/cm/shared/apps/gcc/4.7.0/lib -ldl -Wl,-rpath,/c1/apps/openmpi/1.8/gcc/4.9.2/lib -lmpi -lgcc_s -lpthread -ldl  
-----------------------------------------

