
---------------------------------------
Flow
---------------------------------------
solver: Navier-Stokes
viscosity: 0.01

---------------------------------------
Mesh
---------------------------------------
size: 100 x 100 x 100

---------------------------------------
Time-stepping
---------------------------------------
convection: 2nd-order Adams-Bashforth
diffusion : Crank-Nicolson
time-increment      : 0.0025
starting time-step  : 0
number of time-steps: 50
saving-interval     : 100

---------------------------------------
Linear system for intermediate velocity
---------------------------------------
solver: cg
preconditioner: none
relative tolerance: 1e-06
absolute tolerance: 1e-50
maximum iterations: 10000

---------------------------------------
Linear system for pressure-force
---------------------------------------
solver: cg
preconditioner: none
relative tolerance: 1e-06
absolute tolerance: 1e-50
maximum iterations: 20000

---------------------------------------
************************************************************************************************************************
***             WIDEN YOUR WINDOW TO 120 CHARACTERS.  Use 'enscript -r -fCourier9' to print this document            ***
************************************************************************************************************************

---------------------------------------------- PETSc Performance Summary: ----------------------------------------------

/home/mesnardo/src/PetIBM_maclach/bin/PetIBM3d on a arch-linux2-c-debug named node188 with 8 processors, by mesnardo Tue Jun  9 14:04:54 2015
Using Petsc Release Version 3.5.2, Sep, 08, 2014 

                         Max       Max/Min        Avg      Total 
Time (sec):           3.656e+02      1.00000   3.656e+02
Objects:              2.340e+02      1.00000   2.340e+02
Flops:                5.092e+10      1.00094   5.090e+10  4.072e+11
Flops/sec:            1.393e+08      1.00094   1.392e+08  1.114e+09
Memory:               1.950e+08      1.01460              1.549e+09
MPI Messages:         4.890e+04      1.00003   4.890e+04  3.912e+05
MPI Message Lengths:  9.961e+08      1.00076   2.036e+04  7.966e+09
MPI Reductions:       1.368e+05      1.00000

Flop counting convention: 1 flop = 1 real number operation of type (multiply/divide/add/subtract)
                            e.g., VecAXPY() for real vectors of length N --> 2N flops
                            and VecAXPY() for complex vectors of length N --> 8N flops

Summary of Stages:   ----- Time ------  ----- Flops -----  --- Messages ---  -- Message Lengths --  -- Reductions --
                        Avg     %Total     Avg     %Total   counts   %Total     Avg         %Total   counts   %Total 
 0:      Main Stage: 1.1313e-01   0.0%  0.0000e+00   0.0%  0.000e+00   0.0%  0.000e+00        0.0%  0.000e+00   0.0% 
 1:      initialize: 1.4207e+00   0.4%  1.1214e+08   0.0%  1.026e+03   0.3%  2.310e+01        0.1%  2.560e+02   0.2% 
 2:     solveIntVel: 2.2392e+01   6.1%  1.8320e+10   4.5%  1.469e+04   3.8%  1.145e+03        5.6%  1.472e+03   1.1% 
 3:   solvePoissSys: 3.4075e+02  93.2%  3.8817e+11  95.3%  3.749e+05  95.8%  1.917e+04       94.1%  1.247e+05  91.1% 
 4:  projectionStep: 9.3897e-01   0.3%  5.9400e+08   0.1%  6.000e+02   0.2%  3.068e+01        0.2%  5.000e+01   0.0% 

------------------------------------------------------------------------------------------------------------------------
See the 'Profiling' chapter of the users' manual for details on interpreting output.
Phase summary info:
   Count: number of times phase was executed
   Time and Flops: Max - maximum over all processors
                   Ratio - ratio of maximum to minimum over all processors
   Mess: number of messages sent
   Avg. len: average message length (bytes)
   Reduct: number of global reductions
   Global: entire computation
   Stage: stages of a computation. Set stages with PetscLogStagePush() and PetscLogStagePop().
      %T - percent time in this phase         %F - percent flops in this phase
      %M - percent messages in this phase     %L - percent message lengths in this phase
      %R - percent reductions in this phase
   Total Mflop/s: 10e-6 * (sum of flops over all processors)/(max time over all processors)
------------------------------------------------------------------------------------------------------------------------


      ##########################################################
      #                                                        #
      #                          WARNING!!!                    #
      #                                                        #
      #   This code was compiled with a debugging option,      #
      #   To get timing results run ./configure                #
      #   using --with-debugging=no, the performance will      #
      #   be generally two or three times faster.              #
      #                                                        #
      ##########################################################


Event                Count      Time (sec)     Flops                             --- Global ---  --- Stage ---   Total
                   Max Ratio  Max     Ratio   Max  Ratio  Mess   Avg len Reduct  %T %F %M %L %R  %T %F %M %L %R Mflop/s
------------------------------------------------------------------------------------------------------------------------

--- Event Stage 0: Main Stage


--- Event Stage 1: initialize

ThreadCommRunKer       1 1.0 5.9605e-06 1.6 0.00e+00 0.0 0.0e+00 0.0e+00 0.0e+00  0  0  0  0  0   0  0  0  0  0     0
ThreadCommBarrie       1 1.0 2.1458e-06 1.1 0.00e+00 0.0 0.0e+00 0.0e+00 0.0e+00  0  0  0  0  0   0  0  0  0  0     0
VecSet                15 1.0 6.9580e-03 1.0 0.00e+00 0.0 0.0e+00 0.0e+00 0.0e+00  0  0  0  0  0   0  0  0  0  0     0
VecScatterBegin        8 1.0 5.6341e-03 1.1 0.00e+00 0.0 3.8e+02 1.3e+04 0.0e+00  0  0  0  0  0   0  0 37 53  0     0
VecScatterEnd          8 1.0 2.9151e-03 1.8 0.00e+00 0.0 0.0e+00 0.0e+00 0.0e+00  0  0  0  0  0   0  0  0  0  0     0
MatScale               4 1.0 4.4532e-02 1.0 1.12e+07 1.0 2.4e+01 6.0e+04 0.0e+00  0  0  0  0  0   3 79  2 16  0  1985
MatAssemblyBegin       8 1.0 1.5392e-0210.0 0.00e+00 0.0 3.6e+01 1.3e+04 1.2e+01  0  0  0  0  0   1  0  4  5  5     0
MatAssemblyEnd         8 1.0 2.6680e-01 1.0 0.00e+00 0.0 1.4e+02 8.3e+03 5.6e+01  0  0  0  0  0  19  0 14 13 22     0
MatTranspose           1 1.0 1.9759e-01 1.0 0.00e+00 0.0 9.0e+01 9.3e+03 2.4e+01  0  0  0  0  0  14  0  9  9  9     0
MatMatMult             1 1.0 3.0822e-01 1.0 2.97e+06 1.0 9.6e+01 1.6e+04 2.2e+01  0  0  0  0  0  22 21  9 17  9    77
MatMatMultSym          1 1.0 2.2672e-01 1.0 0.00e+00 0.0 8.4e+01 1.3e+04 2.0e+01  0  0  0  0  0  16  0  8 12  8     0
MatMatMultNum          1 1.0 8.1486e-02 1.0 2.97e+06 1.0 1.2e+01 4.0e+04 2.0e+00  0  0  0  0  0   6 21  1  5  1   292
MatGetLocalMat         2 1.0 6.4231e-02 1.0 0.00e+00 0.0 0.0e+00 0.0e+00 0.0e+00  0  0  0  0  0   4  0  0  0  0     0
MatGetBrAoCol          2 1.0 1.5816e-02 1.4 0.00e+00 0.0 4.8e+01 2.8e+04 0.0e+00  0  0  0  0  0   1  0  5 15  0     0
SFSetGraph             1 1.0 1.1728e-0345.1 0.00e+00 0.0 0.0e+00 0.0e+00 0.0e+00  0  0  0  0  0   0  0  0  0  0     0
SFReduceBegin          1 1.0 2.0342e-03 5.1 0.00e+00 0.0 3.0e+01 8.0e+03 0.0e+00  0  0  0  0  0   0  0  3  3  0     0
SFReduceEnd            1 1.0 1.1802e-04 7.0 0.00e+00 0.0 0.0e+00 0.0e+00 0.0e+00  0  0  0  0  0   0  0  0  0  0     0
generateQTBNQ          1 1.0 3.0825e-01 1.0 2.97e+06 1.0 9.6e+01 1.6e+04 2.2e+01  0  0  0  0  0  22 21  9 17  9    77

--- Event Stage 2: solveIntVel

VecTDot              424 1.0 5.7517e-01 1.3 3.18e+08 1.0 0.0e+00 0.0e+00 4.2e+02  0  1  0  0  0   2 14  0  0 29  4379
VecNorm              312 1.0 3.4991e-01 2.1 2.34e+08 1.0 0.0e+00 0.0e+00 3.1e+02  0  0  0  0  0   1 10  0  0 21  5296
VecCopy              362 1.0 4.2413e-01 1.0 0.00e+00 0.0 0.0e+00 0.0e+00 0.0e+00  0  0  0  0  0   2  0  0  0  0     0
VecSet                50 1.0 3.7198e-02 1.0 0.00e+00 0.0 0.0e+00 0.0e+00 0.0e+00  0  0  0  0  0   0  0  0  0  0     0
VecAXPY              424 1.0 6.9154e-01 1.0 3.18e+08 1.0 0.0e+00 0.0e+00 0.0e+00  0  1  0  0  0   3 14  0  0  0  3642
VecAYPX              212 1.0 3.3551e-01 1.0 1.40e+08 1.0 0.0e+00 0.0e+00 0.0e+00  0  0  0  0  0   1  6  0  0  0  3311
VecWAXPY              50 1.0 1.1130e-01 1.0 1.88e+07 1.0 0.0e+00 0.0e+00 0.0e+00  0  0  0  0  0   0  1  0  0  0  1334
VecPointwiseMult      50 1.0 7.9764e-02 1.0 1.88e+07 1.0 0.0e+00 0.0e+00 0.0e+00  0  0  0  0  0   0  1  0  0  0  1862
VecScatterBegin      412 1.0 1.6924e-01 1.1 0.00e+00 0.0 1.5e+04 3.0e+04 0.0e+00  0  0  4  6  0   1  0100100  0     0
VecScatterEnd        412 1.0 2.6130e-01 3.3 0.00e+00 0.0 0.0e+00 0.0e+00 0.0e+00  0  0  0  0  0   1  0  0  0  0     0
MatMult              262 1.0 4.2225e+00 1.0 1.27e+09 1.0 6.3e+03 6.0e+04 0.0e+00  1  2  2  5  0  19 55 43 84  0  2373
KSPSetUp               1 1.0 6.7561e-03 1.0 0.00e+00 0.0 0.0e+00 0.0e+00 0.0e+00  0  0  0  0  0   0  0  0  0  0     0
KSPSolve              50 1.0 1.5211e+01 1.0 2.28e+09 1.0 6.3e+03 6.0e+04 1.4e+03  4  4  2  5  1  68 98 43 84 93  1185
PCSetUp                1 1.0 1.9073e-06 2.0 0.00e+00 0.0 0.0e+00 0.0e+00 0.0e+00  0  0  0  0  0   0  0  0  0  0     0
PCApply              312 1.0 3.6443e-01 1.0 0.00e+00 0.0 0.0e+00 0.0e+00 0.0e+00  0  0  0  0  0   2  0  0  0  0     0

--- Event Stage 3: solvePoissSys

VecTDot            31088 1.0 1.5762e+01 1.4 7.77e+09 1.0 0.0e+00 0.0e+00 3.1e+04  4 15  0  0 23   4 16  0  0 25  3945
VecNorm            15644 1.0 2.4589e+00 1.0 3.91e+09 1.0 0.0e+00 0.0e+00 1.6e+04  1  8  0  0 11   1  8  0  0 13 12724
VecScale              50 1.0 1.4689e-02 1.1 6.25e+06 1.0 0.0e+00 0.0e+00 0.0e+00  0  0  0  0  0   0  0  0  0  0  3404
VecCopy            15694 1.0 2.7693e+00 1.1 0.00e+00 0.0 0.0e+00 0.0e+00 0.0e+00  1  0  0  0  0   1  0  0  0  0     0
VecSet                50 1.0 8.7409e-03 1.0 0.00e+00 0.0 0.0e+00 0.0e+00 0.0e+00  0  0  0  0  0   0  0  0  0  0     0
VecAXPY            31088 1.0 1.7102e+01 1.0 7.77e+09 1.0 0.0e+00 0.0e+00 0.0e+00  5 15  0  0  0   5 16  0  0  0  3635
VecAYPX            15544 1.0 7.9505e+00 1.0 3.88e+09 1.0 0.0e+00 0.0e+00 0.0e+00  2  8  0  0  0   2  8  0  0  0  3904
VecScatterBegin    15644 1.0 9.3949e-01 1.1 0.00e+00 0.0 3.7e+05 2.0e+04 0.0e+00  0  0 96 94  0   0  0100100  0     0
VecScatterEnd      15644 1.0 3.8436e+00 1.7 0.00e+00 0.0 0.0e+00 0.0e+00 0.0e+00  1  0  0  0  0   1  0  0  0  0     0
MatMult            15594 1.0 8.6014e+01 1.0 2.51e+10 1.0 3.7e+05 2.0e+04 0.0e+00 23 49 96 94  0  25 52100100  0  2335
MatMultAdd            50 1.0 2.4357e-01 1.0 7.42e+07 1.0 6.0e+02 2.0e+04 0.0e+00  0  0  0  0  0   0  0  0  0  0  2439
KSPSetUp               1 1.0 1.9472e-03 1.1 0.00e+00 0.0 0.0e+00 0.0e+00 0.0e+00  0  0  0  0  0   0  0  0  0  0     0
KSPSolve              50 1.0 3.4047e+02 1.0 4.84e+10 1.0 3.7e+05 2.0e+04 1.2e+05 93 95 96 94 91 100100100100100  1138
PCSetUp                1 1.0 2.1458e-06 1.0 0.00e+00 0.0 0.0e+00 0.0e+00 0.0e+00  0  0  0  0  0   0  0  0  0  0     0
PCApply            15644 1.0 2.8287e+00 1.1 0.00e+00 0.0 0.0e+00 0.0e+00 0.0e+00  1  0  0  0  0   1  0  0  0  0     0

--- Event Stage 4: projectionStep

VecWAXPY              50 1.0 1.0311e-01 1.0 1.88e+07 1.0 0.0e+00 0.0e+00 0.0e+00  0  0  0  0  0  11 25  0  0  0  1440
VecScatterBegin       50 1.0 3.1996e-0311.4 0.00e+00 0.0 6.0e+02 2.0e+04 0.0e+00  0  0  0  0  0   0  0100100  0     0
VecScatterEnd         50 1.0 9.9955e-03 3.4 0.00e+00 0.0 0.0e+00 0.0e+00 0.0e+00  0  0  0  0  0   1  0  0  0  0     0
MatMult               50 1.0 3.3981e-01 1.0 5.62e+07 1.0 6.0e+02 2.0e+04 0.0e+00  0  0  0  0  0  36 75100100  0  1311
------------------------------------------------------------------------------------------------------------------------

Memory usage is given in bytes:

Object Type          Creations   Destructions     Memory  Descendants' Mem.
Reports information only for process 0.

--- Event Stage 0: Main Stage

              Vector     0             44     67741888     0
      Vector Scatter     0             12      4013008     0
              Matrix     0             14     93506928     0
   Matrix Null Space     0              1          604     0
    Distributed Mesh     0              6        28512     0
Star Forest Bipartite Graph     0             12         9792     0
     Discrete System     0              6         4800     0
   IS L to G Mapping     0              4      2252112     0
       Krylov Solver     0              2         2464     0
      Preconditioner     0              2         1664     0
              Viewer     2              1          752     0

--- Event Stage 1: initialize

              Vector    50             12        18656     0
      Vector Scatter    12              0            0     0
              Matrix    14              0            0     0
   Matrix Null Space     1              0            0     0
    Distributed Mesh     6              0            0     0
Star Forest Bipartite Graph    13              1          872     0
     Discrete System     6              0            0     0
           Index Set    16             16      2284484     0
   IS L to G Mapping     4              0            0     0
       Krylov Solver     2              0            0     0
      Preconditioner     2              0            0     0

--- Event Stage 2: solveIntVel

              Vector    53             50    150078800     0

--- Event Stage 3: solvePoissSys

              Vector    53             50     50078800     0

--- Event Stage 4: projectionStep

========================================================================================================================
Average time to get PetscTime(): 0
Average time for MPI_Barrier(): 1.43051e-06
Average time for zero size MPI_Send(): 7.45058e-07
#PETSc Option Table entries:
-caseFolder .
-log_summary
-sys1_pc_type none
-sys2_pc_type none
#End of PETSc Option Table entries
Compiled without FORTRAN kernels
Compiled with full precision matrices (default)
sizeof(short) 2 sizeof(int) 4 sizeof(long) 8 sizeof(void*) 8 sizeof(PetscScalar) 8 sizeof(PetscInt) 4
Configure options: --with-mpi-dir=/c1/apps/openmpi/1.8/gcc/4.9.2 --with-blas-lib=/c1/apps/blas/gcc/1/lib64/libfblas.a --with-lapack-lib=/c1/apps/lapack/gcc/3.4.1/lib/libflapack.a --prefix=/c1/apps/petsc/3.5.2
-----------------------------------------
Libraries compiled on Thu May 14 01:37:42 2015 on login3.colonialone.gwu.edu 
Machine characteristics: Linux-2.6.32-504.12.2.el6.x86_64-x86_64-with-redhat-6.6-Santiago
Using PETSc directory: /home/maclach/source/petsc-3.5.2
Using PETSc arch: arch-linux2-c-debug
-----------------------------------------

Using C compiler: /c1/apps/openmpi/1.8/gcc/4.9.2/bin/mpicc  -fPIC -Wall -Wwrite-strings -Wno-strict-aliasing -Wno-unknown-pragmas -g3 -O0  ${COPTFLAGS} ${CFLAGS}
Using Fortran compiler: /c1/apps/openmpi/1.8/gcc/4.9.2/bin/mpif90  -fPIC -Wall -Wno-unused-variable -ffree-line-length-0 -Wno-unused-dummy-argument -g -O0   ${FOPTFLAGS} ${FFLAGS} 
-----------------------------------------

Using include paths: -I/home/maclach/source/petsc-3.5.2/arch-linux2-c-debug/include -I/home/maclach/source/petsc-3.5.2/include -I/home/maclach/source/petsc-3.5.2/include -I/home/maclach/source/petsc-3.5.2/arch-linux2-c-debug/include -I/c1/apps/openmpi/1.8/gcc/4.9.2/include
-----------------------------------------

Using C linker: /c1/apps/openmpi/1.8/gcc/4.9.2/bin/mpicc
Using Fortran linker: /c1/apps/openmpi/1.8/gcc/4.9.2/bin/mpif90
Using libraries: -Wl,-rpath,/home/maclach/source/petsc-3.5.2/arch-linux2-c-debug/lib -L/home/maclach/source/petsc-3.5.2/arch-linux2-c-debug/lib -lpetsc -Wl,-rpath,/c1/apps/lapack/gcc/3.4.1/lib -L/c1/apps/lapack/gcc/3.4.1/lib -lflapack -Wl,-rpath,/c1/apps/blas/gcc/1/lib64 -L/c1/apps/blas/gcc/1/lib64 -lfblas -lX11 -lpthread -lssl -lcrypto -Wl,-rpath,/c1/apps/openmpi/1.8/gcc/4.9.2/lib -L/c1/apps/openmpi/1.8/gcc/4.9.2/lib -Wl,-rpath,/c1/apps/gcc/4.9.2/lib/gcc/x86_64-unknown-linux-gnu/4.9.2 -L/c1/apps/gcc/4.9.2/lib/gcc/x86_64-unknown-linux-gnu/4.9.2 -Wl,-rpath,/c1/apps/gcc/4.9.2/lib64 -L/c1/apps/gcc/4.9.2/lib64 -Wl,-rpath,/c1/apps/gcc/4.9.2/lib -L/c1/apps/gcc/4.9.2/lib -lmpi_usempi -lmpi_mpifh -lgfortran -lm -lgfortran -lm -lquadmath -lm -lmpi_cxx -lstdc++ -Wl,-rpath,/c1/apps/openmpi/1.8/gcc/4.9.2/lib -L/c1/apps/openmpi/1.8/gcc/4.9.2/lib -Wl,-rpath,/c1/apps/blas/gcc/1/lib64 -L/c1/apps/blas/gcc/1/lib64 -Wl,-rpath,/c1/apps/gcc/4.9.2/lib/gcc/x86_64-unknown-linux-gnu/4.9.2 -L/c1/apps/gcc/4.9.2/lib/gcc/x86_64-unknown-linux-gnu/4.9.2 -Wl,-rpath,/c1/apps/gcc/4.9.2/lib64 -L/c1/apps/gcc/4.9.2/lib64 -Wl,-rpath,/c1/apps/openmpi/1.8/gcc/4.9.2/lib -L/c1/apps/openmpi/1.8/gcc/4.9.2/lib -Wl,-rpath,/c1/apps/blas/gcc/1/lib64 -L/c1/apps/blas/gcc/1/lib64 -Wl,-rpath,/c1/apps/lapack/gcc/3.4.1/lib -L/c1/apps/lapack/gcc/3.4.1/lib -Wl,-rpath,/c1/apps/gcc/4.9.2/lib -L/c1/apps/gcc/4.9.2/lib -ldl -Wl,-rpath,/c1/apps/openmpi/1.8/gcc/4.9.2/lib -lmpi -lgcc_s -lpthread -ldl  
-----------------------------------------

