
---------------------------------------
Flow
---------------------------------------
solver: Navier-Stokes
viscosity: 0.01

---------------------------------------
Mesh
---------------------------------------
size: 200 x 200 x 200

---------------------------------------
Time-stepping
---------------------------------------
convection: 2nd-order Adams-Bashforth
diffusion : Crank-Nicolson
time-increment      : 0.0025
starting time-step  : 0
number of time-steps: 20
saving-interval     : 100

---------------------------------------
Linear system for intermediate velocity
---------------------------------------
solver: cg
preconditioner: none
relative tolerance: 1e-06
absolute tolerance: 1e-50
maximum iterations: 10000

---------------------------------------
Linear system for pressure-force
---------------------------------------
solver: cg
preconditioner: none
relative tolerance: 1e-06
absolute tolerance: 1e-50
maximum iterations: 20000

---------------------------------------
************************************************************************************************************************
***             WIDEN YOUR WINDOW TO 120 CHARACTERS.  Use 'enscript -r -fCourier9' to print this document            ***
************************************************************************************************************************

---------------------------------------------- PETSc Performance Summary: ----------------------------------------------

/home/mesnardo/src/PetIBM_maclach/bin/PetIBM3d on a arch-linux2-c-debug named node127 with 32 processors, by mesnardo Tue Jun  9 20:13:18 2015
Using Petsc Release Version 3.5.2, Sep, 08, 2014 

                         Max       Max/Min        Avg      Total 
Time (sec):           6.200e+02      1.00000   6.200e+02
Objects:              1.740e+02      1.00000   1.740e+02
Flops:                8.502e+10      1.00409   8.486e+10  2.715e+12
Flops/sec:            1.371e+08      1.00409   1.369e+08  4.380e+09
Memory:               3.929e+08      1.02481              1.245e+10
MPI Messages:         6.708e+04      1.67628   5.352e+04  1.713e+06
MPI Message Lengths:  2.468e+09      1.80120   3.587e+04  6.142e+10
MPI Reductions:       1.152e+05      1.00000

Flop counting convention: 1 flop = 1 real number operation of type (multiply/divide/add/subtract)
                            e.g., VecAXPY() for real vectors of length N --> 2N flops
                            and VecAXPY() for complex vectors of length N --> 8N flops

Summary of Stages:   ----- Time ------  ----- Flops -----  --- Messages ---  -- Message Lengths --  -- Reductions --
                        Avg     %Total     Avg     %Total   counts   %Total     Avg         %Total   counts   %Total 
 0:      Main Stage: 1.5942e-01   0.0%  0.0000e+00   0.0%  0.000e+00   0.0%  0.000e+00        0.0%  0.000e+00   0.0% 
 1:      initialize: 3.0767e+00   0.5%  9.0457e+08   0.0%  6.304e+03   0.4%  4.937e+01        0.1%  2.560e+02   0.2% 
 2:     solveIntVel: 3.5734e+01   5.8%  1.3840e+11   5.1%  5.254e+04   3.1%  2.021e+03        5.6%  1.388e+03   1.2% 
 3:   solvePoissSys: 5.8018e+02  93.6%  2.5742e+12  94.8%  1.652e+06  96.5%  3.377e+04       94.2%  1.032e+05  89.6% 
 4:  projectionStep: 7.6715e-01   0.1%  1.9104e+09   0.1%  1.280e+03   0.1%  2.616e+01        0.1%  2.000e+01   0.0% 

------------------------------------------------------------------------------------------------------------------------
See the 'Profiling' chapter of the users' manual for details on interpreting output.
Phase summary info:
   Count: number of times phase was executed
   Time and Flops: Max - maximum over all processors
                   Ratio - ratio of maximum to minimum over all processors
   Mess: number of messages sent
   Avg. len: average message length (bytes)
   Reduct: number of global reductions
   Global: entire computation
   Stage: stages of a computation. Set stages with PetscLogStagePush() and PetscLogStagePop().
      %T - percent time in this phase         %F - percent flops in this phase
      %M - percent messages in this phase     %L - percent message lengths in this phase
      %R - percent reductions in this phase
   Total Mflop/s: 10e-6 * (sum of flops over all processors)/(max time over all processors)
------------------------------------------------------------------------------------------------------------------------


      ##########################################################
      #                                                        #
      #                          WARNING!!!                    #
      #                                                        #
      #   This code was compiled with a debugging option,      #
      #   To get timing results run ./configure                #
      #   using --with-debugging=no, the performance will      #
      #   be generally two or three times faster.              #
      #                                                        #
      ##########################################################


Event                Count      Time (sec)     Flops                             --- Global ---  --- Stage ---   Total
                   Max Ratio  Max     Ratio   Max  Ratio  Mess   Avg len Reduct  %T %F %M %L %R  %T %F %M %L %R Mflop/s
------------------------------------------------------------------------------------------------------------------------

--- Event Stage 0: Main Stage


--- Event Stage 1: initialize

ThreadCommRunKer       1 1.0 1.0014e-05 2.6 0.00e+00 0.0 0.0e+00 0.0e+00 0.0e+00  0  0  0  0  0   0  0  0  0  0     0
ThreadCommBarrie       1 1.0 3.0994e-06 1.6 0.00e+00 0.0 0.0e+00 0.0e+00 0.0e+00  0  0  0  0  0   0  0  0  0  0     0
VecSet                15 1.0 1.7683e-02 1.1 0.00e+00 0.0 0.0e+00 0.0e+00 0.0e+00  0  0  0  0  0   1  0  0  0  0     0
VecScatterBegin        8 1.0 1.2776e-02 1.2 0.00e+00 0.0 2.5e+03 1.8e+04 0.0e+00  0  0  0  0  0   0  0 39 54  0     0
VecScatterEnd          8 1.0 1.4270e-02 2.2 0.00e+00 0.0 0.0e+00 0.0e+00 0.0e+00  0  0  0  0  0   0  0  0  0  0     0
MatScale               4 1.0 9.9688e-02 1.2 2.25e+07 1.0 1.3e+02 1.0e+05 0.0e+00  0  0  0  0  0   3 79  2 16  0  7158
MatAssemblyBegin       8 1.0 7.2864e-02 5.7 0.00e+00 0.0 1.9e+02 2.3e+04 1.2e+01  0  0  0  0  0   2  0  3  5  5     0
MatAssemblyEnd         8 1.0 5.7438e-01 1.0 0.00e+00 0.0 7.7e+02 1.5e+04 5.6e+01  0  0  0  0  0  19  0 12 13 22     0
MatTranspose           1 1.0 4.5539e-01 1.0 0.00e+00 0.0 4.8e+02 1.6e+04 2.4e+01  0  0  0  0  0  15  0  8  9  9     0
MatMatMult             1 1.0 6.6148e-01 1.0 5.99e+06 1.0 5.1e+02 2.8e+04 2.2e+01  0  0  0  0  0  21 21  8 17  9   289
MatMatMultSym          1 1.0 4.9304e-01 1.0 0.00e+00 0.0 4.5e+02 2.3e+04 2.0e+01  0  0  0  0  0  16  0  7 12  8     0
MatMatMultNum          1 1.0 1.6914e-01 1.0 5.99e+06 1.0 6.4e+01 7.0e+04 2.0e+00  0  0  0  0  0   5 21  1  5  1  1130
MatGetLocalMat         2 1.0 1.4681e-01 1.2 0.00e+00 0.0 0.0e+00 0.0e+00 0.0e+00  0  0  0  0  0   4  0  0  0  0     0
MatGetBrAoCol          2 1.0 3.0604e-02 1.4 0.00e+00 0.0 2.6e+02 4.8e+04 0.0e+00  0  0  0  0  0   1  0  4 15  0     0
SFSetGraph             1 1.0 1.9419e-0355.8 0.00e+00 0.0 0.0e+00 0.0e+00 0.0e+00  0  0  0  0  0   0  0  0  0  0     0
SFReduceBegin          1 1.0 6.0610e-02 1.5 0.00e+00 0.0 1.6e+02 1.4e+04 0.0e+00  0  0  0  0  0   2  0  3  3  0     0
SFReduceEnd            1 1.0 1.1870e-02541.2 0.00e+00 0.0 0.0e+00 0.0e+00 0.0e+00  0  0  0  0  0   0  0  0  0  0     0
generateQTBNQ          1 1.0 6.6150e-01 1.0 5.99e+06 1.0 5.1e+02 2.8e+04 2.2e+01  0  0  0  0  0  21 21  8 17  9   289

--- Event Stage 2: solveIntVel

VecTDot              436 1.0 2.1880e+00 1.6 6.54e+08 1.0 0.0e+00 0.0e+00 4.4e+02  0  1  0  0  0   5 15  0  0 31  9517
VecNorm              258 1.0 1.1306e+00 2.8 3.87e+08 1.0 0.0e+00 0.0e+00 2.6e+02  0  0  0  0  0   2  9  0  0 19 10899
VecCopy              278 1.0 1.2592e+00 1.3 0.00e+00 0.0 0.0e+00 0.0e+00 0.0e+00  0  0  0  0  0   3  0  0  0  0     0
VecSet                20 1.0 2.7728e-02 1.0 0.00e+00 0.0 0.0e+00 0.0e+00 0.0e+00  0  0  0  0  0   0  0  0  0  0     0
VecAXPY              436 1.0 1.9986e+00 1.1 6.54e+08 1.0 0.0e+00 0.0e+00 0.0e+00  0  1  0  0  0   5 15  0  0  0 10419
VecAYPX              218 1.0 1.0995e+00 1.1 3.12e+08 1.0 0.0e+00 0.0e+00 0.0e+00  0  0  0  0  0   3  7  0  0  0  9035
VecWAXPY              20 1.0 8.7870e-02 1.0 1.50e+07 1.0 0.0e+00 0.0e+00 0.0e+00  0  0  0  0  0   0  0  0  0  0  5435
VecPointwiseMult      20 1.0 6.7706e-02 1.1 1.50e+07 1.0 0.0e+00 0.0e+00 0.0e+00  0  0  0  0  0   0  0  0  0  0  7054
VecScatterBegin      298 1.0 3.0190e-01 1.7 0.00e+00 0.0 5.3e+04 6.6e+04 0.0e+00  0  0  3  6  0   1  0100100  0     0
VecScatterEnd        298 1.0 4.9551e-01 2.4 0.00e+00 0.0 0.0e+00 0.0e+00 0.0e+00  0  0  0  0  0   1  0  0  0  0     0
MatMult              238 1.0 8.2873e+00 1.1 2.32e+09 1.0 3.0e+04 1.0e+05 0.0e+00  1  3  2  5  0  22 53 58 92  0  8874
KSPSetUp               1 1.0 1.8847e-02 1.0 0.00e+00 0.0 0.0e+00 0.0e+00 0.0e+00  0  0  0  0  0   0  0  0  0  0     0
KSPSolve              20 1.0 3.0000e+01 1.0 4.32e+09 1.0 3.0e+04 1.0e+05 1.3e+03  5  5  2  5  1  84 99 58 92 97  4582
PCSetUp                1 1.0 2.1458e-06 2.2 0.00e+00 0.0 0.0e+00 0.0e+00 0.0e+00  0  0  0  0  0   0  0  0  0  0     0
PCApply              258 1.0 1.1712e+00 1.3 0.00e+00 0.0 0.0e+00 0.0e+00 0.0e+00  0  0  0  0  0   3  0  0  0  0     0

--- Event Stage 3: solvePoissSys

VecTDot            25758 1.0 3.8912e+01 1.6 1.29e+10 1.0 0.0e+00 0.0e+00 2.6e+04  5 15  0  0 22   5 16  0  0 25 10591
VecNorm            12919 1.0 4.4162e+00 1.0 6.46e+09 1.0 0.0e+00 0.0e+00 1.3e+04  1  8  0  0 11   1  8  0  0 13 46806
VecScale              20 1.0 1.1273e-02 1.0 5.00e+06 1.0 0.0e+00 0.0e+00 0.0e+00  0  0  0  0  0   0  0  0  0  0 14193
VecCopy            12939 1.0 7.3507e+00 1.1 0.00e+00 0.0 0.0e+00 0.0e+00 0.0e+00  1  0  0  0  0   1  0  0  0  0     0
VecSet                20 1.0 9.3620e-03 1.0 0.00e+00 0.0 0.0e+00 0.0e+00 0.0e+00  0  0  0  0  0   0  0  0  0  0     0
VecAXPY            25758 1.0 2.8752e+01 1.0 1.29e+10 1.0 0.0e+00 0.0e+00 0.0e+00  5 15  0  0  0   5 16  0  0  0 14334
VecAYPX            12879 1.0 1.3655e+01 1.0 6.43e+09 1.0 0.0e+00 0.0e+00 0.0e+00  2  8  0  0  0   2  8  0  0  0 15079
VecScatterBegin    12919 1.0 2.7623e+00 2.4 0.00e+00 0.0 1.7e+06 3.5e+04 0.0e+00  0  0 96 94  0   0  0100100  0     0
VecScatterEnd      12919 1.0 9.9145e+00 2.2 0.00e+00 0.0 0.0e+00 0.0e+00 0.0e+00  1  0  0  0  0   1  0  0  0  0     0
MatMult            12899 1.0 1.5123e+02 1.1 4.19e+10 1.0 1.7e+06 3.5e+04 0.0e+00 24 49 96 94  0  25 52100100  0  8830
MatMultAdd            20 1.0 2.0963e-01 1.1 5.99e+07 1.0 1.3e+03 3.5e+04 0.0e+00  0  0  0  0  0   0  0  0  0  0  9113
KSPSetUp               1 1.0 5.0571e-03 1.1 0.00e+00 0.0 0.0e+00 0.0e+00 0.0e+00  0  0  0  0  0   0  0  0  0  0     0
KSPSolve              20 1.0 5.7995e+02 1.0 8.05e+10 1.0 1.7e+06 3.5e+04 1.0e+05 94 95 96 94 90 100100100100100  4435
PCSetUp                1 1.0 2.1458e-06 2.2 0.00e+00 0.0 0.0e+00 0.0e+00 0.0e+00  0  0  0  0  0   0  0  0  0  0     0
PCApply            12919 1.0 7.4019e+00 1.1 0.00e+00 0.0 0.0e+00 0.0e+00 0.0e+00  1  0  0  0  0   1  0  0  0  0     0

--- Event Stage 4: projectionStep

VecWAXPY              20 1.0 8.2735e-02 1.0 1.50e+07 1.0 0.0e+00 0.0e+00 0.0e+00  0  0  0  0  0  11 25  0  0  0  5773
VecScatterBegin       20 1.0 2.6867e-0320.7 0.00e+00 0.0 1.3e+03 3.5e+04 0.0e+00  0  0  0  0  0   0  0100100  0     0
VecScatterEnd         20 1.0 1.5033e-02 7.8 0.00e+00 0.0 0.0e+00 0.0e+00 0.0e+00  0  0  0  0  0   1  0  0  0  0     0
MatMult               20 1.0 2.8354e-01 1.1 4.50e+07 1.0 1.3e+03 3.5e+04 0.0e+00  0  0  0  0  0  35 75100100  0  5053
------------------------------------------------------------------------------------------------------------------------

Memory usage is given in bytes:

Object Type          Creations   Destructions     Memory  Descendants' Mem.
Reports information only for process 0.

--- Event Stage 0: Main Stage

              Vector     0             44    134839488     0
      Vector Scatter     0             12      8013008     0
              Matrix     0             14    186986928     0
   Matrix Null Space     0              1          604     0
    Distributed Mesh     0              6        28512     0
Star Forest Bipartite Graph     0             12         9792     0
     Discrete System     0              6         4800     0
   IS L to G Mapping     0              4      4415312     0
       Krylov Solver     0              2         2464     0
      Preconditioner     0              2         1664     0
              Viewer     2              1          752     0

--- Event Stage 1: initialize

              Vector    50             12        18656     0
      Vector Scatter    12              0            0     0
              Matrix    14              0            0     0
   Matrix Null Space     1              0            0     0
    Distributed Mesh     6              0            0     0
Star Forest Bipartite Graph    13              1          872     0
     Discrete System     6              0            0     0
           Index Set    16             16      4465084     0
   IS L to G Mapping     4              0            0     0
       Krylov Solver     2              0            0     0
      Preconditioner     2              0            0     0

--- Event Stage 2: solveIntVel

              Vector    23             20    120031520     0

--- Event Stage 3: solvePoissSys

              Vector    23             20     40031520     0

--- Event Stage 4: projectionStep

========================================================================================================================
Average time to get PetscTime(): 0
Average time for MPI_Barrier(): 5.96046e-06
Average time for zero size MPI_Send(): 1.12504e-06
#PETSc Option Table entries:
-caseFolder .
-log_summary
-sys1_pc_type none
-sys2_pc_type none
#End of PETSc Option Table entries
Compiled without FORTRAN kernels
Compiled with full precision matrices (default)
sizeof(short) 2 sizeof(int) 4 sizeof(long) 8 sizeof(void*) 8 sizeof(PetscScalar) 8 sizeof(PetscInt) 4
Configure options: --with-mpi-dir=/c1/apps/openmpi/1.8/gcc/4.9.2 --with-blas-lib=/c1/apps/blas/gcc/1/lib64/libfblas.a --with-lapack-lib=/c1/apps/lapack/gcc/3.4.1/lib/libflapack.a --prefix=/c1/apps/petsc/3.5.2
-----------------------------------------
Libraries compiled on Thu May 14 01:37:42 2015 on login3.colonialone.gwu.edu 
Machine characteristics: Linux-2.6.32-504.12.2.el6.x86_64-x86_64-with-redhat-6.6-Santiago
Using PETSc directory: /home/maclach/source/petsc-3.5.2
Using PETSc arch: arch-linux2-c-debug
-----------------------------------------

Using C compiler: /c1/apps/openmpi/1.8/gcc/4.9.2/bin/mpicc  -fPIC -Wall -Wwrite-strings -Wno-strict-aliasing -Wno-unknown-pragmas -g3 -O0  ${COPTFLAGS} ${CFLAGS}
Using Fortran compiler: /c1/apps/openmpi/1.8/gcc/4.9.2/bin/mpif90  -fPIC -Wall -Wno-unused-variable -ffree-line-length-0 -Wno-unused-dummy-argument -g -O0   ${FOPTFLAGS} ${FFLAGS} 
-----------------------------------------

Using include paths: -I/home/maclach/source/petsc-3.5.2/arch-linux2-c-debug/include -I/home/maclach/source/petsc-3.5.2/include -I/home/maclach/source/petsc-3.5.2/include -I/home/maclach/source/petsc-3.5.2/arch-linux2-c-debug/include -I/c1/apps/openmpi/1.8/gcc/4.9.2/include
-----------------------------------------

Using C linker: /c1/apps/openmpi/1.8/gcc/4.9.2/bin/mpicc
Using Fortran linker: /c1/apps/openmpi/1.8/gcc/4.9.2/bin/mpif90
Using libraries: -Wl,-rpath,/home/maclach/source/petsc-3.5.2/arch-linux2-c-debug/lib -L/home/maclach/source/petsc-3.5.2/arch-linux2-c-debug/lib -lpetsc -Wl,-rpath,/c1/apps/lapack/gcc/3.4.1/lib -L/c1/apps/lapack/gcc/3.4.1/lib -lflapack -Wl,-rpath,/c1/apps/blas/gcc/1/lib64 -L/c1/apps/blas/gcc/1/lib64 -lfblas -lX11 -lpthread -lssl -lcrypto -Wl,-rpath,/c1/apps/openmpi/1.8/gcc/4.9.2/lib -L/c1/apps/openmpi/1.8/gcc/4.9.2/lib -Wl,-rpath,/c1/apps/gcc/4.9.2/lib/gcc/x86_64-unknown-linux-gnu/4.9.2 -L/c1/apps/gcc/4.9.2/lib/gcc/x86_64-unknown-linux-gnu/4.9.2 -Wl,-rpath,/c1/apps/gcc/4.9.2/lib64 -L/c1/apps/gcc/4.9.2/lib64 -Wl,-rpath,/c1/apps/gcc/4.9.2/lib -L/c1/apps/gcc/4.9.2/lib -lmpi_usempi -lmpi_mpifh -lgfortran -lm -lgfortran -lm -lquadmath -lm -lmpi_cxx -lstdc++ -Wl,-rpath,/c1/apps/openmpi/1.8/gcc/4.9.2/lib -L/c1/apps/openmpi/1.8/gcc/4.9.2/lib -Wl,-rpath,/c1/apps/blas/gcc/1/lib64 -L/c1/apps/blas/gcc/1/lib64 -Wl,-rpath,/c1/apps/gcc/4.9.2/lib/gcc/x86_64-unknown-linux-gnu/4.9.2 -L/c1/apps/gcc/4.9.2/lib/gcc/x86_64-unknown-linux-gnu/4.9.2 -Wl,-rpath,/c1/apps/gcc/4.9.2/lib64 -L/c1/apps/gcc/4.9.2/lib64 -Wl,-rpath,/c1/apps/openmpi/1.8/gcc/4.9.2/lib -L/c1/apps/openmpi/1.8/gcc/4.9.2/lib -Wl,-rpath,/c1/apps/blas/gcc/1/lib64 -L/c1/apps/blas/gcc/1/lib64 -Wl,-rpath,/c1/apps/lapack/gcc/3.4.1/lib -L/c1/apps/lapack/gcc/3.4.1/lib -Wl,-rpath,/c1/apps/gcc/4.9.2/lib -L/c1/apps/gcc/4.9.2/lib -ldl -Wl,-rpath,/c1/apps/openmpi/1.8/gcc/4.9.2/lib -lmpi -lgcc_s -lpthread -ldl  
-----------------------------------------

