
---------------------------------------
Flow
---------------------------------------
solver: Navier-Stokes
viscosity: 0.01

---------------------------------------
Mesh
---------------------------------------
size: 100 x 100 x 100

---------------------------------------
Time-stepping
---------------------------------------
convection: 2nd-order Adams-Bashforth
diffusion : Crank-Nicolson
time-increment      : 0.0025
starting time-step  : 0
number of time-steps: 50
saving-interval     : 100

---------------------------------------
Linear system for intermediate velocity
---------------------------------------
solver: cg
preconditioner: none
relative tolerance: 1e-06
absolute tolerance: 1e-50
maximum iterations: 10000

---------------------------------------
Linear system for pressure-force
---------------------------------------
solver: cg
preconditioner: none
relative tolerance: 1e-06
absolute tolerance: 1e-50
maximum iterations: 20000

---------------------------------------
************************************************************************************************************************
***             WIDEN YOUR WINDOW TO 120 CHARACTERS.  Use 'enscript -r -fCourier9' to print this document            ***
************************************************************************************************************************

---------------------------------------------- PETSc Performance Summary: ----------------------------------------------

/home/mesnardo/src/PetIBM/linux-openmpi-1.8-gcc-4.9.2-opt/PetIBM3d on a linux-openmpi-1.8-gcc-4.9.2-opt named node121 with 2 processors, by mesnardo Fri Jun 12 15:05:11 2015
Using Petsc Release Version 3.5.2, Sep, 08, 2014 

                         Max       Max/Min        Avg      Total 
Time (sec):           2.159e+02      1.00000   2.159e+02
Objects:              2.340e+02      1.00000   2.340e+02
Flops:                2.036e+11      1.00031   2.036e+11  4.072e+11
Flops/sec:            9.433e+08      1.00031   9.432e+08  1.886e+09
MPI Messages:         1.608e+04      1.00003   1.608e+04  3.217e+04
MPI Message Lengths:  1.327e+09      1.00000   8.253e+04  2.655e+09
MPI Reductions:       7.774e+04      1.00000

Flop counting convention: 1 flop = 1 real number operation of type (multiply/divide/add/subtract)
                            e.g., VecAXPY() for real vectors of length N --> 2N flops
                            and VecAXPY() for complex vectors of length N --> 8N flops

Summary of Stages:   ----- Time ------  ----- Flops -----  --- Messages ---  -- Message Lengths --  -- Reductions --
                        Avg     %Total     Avg     %Total   counts   %Total     Avg         %Total   counts   %Total 
 0:      Main Stage: 4.2771e-01   0.2%  0.0000e+00   0.0%  0.000e+00   0.0%  0.000e+00        0.0%  0.000e+00   0.0% 
 1:      initialize: 1.6861e+00   0.8%  1.1214e+08   0.0%  5.350e+01   0.2%  9.287e+01        0.1%  1.320e+02   0.2% 
 2:     RHSVelocity: 1.4645e+01   6.8%  2.9700e+08   0.1%  3.000e+02   0.9%  7.412e+02        0.9%  0.000e+00   0.0% 
 3:   solveVelocity: 9.6795e+00   4.5%  1.8023e+10   4.4%  5.240e+02   1.6%  3.884e+03        4.7%  7.360e+02   0.9% 
 4:      RHSPoisson: 3.6021e-01   0.2%  6.4400e+08   0.2%  5.000e+01   0.2%  1.244e+02        0.2%  0.000e+00   0.0% 
 5:    solvePoisson: 1.8853e+02  87.3%  3.8750e+11  95.2%  3.119e+04  97.0%  7.756e+04       94.0%  6.237e+04  80.2% 
 6:  projectionStep: 5.1588e-01   0.2%  5.9400e+08   0.1%  5.000e+01   0.2%  1.244e+02        0.2%  0.000e+00   0.0% 

------------------------------------------------------------------------------------------------------------------------
See the 'Profiling' chapter of the users' manual for details on interpreting output.
Phase summary info:
   Count: number of times phase was executed
   Time and Flops: Max - maximum over all processors
                   Ratio - ratio of maximum to minimum over all processors
   Mess: number of messages sent
   Avg. len: average message length (bytes)
   Reduct: number of global reductions
   Global: entire computation
   Stage: stages of a computation. Set stages with PetscLogStagePush() and PetscLogStagePop().
      %T - percent time in this phase         %F - percent flops in this phase
      %M - percent messages in this phase     %L - percent message lengths in this phase
      %R - percent reductions in this phase
   Total Mflop/s: 10e-6 * (sum of flops over all processors)/(max time over all processors)
------------------------------------------------------------------------------------------------------------------------
Event                Count      Time (sec)     Flops                             --- Global ---  --- Stage ---   Total
                   Max Ratio  Max     Ratio   Max  Ratio  Mess   Avg len Reduct  %T %F %M %L %R  %T %F %M %L %R Mflop/s
------------------------------------------------------------------------------------------------------------------------

--- Event Stage 0: Main Stage


--- Event Stage 1: initialize

VecSet                15 1.0 2.4961e-02 1.0 0.00e+00 0.0 0.0e+00 0.0e+00 0.0e+00  0  0  0  0  0   1  0  0  0  0     0
VecScatterBegin        8 1.0 6.7737e-03 1.0 0.00e+00 0.0 1.6e+01 9.9e+04 0.0e+00  0  0  0  0  0   0  0 30 53  0     0
VecScatterEnd          8 1.0 2.1629e-03 1.5 0.00e+00 0.0 0.0e+00 0.0e+00 0.0e+00  0  0  0  0  0   0  0  0  0  0     0
MatScale               4 1.0 6.3999e-02 1.0 4.43e+07 1.0 2.0e+00 2.4e+05 0.0e+00  0  0  0  0  0   4 79  4 16  0  1381
MatAssemblyBegin       8 1.0 7.2012e-03 6.4 0.00e+00 0.0 3.0e+00 5.3e+04 1.2e+01  0  0  0  0  0   0  0  6  5  9     0
MatAssemblyEnd         8 1.0 2.9530e-01 1.0 0.00e+00 0.0 1.2e+01 3.3e+04 3.2e+01  0  0  0  0  0  17  0 22 13 24     0
MatTranspose           1 1.0 2.0651e-01 1.0 0.00e+00 0.0 7.5e+00 3.7e+04 1.2e+01  0  0  0  0  0  12  0 14  9  9     0
MatMatMult             1 1.0 3.0834e-01 1.0 1.19e+07 1.0 8.0e+00 6.5e+04 1.6e+01  0  0  0  0  0  18 21 15 17 12    77
MatMatMultSym          1 1.0 2.6043e-01 1.0 0.00e+00 0.0 7.0e+00 5.1e+04 1.4e+01  0  0  0  0  0  15  0 13 12 11     0
MatMatMultNum          1 1.0 4.7900e-02 1.0 1.19e+07 1.0 1.0e+00 1.6e+05 2.0e+00  0  0  0  0  0   3 21  2  5  2   496
MatGetLocalMat         2 1.0 8.9530e-02 1.0 0.00e+00 0.0 0.0e+00 0.0e+00 0.0e+00  0  0  0  0  0   5  0  0  0  0     0
MatGetBrAoCol          2 1.0 3.0890e-03 1.2 0.00e+00 0.0 4.0e+00 1.1e+05 0.0e+00  0  0  0  0  0   0  0  7 15  0     0
SFSetGraph             1 1.0 2.2411e-0437.6 0.00e+00 0.0 0.0e+00 0.0e+00 0.0e+00  0  0  0  0  0   0  0  0  0  0     0
SFReduceBegin          1 1.0 5.0497e-04 3.1 0.00e+00 0.0 2.5e+00 3.2e+04 0.0e+00  0  0  0  0  0   0  0  5  3  0     0
SFReduceEnd            1 1.0 8.0824e-05 3.0 0.00e+00 0.0 0.0e+00 0.0e+00 0.0e+00  0  0  0  0  0   0  0  0  0  0     0
generateQTBNQ          1 1.0 3.0835e-01 1.0 1.19e+07 1.0 8.0e+00 6.5e+04 1.6e+01  0  0  0  0  0  18 21 15 17 12    77

--- Event Stage 2: RHSVelocity

VecSet                50 1.0 1.3229e-01 1.0 0.00e+00 0.0 0.0e+00 0.0e+00 0.0e+00  0  0  0  0  0   1  0  0  0  0     0
VecWAXPY              50 1.0 1.7613e-01 1.1 7.45e+07 1.0 0.0e+00 0.0e+00 0.0e+00  0  0  0  0  0   1 50  0  0  0   843
VecPointwiseMult      50 1.0 1.1853e-01 1.0 7.45e+07 1.0 0.0e+00 0.0e+00 0.0e+00  0  0  0  0  0   1 50  0  0  0  1253
VecScatterBegin      150 1.0 1.8583e-01 1.1 0.00e+00 0.0 3.0e+02 7.9e+04 0.0e+00  0  0  1  1  0   1  0100100  0     0
VecScatterEnd        150 1.0 8.0093e-01104.0 0.00e+00 0.0 0.0e+00 0.0e+00 0.0e+00  0  0  0  0  0   3  0  0  0  0     0

--- Event Stage 3: solveVelocity

VecTDot              424 1.0 9.4113e-01 1.0 1.26e+09 1.0 0.0e+00 0.0e+00 4.2e+02  0  1  0  0  1  10 14  0  0 58  2676
VecNorm              312 1.0 6.3342e-01 1.0 9.30e+08 1.0 0.0e+00 0.0e+00 3.1e+02  0  0  0  0  0   7 10  0  0 42  2926
VecCopy              362 1.0 1.5195e+00 1.0 0.00e+00 0.0 0.0e+00 0.0e+00 0.0e+00  1  0  0  0  0  16  0  0  0  0     0
VecAXPY              424 1.0 9.7494e-01 1.0 1.26e+09 1.0 0.0e+00 0.0e+00 0.0e+00  0  1  0  0  0  10 14  0  0  0  2583
VecAYPX              212 1.0 5.0065e-01 1.0 5.57e+08 1.0 0.0e+00 0.0e+00 0.0e+00  0  0  0  0  0   5  6  0  0  0  2219
VecScatterBegin      262 1.0 1.6640e-02 1.1 0.00e+00 0.0 5.2e+02 2.4e+05 0.0e+00  0  0  2  5  0   0  0100100  0     0
VecScatterEnd        262 1.0 1.9800e-01 5.3 0.00e+00 0.0 0.0e+00 0.0e+00 0.0e+00  0  0  0  0  0   1  0  0  0  0     0
MatMult              262 1.0 4.8974e+00 1.0 5.03e+09 1.0 5.2e+02 2.4e+05 0.0e+00  2  2  2  5  0  50 56100100  0  2046
KSPSetUp               1 1.0 1.5596e-02 1.0 0.00e+00 0.0 0.0e+00 0.0e+00 0.0e+00  0  0  0  0  0   0  0  0  0  0     0
KSPSolve              50 1.0 9.7340e+00 1.0 9.04e+09 1.0 5.2e+02 2.4e+05 7.4e+02  4  4  2  5  1 100100100100100  1852
PCSetUp                1 1.0 0.0000e+00 0.0 0.00e+00 0.0 0.0e+00 0.0e+00 0.0e+00  0  0  0  0  0   0  0  0  0  0     0
PCApply              312 1.0 1.3111e+00 1.0 0.00e+00 0.0 0.0e+00 0.0e+00 0.0e+00  1  0  0  0  0  13  0  0  0  0     0

--- Event Stage 4: RHSPoisson

VecScale              50 1.0 2.3601e-02 1.0 2.50e+07 1.0 0.0e+00 0.0e+00 0.0e+00  0  0  0  0  0   6  8  0  0  0  2119
VecSet                50 1.0 4.4564e-02 1.0 0.00e+00 0.0 0.0e+00 0.0e+00 0.0e+00  0  0  0  0  0  12  0  0  0  0     0
VecScatterBegin       50 1.0 1.2777e-0312.1 0.00e+00 0.0 5.0e+01 8.0e+04 0.0e+00  0  0  0  0  0   0  0100100  0     0
VecScatterEnd         50 1.0 3.5312e-03 2.4 0.00e+00 0.0 0.0e+00 0.0e+00 0.0e+00  0  0  0  0  0   1  0  0  0  0     0
MatMultAdd            50 1.0 2.8293e-01 1.0 2.97e+08 1.0 5.0e+01 8.0e+04 0.0e+00  0  0  0  0  0  78 92100100  0  2099

--- Event Stage 5: solvePoisson

VecTDot            31086 1.0 2.0447e+01 1.0 3.11e+10 1.0 0.0e+00 0.0e+00 3.1e+04  9 15  0  0 40  11 16  0  0 50  3041
VecNorm            15643 1.0 9.2156e+00 1.0 1.56e+10 1.0 0.0e+00 0.0e+00 1.6e+04  4  8  0  0 20   5  8  0  0 25  3395
VecCopy            15693 1.0 1.4099e+01 1.0 0.00e+00 0.0 0.0e+00 0.0e+00 0.0e+00  7  0  0  0  0   7  0  0  0  0     0
VecAXPY            31086 1.0 2.1731e+01 1.0 3.11e+10 1.0 0.0e+00 0.0e+00 0.0e+00 10 15  0  0  0  12 16  0  0  0  2861
VecAYPX            15543 1.0 1.0455e+01 1.0 1.55e+10 1.0 0.0e+00 0.0e+00 0.0e+00  5  8  0  0  0   6  8  0  0  0  2968
VecScatterBegin    15593 1.0 3.7199e-01 1.0 0.00e+00 0.0 3.1e+04 8.0e+04 0.0e+00  0  0 97 94  0   0  0100100  0     0
VecScatterEnd      15593 1.0 1.2355e+00 1.4 0.00e+00 0.0 0.0e+00 0.0e+00 0.0e+00  0  0  0  0  0   1  0  0  0  0     0
MatMult            15593 1.0 9.6872e+01 1.0 1.00e+11 1.0 3.1e+04 8.0e+04 0.0e+00 45 49 97 94  0  51 52100100  0  2073
KSPSetUp               1 1.0 6.8829e-03 1.1 0.00e+00 0.0 0.0e+00 0.0e+00 0.0e+00  0  0  0  0  0   0  0  0  0  0     0
KSPSolve              50 1.0 1.8853e+02 1.0 1.94e+11 1.0 3.1e+04 8.0e+04 6.2e+04 87 95 97 94 80 100100100100100  2055
PCSetUp                1 1.0 0.0000e+00 0.0 0.00e+00 0.0 0.0e+00 0.0e+00 0.0e+00  0  0  0  0  0   0  0  0  0  0     0
PCApply            15643 1.0 1.4048e+01 1.0 0.00e+00 0.0 0.0e+00 0.0e+00 0.0e+00  6  0  0  0  0   7  0  0  0  0     0

--- Event Stage 6: projectionStep

VecWAXPY              50 1.0 1.7320e-01 1.0 7.45e+07 1.0 0.0e+00 0.0e+00 0.0e+00  0  0  0  0  0  33 25  0  0  0   857
VecScatterBegin       50 1.0 1.2703e-0311.7 0.00e+00 0.0 5.0e+01 8.0e+04 0.0e+00  0  0  0  0  0   0  0100100  0     0
VecScatterEnd         50 1.0 3.5377e-03 1.4 0.00e+00 0.0 0.0e+00 0.0e+00 0.0e+00  0  0  0  0  0   1  0  0  0  0     0
MatMult               50 1.0 3.4486e-01 1.0 2.24e+08 1.0 5.0e+01 8.0e+04 0.0e+00  0  0  0  0  0  67 75100100  0  1292
------------------------------------------------------------------------------------------------------------------------

Memory usage is given in bytes:

Object Type          Creations   Destructions     Memory  Descendants' Mem.
Reports information only for process 0.

--- Event Stage 0: Main Stage

              Vector     0             44    266540896     0
      Vector Scatter     0             12     15933008     0
              Matrix     0             14    371756128     0
   Matrix Null Space     0              1          604     0
    Distributed Mesh     0              6        28512     0
Star Forest Bipartite Graph     0             12         9792     0
     Discrete System     0              6         4800     0
   IS L to G Mapping     0              4      8616080     0
       Krylov Solver     0              2         2464     0
      Preconditioner     0              2         1664     0
              Viewer     2              1          752     0

--- Event Stage 1: initialize

              Vector    50             12        18656     0
      Vector Scatter    12              0            0     0
              Matrix    14              0            0     0
   Matrix Null Space     1              0            0     0
    Distributed Mesh     6              0            0     0
Star Forest Bipartite Graph    13              1          872     0
     Discrete System     6              0            0     0
           Index Set    16             16      8331072     0
   IS L to G Mapping     4              0            0     0
       Krylov Solver     2              0            0     0
      Preconditioner     2              0            0     0

--- Event Stage 2: RHSVelocity


--- Event Stage 3: solveVelocity

              Vector    53             50    596078800     0

--- Event Stage 4: RHSPoisson


--- Event Stage 5: solvePoisson

              Vector    53             50    200078800     0

--- Event Stage 6: projectionStep

========================================================================================================================
Average time to get PetscTime(): 9.53674e-08
Average time for MPI_Barrier(): 5.72205e-07
Average time for zero size MPI_Send(): 9.53674e-07
#PETSc Option Table entries:
-caseFolder .
-log_summary
-sys1_pc_type none
-sys2_pc_type none
#End of PETSc Option Table entries
Compiled without FORTRAN kernels
Compiled with full precision matrices (default)
sizeof(short) 2 sizeof(int) 4 sizeof(long) 8 sizeof(void*) 8 sizeof(PetscScalar) 8 sizeof(PetscInt) 4
Configure options: COPTFLAGS=-O3 CXXOPTFLAGS=-O3 FOPTFLAGS=-O3 --PETSC_ARCH=linux-openmpi-1.8-gcc-4.9.2-opt --with-debugging=0 --with-mpi-dir=/c1/apps/openmpi/1.8/gcc/4.9.2 --with-blas-lib=/c1/apps/blas/gcc/1/lib64/libblas.a --with-lapack-lib=/c1/apps/lapack/gcc/3.4.1/lib/liblapack.a --with-shared-libraries=0
-----------------------------------------
Libraries compiled on Thu Jun 11 19:17:23 2015 on login4.colonialone.gwu.edu 
Machine characteristics: Linux-2.6.32-504.12.2.el6.x86_64-x86_64-with-redhat-6.6-Santiago
Using PETSc directory: /home/mesnardo/src/petsc/3.5.2
Using PETSc arch: linux-openmpi-1.8-gcc-4.9.2-opt
-----------------------------------------

Using C compiler: /c1/apps/openmpi/1.8/gcc/4.9.2/bin/mpicc  -Wall -Wwrite-strings -Wno-strict-aliasing -Wno-unknown-pragmas -O3  ${COPTFLAGS} ${CFLAGS}
Using Fortran compiler: /c1/apps/openmpi/1.8/gcc/4.9.2/bin/mpif90  -Wall -Wno-unused-variable -ffree-line-length-0 -Wno-unused-dummy-argument -O3   ${FOPTFLAGS} ${FFLAGS} 
-----------------------------------------

Using include paths: -I/home/mesnardo/src/petsc/3.5.2/linux-openmpi-1.8-gcc-4.9.2-opt/include -I/home/mesnardo/src/petsc/3.5.2/include -I/home/mesnardo/src/petsc/3.5.2/include -I/home/mesnardo/src/petsc/3.5.2/linux-openmpi-1.8-gcc-4.9.2-opt/include -I/c1/apps/openmpi/1.8/gcc/4.9.2/include
-----------------------------------------

Using C linker: /c1/apps/openmpi/1.8/gcc/4.9.2/bin/mpicc
Using Fortran linker: /c1/apps/openmpi/1.8/gcc/4.9.2/bin/mpif90
Using libraries: -Wl,-rpath,/home/mesnardo/src/petsc/3.5.2/linux-openmpi-1.8-gcc-4.9.2-opt/lib -L/home/mesnardo/src/petsc/3.5.2/linux-openmpi-1.8-gcc-4.9.2-opt/lib -lpetsc -Wl,-rpath,/c1/apps/lapack/gcc/3.4.1/lib -L/c1/apps/lapack/gcc/3.4.1/lib -llapack -Wl,-rpath,/c1/apps/blas/gcc/1/lib64 -L/c1/apps/blas/gcc/1/lib64 -lblas -lX11 -lpthread -lssl -lcrypto -L/c1/apps/openmpi/1.8/gcc/4.9.2/lib -L/cm/shared/apps/gcc/4.7.0/lib/gcc/x86_64-unknown-linux-gnu/4.7.0 -L/cm/shared/apps/gcc/4.7.0/lib64 -L/cm/shared/apps/gcc/4.7.0/lib -lmpi_usempi -lmpi_mpifh -lgfortran -lm -Wl,-rpath,/c1/apps/openmpi/1.8/gcc/4.9.2/lib -lgfortran -lm -lquadmath -lm -lmpi_cxx -lstdc++ -L/c1/apps/openmpi/1.8/gcc/4.9.2/lib -L/cm/shared/apps/gcc/4.7.0/lib/gcc/x86_64-unknown-linux-gnu/4.7.0 -L/cm/shared/apps/gcc/4.7.0/lib64 -L/c1/apps/openmpi/1.8/gcc/4.9.2/lib -L/cm/shared/apps/gcc/4.7.0/lib -ldl -Wl,-rpath,/c1/apps/openmpi/1.8/gcc/4.9.2/lib -lmpi -lgcc_s -lpthread -ldl  
-----------------------------------------

