
---------------------------------------
Flow
---------------------------------------
solver: Navier-Stokes
viscosity: 0.01

---------------------------------------
Mesh
---------------------------------------
size: 200 x 200 x 200

---------------------------------------
Time-stepping
---------------------------------------
convection: 2nd-order Adams-Bashforth
diffusion : Crank-Nicolson
time-increment      : 0.0025
starting time-step  : 0
number of time-steps: 20
saving-interval     : 100

---------------------------------------
Linear system for intermediate velocity
---------------------------------------
solver: cg
preconditioner: none
relative tolerance: 1e-06
absolute tolerance: 1e-50
maximum iterations: 10000

---------------------------------------
Linear system for pressure-force
---------------------------------------
solver: cg
preconditioner: none
relative tolerance: 1e-06
absolute tolerance: 1e-50
maximum iterations: 20000

---------------------------------------
************************************************************************************************************************
***             WIDEN YOUR WINDOW TO 120 CHARACTERS.  Use 'enscript -r -fCourier9' to print this document            ***
************************************************************************************************************************

---------------------------------------------- PETSc Performance Summary: ----------------------------------------------

/home/mesnardo/src/PetIBM/bin/PetIBM3d on a linux-mpich-3.1-4-gnu-opt named node121 with 128 processors, by mesnardo Fri Jun 26 19:28:36 2015
Using Petsc Release Version 3.5.2, Sep, 08, 2014 

                         Max       Max/Min        Avg      Total 
Time (sec):           9.510e+02      1.00003   9.510e+02
Objects:              1.740e+02      1.00000   1.740e+02
Flops:                2.127e+10      1.00786   2.121e+10  2.715e+12
Flops/sec:            2.237e+07      1.00785   2.231e+07  2.855e+09
MPI Messages:         8.090e+04      2.02160   6.373e+04  8.158e+06
MPI Message Lengths:  1.097e+09      2.00217   1.398e+04  1.141e+11
MPI Reductions:       6.692e+04      1.00000

Flop counting convention: 1 flop = 1 real number operation of type (multiply/divide/add/subtract)
                            e.g., VecAXPY() for real vectors of length N --> 2N flops
                            and VecAXPY() for complex vectors of length N --> 8N flops

Summary of Stages:   ----- Time ------  ----- Flops -----  --- Messages ---  -- Message Lengths --  -- Reductions --
                        Avg     %Total     Avg     %Total   counts   %Total     Avg         %Total   counts   %Total 
 0:      Main Stage: 2.5079e-01   0.0%  0.0000e+00   0.0%  0.000e+00   0.0%  0.000e+00        0.0%  0.000e+00   0.0% 
 1:      initialize: 2.6066e+00   0.3%  9.0457e+08   0.0%  3.383e+04   0.4%  1.939e+01        0.1%  1.320e+02   0.2% 
 2:     RHSVelocity: 4.5503e+00   0.5%  9.5520e+08   0.0%  1.243e+05   1.5%  6.342e+01        0.5%  0.000e+00   0.0% 
 3:   solveVelocity: 4.7946e+01   5.0%  1.3745e+11   5.1%  1.447e+05   1.8%  7.258e+02        5.2%  6.940e+02   1.0% 
 4:      RHSPoisson: 6.8807e-02   0.0%  2.0704e+09   0.1%  6.080e+03   0.1%  1.020e+01        0.1%  0.000e+00   0.0% 
 5:    solvePoisson: 8.9356e+02  94.0%  2.5722e+12  94.7%  7.843e+06  96.1%  1.316e+04       94.1%  5.160e+04  77.1% 
 6:  projectionStep: 7.4101e-02   0.0%  1.9104e+09   0.1%  6.080e+03   0.1%  1.020e+01        0.1%  0.000e+00   0.0% 

------------------------------------------------------------------------------------------------------------------------
See the 'Profiling' chapter of the users' manual for details on interpreting output.
Phase summary info:
   Count: number of times phase was executed
   Time and Flops: Max - maximum over all processors
                   Ratio - ratio of maximum to minimum over all processors
   Mess: number of messages sent
   Avg. len: average message length (bytes)
   Reduct: number of global reductions
   Global: entire computation
   Stage: stages of a computation. Set stages with PetscLogStagePush() and PetscLogStagePop().
      %T - percent time in this phase         %F - percent flops in this phase
      %M - percent messages in this phase     %L - percent message lengths in this phase
      %R - percent reductions in this phase
   Total Mflop/s: 10e-6 * (sum of flops over all processors)/(max time over all processors)
------------------------------------------------------------------------------------------------------------------------
Event                Count      Time (sec)     Flops                             --- Global ---  --- Stage ---   Total
                   Max Ratio  Max     Ratio   Max  Ratio  Mess   Avg len Reduct  %T %F %M %L %R  %T %F %M %L %R Mflop/s
------------------------------------------------------------------------------------------------------------------------

--- Event Stage 0: Main Stage


--- Event Stage 1: initialize

VecSet                15 1.0 1.3418e-02 4.2 0.00e+00 0.0 0.0e+00 0.0e+00 0.0e+00  0  0  0  0  0   0  0  0  0  0     0
VecScatterBegin        8 1.0 3.3383e-03 2.0 0.00e+00 0.0 1.4e+04 6.2e+03 0.0e+00  0  0  0  0  0   0  0 40 54  0     0
VecScatterEnd          8 1.0 7.0886e-01 3.0 0.00e+00 0.0 0.0e+00 0.0e+00 0.0e+00  0  0  0  0  0  12  0  0  0  0     0
MatScale               4 1.0 2.5680e-0113.3 5.62e+06 1.0 6.1e+02 4.1e+04 0.0e+00  0  0  0  0  0   1 79  2 16  0  2779
MatAssemblyBegin       8 1.0 5.3992e-0214.2 0.00e+00 0.0 9.1e+02 9.1e+03 1.2e+01  0  0  0  0  0   2  0  3  5  9     0
MatAssemblyEnd         8 1.0 2.8249e-01 1.0 0.00e+00 0.0 3.6e+03 5.7e+03 3.2e+01  0  0  0  0  0  11  0 11 13 24     0
MatTranspose           1 1.0 4.5054e-02 1.0 0.00e+00 0.0 2.3e+03 6.4e+03 1.2e+01  0  0  0  0  0   2  0  7  9  9     0
MatMatMult             1 1.0 3.1157e-01 1.0 1.50e+06 1.0 2.4e+03 1.1e+04 1.6e+01  0  0  0  0  0  12 21  7 17 12   613
MatMatMultSym          1 1.0 2.6354e-01 1.0 0.00e+00 0.0 2.1e+03 8.8e+03 1.4e+01  0  0  0  0  0  10  0  6 12 11     0
MatMatMultNum          1 1.0 4.8253e-02 1.0 1.50e+06 1.0 3.0e+02 2.7e+04 2.0e+00  0  0  0  0  0   2 21  1  5  2  3959
MatGetLocalMat         2 1.0 1.3817e-02 1.3 0.00e+00 0.0 0.0e+00 0.0e+00 0.0e+00  0  0  0  0  0   0  0  0  0  0     0
MatGetBrAoCol          2 1.0 5.0633e-0236.5 0.00e+00 0.0 1.2e+03 1.9e+04 0.0e+00  0  0  0  0  0   0  0  4 14  0     0
SFSetGraph             1 1.0 1.5593e-0431.1 0.00e+00 0.0 0.0e+00 0.0e+00 0.0e+00  0  0  0  0  0   0  0  0  0  0     0
SFReduceBegin          1 1.0 5.1332e-03 4.1 0.00e+00 0.0 7.6e+02 5.5e+03 0.0e+00  0  0  0  0  0   0  0  2  3  0     0
SFReduceEnd            1 1.0 1.2729e-03116.1 0.00e+00 0.0 0.0e+00 0.0e+00 0.0e+00  0  0  0  0  0   0  0  0  0  0     0
generateQTBNQ          1 1.0 3.1158e-01 1.0 1.50e+06 1.0 2.4e+03 1.1e+04 1.6e+01  0  0  0  0  0  12 21  7 17 12   613

--- Event Stage 2: RHSVelocity

VecSet                20 1.0 1.5749e-02 2.6 0.00e+00 0.0 0.0e+00 0.0e+00 0.0e+00  0  0  0  0  0   0  0  0  0  0     0
VecWAXPY              20 1.0 2.4952e-02 2.9 3.75e+06 1.0 0.0e+00 0.0e+00 0.0e+00  0  0  0  0  0   0 50  0  0  0 19140
VecPointwiseMult      20 1.0 1.6768e-02 2.6 3.75e+06 1.0 0.0e+00 0.0e+00 0.0e+00  0  0  0  0  0   0 50  0  0  0 28483
VecScatterBegin       60 1.0 2.7017e-02 2.1 0.00e+00 0.0 1.2e+05 4.2e+03 0.0e+00  0  0  2  0  0   0  0100100  0     0
VecScatterEnd         60 1.0 7.6118e+0025.0 0.00e+00 0.0 0.0e+00 0.0e+00 0.0e+00  0  0  0  0  0  84  0  0  0  0     0

--- Event Stage 3: solveVelocity

VecTDot              436 1.0 3.7572e+01 1.3 1.63e+08 1.0 0.0e+00 0.0e+00 4.4e+02  4  1  0  0  1  72 15  0  0 63   554
VecNorm              258 1.0 1.2217e+01 4.0 9.68e+07 1.0 0.0e+00 0.0e+00 2.6e+02  1  0  0  0  0  15  9  0  0 37  1009
VecCopy              278 1.0 1.8569e-01 1.7 0.00e+00 0.0 0.0e+00 0.0e+00 0.0e+00  0  0  0  0  0   0  0  0  0  0     0
VecAXPY              436 1.0 4.4837e-01 1.9 1.64e+08 1.0 0.0e+00 0.0e+00 0.0e+00  0  1  0  0  0   1 15  0  0  0 46443
VecAYPX              218 1.0 2.0912e-01 2.0 7.80e+07 1.0 0.0e+00 0.0e+00 0.0e+00  0  0  0  0  0   0  7  0  0  0 47504
VecScatterBegin      238 1.0 1.1095e-01 3.0 0.00e+00 0.0 1.4e+05 4.1e+04 0.0e+00  0  0  2  5  0   0  0100100  0     0
VecScatterEnd        238 1.0 1.0456e+0113.8 0.00e+00 0.0 0.0e+00 0.0e+00 0.0e+00  0  0  0  0  0   9  0  0  0  0     0
MatMult              238 1.0 1.1491e+01 6.9 5.80e+08 1.0 1.4e+05 4.1e+04 0.0e+00  1  3  2  5  0  11 54100100  0  6400
KSPSetUp               1 1.0 3.4771e-03 1.3 0.00e+00 0.0 0.0e+00 0.0e+00 0.0e+00  0  0  0  0  0   0  0  0  0  0     0
KSPSolve              20 1.0 5.1510e+01 1.2 1.08e+09 1.0 1.4e+05 4.1e+04 6.9e+02  5  5  2  5  1 100100100100100  2668
PCSetUp                1 1.0 5.0068e-06 5.2 0.00e+00 0.0 0.0e+00 0.0e+00 0.0e+00  0  0  0  0  0   0  0  0  0  0     0
PCApply              258 1.0 1.7212e-01 1.7 0.00e+00 0.0 0.0e+00 0.0e+00 0.0e+00  0  0  0  0  0   0  0  0  0  0     0

--- Event Stage 4: RHSPoisson

VecScale              20 1.0 9.8681e-04 1.1 1.25e+06 1.0 0.0e+00 0.0e+00 0.0e+00  0  0  0  0  0   1  8  0  0  0 162138
VecSet                20 1.0 4.0698e-03 2.0 0.00e+00 0.0 0.0e+00 0.0e+00 0.0e+00  0  0  0  0  0   4  0  0  0  0     0
VecScatterBegin       20 1.0 2.4827e-0320.8 0.00e+00 0.0 6.1e+03 1.4e+04 0.0e+00  0  0  0  0  0   2  0100100  0     0
VecScatterEnd         20 1.0 1.0606e-011435.0 0.00e+00 0.0 0.0e+00 0.0e+00 0.0e+00  0  0  0  0  0  38  0  0  0  0     0
MatMultAdd            20 1.0 1.4435e-01 4.4 1.50e+07 1.0 6.1e+03 1.4e+04 0.0e+00  0  0  0  0  0  93 92100100  0 13234

--- Event Stage 5: solvePoisson

VecTDot            25758 1.0 8.4261e+02 1.4 3.22e+09 1.0 0.0e+00 0.0e+00 2.6e+04 84 15  0  0 38  89 16  0  0 50   489
VecNorm            12919 1.0 3.7629e+00 1.4 1.61e+09 1.0 0.0e+00 0.0e+00 1.3e+04  0  8  0  0 19   0  8  0  0 25 54933
VecCopy            12939 1.0 6.6531e-01 1.1 0.00e+00 0.0 0.0e+00 0.0e+00 0.0e+00  0  0  0  0  0   0  0  0  0  0     0
VecAXPY            25758 1.0 3.9870e+00 1.7 3.22e+09 1.0 0.0e+00 0.0e+00 0.0e+00  0 15  0  0  0   0 16  0  0  0 103368
VecAYPX            12879 1.0 1.2760e+00 1.0 1.61e+09 1.0 0.0e+00 0.0e+00 0.0e+00  0  8  0  0  0   0  8  0  0  0 161363
VecScatterBegin    12899 1.0 1.5250e+00 2.6 0.00e+00 0.0 7.8e+06 1.4e+04 0.0e+00  0  0 96 94  0   0  0100100  0     0
VecScatterEnd      12899 1.0 2.4484e+0217.7 0.00e+00 0.0 0.0e+00 0.0e+00 0.0e+00  6  0  0  0  0   6  0  0  0  0     0
MatMult            12899 1.0 2.6489e+02 7.9 1.05e+10 1.0 7.8e+06 1.4e+04 0.0e+00  8 49 96 94  0   9 52100100  0  5041
KSPSetUp               1 1.0 4.5609e-04 2.6 0.00e+00 0.0 0.0e+00 0.0e+00 0.0e+00  0  0  0  0  0   0  0  0  0  0     0
KSPSolve              20 1.0 8.9360e+02 1.0 2.01e+10 1.0 7.8e+06 1.4e+04 5.2e+04 94 95 96 94 77 100100100100100  2878
PCSetUp                1 1.0 1.1921e-06 0.0 0.00e+00 0.0 0.0e+00 0.0e+00 0.0e+00  0  0  0  0  0   0  0  0  0  0     0
PCApply            12919 1.0 6.7534e-01 1.1 0.00e+00 0.0 0.0e+00 0.0e+00 0.0e+00  0  0  0  0  0   0  0  0  0  0     0

--- Event Stage 6: projectionStep

VecWAXPY              20 1.0 2.0785e-02 2.6 3.75e+06 1.0 0.0e+00 0.0e+00 0.0e+00  0  0  0  0  0  19 25  0  0  0 22978
VecScatterBegin       20 1.0 1.4575e-0319.4 0.00e+00 0.0 6.1e+03 1.4e+04 0.0e+00  0  0  0  0  0   1  0100100  0     0
VecScatterEnd         20 1.0 8.6924e-02510.6 0.00e+00 0.0 0.0e+00 0.0e+00 0.0e+00  0  0  0  0  0  25  0  0  0  0     0
MatMult               20 1.0 1.4343e-01 4.2 1.12e+07 1.0 6.1e+03 1.4e+04 0.0e+00  0  0  0  0  0  81 75100100  0  9989
------------------------------------------------------------------------------------------------------------------------

Memory usage is given in bytes:

Object Type          Creations   Destructions     Memory  Descendants' Mem.
Reports information only for process 0.

--- Event Stage 0: Main Stage

              Vector     0             44     34192736     0
      Vector Scatter     0             12      2012720     0
              Matrix     0             14     46766816     0
   Matrix Null Space     0              1          596     0
    Distributed Mesh     0              6        28464     0
Star Forest Bipartite Graph     0             12         9600     0
     Discrete System     0              6         4752     0
   IS L to G Mapping     0              4      1170480     0
       Krylov Solver     0              2         2448     0
      Preconditioner     0              2         1648     0
              Viewer     2              1          744     0

--- Event Stage 1: initialize

              Vector    50             12        18560     0
      Vector Scatter    12              0            0     0
              Matrix    14              0            0     0
   Matrix Null Space     1              0            0     0
    Distributed Mesh     6              0            0     0
Star Forest Bipartite Graph    13              1          856     0
     Discrete System     6              0            0     0
           Index Set    16             16      1194056     0
   IS L to G Mapping     4              0            0     0
       Krylov Solver     2              0            0     0
      Preconditioner     2              0            0     0

--- Event Stage 2: RHSVelocity


--- Event Stage 3: solveVelocity

              Vector    23             20     30031360     0

--- Event Stage 4: RHSPoisson


--- Event Stage 5: solvePoisson

              Vector    23             20     10031360     0

--- Event Stage 6: projectionStep

========================================================================================================================
Average time to get PetscTime(): 9.53674e-08
Average time for MPI_Barrier(): 9.9802e-05
Average time for zero size MPI_Send(): 3.62471e-06
#PETSc Option Table entries:
-caseFolder .
-log_summary
-sys1_pc_type none
-sys2_pc_type none
#End of PETSc Option Table entries
Compiled without FORTRAN kernels
Compiled with full precision matrices (default)
sizeof(short) 2 sizeof(int) 4 sizeof(long) 8 sizeof(void*) 8 sizeof(PetscScalar) 8 sizeof(PetscInt) 4
Configure options: --PETSC_ARCH=linux-mpich-3.1-4-gnu-opt ---with-mpi-dir=/c1/apps/mpich/3.1.4/bin --with-blas-lib=/c1/apps/blas/gcc/1/lib64/libblas.a --with-lapack-lib=/c1/apps/lapack/gcc/3.4.1/lib/liblapack.a --with-shared-libraries=0 --with-debugging=0
-----------------------------------------
Libraries compiled on Mon Jun 22 14:19:00 2015 on login4.colonialone.gwu.edu 
Machine characteristics: Linux-2.6.32-504.12.2.el6.x86_64-x86_64-with-redhat-6.6-Santiago
Using PETSc directory: /home/mesnardo/src/petsc/3.5.2
Using PETSc arch: linux-mpich-3.1-4-gnu-opt
-----------------------------------------

Using C compiler: mpicc  -Wall -Wwrite-strings -Wno-strict-aliasing -Wno-unknown-pragmas -O  ${COPTFLAGS} ${CFLAGS}
Using Fortran compiler: mpif90  -Wall -Wno-unused-variable -ffree-line-length-0 -Wno-unused-dummy-argument -O   ${FOPTFLAGS} ${FFLAGS} 
-----------------------------------------

Using include paths: -I/home/mesnardo/src/petsc/3.5.2/linux-mpich-3.1-4-gnu-opt/include -I/home/mesnardo/src/petsc/3.5.2/include -I/home/mesnardo/src/petsc/3.5.2/include -I/home/mesnardo/src/petsc/3.5.2/linux-mpich-3.1-4-gnu-opt/include -I/c1/apps/mpich/3.1.4/include
-----------------------------------------

Using C linker: mpicc
Using Fortran linker: mpif90
Using libraries: -Wl,-rpath,/home/mesnardo/src/petsc/3.5.2/linux-mpich-3.1-4-gnu-opt/lib -L/home/mesnardo/src/petsc/3.5.2/linux-mpich-3.1-4-gnu-opt/lib -lpetsc -Wl,-rpath,/c1/apps/lapack/gcc/3.4.1/lib -L/c1/apps/lapack/gcc/3.4.1/lib -llapack -Wl,-rpath,/c1/apps/blas/gcc/1/lib64 -L/c1/apps/blas/gcc/1/lib64 -lblas -lX11 -lpthread -lssl -lcrypto -L/c1/apps/mpich/3.1.4/lib -L/cm/shared/apps/gcc/4.7.0/lib/gcc/x86_64-unknown-linux-gnu/4.7.0 -L/cm/shared/apps/gcc/4.7.0/lib64 -L/cm/shared/apps/gcc/4.7.0/lib -lmpifort -lgfortran -lm -Wl,-rpath,/c1/apps/mpich/3.1.4/lib -lgfortran -lm -lquadmath -lm -lmpicxx -lstdc++ -L/c1/apps/mpich/3.1.4/lib -L/cm/shared/apps/gcc/4.7.0/lib/gcc/x86_64-unknown-linux-gnu/4.7.0 -L/cm/shared/apps/gcc/4.7.0/lib64 -L/cm/shared/apps/gcc/4.7.0/lib -ldl -Wl,-rpath,/c1/apps/mpich/3.1.4/lib -lmpi -lgcc_s -ldl  
-----------------------------------------

