
---------------------------------------
Flow
---------------------------------------
solver: Navier-Stokes
viscosity: 0.01

---------------------------------------
Mesh
---------------------------------------
size: 100 x 100 x 100

---------------------------------------
Time-stepping
---------------------------------------
convection: 2nd-order Adams-Bashforth
diffusion : Crank-Nicolson
time-increment      : 0.0025
starting time-step  : 0
number of time-steps: 50
saving-interval     : 100

---------------------------------------
Linear system for intermediate velocity
---------------------------------------
solver: cg
preconditioner: none
relative tolerance: 1e-06
absolute tolerance: 1e-50
maximum iterations: 10000

---------------------------------------
Linear system for pressure-force
---------------------------------------
solver: cg
preconditioner: none
relative tolerance: 1e-06
absolute tolerance: 1e-50
maximum iterations: 20000

---------------------------------------
************************************************************************************************************************
***             WIDEN YOUR WINDOW TO 120 CHARACTERS.  Use 'enscript -r -fCourier9' to print this document            ***
************************************************************************************************************************

---------------------------------------------- PETSc Performance Summary: ----------------------------------------------

/home/mesnardo/src/PetIBM_maclach/bin/PetIBM3d on a arch-linux2-c-debug named node145 with 4 processors, by mesnardo Tue Jun  9 13:09:50 2015
Using Petsc Release Version 3.5.2, Sep, 08, 2014 

                         Max       Max/Min        Avg      Total 
Time (sec):           6.924e+02      1.00000   6.924e+02
Objects:              2.340e+02      1.00000   2.340e+02
Flops:                1.018e+11      1.00063   1.018e+11  4.072e+11
Flops/sec:            1.471e+08      1.00063   1.470e+08  5.881e+08
Memory:               3.859e+08      1.00972              1.536e+09
MPI Messages:         3.233e+04      1.00003   3.233e+04  1.293e+05
MPI Message Lengths:  1.328e+09      1.00038   4.106e+04  5.310e+09
MPI Reductions:       1.368e+05      1.00000

Flop counting convention: 1 flop = 1 real number operation of type (multiply/divide/add/subtract)
                            e.g., VecAXPY() for real vectors of length N --> 2N flops
                            and VecAXPY() for complex vectors of length N --> 8N flops

Summary of Stages:   ----- Time ------  ----- Flops -----  --- Messages ---  -- Message Lengths --  -- Reductions --
                        Avg     %Total     Avg     %Total   counts   %Total     Avg         %Total   counts   %Total 
 0:      Main Stage: 1.6317e-01   0.0%  0.0000e+00   0.0%  0.000e+00   0.0%  0.000e+00        0.0%  0.000e+00   0.0% 
 1:      initialize: 2.7339e+00   0.4%  1.1214e+08   0.0%  2.620e+02   0.2%  4.639e+01        0.1%  2.560e+02   0.2% 
 2:     solveIntVel: 4.2667e+01   6.2%  1.8320e+10   4.5%  3.896e+03   3.0%  2.305e+03        5.6%  1.472e+03   1.1% 
 3:   solvePoissSys: 6.4499e+02  93.2%  3.8815e+11  95.3%  1.249e+05  96.6%  3.865e+04       94.1%  1.247e+05  91.1% 
 4:  projectionStep: 1.7983e+00   0.3%  5.9400e+08   0.1%  2.000e+02   0.2%  6.187e+01        0.2%  5.000e+01   0.0% 

------------------------------------------------------------------------------------------------------------------------
See the 'Profiling' chapter of the users' manual for details on interpreting output.
Phase summary info:
   Count: number of times phase was executed
   Time and Flops: Max - maximum over all processors
                   Ratio - ratio of maximum to minimum over all processors
   Mess: number of messages sent
   Avg. len: average message length (bytes)
   Reduct: number of global reductions
   Global: entire computation
   Stage: stages of a computation. Set stages with PetscLogStagePush() and PetscLogStagePop().
      %T - percent time in this phase         %F - percent flops in this phase
      %M - percent messages in this phase     %L - percent message lengths in this phase
      %R - percent reductions in this phase
   Total Mflop/s: 10e-6 * (sum of flops over all processors)/(max time over all processors)
------------------------------------------------------------------------------------------------------------------------


      ##########################################################
      #                                                        #
      #                          WARNING!!!                    #
      #                                                        #
      #   This code was compiled with a debugging option,      #
      #   To get timing results run ./configure                #
      #   using --with-debugging=no, the performance will      #
      #   be generally two or three times faster.              #
      #                                                        #
      ##########################################################


Event                Count      Time (sec)     Flops                             --- Global ---  --- Stage ---   Total
                   Max Ratio  Max     Ratio   Max  Ratio  Mess   Avg len Reduct  %T %F %M %L %R  %T %F %M %L %R Mflop/s
------------------------------------------------------------------------------------------------------------------------

--- Event Stage 0: Main Stage


--- Event Stage 1: initialize

ThreadCommRunKer       1 1.0 5.0068e-06 1.2 0.00e+00 0.0 0.0e+00 0.0e+00 0.0e+00  0  0  0  0  0   0  0  0  0  0     0
ThreadCommBarrie       1 1.0 2.1458e-06 1.1 0.00e+00 0.0 0.0e+00 0.0e+00 0.0e+00  0  0  0  0  0   0  0  0  0  0     0
VecSet                15 1.0 1.6920e-02 1.0 0.00e+00 0.0 0.0e+00 0.0e+00 0.0e+00  0  0  0  0  0   1  0  0  0  0     0
VecScatterBegin        8 1.0 8.4374e-03 1.0 0.00e+00 0.0 8.8e+01 3.6e+04 0.0e+00  0  0  0  0  0   0  0 34 53  0     0
VecScatterEnd          8 1.0 2.6560e-03 2.0 0.00e+00 0.0 0.0e+00 0.0e+00 0.0e+00  0  0  0  0  0   0  0  0  0  0     0
MatScale               4 1.0 6.6336e-02 1.0 2.22e+07 1.0 8.0e+00 1.2e+05 0.0e+00  0  0  0  0  0   2 79  3 16  0  1332
MatAssemblyBegin       8 1.0 2.6288e-0232.1 0.00e+00 0.0 1.2e+01 2.7e+04 1.2e+01  0  0  0  0  0   1  0  5  5  5     0
MatAssemblyEnd         8 1.0 4.9546e-01 1.0 0.00e+00 0.0 4.8e+01 1.7e+04 5.6e+01  0  0  0  0  0  18  0 18 13 22     0
MatTranspose           1 1.0 3.8781e-01 1.0 0.00e+00 0.0 3.0e+01 1.9e+04 2.4e+01  0  0  0  0  0  14  0 11  9  9     0
MatMatMult             1 1.0 6.2035e-01 1.0 5.94e+06 1.0 3.2e+01 3.3e+04 2.2e+01  0  0  0  0  0  23 21 12 17  9    38
MatMatMultSym          1 1.0 4.5833e-01 1.0 0.00e+00 0.0 2.8e+01 2.6e+04 2.0e+01  0  0  0  0  0  17  0 11 12  8     0
MatMatMultNum          1 1.0 1.6202e-01 1.0 5.94e+06 1.0 4.0e+00 8.0e+04 2.0e+00  0  0  0  0  0   6 21  2  5  1   147
MatGetLocalMat         2 1.0 1.2472e-01 1.0 0.00e+00 0.0 0.0e+00 0.0e+00 0.0e+00  0  0  0  0  0   5  0  0  0  0     0
MatGetBrAoCol          2 1.0 2.1738e-02 1.2 0.00e+00 0.0 1.6e+01 5.5e+04 0.0e+00  0  0  0  0  0   1  0  6 15  0     0
SFSetGraph             1 1.0 1.5059e-0351.8 0.00e+00 0.0 0.0e+00 0.0e+00 0.0e+00  0  0  0  0  0   0  0  0  0  0     0
SFReduceBegin          1 1.0 2.5141e-03 5.9 0.00e+00 0.0 1.0e+01 1.6e+04 0.0e+00  0  0  0  0  0   0  0  4  3  0     0
SFReduceEnd            1 1.0 1.6189e-04 7.0 0.00e+00 0.0 0.0e+00 0.0e+00 0.0e+00  0  0  0  0  0   0  0  0  0  0     0
generateQTBNQ          1 1.0 6.2036e-01 1.0 5.94e+06 1.0 3.2e+01 3.3e+04 2.2e+01  0  0  0  0  0  23 21 12 17  9    38

--- Event Stage 2: solveIntVel

VecTDot              424 1.0 7.7249e-01 1.3 6.34e+08 1.0 0.0e+00 0.0e+00 4.2e+02  0  1  0  0  0   2 14  0  0 29  3260
VecNorm              312 1.0 5.4397e-01 1.7 4.66e+08 1.0 0.0e+00 0.0e+00 3.1e+02  0  0  0  0  0   1 10  0  0 21  3407
VecCopy              362 1.0 7.5718e-01 1.0 0.00e+00 0.0 0.0e+00 0.0e+00 0.0e+00  0  0  0  0  0   2  0  0  0  0     0
VecSet                50 1.0 6.8427e-02 1.0 0.00e+00 0.0 0.0e+00 0.0e+00 0.0e+00  0  0  0  0  0   0  0  0  0  0     0
VecAXPY              424 1.0 7.5685e-01 1.0 6.34e+08 1.0 0.0e+00 0.0e+00 0.0e+00  0  1  0  0  0   2 14  0  0  0  3328
VecAYPX              212 1.0 6.1499e-01 1.0 2.80e+08 1.0 0.0e+00 0.0e+00 0.0e+00  0  0  0  0  0   1  6  0  0  0  1806
VecWAXPY              50 1.0 1.5274e-01 1.0 3.74e+07 1.0 0.0e+00 0.0e+00 0.0e+00  0  0  0  0  0   0  1  0  0  0   972
VecPointwiseMult      50 1.0 1.4081e-01 1.0 3.74e+07 1.0 0.0e+00 0.0e+00 0.0e+00  0  0  0  0  0   0  1  0  0  0  1055
VecScatterBegin      412 1.0 2.4851e-01 1.2 0.00e+00 0.0 3.9e+03 7.6e+04 0.0e+00  0  0  3  6  0   1  0100100  0     0
VecScatterEnd        412 1.0 3.3722e-01 4.4 0.00e+00 0.0 0.0e+00 0.0e+00 0.0e+00  0  0  0  0  0   1  0  0  0  0     0
MatMult              262 1.0 7.9819e+00 1.0 2.52e+09 1.0 2.1e+03 1.2e+05 0.0e+00  1  2  2  5  0  19 55 54 84  0  1256
KSPSetUp               1 1.0 1.0190e-02 1.0 0.00e+00 0.0 0.0e+00 0.0e+00 0.0e+00  0  0  0  0  0   0  0  0  0  0     0
KSPSolve              50 1.0 2.8703e+01 1.0 4.54e+09 1.0 2.1e+03 1.2e+05 1.4e+03  4  4  2  5  1  67 98 54 84 93   628
PCSetUp                1 1.0 1.9073e-06 2.0 0.00e+00 0.0 0.0e+00 0.0e+00 0.0e+00  0  0  0  0  0   0  0  0  0  0     0
PCApply              312 1.0 6.5205e-01 1.0 0.00e+00 0.0 0.0e+00 0.0e+00 0.0e+00  0  0  0  0  0   2  0  0  0  0     0

--- Event Stage 3: solvePoissSys

VecTDot            31086 1.0 2.1761e+01 1.4 1.55e+10 1.0 0.0e+00 0.0e+00 3.1e+04  3 15  0  0 23   3 16  0  0 25  2857
VecNorm            15643 1.0 4.7622e+00 1.0 7.82e+09 1.0 0.0e+00 0.0e+00 1.6e+04  1  8  0  0 11   1  8  0  0 13  6570
VecScale              50 1.0 2.2365e-02 1.0 1.25e+07 1.0 0.0e+00 0.0e+00 0.0e+00  0  0  0  0  0   0  0  0  0  0  2236
VecCopy            15693 1.0 6.5236e+00 1.0 0.00e+00 0.0 0.0e+00 0.0e+00 0.0e+00  1  0  0  0  0   1  0  0  0  0     0
VecSet                50 1.0 2.3294e-02 1.0 0.00e+00 0.0 0.0e+00 0.0e+00 0.0e+00  0  0  0  0  0   0  0  0  0  0     0
VecAXPY            31086 1.0 1.8229e+01 1.1 1.55e+10 1.0 0.0e+00 0.0e+00 0.0e+00  3 15  0  0  0   3 16  0  0  0  3411
VecAYPX            15543 1.0 1.5234e+01 1.0 7.76e+09 1.0 0.0e+00 0.0e+00 0.0e+00  2  8  0  0  0   2  8  0  0  0  2037
VecScatterBegin    15643 1.0 9.7001e-01 1.0 0.00e+00 0.0 1.2e+05 4.0e+04 0.0e+00  0  0 97 94  0   0  0100100  0     0
VecScatterEnd      15643 1.0 5.9661e+00 1.7 0.00e+00 0.0 0.0e+00 0.0e+00 0.0e+00  1  0  0  0  0   1  0  0  0  0     0
MatMult            15593 1.0 1.6235e+02 1.0 5.02e+10 1.0 1.2e+05 4.0e+04 0.0e+00 23 49 96 94  0  25 52100100  0  1237
MatMultAdd            50 1.0 4.6106e-01 1.0 1.48e+08 1.0 2.0e+02 4.0e+04 0.0e+00  0  0  0  0  0   0  0  0  0  0  1288
KSPSetUp               1 1.0 4.4680e-03 1.0 0.00e+00 0.0 0.0e+00 0.0e+00 0.0e+00  0  0  0  0  0   0  0  0  0  0     0
KSPSolve              50 1.0 6.4446e+02 1.0 9.69e+10 1.0 1.2e+05 4.0e+04 1.2e+05 93 95 96 94 91 100100100100100   601
PCSetUp                1 1.0 1.9073e-06 2.0 0.00e+00 0.0 0.0e+00 0.0e+00 0.0e+00  0  0  0  0  0   0  0  0  0  0     0
PCApply            15643 1.0 6.5661e+00 1.0 0.00e+00 0.0 0.0e+00 0.0e+00 0.0e+00  1  0  0  0  0   1  0  0  0  0     0

--- Event Stage 4: projectionStep

VecWAXPY              50 1.0 1.4968e-01 1.0 3.74e+07 1.0 0.0e+00 0.0e+00 0.0e+00  0  0  0  0  0   8 25  0  0  0   992
VecScatterBegin       50 1.0 3.1524e-03 8.1 0.00e+00 0.0 2.0e+02 4.0e+04 0.0e+00  0  0  0  0  0   0  0100100  0     0
VecScatterEnd         50 1.0 5.2736e-03 1.7 0.00e+00 0.0 0.0e+00 0.0e+00 0.0e+00  0  0  0  0  0   0  0  0  0  0     0
MatMult               50 1.0 6.4920e-01 1.0 1.12e+08 1.0 2.0e+02 4.0e+04 0.0e+00  0  0  0  0  0  36 75100100  0   686
------------------------------------------------------------------------------------------------------------------------

Memory usage is given in bytes:

Object Type          Creations   Destructions     Memory  Descendants' Mem.
Reports information only for process 0.

--- Event Stage 0: Main Stage

              Vector     0             44    134353792     0
      Vector Scatter     0             12      7993008     0
              Matrix     0             14    186436528     0
   Matrix Null Space     0              1          604     0
    Distributed Mesh     0              6        28512     0
Star Forest Bipartite Graph     0             12         9792     0
     Discrete System     0              6         4800     0
   IS L to G Mapping     0              4      4404496     0
       Krylov Solver     0              2         2464     0
      Preconditioner     0              2         1664     0
              Viewer     2              1          752     0

--- Event Stage 1: initialize

              Vector    50             12        18656     0
      Vector Scatter    12              0            0     0
              Matrix    14              0            0     0
   Matrix Null Space     1              0            0     0
    Distributed Mesh     6              0            0     0
Star Forest Bipartite Graph    13              1          872     0
     Discrete System     6              0            0     0
           Index Set    16             16      4363068     0
   IS L to G Mapping     4              0            0     0
       Krylov Solver     2              0            0     0
      Preconditioner     2              0            0     0

--- Event Stage 2: solveIntVel

              Vector    53             50    299078800     0

--- Event Stage 3: solvePoissSys

              Vector    53             50    100078800     0

--- Event Stage 4: projectionStep

========================================================================================================================
Average time to get PetscTime(): 9.53674e-08
Average time for MPI_Barrier(): 1.00136e-06
Average time for zero size MPI_Send(): 7.7486e-07
#PETSc Option Table entries:
-caseFolder .
-log_summary
-sys1_pc_type none
-sys2_pc_type none
#End of PETSc Option Table entries
Compiled without FORTRAN kernels
Compiled with full precision matrices (default)
sizeof(short) 2 sizeof(int) 4 sizeof(long) 8 sizeof(void*) 8 sizeof(PetscScalar) 8 sizeof(PetscInt) 4
Configure options: --with-mpi-dir=/c1/apps/openmpi/1.8/gcc/4.9.2 --with-blas-lib=/c1/apps/blas/gcc/1/lib64/libfblas.a --with-lapack-lib=/c1/apps/lapack/gcc/3.4.1/lib/libflapack.a --prefix=/c1/apps/petsc/3.5.2
-----------------------------------------
Libraries compiled on Thu May 14 01:37:42 2015 on login3.colonialone.gwu.edu 
Machine characteristics: Linux-2.6.32-504.12.2.el6.x86_64-x86_64-with-redhat-6.6-Santiago
Using PETSc directory: /home/maclach/source/petsc-3.5.2
Using PETSc arch: arch-linux2-c-debug
-----------------------------------------

Using C compiler: /c1/apps/openmpi/1.8/gcc/4.9.2/bin/mpicc  -fPIC -Wall -Wwrite-strings -Wno-strict-aliasing -Wno-unknown-pragmas -g3 -O0  ${COPTFLAGS} ${CFLAGS}
Using Fortran compiler: /c1/apps/openmpi/1.8/gcc/4.9.2/bin/mpif90  -fPIC -Wall -Wno-unused-variable -ffree-line-length-0 -Wno-unused-dummy-argument -g -O0   ${FOPTFLAGS} ${FFLAGS} 
-----------------------------------------

Using include paths: -I/home/maclach/source/petsc-3.5.2/arch-linux2-c-debug/include -I/home/maclach/source/petsc-3.5.2/include -I/home/maclach/source/petsc-3.5.2/include -I/home/maclach/source/petsc-3.5.2/arch-linux2-c-debug/include -I/c1/apps/openmpi/1.8/gcc/4.9.2/include
-----------------------------------------

Using C linker: /c1/apps/openmpi/1.8/gcc/4.9.2/bin/mpicc
Using Fortran linker: /c1/apps/openmpi/1.8/gcc/4.9.2/bin/mpif90
Using libraries: -Wl,-rpath,/home/maclach/source/petsc-3.5.2/arch-linux2-c-debug/lib -L/home/maclach/source/petsc-3.5.2/arch-linux2-c-debug/lib -lpetsc -Wl,-rpath,/c1/apps/lapack/gcc/3.4.1/lib -L/c1/apps/lapack/gcc/3.4.1/lib -lflapack -Wl,-rpath,/c1/apps/blas/gcc/1/lib64 -L/c1/apps/blas/gcc/1/lib64 -lfblas -lX11 -lpthread -lssl -lcrypto -Wl,-rpath,/c1/apps/openmpi/1.8/gcc/4.9.2/lib -L/c1/apps/openmpi/1.8/gcc/4.9.2/lib -Wl,-rpath,/c1/apps/gcc/4.9.2/lib/gcc/x86_64-unknown-linux-gnu/4.9.2 -L/c1/apps/gcc/4.9.2/lib/gcc/x86_64-unknown-linux-gnu/4.9.2 -Wl,-rpath,/c1/apps/gcc/4.9.2/lib64 -L/c1/apps/gcc/4.9.2/lib64 -Wl,-rpath,/c1/apps/gcc/4.9.2/lib -L/c1/apps/gcc/4.9.2/lib -lmpi_usempi -lmpi_mpifh -lgfortran -lm -lgfortran -lm -lquadmath -lm -lmpi_cxx -lstdc++ -Wl,-rpath,/c1/apps/openmpi/1.8/gcc/4.9.2/lib -L/c1/apps/openmpi/1.8/gcc/4.9.2/lib -Wl,-rpath,/c1/apps/blas/gcc/1/lib64 -L/c1/apps/blas/gcc/1/lib64 -Wl,-rpath,/c1/apps/gcc/4.9.2/lib/gcc/x86_64-unknown-linux-gnu/4.9.2 -L/c1/apps/gcc/4.9.2/lib/gcc/x86_64-unknown-linux-gnu/4.9.2 -Wl,-rpath,/c1/apps/gcc/4.9.2/lib64 -L/c1/apps/gcc/4.9.2/lib64 -Wl,-rpath,/c1/apps/openmpi/1.8/gcc/4.9.2/lib -L/c1/apps/openmpi/1.8/gcc/4.9.2/lib -Wl,-rpath,/c1/apps/blas/gcc/1/lib64 -L/c1/apps/blas/gcc/1/lib64 -Wl,-rpath,/c1/apps/lapack/gcc/3.4.1/lib -L/c1/apps/lapack/gcc/3.4.1/lib -Wl,-rpath,/c1/apps/gcc/4.9.2/lib -L/c1/apps/gcc/4.9.2/lib -ldl -Wl,-rpath,/c1/apps/openmpi/1.8/gcc/4.9.2/lib -lmpi -lgcc_s -lpthread -ldl  
-----------------------------------------

