
---------------------------------------
Flow
---------------------------------------
solver: Navier-Stokes
viscosity: 0.01

---------------------------------------
Mesh
---------------------------------------
size: 200 x 200 x 200

---------------------------------------
Time-stepping
---------------------------------------
convection: 2nd-order Adams-Bashforth
diffusion : Crank-Nicolson
time-increment      : 0.0025
starting time-step  : 0
number of time-steps: 20
saving-interval     : 100

---------------------------------------
Linear system for intermediate velocity
---------------------------------------
solver: cg
preconditioner: none
relative tolerance: 1e-06
absolute tolerance: 1e-50
maximum iterations: 10000

---------------------------------------
Linear system for pressure-force
---------------------------------------
solver: cg
preconditioner: none
relative tolerance: 1e-06
absolute tolerance: 1e-50
maximum iterations: 20000

---------------------------------------
************************************************************************************************************************
***             WIDEN YOUR WINDOW TO 120 CHARACTERS.  Use 'enscript -r -fCourier9' to print this document            ***
************************************************************************************************************************

---------------------------------------------- PETSc Performance Summary: ----------------------------------------------

/home/mesnardo/src/PetIBM/linux-openmpi-1.8-gcc-4.9.2-opt/PetIBM3d on a linux-openmpi-1.8-gcc-4.9.2-opt named node121 with 2 processors, by mesnardo Tue Jun 16 01:31:19 2015
Using Petsc Release Version 3.5.2, Sep, 08, 2014 

                         Max       Max/Min        Avg      Total 
Time (sec):           2.036e+03      1.00000   2.036e+03
Objects:              1.740e+02      1.00000   1.740e+02
Flops:                1.358e+12      1.00017   1.358e+12  2.715e+12
Flops/sec:            6.668e+08      1.00017   6.667e+08  1.333e+09
MPI Messages:         1.324e+04      1.00004   1.324e+04  2.649e+04
MPI Message Lengths:  4.387e+09      1.00000   3.312e+05  8.773e+09
MPI Reductions:       6.692e+04      1.00000

Flop counting convention: 1 flop = 1 real number operation of type (multiply/divide/add/subtract)
                            e.g., VecAXPY() for real vectors of length N --> 2N flops
                            and VecAXPY() for complex vectors of length N --> 8N flops

Summary of Stages:   ----- Time ------  ----- Flops -----  --- Messages ---  -- Message Lengths --  -- Reductions --
                        Avg     %Total     Avg     %Total   counts   %Total     Avg         %Total   counts   %Total 
 0:      Main Stage: 6.8662e-01   0.0%  0.0000e+00   0.0%  0.000e+00   0.0%  0.000e+00        0.0%  0.000e+00   0.0% 
 1:      initialize: 1.6497e+01   0.8%  9.0457e+08   0.0%  5.350e+01   0.2%  4.521e+02        0.1%  1.320e+02   0.2% 
 2:     RHSVelocity: 4.5301e+01   2.2%  9.5520e+08   0.0%  1.200e+02   0.5%  1.445e+03        0.4%  0.000e+00   0.0% 
 3:   solveVelocity: 9.6992e+01   4.8%  1.3745e+11   5.1%  4.760e+02   1.8%  1.719e+04        5.2%  6.940e+02   1.0% 
 4:      RHSPoisson: 1.3265e+00   0.1%  2.0704e+09   0.1%  2.000e+01   0.1%  2.416e+02        0.1%  0.000e+00   0.0% 
 5:    solvePoisson: 1.8737e+03  92.0%  2.5720e+12  94.7%  2.580e+04  97.4%  3.116e+05       94.1%  5.159e+04  77.1% 
 6:  projectionStep: 1.8214e+00   0.1%  1.9104e+09   0.1%  2.000e+01   0.1%  2.416e+02        0.1%  0.000e+00   0.0% 

------------------------------------------------------------------------------------------------------------------------
See the 'Profiling' chapter of the users' manual for details on interpreting output.
Phase summary info:
   Count: number of times phase was executed
   Time and Flops: Max - maximum over all processors
                   Ratio - ratio of maximum to minimum over all processors
   Mess: number of messages sent
   Avg. len: average message length (bytes)
   Reduct: number of global reductions
   Global: entire computation
   Stage: stages of a computation. Set stages with PetscLogStagePush() and PetscLogStagePop().
      %T - percent time in this phase         %F - percent flops in this phase
      %M - percent messages in this phase     %L - percent message lengths in this phase
      %R - percent reductions in this phase
   Total Mflop/s: 10e-6 * (sum of flops over all processors)/(max time over all processors)
------------------------------------------------------------------------------------------------------------------------
Event                Count      Time (sec)     Flops                             --- Global ---  --- Stage ---   Total
                   Max Ratio  Max     Ratio   Max  Ratio  Mess   Avg len Reduct  %T %F %M %L %R  %T %F %M %L %R Mflop/s
------------------------------------------------------------------------------------------------------------------------

--- Event Stage 0: Main Stage


--- Event Stage 1: initialize

VecSet                15 1.0 2.4907e-01 1.0 0.00e+00 0.0 0.0e+00 0.0e+00 0.0e+00  0  0  0  0  0   1  0  0  0  0     0
VecScatterBegin        8 1.0 5.4146e-02 1.0 0.00e+00 0.0 1.6e+01 4.0e+05 0.0e+00  0  0  0  0  0   0  0 30 53  0     0
VecScatterEnd          8 1.0 1.5485e-02 4.3 0.00e+00 0.0 0.0e+00 0.0e+00 0.0e+00  0  0  0  0  0   0  0  0  0  0     0
MatScale               4 1.0 6.7193e-01 1.0 3.57e+08 1.0 2.0e+00 9.6e+05 0.0e+00  0  0  0  0  0   4 79  4 16  0  1062
MatAssemblyBegin       8 1.0 4.8613e-02 1.8 0.00e+00 0.0 3.0e+00 2.1e+05 1.2e+01  0  0  0  0  0   0  0  6  5  9     0
MatAssemblyEnd         8 1.0 2.9748e+00 1.0 0.00e+00 0.0 1.2e+01 1.3e+05 3.2e+01  0  0  0  0  0  18  0 22 13 24     0
MatTranspose           1 1.0 1.9788e+00 1.0 0.00e+00 0.0 7.5e+00 1.5e+05 1.2e+01  0  0  0  0  0  12  0 14  9  9     0
MatMatMult             1 1.0 3.1926e+00 1.0 9.55e+07 1.0 8.0e+00 2.6e+05 1.6e+01  0  0  0  0  0  19 21 15 17 12    60
MatMatMultSym          1 1.0 2.7425e+00 1.0 0.00e+00 0.0 7.0e+00 2.1e+05 1.4e+01  0  0  0  0  0  17  0 13 12 11     0
MatMatMultNum          1 1.0 4.5027e-01 1.0 9.55e+07 1.0 1.0e+00 6.4e+05 2.0e+00  0  0  0  0  0   3 21  2  5  2   424
MatGetLocalMat         2 1.0 9.6090e-01 1.0 0.00e+00 0.0 0.0e+00 0.0e+00 0.0e+00  0  0  0  0  0   6  0  0  0  0     0
MatGetBrAoCol          2 1.0 2.1801e-02 1.1 0.00e+00 0.0 4.0e+00 4.4e+05 0.0e+00  0  0  0  0  0   0  0  7 15  0     0
SFSetGraph             1 1.0 9.5320e-04159.9 0.00e+00 0.0 0.0e+00 0.0e+00 0.0e+00  0  0  0  0  0   0  0  0  0  0     0
SFReduceBegin          1 1.0 2.3210e-03 5.6 0.00e+00 0.0 2.5e+00 1.3e+05 0.0e+00  0  0  0  0  0   0  0  5  3  0     0
SFReduceEnd            1 1.0 3.8791e-04 3.0 0.00e+00 0.0 0.0e+00 0.0e+00 0.0e+00  0  0  0  0  0   0  0  0  0  0     0
generateQTBNQ          1 1.0 3.1926e+00 1.0 9.55e+07 1.0 8.0e+00 2.6e+05 1.6e+01  0  0  0  0  0  19 21 15 17 12    60

--- Event Stage 2: RHSVelocity

VecSet                20 1.0 4.2507e-01 1.0 0.00e+00 0.0 0.0e+00 0.0e+00 0.0e+00  0  0  0  0  0   1  0  0  0  0     0
VecWAXPY              20 1.0 5.5843e-01 1.0 2.39e+08 1.0 0.0e+00 0.0e+00 0.0e+00  0  0  0  0  0   1 50  0  0  0   855
VecPointwiseMult      20 1.0 3.7990e-01 1.0 2.39e+08 1.0 0.0e+00 0.0e+00 0.0e+00  0  0  0  0  0   1 50  0  0  0  1257
VecScatterBegin       60 1.0 5.6007e-01 1.1 0.00e+00 0.0 1.2e+02 3.2e+05 0.0e+00  0  0  0  0  0   1  0100100  0     0
VecScatterEnd         60 1.0 1.2017e-0110.4 0.00e+00 0.0 0.0e+00 0.0e+00 0.0e+00  0  0  0  0  0   0  0  0  0  0     0

--- Event Stage 3: solveVelocity

VecTDot              436 1.0 1.1264e+01 1.0 1.04e+10 1.0 0.0e+00 0.0e+00 4.4e+02  1  1  0  0  1  12 15  0  0 63  1849
VecNorm              258 1.0 5.0657e+00 1.0 6.17e+09 1.0 0.0e+00 0.0e+00 2.6e+02  0  0  0  0  0   5  9  0  0 37  2432
VecCopy              278 1.0 1.7761e+01 1.0 0.00e+00 0.0 0.0e+00 0.0e+00 0.0e+00  1  0  0  0  0  18  0  0  0  0     0
VecAXPY              436 1.0 1.0729e+01 1.0 1.04e+10 1.0 0.0e+00 0.0e+00 0.0e+00  1  1  0  0  0  11 15  0  0  0  1941
VecAYPX              218 1.0 6.2417e+00 1.0 4.98e+09 1.0 0.0e+00 0.0e+00 0.0e+00  0  0  0  0  0   6  7  0  0  0  1592
VecScatterBegin      238 1.0 7.9128e-02 1.1 0.00e+00 0.0 4.8e+02 9.6e+05 0.0e+00  0  0  2  5  0   0  0100100  0     0
VecScatterEnd        238 1.0 3.2051e-01 1.1 0.00e+00 0.0 0.0e+00 0.0e+00 0.0e+00  0  0  0  0  0   0  0  0  0  0     0
MatMult              238 1.0 4.3547e+01 1.0 3.68e+10 1.0 4.8e+02 9.6e+05 0.0e+00  2  3  2  5  0  45 54100100  0  1689
KSPSetUp               1 1.0 3.2981e-01 1.0 0.00e+00 0.0 0.0e+00 0.0e+00 0.0e+00  0  0  0  0  0   0  0  0  0  0     0
KSPSolve              20 1.0 9.7072e+01 1.0 6.88e+10 1.0 4.8e+02 9.6e+05 6.9e+02  5  5  2  5  1 100100100100100  1416
PCSetUp                1 1.0 0.0000e+00 0.0 0.00e+00 0.0 0.0e+00 0.0e+00 0.0e+00  0  0  0  0  0   0  0  0  0  0     0
PCApply              258 1.0 1.6482e+01 1.0 0.00e+00 0.0 0.0e+00 0.0e+00 0.0e+00  1  0  0  0  0  17  0  0  0  0     0

--- Event Stage 4: RHSPoisson

VecScale              20 1.0 8.7362e-02 1.0 8.00e+07 1.0 0.0e+00 0.0e+00 0.0e+00  0  0  0  0  0   7  8  0  0  0  1831
VecSet                20 1.0 1.4213e-01 1.0 0.00e+00 0.0 0.0e+00 0.0e+00 0.0e+00  0  0  0  0  0  11  0  0  0  0     0
VecScatterBegin       20 1.0 2.2466e-0319.8 0.00e+00 0.0 2.0e+01 3.2e+05 0.0e+00  0  0  0  0  0   0  0100100  0     0
VecScatterEnd         20 1.0 4.5640e-0221.5 0.00e+00 0.0 0.0e+00 0.0e+00 0.0e+00  0  0  0  0  0   2  0  0  0  0     0
MatMultAdd            20 1.0 1.0720e+00 1.0 9.55e+08 1.0 2.0e+01 3.2e+05 0.0e+00  0  0  0  0  0  81 92100100  0  1782

--- Event Stage 5: solvePoisson

VecTDot            25756 1.0 2.2243e+02 1.0 2.06e+11 1.0 0.0e+00 0.0e+00 2.6e+04 11 15  0  0 38  12 16  0  0 50  1853
VecNorm            12918 1.0 8.4926e+01 1.0 1.03e+11 1.0 0.0e+00 0.0e+00 1.3e+04  4  8  0  0 19   5  8  0  0 25  2434
VecCopy            12938 1.0 2.7440e+02 1.0 0.00e+00 0.0 0.0e+00 0.0e+00 0.0e+00 13  0  0  0  0  15  0  0  0  0     0
VecAXPY            25756 1.0 2.1294e+02 1.0 2.06e+11 1.0 0.0e+00 0.0e+00 0.0e+00 10 15  0  0  0  11 16  0  0  0  1935
VecAYPX            12878 1.0 1.2441e+02 1.0 1.03e+11 1.0 0.0e+00 0.0e+00 0.0e+00  6  8  0  0  0   7  8  0  0  0  1655
VecScatterBegin    12898 1.0 1.5579e+00 1.3 0.00e+00 0.0 2.6e+04 3.2e+05 0.0e+00  0  0 97 94  0   0  0100100  0     0
VecScatterEnd      12898 1.0 4.3077e+00 1.4 0.00e+00 0.0 0.0e+00 0.0e+00 0.0e+00  0  0  0  0  0   0  0  0  0  0     0
MatMult            12898 1.0 7.9328e+02 1.0 6.68e+11 1.0 2.6e+04 3.2e+05 0.0e+00 39 49 97 94  0  42 52100100  0  1683
KSPSetUp               1 1.0 1.0874e-01 1.0 0.00e+00 0.0 0.0e+00 0.0e+00 0.0e+00  0  0  0  0  0   0  0  0  0  0     0
KSPSolve              20 1.0 1.8737e+03 1.0 1.29e+12 1.0 2.6e+04 3.2e+05 5.2e+04 92 95 97 94 77 100100100100100  1373
PCSetUp                1 1.0 9.5367e-07 0.0 0.00e+00 0.0 0.0e+00 0.0e+00 0.0e+00  0  0  0  0  0   0  0  0  0  0     0
PCApply            12918 1.0 2.7399e+02 1.0 0.00e+00 0.0 0.0e+00 0.0e+00 0.0e+00 13  0  0  0  0  15  0  0  0  0     0

--- Event Stage 6: projectionStep

VecWAXPY              20 1.0 5.5713e-01 1.0 2.39e+08 1.0 0.0e+00 0.0e+00 0.0e+00  0  0  0  0  0  30 25  0  0  0   857
VecScatterBegin       20 1.0 2.2030e-0339.0 0.00e+00 0.0 2.0e+01 3.2e+05 0.0e+00  0  0  0  0  0   0  0100100  0     0
VecScatterEnd         20 1.0 4.3205e-0212.2 0.00e+00 0.0 0.0e+00 0.0e+00 0.0e+00  0  0  0  0  0   1  0  0  0  0     0
MatMult               20 1.0 1.2688e+00 1.0 7.18e+08 1.0 2.0e+01 3.2e+05 0.0e+00  0  0  0  0  0  70 75100100  0  1129
------------------------------------------------------------------------------------------------------------------------

Memory usage is given in bytes:

Object Type          Creations   Destructions     Memory  Descendants' Mem.
Reports information only for process 0.

--- Event Stage 0: Main Stage

              Vector     0             44   2121812896     0
      Vector Scatter     0             12    127693008     0
              Matrix     0             14   2982915328     0
   Matrix Null Space     0              1          604     0
    Distributed Mesh     0              6        28512     0
Star Forest Bipartite Graph     0             12         9792     0
     Discrete System     0              6         4800     0
   IS L to G Mapping     0              4     66429680     0
       Krylov Solver     0              2         2464     0
      Preconditioner     0              2         1664     0
              Viewer     2              1          752     0

--- Event Stage 1: initialize

              Vector    50             12        18656     0
      Vector Scatter    12              0            0     0
              Matrix    14              0            0     0
   Matrix Null Space     1              0            0     0
    Distributed Mesh     6              0            0     0
Star Forest Bipartite Graph    13              1          872     0
     Discrete System     6              0            0     0
           Index Set    16             16     65289472     0
   IS L to G Mapping     4              0            0     0
       Krylov Solver     2              0            0     0
      Preconditioner     2              0            0     0

--- Event Stage 2: RHSVelocity


--- Event Stage 3: solveVelocity

              Vector    23             20   1913631520     0

--- Event Stage 4: RHSPoisson


--- Event Stage 5: solvePoisson

              Vector    23             20    640031520     0

--- Event Stage 6: projectionStep

========================================================================================================================
Average time to get PetscTime(): 0
Average time for MPI_Barrier(): 3.8147e-07
Average time for zero size MPI_Send(): 9.53674e-07
#PETSc Option Table entries:
-caseFolder .
-log_summary
-sys1_pc_type none
-sys2_pc_type none
#End of PETSc Option Table entries
Compiled without FORTRAN kernels
Compiled with full precision matrices (default)
sizeof(short) 2 sizeof(int) 4 sizeof(long) 8 sizeof(void*) 8 sizeof(PetscScalar) 8 sizeof(PetscInt) 4
Configure options: COPTFLAGS=-O3 CXXOPTFLAGS=-O3 FOPTFLAGS=-O3 --PETSC_ARCH=linux-openmpi-1.8-gcc-4.9.2-opt --with-debugging=0 --with-mpi-dir=/c1/apps/openmpi/1.8/gcc/4.9.2 --with-blas-lib=/c1/apps/blas/gcc/1/lib64/libblas.a --with-lapack-lib=/c1/apps/lapack/gcc/3.4.1/lib/liblapack.a --with-shared-libraries=0
-----------------------------------------
Libraries compiled on Thu Jun 11 19:17:23 2015 on login4.colonialone.gwu.edu 
Machine characteristics: Linux-2.6.32-504.12.2.el6.x86_64-x86_64-with-redhat-6.6-Santiago
Using PETSc directory: /home/mesnardo/src/petsc/3.5.2
Using PETSc arch: linux-openmpi-1.8-gcc-4.9.2-opt
-----------------------------------------

Using C compiler: /c1/apps/openmpi/1.8/gcc/4.9.2/bin/mpicc  -Wall -Wwrite-strings -Wno-strict-aliasing -Wno-unknown-pragmas -O3  ${COPTFLAGS} ${CFLAGS}
Using Fortran compiler: /c1/apps/openmpi/1.8/gcc/4.9.2/bin/mpif90  -Wall -Wno-unused-variable -ffree-line-length-0 -Wno-unused-dummy-argument -O3   ${FOPTFLAGS} ${FFLAGS} 
-----------------------------------------

Using include paths: -I/home/mesnardo/src/petsc/3.5.2/linux-openmpi-1.8-gcc-4.9.2-opt/include -I/home/mesnardo/src/petsc/3.5.2/include -I/home/mesnardo/src/petsc/3.5.2/include -I/home/mesnardo/src/petsc/3.5.2/linux-openmpi-1.8-gcc-4.9.2-opt/include -I/c1/apps/openmpi/1.8/gcc/4.9.2/include
-----------------------------------------

Using C linker: /c1/apps/openmpi/1.8/gcc/4.9.2/bin/mpicc
Using Fortran linker: /c1/apps/openmpi/1.8/gcc/4.9.2/bin/mpif90
Using libraries: -Wl,-rpath,/home/mesnardo/src/petsc/3.5.2/linux-openmpi-1.8-gcc-4.9.2-opt/lib -L/home/mesnardo/src/petsc/3.5.2/linux-openmpi-1.8-gcc-4.9.2-opt/lib -lpetsc -Wl,-rpath,/c1/apps/lapack/gcc/3.4.1/lib -L/c1/apps/lapack/gcc/3.4.1/lib -llapack -Wl,-rpath,/c1/apps/blas/gcc/1/lib64 -L/c1/apps/blas/gcc/1/lib64 -lblas -lX11 -lpthread -lssl -lcrypto -L/c1/apps/openmpi/1.8/gcc/4.9.2/lib -L/cm/shared/apps/gcc/4.7.0/lib/gcc/x86_64-unknown-linux-gnu/4.7.0 -L/cm/shared/apps/gcc/4.7.0/lib64 -L/cm/shared/apps/gcc/4.7.0/lib -lmpi_usempi -lmpi_mpifh -lgfortran -lm -Wl,-rpath,/c1/apps/openmpi/1.8/gcc/4.9.2/lib -lgfortran -lm -lquadmath -lm -lmpi_cxx -lstdc++ -L/c1/apps/openmpi/1.8/gcc/4.9.2/lib -L/cm/shared/apps/gcc/4.7.0/lib/gcc/x86_64-unknown-linux-gnu/4.7.0 -L/cm/shared/apps/gcc/4.7.0/lib64 -L/c1/apps/openmpi/1.8/gcc/4.9.2/lib -L/cm/shared/apps/gcc/4.7.0/lib -ldl -Wl,-rpath,/c1/apps/openmpi/1.8/gcc/4.9.2/lib -lmpi -lgcc_s -lpthread -ldl  
-----------------------------------------

