
---------------------------------------
Flow
---------------------------------------
solver: Navier-Stokes
viscosity: 0.01

---------------------------------------
Mesh
---------------------------------------
size: 100 x 100 x 100

---------------------------------------
Time-stepping
---------------------------------------
convection: 2nd-order Adams-Bashforth
diffusion : Crank-Nicolson
time-increment      : 0.0025
starting time-step  : 0
number of time-steps: 50
saving-interval     : 100

---------------------------------------
Linear system for intermediate velocity
---------------------------------------
solver: cg
preconditioner: none
relative tolerance: 1e-06
absolute tolerance: 1e-50
maximum iterations: 10000

---------------------------------------
Linear system for pressure-force
---------------------------------------
solver: cg
preconditioner: none
relative tolerance: 1e-06
absolute tolerance: 1e-50
maximum iterations: 20000

---------------------------------------
************************************************************************************************************************
***             WIDEN YOUR WINDOW TO 120 CHARACTERS.  Use 'enscript -r -fCourier9' to print this document            ***
************************************************************************************************************************

---------------------------------------------- PETSc Performance Summary: ----------------------------------------------

/home/mesnardo/src/PetIBM_maclach/bin/PetIBM3d on a arch-linux2-c-debug named node165 with 16 processors, by mesnardo Tue Jun  9 14:01:10 2015
Using Petsc Release Version 3.5.2, Sep, 08, 2014 

                         Max       Max/Min        Avg      Total 
Time (sec):           1.848e+02      1.00000   1.848e+02
Objects:              2.340e+02      1.00000   2.340e+02
Flops:                2.550e+10      1.00450   2.545e+10  4.071e+11
Flops/sec:            1.380e+08      1.00450   1.377e+08  2.203e+09
Memory:               9.969e+07      1.03201              1.574e+09
MPI Messages:         6.546e+04      1.33888   5.717e+04  9.148e+05
MPI Message Lengths:  9.961e+08      1.50150   1.451e+04  1.328e+10
MPI Reductions:       1.368e+05      1.00000

Flop counting convention: 1 flop = 1 real number operation of type (multiply/divide/add/subtract)
                            e.g., VecAXPY() for real vectors of length N --> 2N flops
                            and VecAXPY() for complex vectors of length N --> 8N flops

Summary of Stages:   ----- Time ------  ----- Flops -----  --- Messages ---  -- Message Lengths --  -- Reductions --
                        Avg     %Total     Avg     %Total   counts   %Total     Avg         %Total   counts   %Total 
 0:      Main Stage: 6.6177e-02   0.0%  0.0000e+00   0.0%  0.000e+00   0.0%  0.000e+00        0.0%  0.000e+00   0.0% 
 1:      initialize: 7.8311e-01   0.4%  1.1214e+08   0.0%  2.554e+03   0.3%  1.651e+01        0.1%  2.560e+02   0.2% 
 2:     solveIntVel: 1.1441e+01   6.2%  1.8320e+10   4.5%  3.627e+04   4.0%  8.168e+02        5.6%  1.472e+03   1.1% 
 3:   solvePoissSys: 1.7199e+02  93.1%  3.8812e+11  95.3%  8.746e+05  95.6%  1.366e+04       94.1%  1.247e+05  91.1% 
 4:  projectionStep: 4.7342e-01   0.3%  5.9400e+08   0.1%  1.400e+03   0.2%  2.186e+01        0.2%  5.000e+01   0.0% 

------------------------------------------------------------------------------------------------------------------------
See the 'Profiling' chapter of the users' manual for details on interpreting output.
Phase summary info:
   Count: number of times phase was executed
   Time and Flops: Max - maximum over all processors
                   Ratio - ratio of maximum to minimum over all processors
   Mess: number of messages sent
   Avg. len: average message length (bytes)
   Reduct: number of global reductions
   Global: entire computation
   Stage: stages of a computation. Set stages with PetscLogStagePush() and PetscLogStagePop().
      %T - percent time in this phase         %F - percent flops in this phase
      %M - percent messages in this phase     %L - percent message lengths in this phase
      %R - percent reductions in this phase
   Total Mflop/s: 10e-6 * (sum of flops over all processors)/(max time over all processors)
------------------------------------------------------------------------------------------------------------------------


      ##########################################################
      #                                                        #
      #                          WARNING!!!                    #
      #                                                        #
      #   This code was compiled with a debugging option,      #
      #   To get timing results run ./configure                #
      #   using --with-debugging=no, the performance will      #
      #   be generally two or three times faster.              #
      #                                                        #
      ##########################################################


Event                Count      Time (sec)     Flops                             --- Global ---  --- Stage ---   Total
                   Max Ratio  Max     Ratio   Max  Ratio  Mess   Avg len Reduct  %T %F %M %L %R  %T %F %M %L %R Mflop/s
------------------------------------------------------------------------------------------------------------------------

--- Event Stage 0: Main Stage


--- Event Stage 1: initialize

ThreadCommRunKer       1 1.0 1.5020e-05 4.8 0.00e+00 0.0 0.0e+00 0.0e+00 0.0e+00  0  0  0  0  0   0  0  0  0  0     0
ThreadCommBarrie       1 1.0 3.0994e-06 1.6 0.00e+00 0.0 0.0e+00 0.0e+00 0.0e+00  0  0  0  0  0   0  0  0  0  0     0
VecSet                15 1.0 3.6073e-03 1.1 0.00e+00 0.0 0.0e+00 0.0e+00 0.0e+00  0  0  0  0  0   0  0  0  0  0     0
VecScatterBegin        8 1.0 3.3643e-03 1.3 0.00e+00 0.0 9.8e+02 8.3e+03 0.0e+00  0  0  0  0  0   0  0 38 54  0     0
VecScatterEnd          8 1.0 2.6600e-03 1.8 0.00e+00 0.0 0.0e+00 0.0e+00 0.0e+00  0  0  0  0  0   0  0  0  0  0     0
MatScale               4 1.0 2.2567e-02 1.0 5.60e+06 1.0 5.6e+01 4.3e+04 0.0e+00  0  0  0  0  0   3 79  2 16  0  3917
MatAssemblyBegin       8 1.0 1.3773e-02 3.5 0.00e+00 0.0 8.4e+01 9.5e+03 1.2e+01  0  0  0  0  0   1  0  3  5  5     0
MatAssemblyEnd         8 1.0 1.4491e-01 1.0 0.00e+00 0.0 3.4e+02 5.9e+03 5.6e+01  0  0  0  0  0  18  0 13 13 22     0
MatTranspose           1 1.0 1.0254e-01 1.0 0.00e+00 0.0 2.1e+02 6.7e+03 2.4e+01  0  0  0  0  0  13  0  8  9  9     0
MatMatMult             1 1.0 1.6269e-01 1.0 1.49e+06 1.0 2.2e+02 1.2e+04 2.2e+01  0  0  0  0  0  21 21  9 17  9   146
MatMatMultSym          1 1.0 1.2078e-01 1.0 0.00e+00 0.0 2.0e+02 9.2e+03 2.0e+01  0  0  0  0  0  15  0  8 12  8     0
MatMatMultNum          1 1.0 4.1827e-02 1.0 1.49e+06 1.0 2.8e+01 2.9e+04 2.0e+00  0  0  0  0  0   5 21  1  5  1   568
MatGetLocalMat         2 1.0 3.2782e-02 1.0 0.00e+00 0.0 0.0e+00 0.0e+00 0.0e+00  0  0  0  0  0   4  0  0  0  0     0
MatGetBrAoCol          2 1.0 1.0314e-02 1.3 0.00e+00 0.0 1.1e+02 2.0e+04 0.0e+00  0  0  0  0  0   1  0  4 15  0     0
SFSetGraph             1 1.0 7.9679e-0427.6 0.00e+00 0.0 0.0e+00 0.0e+00 0.0e+00  0  0  0  0  0   0  0  0  0  0     0
SFReduceBegin          1 1.0 1.5712e-03 3.4 0.00e+00 0.0 7.0e+01 5.7e+03 0.0e+00  0  0  0  0  0   0  0  3  3  0     0
SFReduceEnd            1 1.0 8.7023e-05 4.0 0.00e+00 0.0 0.0e+00 0.0e+00 0.0e+00  0  0  0  0  0   0  0  0  0  0     0
generateQTBNQ          1 1.0 1.6272e-01 1.0 1.49e+06 1.0 2.2e+02 1.2e+04 2.2e+01  0  0  0  0  0  21 21  9 17  9   146

--- Event Stage 2: solveIntVel

VecTDot              424 1.0 3.9047e-01 1.5 1.59e+08 1.0 0.0e+00 0.0e+00 4.2e+02  0  1  0  0  0   3 14  0  0 29  6450
VecNorm              312 1.0 2.2375e-01 2.4 1.17e+08 1.0 0.0e+00 0.0e+00 3.1e+02  0  0  0  0  0   1 10  0  0 21  8283
VecCopy              362 1.0 1.5747e-01 1.1 0.00e+00 0.0 0.0e+00 0.0e+00 0.0e+00  0  0  0  0  0   1  0  0  0  0     0
VecSet                50 1.0 1.7493e-02 1.0 0.00e+00 0.0 0.0e+00 0.0e+00 0.0e+00  0  0  0  0  0   0  0  0  0  0     0
VecAXPY              424 1.0 3.5959e-01 1.0 1.59e+08 1.0 0.0e+00 0.0e+00 0.0e+00  0  1  0  0  0   3 14  0  0  0  7004
VecAYPX              212 1.0 1.6224e-01 1.0 7.01e+07 1.0 0.0e+00 0.0e+00 0.0e+00  0  0  0  0  0   1  6  0  0  0  6846
VecWAXPY              50 1.0 5.5621e-02 1.0 9.38e+06 1.0 0.0e+00 0.0e+00 0.0e+00  0  0  0  0  0   0  1  0  0  0  2670
VecPointwiseMult      50 1.0 3.7124e-02 1.0 9.38e+06 1.0 0.0e+00 0.0e+00 0.0e+00  0  0  0  0  0   0  1  0  0  0  4000
VecScatterBegin      412 1.0 9.9472e-02 1.2 0.00e+00 0.0 3.6e+04 2.1e+04 0.0e+00  0  0  4  6  0   1  0100100  0     0
VecScatterEnd        412 1.0 2.6332e-01 4.7 0.00e+00 0.0 0.0e+00 0.0e+00 0.0e+00  0  0  0  0  0   2  0  0  0  0     0
MatMult              262 1.0 2.2017e+00 1.1 6.35e+08 1.0 1.5e+04 4.3e+04 0.0e+00  1  2  2  5  0  19 55 40 84  0  4552
KSPSetUp               1 1.0 3.5291e-03 1.0 0.00e+00 0.0 0.0e+00 0.0e+00 0.0e+00  0  0  0  0  0   0  0  0  0  0     0
KSPSolve              50 1.0 7.7280e+00 1.0 1.14e+09 1.0 1.5e+04 4.3e+04 1.4e+03  4  4  2  5  1  68 98 40 84 93  2332
PCSetUp                1 1.0 2.1458e-06 2.2 0.00e+00 0.0 0.0e+00 0.0e+00 0.0e+00  0  0  0  0  0   0  0  0  0  0     0
PCApply              312 1.0 1.3244e-01 1.1 0.00e+00 0.0 0.0e+00 0.0e+00 0.0e+00  0  0  0  0  0   1  0  0  0  0     0

--- Event Stage 3: solvePoissSys

VecTDot            31084 1.0 1.0660e+01 1.4 3.89e+09 1.0 0.0e+00 0.0e+00 3.1e+04  5 15  0  0 23   5 16  0  0 25  5832
VecNorm            15642 1.0 1.3729e+00 1.0 1.96e+09 1.0 0.0e+00 0.0e+00 1.6e+04  1  8  0  0 11   1  8  0  0 13 22787
VecScale              50 1.0 1.2958e-02 1.1 3.12e+06 1.0 0.0e+00 0.0e+00 0.0e+00  0  0  0  0  0   0  0  0  0  0  3859
VecCopy            15692 1.0 8.0254e-01 1.1 0.00e+00 0.0 0.0e+00 0.0e+00 0.0e+00  0  0  0  0  0   0  0  0  0  0     0
VecSet                50 1.0 7.1139e-03 1.1 0.00e+00 0.0 0.0e+00 0.0e+00 0.0e+00  0  0  0  0  0   0  0  0  0  0     0
VecAXPY            31084 1.0 6.1668e+00 1.2 3.89e+09 1.0 0.0e+00 0.0e+00 0.0e+00  3 15  0  0  0   3 16  0  0  0 10081
VecAYPX            15542 1.0 3.8150e+00 1.0 1.94e+09 1.0 0.0e+00 0.0e+00 0.0e+00  2  8  0  0  0   2  8  0  0  0  8135
VecScatterBegin    15642 1.0 8.0980e-01 1.5 0.00e+00 0.0 8.7e+05 1.4e+04 0.0e+00  0  0 96 94  0   0  0100100  0     0
VecScatterEnd      15642 1.0 2.6361e+00 1.7 0.00e+00 0.0 0.0e+00 0.0e+00 0.0e+00  1  0  0  0  0   1  0  0  0  0     0
MatMult            15592 1.0 4.4646e+01 1.0 1.26e+10 1.0 8.7e+05 1.4e+04 0.0e+00 24 49 95 94  0  25 52100100  0  4498
MatMultAdd            50 1.0 1.3293e-01 1.1 3.72e+07 1.0 1.4e+03 1.4e+04 0.0e+00  0  0  0  0  0   0  0  0  0  0  4468
KSPSetUp               1 1.0 1.1151e-03 1.1 0.00e+00 0.0 0.0e+00 0.0e+00 0.0e+00  0  0  0  0  0   0  0  0  0  0     0
KSPSolve              50 1.0 1.7183e+02 1.0 2.43e+10 1.0 8.7e+05 1.4e+04 1.2e+05 93 95 95 94 91 100100100100100  2255
PCSetUp                1 1.0 1.9073e-06 2.0 0.00e+00 0.0 0.0e+00 0.0e+00 0.0e+00  0  0  0  0  0   0  0  0  0  0     0
PCApply            15642 1.0 8.6509e-01 1.0 0.00e+00 0.0 0.0e+00 0.0e+00 0.0e+00  0  0  0  0  0   0  0  0  0  0     0

--- Event Stage 4: projectionStep

VecWAXPY              50 1.0 4.5825e-02 1.0 9.38e+06 1.0 0.0e+00 0.0e+00 0.0e+00  0  0  0  0  0  10 25  0  0  0  3241
VecScatterBegin       50 1.0 1.9650e-03 7.1 0.00e+00 0.0 1.4e+03 1.4e+04 0.0e+00  0  0  0  0  0   0  0100100  0     0
VecScatterEnd         50 1.0 1.3757e-02 6.4 0.00e+00 0.0 0.0e+00 0.0e+00 0.0e+00  0  0  0  0  0   1  0  0  0  0     0
MatMult               50 1.0 1.7957e-01 1.1 2.81e+07 1.0 1.4e+03 1.4e+04 0.0e+00  0  0  0  0  0  36 75100100  0  2481
------------------------------------------------------------------------------------------------------------------------

Memory usage is given in bytes:

Object Type          Creations   Destructions     Memory  Descendants' Mem.
Reports information only for process 0.

--- Event Stage 0: Main Stage

              Vector     0             44     34193088     0
      Vector Scatter     0             12      2013008     0
              Matrix     0             14     46766928     0
   Matrix Null Space     0              1          604     0
    Distributed Mesh     0              6        28512     0
Star Forest Bipartite Graph     0             12         9792     0
     Discrete System     0              6         4800     0
   IS L to G Mapping     0              4      1170512     0
       Krylov Solver     0              2         2464     0
      Preconditioner     0              2         1664     0
              Viewer     2              1          752     0

--- Event Stage 1: initialize

              Vector    50             12        18656     0
      Vector Scatter    12              0            0     0
              Matrix    14              0            0     0
   Matrix Null Space     1              0            0     0
    Distributed Mesh     6              0            0     0
Star Forest Bipartite Graph    13              1          872     0
     Discrete System     6              0            0     0
           Index Set    16             16      1194184     0
   IS L to G Mapping     4              0            0     0
       Krylov Solver     2              0            0     0
      Preconditioner     2              0            0     0

--- Event Stage 2: solveIntVel

              Vector    53             50     75078800     0

--- Event Stage 3: solvePoissSys

              Vector    53             50     25078800     0

--- Event Stage 4: projectionStep

========================================================================================================================
Average time to get PetscTime(): 9.53674e-08
Average time for MPI_Barrier(): 2.43187e-06
Average time for zero size MPI_Send(): 8.04663e-07
#PETSc Option Table entries:
-caseFolder .
-log_summary
-sys1_pc_type none
-sys2_pc_type none
#End of PETSc Option Table entries
Compiled without FORTRAN kernels
Compiled with full precision matrices (default)
sizeof(short) 2 sizeof(int) 4 sizeof(long) 8 sizeof(void*) 8 sizeof(PetscScalar) 8 sizeof(PetscInt) 4
Configure options: --with-mpi-dir=/c1/apps/openmpi/1.8/gcc/4.9.2 --with-blas-lib=/c1/apps/blas/gcc/1/lib64/libfblas.a --with-lapack-lib=/c1/apps/lapack/gcc/3.4.1/lib/libflapack.a --prefix=/c1/apps/petsc/3.5.2
-----------------------------------------
Libraries compiled on Thu May 14 01:37:42 2015 on login3.colonialone.gwu.edu 
Machine characteristics: Linux-2.6.32-504.12.2.el6.x86_64-x86_64-with-redhat-6.6-Santiago
Using PETSc directory: /home/maclach/source/petsc-3.5.2
Using PETSc arch: arch-linux2-c-debug
-----------------------------------------

Using C compiler: /c1/apps/openmpi/1.8/gcc/4.9.2/bin/mpicc  -fPIC -Wall -Wwrite-strings -Wno-strict-aliasing -Wno-unknown-pragmas -g3 -O0  ${COPTFLAGS} ${CFLAGS}
Using Fortran compiler: /c1/apps/openmpi/1.8/gcc/4.9.2/bin/mpif90  -fPIC -Wall -Wno-unused-variable -ffree-line-length-0 -Wno-unused-dummy-argument -g -O0   ${FOPTFLAGS} ${FFLAGS} 
-----------------------------------------

Using include paths: -I/home/maclach/source/petsc-3.5.2/arch-linux2-c-debug/include -I/home/maclach/source/petsc-3.5.2/include -I/home/maclach/source/petsc-3.5.2/include -I/home/maclach/source/petsc-3.5.2/arch-linux2-c-debug/include -I/c1/apps/openmpi/1.8/gcc/4.9.2/include
-----------------------------------------

Using C linker: /c1/apps/openmpi/1.8/gcc/4.9.2/bin/mpicc
Using Fortran linker: /c1/apps/openmpi/1.8/gcc/4.9.2/bin/mpif90
Using libraries: -Wl,-rpath,/home/maclach/source/petsc-3.5.2/arch-linux2-c-debug/lib -L/home/maclach/source/petsc-3.5.2/arch-linux2-c-debug/lib -lpetsc -Wl,-rpath,/c1/apps/lapack/gcc/3.4.1/lib -L/c1/apps/lapack/gcc/3.4.1/lib -lflapack -Wl,-rpath,/c1/apps/blas/gcc/1/lib64 -L/c1/apps/blas/gcc/1/lib64 -lfblas -lX11 -lpthread -lssl -lcrypto -Wl,-rpath,/c1/apps/openmpi/1.8/gcc/4.9.2/lib -L/c1/apps/openmpi/1.8/gcc/4.9.2/lib -Wl,-rpath,/c1/apps/gcc/4.9.2/lib/gcc/x86_64-unknown-linux-gnu/4.9.2 -L/c1/apps/gcc/4.9.2/lib/gcc/x86_64-unknown-linux-gnu/4.9.2 -Wl,-rpath,/c1/apps/gcc/4.9.2/lib64 -L/c1/apps/gcc/4.9.2/lib64 -Wl,-rpath,/c1/apps/gcc/4.9.2/lib -L/c1/apps/gcc/4.9.2/lib -lmpi_usempi -lmpi_mpifh -lgfortran -lm -lgfortran -lm -lquadmath -lm -lmpi_cxx -lstdc++ -Wl,-rpath,/c1/apps/openmpi/1.8/gcc/4.9.2/lib -L/c1/apps/openmpi/1.8/gcc/4.9.2/lib -Wl,-rpath,/c1/apps/blas/gcc/1/lib64 -L/c1/apps/blas/gcc/1/lib64 -Wl,-rpath,/c1/apps/gcc/4.9.2/lib/gcc/x86_64-unknown-linux-gnu/4.9.2 -L/c1/apps/gcc/4.9.2/lib/gcc/x86_64-unknown-linux-gnu/4.9.2 -Wl,-rpath,/c1/apps/gcc/4.9.2/lib64 -L/c1/apps/gcc/4.9.2/lib64 -Wl,-rpath,/c1/apps/openmpi/1.8/gcc/4.9.2/lib -L/c1/apps/openmpi/1.8/gcc/4.9.2/lib -Wl,-rpath,/c1/apps/blas/gcc/1/lib64 -L/c1/apps/blas/gcc/1/lib64 -Wl,-rpath,/c1/apps/lapack/gcc/3.4.1/lib -L/c1/apps/lapack/gcc/3.4.1/lib -Wl,-rpath,/c1/apps/gcc/4.9.2/lib -L/c1/apps/gcc/4.9.2/lib -ldl -Wl,-rpath,/c1/apps/openmpi/1.8/gcc/4.9.2/lib -lmpi -lgcc_s -lpthread -ldl  
-----------------------------------------

